#
# A fatal error has been detected by the Java Runtime Environment:
#
#  SIGSEGV (0xb) at pc=0x00007f88515e5fa0, pid=71119, tid=71119
#
# JRE version: Java(TM) SE Runtime Environment 18.9 (11.0.11+9) (build 11.0.11+9-LTS-194)
# Java VM: Java HotSpot(TM) 64-Bit Server VM 18.9 (11.0.11+9-LTS-194, mixed mode, tiered, compressed oops, g1 gc, linux-amd64)
# Problematic frame:
# V  [libjvm.so+0xc71fa0]  SR_handler(int, siginfo*, ucontext*)+0x30
#
# Core dump will be written. Default location: Core dumps may be processed with "/usr/share/apport/apport %p %s %c %d %P %E" (or dumping to /home/arsene/IdeaProjects/model-services/workflow-dsl/dsl_backend/language_server/core.71119)
#
# If you would like to submit a bug report, please visit:
#   https://bugreport.java.com/bugreport/crash.jsp
#

---------------  S U M M A R Y ------------

Command Line: /home/arsene/IdeaProjects/model-services/workflow-dsl/dsl_backend/language_server/language_server.jar

Host: Intel(R) Core(TM) i5-8250U CPU @ 1.60GHz, 8 cores, 15G, Ubuntu 20.04.2 LTS
Time: Sat Jun 19 15:10:37 2021 CEST elapsed time: 74.046076 seconds (0d 0h 1m 14s)

---------------  T H R E A D  ---------------

Current thread is native thread

Stack: [0x00007ffe46356000,0x00007ffe46b53000],  sp=0x00007ffe46b4dec0,  free space=8159k
Native frames: (J=compiled Java code, A=aot compiled Java code, j=interpreted, Vv=VM code, C=native code)
V  [libjvm.so+0xc71fa0]  SR_handler(int, siginfo*, ucontext*)+0x30
C  [libpthread.so.0+0x153c0]


siginfo: si_signo: 11 (SIGSEGV), si_code: 1 (SEGV_MAPERR), si_addr: 0x00000000000000d0

Register to memory mapping:

RAX=0x0 is NULL
RBX=
[error occurred during error reporting (printing register info), id 0xb, SIGSEGV (0xb) at pc=0x00007f88517b5c37]

Registers:
RAX=0x0000000000000000, RBX=0x00007f8851e7afc0, RCX=0x00007f885228fcd7, RDX=0x0000000000000000
RSP=0x00007ffe46b4dec0, RBP=0x00007ffe46b4df70, RSI=0x00007ffe46b4e0b0, RDI=0x0000000000000001
R8 =0x0000000000000000, R9 =0x00007f8850824700, R10=0x0000000000000000, R11=0x0000000000000246
R12=0x0000000000000000, R13=0x00007ffe46b4e0b0, R14=0x00007ffe46b4df80, R15=0x00007f8850824700
RIP=0x00007f88515e5fa0, EFLAGS=0x0000000000010246, CSGSFS=0x002b000000000033, ERR=0x0000000000000004
  TRAPNO=0x000000000000000e

Top of Stack: (sp=0x00007ffe46b4dec0)
0x00007ffe46b4dec0:   0000000180000002 0000000000000000
0x00007ffe46b4ded0:   0000000000000000 0000000000000000
0x00007ffe46b4dee0:   6575715f544d4e00 3d006b636f4c7972
0x00007ffe46b4def0:   0000000000000000 0000000000000000 

Instructions: (pc=0x00007f88515e5fa0)
0x00007f88515e5f80:   49 89 f5 48 81 ec 88 00 00 00 e8 31 17 60 ff 48
0x00007f88515e5f90:   89 c3 44 8b 20 e8 66 e6 1c 00 31 d2 84 c0 75 38
0x00007f88515e5fa0:   48 83 ba d0 00 00 00 00 74 16 4c 8b ba 70 02 00
0x00007f88515e5fb0:   00 41 8b 87 a8 00 00 00 83 f8 01 74 2b 44 89 23 

Stack slot to memory mapping:
stack at sp + 0 slots: 
[error occurred during error reporting (inspecting top of stack), id 0xb, SIGSEGV (0xb) at pc=0x00007f88517b5c37]


---------------  P R O C E S S  ---------------

VM state:not at safepoint (normal execution)

VM Mutex/Monitor currently owned by a thread: None

Heap address: 0x0000000708200000, size: 3966 MB, Compressed Oops mode: Zero based, Oop shift amount: 3
Narrow klass base: 0x0000000800000000, Narrow klass shift: 0
Compressed class space size: 1073741824 Address: 0x0000000800000000

Heap:
 garbage-first heap   total 253952K, used 35647K [0x0000000708200000, 0x0000000800000000)
  region size 1024K, 34 young (34816K), 3 survivors (3072K)
 Metaspace       used 17391K, capacity 17808K, committed 18048K, reserved 1064960K
  class space    used 1730K, capacity 1854K, committed 1920K, reserved 1048576K
Heap Regions: E=young(eden), S=young(survivor), O=old, HS=humongous(starts), HC=humongous(continues), CS=collection set, F=free, A=archive, TAMS=top-at-mark-start (previous, next)
|   0|0x0000000708200000, 0x0000000708300000, 0x0000000708300000|100%| O|  |TAMS 0x0000000708200000, 0x0000000708200000| Untracked 
|   1|0x0000000708300000, 0x00000007083cfe00, 0x0000000708400000| 81%| O|  |TAMS 0x0000000708300000, 0x0000000708300000| Untracked 
|   2|0x0000000708400000, 0x0000000708400000, 0x0000000708500000|  0%| F|  |TAMS 0x0000000708400000, 0x0000000708400000| Untracked 
|   3|0x0000000708500000, 0x0000000708500000, 0x0000000708600000|  0%| F|  |TAMS 0x0000000708500000, 0x0000000708500000| Untracked 
|   4|0x0000000708600000, 0x0000000708600000, 0x0000000708700000|  0%| F|  |TAMS 0x0000000708600000, 0x0000000708600000| Untracked 
|   5|0x0000000708700000, 0x0000000708700000, 0x0000000708800000|  0%| F|  |TAMS 0x0000000708700000, 0x0000000708700000| Untracked 
|   6|0x0000000708800000, 0x0000000708800000, 0x0000000708900000|  0%| F|  |TAMS 0x0000000708800000, 0x0000000708800000| Untracked 
|   7|0x0000000708900000, 0x0000000708900000, 0x0000000708a00000|  0%| F|  |TAMS 0x0000000708900000, 0x0000000708900000| Untracked 
|   8|0x0000000708a00000, 0x0000000708a00000, 0x0000000708b00000|  0%| F|  |TAMS 0x0000000708a00000, 0x0000000708a00000| Untracked 
|   9|0x0000000708b00000, 0x0000000708b00000, 0x0000000708c00000|  0%| F|  |TAMS 0x0000000708b00000, 0x0000000708b00000| Untracked 
|  10|0x0000000708c00000, 0x0000000708c00000, 0x0000000708d00000|  0%| F|  |TAMS 0x0000000708c00000, 0x0000000708c00000| Untracked 
|  11|0x0000000708d00000, 0x0000000708d00000, 0x0000000708e00000|  0%| F|  |TAMS 0x0000000708d00000, 0x0000000708d00000| Untracked 
|  12|0x0000000708e00000, 0x0000000708e00000, 0x0000000708f00000|  0%| F|  |TAMS 0x0000000708e00000, 0x0000000708e00000| Untracked 
|  13|0x0000000708f00000, 0x0000000708f00000, 0x0000000709000000|  0%| F|  |TAMS 0x0000000708f00000, 0x0000000708f00000| Untracked 
|  14|0x0000000709000000, 0x0000000709000000, 0x0000000709100000|  0%| F|  |TAMS 0x0000000709000000, 0x0000000709000000| Untracked 
|  15|0x0000000709100000, 0x0000000709100000, 0x0000000709200000|  0%| F|  |TAMS 0x0000000709100000, 0x0000000709100000| Untracked 
|  16|0x0000000709200000, 0x0000000709200000, 0x0000000709300000|  0%| F|  |TAMS 0x0000000709200000, 0x0000000709200000| Untracked 
|  17|0x0000000709300000, 0x0000000709300000, 0x0000000709400000|  0%| F|  |TAMS 0x0000000709300000, 0x0000000709300000| Untracked 
|  18|0x0000000709400000, 0x0000000709400000, 0x0000000709500000|  0%| F|  |TAMS 0x0000000709400000, 0x0000000709400000| Untracked 
|  19|0x0000000709500000, 0x0000000709500000, 0x0000000709600000|  0%| F|  |TAMS 0x0000000709500000, 0x0000000709500000| Untracked 
|  20|0x0000000709600000, 0x0000000709600000, 0x0000000709700000|  0%| F|  |TAMS 0x0000000709600000, 0x0000000709600000| Untracked 
|  21|0x0000000709700000, 0x0000000709700000, 0x0000000709800000|  0%| F|  |TAMS 0x0000000709700000, 0x0000000709700000| Untracked 
|  22|0x0000000709800000, 0x0000000709800000, 0x0000000709900000|  0%| F|  |TAMS 0x0000000709800000, 0x0000000709800000| Untracked 
|  23|0x0000000709900000, 0x0000000709900000, 0x0000000709a00000|  0%| F|  |TAMS 0x0000000709900000, 0x0000000709900000| Untracked 
|  24|0x0000000709a00000, 0x0000000709a00000, 0x0000000709b00000|  0%| F|  |TAMS 0x0000000709a00000, 0x0000000709a00000| Untracked 
|  25|0x0000000709b00000, 0x0000000709b00000, 0x0000000709c00000|  0%| F|  |TAMS 0x0000000709b00000, 0x0000000709b00000| Untracked 
|  26|0x0000000709c00000, 0x0000000709c00000, 0x0000000709d00000|  0%| F|  |TAMS 0x0000000709c00000, 0x0000000709c00000| Untracked 
|  27|0x0000000709d00000, 0x0000000709d00000, 0x0000000709e00000|  0%| F|  |TAMS 0x0000000709d00000, 0x0000000709d00000| Untracked 
|  28|0x0000000709e00000, 0x0000000709e00000, 0x0000000709f00000|  0%| F|  |TAMS 0x0000000709e00000, 0x0000000709e00000| Untracked 
|  29|0x0000000709f00000, 0x0000000709f00000, 0x000000070a000000|  0%| F|  |TAMS 0x0000000709f00000, 0x0000000709f00000| Untracked 
|  30|0x000000070a000000, 0x000000070a000000, 0x000000070a100000|  0%| F|  |TAMS 0x000000070a000000, 0x000000070a000000| Untracked 
|  31|0x000000070a100000, 0x000000070a100000, 0x000000070a200000|  0%| F|  |TAMS 0x000000070a100000, 0x000000070a100000| Untracked 
|  32|0x000000070a200000, 0x000000070a200000, 0x000000070a300000|  0%| F|  |TAMS 0x000000070a200000, 0x000000070a200000| Untracked 
|  33|0x000000070a300000, 0x000000070a300000, 0x000000070a400000|  0%| F|  |TAMS 0x000000070a300000, 0x000000070a300000| Untracked 
|  34|0x000000070a400000, 0x000000070a400000, 0x000000070a500000|  0%| F|  |TAMS 0x000000070a400000, 0x000000070a400000| Untracked 
|  35|0x000000070a500000, 0x000000070a500000, 0x000000070a600000|  0%| F|  |TAMS 0x000000070a500000, 0x000000070a500000| Untracked 
|  36|0x000000070a600000, 0x000000070a600000, 0x000000070a700000|  0%| F|  |TAMS 0x000000070a600000, 0x000000070a600000| Untracked 
|  37|0x000000070a700000, 0x000000070a700000, 0x000000070a800000|  0%| F|  |TAMS 0x000000070a700000, 0x000000070a700000| Untracked 
|  38|0x000000070a800000, 0x000000070a800000, 0x000000070a900000|  0%| F|  |TAMS 0x000000070a800000, 0x000000070a800000| Untracked 
|  39|0x000000070a900000, 0x000000070a900000, 0x000000070aa00000|  0%| F|  |TAMS 0x000000070a900000, 0x000000070a900000| Untracked 
|  40|0x000000070aa00000, 0x000000070aa00000, 0x000000070ab00000|  0%| F|  |TAMS 0x000000070aa00000, 0x000000070aa00000| Untracked 
|  41|0x000000070ab00000, 0x000000070ab00000, 0x000000070ac00000|  0%| F|  |TAMS 0x000000070ab00000, 0x000000070ab00000| Untracked 
|  42|0x000000070ac00000, 0x000000070ac00000, 0x000000070ad00000|  0%| F|  |TAMS 0x000000070ac00000, 0x000000070ac00000| Untracked 
|  43|0x000000070ad00000, 0x000000070ad00000, 0x000000070ae00000|  0%| F|  |TAMS 0x000000070ad00000, 0x000000070ad00000| Untracked 
|  44|0x000000070ae00000, 0x000000070ae00000, 0x000000070af00000|  0%| F|  |TAMS 0x000000070ae00000, 0x000000070ae00000| Untracked 
|  45|0x000000070af00000, 0x000000070af00000, 0x000000070b000000|  0%| F|  |TAMS 0x000000070af00000, 0x000000070af00000| Untracked 
|  46|0x000000070b000000, 0x000000070b000000, 0x000000070b100000|  0%| F|  |TAMS 0x000000070b000000, 0x000000070b000000| Untracked 
|  47|0x000000070b100000, 0x000000070b100000, 0x000000070b200000|  0%| F|  |TAMS 0x000000070b100000, 0x000000070b100000| Untracked 
|  48|0x000000070b200000, 0x000000070b200000, 0x000000070b300000|  0%| F|  |TAMS 0x000000070b200000, 0x000000070b200000| Untracked 
|  49|0x000000070b300000, 0x000000070b300000, 0x000000070b400000|  0%| F|  |TAMS 0x000000070b300000, 0x000000070b300000| Untracked 
|  50|0x000000070b400000, 0x000000070b400000, 0x000000070b500000|  0%| F|  |TAMS 0x000000070b400000, 0x000000070b400000| Untracked 
|  51|0x000000070b500000, 0x000000070b500000, 0x000000070b600000|  0%| F|  |TAMS 0x000000070b500000, 0x000000070b500000| Untracked 
|  52|0x000000070b600000, 0x000000070b600000, 0x000000070b700000|  0%| F|  |TAMS 0x000000070b600000, 0x000000070b600000| Untracked 
|  53|0x000000070b700000, 0x000000070b700000, 0x000000070b800000|  0%| F|  |TAMS 0x000000070b700000, 0x000000070b700000| Untracked 
|  54|0x000000070b800000, 0x000000070b800000, 0x000000070b900000|  0%| F|  |TAMS 0x000000070b800000, 0x000000070b800000| Untracked 
|  55|0x000000070b900000, 0x000000070b900000, 0x000000070ba00000|  0%| F|  |TAMS 0x000000070b900000, 0x000000070b900000| Untracked 
|  56|0x000000070ba00000, 0x000000070ba00000, 0x000000070bb00000|  0%| F|  |TAMS 0x000000070ba00000, 0x000000070ba00000| Untracked 
|  57|0x000000070bb00000, 0x000000070bb00000, 0x000000070bc00000|  0%| F|  |TAMS 0x000000070bb00000, 0x000000070bb00000| Untracked 
|  58|0x000000070bc00000, 0x000000070bc00000, 0x000000070bd00000|  0%| F|  |TAMS 0x000000070bc00000, 0x000000070bc00000| Untracked 
|  59|0x000000070bd00000, 0x000000070bd00000, 0x000000070be00000|  0%| F|  |TAMS 0x000000070bd00000, 0x000000070bd00000| Untracked 
|  60|0x000000070be00000, 0x000000070be00000, 0x000000070bf00000|  0%| F|  |TAMS 0x000000070be00000, 0x000000070be00000| Untracked 
|  61|0x000000070bf00000, 0x000000070bf00000, 0x000000070c000000|  0%| F|  |TAMS 0x000000070bf00000, 0x000000070bf00000| Untracked 
|  62|0x000000070c000000, 0x000000070c000000, 0x000000070c100000|  0%| F|  |TAMS 0x000000070c000000, 0x000000070c000000| Untracked 
|  63|0x000000070c100000, 0x000000070c100000, 0x000000070c200000|  0%| F|  |TAMS 0x000000070c100000, 0x000000070c100000| Untracked 
|  64|0x000000070c200000, 0x000000070c200000, 0x000000070c300000|  0%| F|  |TAMS 0x000000070c200000, 0x000000070c200000| Untracked 
|  65|0x000000070c300000, 0x000000070c300000, 0x000000070c400000|  0%| F|  |TAMS 0x000000070c300000, 0x000000070c300000| Untracked 
|  66|0x000000070c400000, 0x000000070c400000, 0x000000070c500000|  0%| F|  |TAMS 0x000000070c400000, 0x000000070c400000| Untracked 
|  67|0x000000070c500000, 0x000000070c500000, 0x000000070c600000|  0%| F|  |TAMS 0x000000070c500000, 0x000000070c500000| Untracked 
|  68|0x000000070c600000, 0x000000070c600000, 0x000000070c700000|  0%| F|  |TAMS 0x000000070c600000, 0x000000070c600000| Untracked 
|  69|0x000000070c700000, 0x000000070c700000, 0x000000070c800000|  0%| F|  |TAMS 0x000000070c700000, 0x000000070c700000| Untracked 
|  70|0x000000070c800000, 0x000000070c800000, 0x000000070c900000|  0%| F|  |TAMS 0x000000070c800000, 0x000000070c800000| Untracked 
|  71|0x000000070c900000, 0x000000070c900000, 0x000000070ca00000|  0%| F|  |TAMS 0x000000070c900000, 0x000000070c900000| Untracked 
|  72|0x000000070ca00000, 0x000000070ca00000, 0x000000070cb00000|  0%| F|  |TAMS 0x000000070ca00000, 0x000000070ca00000| Untracked 
|  73|0x000000070cb00000, 0x000000070cb00000, 0x000000070cc00000|  0%| F|  |TAMS 0x000000070cb00000, 0x000000070cb00000| Untracked 
|  74|0x000000070cc00000, 0x000000070cc00000, 0x000000070cd00000|  0%| F|  |TAMS 0x000000070cc00000, 0x000000070cc00000| Untracked 
|  75|0x000000070cd00000, 0x000000070cd00000, 0x000000070ce00000|  0%| F|  |TAMS 0x000000070cd00000, 0x000000070cd00000| Untracked 
|  76|0x000000070ce00000, 0x000000070ce00000, 0x000000070cf00000|  0%| F|  |TAMS 0x000000070ce00000, 0x000000070ce00000| Untracked 
|  77|0x000000070cf00000, 0x000000070cf00000, 0x000000070d000000|  0%| F|  |TAMS 0x000000070cf00000, 0x000000070cf00000| Untracked 
|  78|0x000000070d000000, 0x000000070d000000, 0x000000070d100000|  0%| F|  |TAMS 0x000000070d000000, 0x000000070d000000| Untracked 
|  79|0x000000070d100000, 0x000000070d100000, 0x000000070d200000|  0%| F|  |TAMS 0x000000070d100000, 0x000000070d100000| Untracked 
|  80|0x000000070d200000, 0x000000070d200000, 0x000000070d300000|  0%| F|  |TAMS 0x000000070d200000, 0x000000070d200000| Untracked 
|  81|0x000000070d300000, 0x000000070d300000, 0x000000070d400000|  0%| F|  |TAMS 0x000000070d300000, 0x000000070d300000| Untracked 
|  82|0x000000070d400000, 0x000000070d400000, 0x000000070d500000|  0%| F|  |TAMS 0x000000070d400000, 0x000000070d400000| Untracked 
|  83|0x000000070d500000, 0x000000070d500000, 0x000000070d600000|  0%| F|  |TAMS 0x000000070d500000, 0x000000070d500000| Untracked 
|  84|0x000000070d600000, 0x000000070d600000, 0x000000070d700000|  0%| F|  |TAMS 0x000000070d600000, 0x000000070d600000| Untracked 
|  85|0x000000070d700000, 0x000000070d700000, 0x000000070d800000|  0%| F|  |TAMS 0x000000070d700000, 0x000000070d700000| Untracked 
|  86|0x000000070d800000, 0x000000070d800000, 0x000000070d900000|  0%| F|  |TAMS 0x000000070d800000, 0x000000070d800000| Untracked 
|  87|0x000000070d900000, 0x000000070d900000, 0x000000070da00000|  0%| F|  |TAMS 0x000000070d900000, 0x000000070d900000| Untracked 
|  88|0x000000070da00000, 0x000000070da00000, 0x000000070db00000|  0%| F|  |TAMS 0x000000070da00000, 0x000000070da00000| Untracked 
|  89|0x000000070db00000, 0x000000070db00000, 0x000000070dc00000|  0%| F|  |TAMS 0x000000070db00000, 0x000000070db00000| Untracked 
|  90|0x000000070dc00000, 0x000000070dc00000, 0x000000070dd00000|  0%| F|  |TAMS 0x000000070dc00000, 0x000000070dc00000| Untracked 
|  91|0x000000070dd00000, 0x000000070dd00000, 0x000000070de00000|  0%| F|  |TAMS 0x000000070dd00000, 0x000000070dd00000| Untracked 
|  92|0x000000070de00000, 0x000000070de00000, 0x000000070df00000|  0%| F|  |TAMS 0x000000070de00000, 0x000000070de00000| Untracked 
|  93|0x000000070df00000, 0x000000070df00000, 0x000000070e000000|  0%| F|  |TAMS 0x000000070df00000, 0x000000070df00000| Untracked 
|  94|0x000000070e000000, 0x000000070e000000, 0x000000070e100000|  0%| F|  |TAMS 0x000000070e000000, 0x000000070e000000| Untracked 
|  95|0x000000070e100000, 0x000000070e100000, 0x000000070e200000|  0%| F|  |TAMS 0x000000070e100000, 0x000000070e100000| Untracked 
|  96|0x000000070e200000, 0x000000070e200000, 0x000000070e300000|  0%| F|  |TAMS 0x000000070e200000, 0x000000070e200000| Untracked 
|  97|0x000000070e300000, 0x000000070e300000, 0x000000070e400000|  0%| F|  |TAMS 0x000000070e300000, 0x000000070e300000| Untracked 
|  98|0x000000070e400000, 0x000000070e400000, 0x000000070e500000|  0%| F|  |TAMS 0x000000070e400000, 0x000000070e400000| Untracked 
|  99|0x000000070e500000, 0x000000070e500000, 0x000000070e600000|  0%| F|  |TAMS 0x000000070e500000, 0x000000070e500000| Untracked 
| 100|0x000000070e600000, 0x000000070e600000, 0x000000070e700000|  0%| F|  |TAMS 0x000000070e600000, 0x000000070e600000| Untracked 
| 101|0x000000070e700000, 0x000000070e700000, 0x000000070e800000|  0%| F|  |TAMS 0x000000070e700000, 0x000000070e700000| Untracked 
| 102|0x000000070e800000, 0x000000070e800000, 0x000000070e900000|  0%| F|  |TAMS 0x000000070e800000, 0x000000070e800000| Untracked 
| 103|0x000000070e900000, 0x000000070e900000, 0x000000070ea00000|  0%| F|  |TAMS 0x000000070e900000, 0x000000070e900000| Untracked 
| 104|0x000000070ea00000, 0x000000070ea00000, 0x000000070eb00000|  0%| F|  |TAMS 0x000000070ea00000, 0x000000070ea00000| Untracked 
| 105|0x000000070eb00000, 0x000000070eb00000, 0x000000070ec00000|  0%| F|  |TAMS 0x000000070eb00000, 0x000000070eb00000| Untracked 
| 106|0x000000070ec00000, 0x000000070ec00000, 0x000000070ed00000|  0%| F|  |TAMS 0x000000070ec00000, 0x000000070ec00000| Untracked 
| 107|0x000000070ed00000, 0x000000070ed00000, 0x000000070ee00000|  0%| F|  |TAMS 0x000000070ed00000, 0x000000070ed00000| Untracked 
| 108|0x000000070ee00000, 0x000000070ee00000, 0x000000070ef00000|  0%| F|  |TAMS 0x000000070ee00000, 0x000000070ee00000| Untracked 
| 109|0x000000070ef00000, 0x000000070ef00000, 0x000000070f000000|  0%| F|  |TAMS 0x000000070ef00000, 0x000000070ef00000| Untracked 
| 110|0x000000070f000000, 0x000000070f000000, 0x000000070f100000|  0%| F|  |TAMS 0x000000070f000000, 0x000000070f000000| Untracked 
| 111|0x000000070f100000, 0x000000070f100000, 0x000000070f200000|  0%| F|  |TAMS 0x000000070f100000, 0x000000070f100000| Untracked 
| 112|0x000000070f200000, 0x000000070f200000, 0x000000070f300000|  0%| F|  |TAMS 0x000000070f200000, 0x000000070f200000| Untracked 
| 113|0x000000070f300000, 0x000000070f300000, 0x000000070f400000|  0%| F|  |TAMS 0x000000070f300000, 0x000000070f300000| Untracked 
| 114|0x000000070f400000, 0x000000070f400000, 0x000000070f500000|  0%| F|  |TAMS 0x000000070f400000, 0x000000070f400000| Untracked 
| 115|0x000000070f500000, 0x000000070f500000, 0x000000070f600000|  0%| F|  |TAMS 0x000000070f500000, 0x000000070f500000| Untracked 
| 116|0x000000070f600000, 0x000000070f600000, 0x000000070f700000|  0%| F|  |TAMS 0x000000070f600000, 0x000000070f600000| Untracked 
| 117|0x000000070f700000, 0x000000070f700000, 0x000000070f800000|  0%| F|  |TAMS 0x000000070f700000, 0x000000070f700000| Untracked 
| 118|0x000000070f800000, 0x000000070f800000, 0x000000070f900000|  0%| F|  |TAMS 0x000000070f800000, 0x000000070f800000| Untracked 
| 119|0x000000070f900000, 0x000000070f900000, 0x000000070fa00000|  0%| F|  |TAMS 0x000000070f900000, 0x000000070f900000| Untracked 
| 120|0x000000070fa00000, 0x000000070fa00000, 0x000000070fb00000|  0%| F|  |TAMS 0x000000070fa00000, 0x000000070fa00000| Untracked 
| 121|0x000000070fb00000, 0x000000070fb00000, 0x000000070fc00000|  0%| F|  |TAMS 0x000000070fb00000, 0x000000070fb00000| Untracked 
| 122|0x000000070fc00000, 0x000000070fc00000, 0x000000070fd00000|  0%| F|  |TAMS 0x000000070fc00000, 0x000000070fc00000| Untracked 
| 123|0x000000070fd00000, 0x000000070fd00000, 0x000000070fe00000|  0%| F|  |TAMS 0x000000070fd00000, 0x000000070fd00000| Untracked 
| 124|0x000000070fe00000, 0x000000070fe00000, 0x000000070ff00000|  0%| F|  |TAMS 0x000000070fe00000, 0x000000070fe00000| Untracked 
| 125|0x000000070ff00000, 0x000000070ff00000, 0x0000000710000000|  0%| F|  |TAMS 0x000000070ff00000, 0x000000070ff00000| Untracked 
| 126|0x0000000710000000, 0x0000000710000000, 0x0000000710100000|  0%| F|  |TAMS 0x0000000710000000, 0x0000000710000000| Untracked 
| 127|0x0000000710100000, 0x0000000710100000, 0x0000000710200000|  0%| F|  |TAMS 0x0000000710100000, 0x0000000710100000| Untracked 
| 128|0x0000000710200000, 0x0000000710200000, 0x0000000710300000|  0%| F|  |TAMS 0x0000000710200000, 0x0000000710200000| Untracked 
| 129|0x0000000710300000, 0x0000000710300000, 0x0000000710400000|  0%| F|  |TAMS 0x0000000710300000, 0x0000000710300000| Untracked 
| 130|0x0000000710400000, 0x0000000710400000, 0x0000000710500000|  0%| F|  |TAMS 0x0000000710400000, 0x0000000710400000| Untracked 
| 131|0x0000000710500000, 0x0000000710500000, 0x0000000710600000|  0%| F|  |TAMS 0x0000000710500000, 0x0000000710500000| Untracked 
| 132|0x0000000710600000, 0x0000000710600000, 0x0000000710700000|  0%| F|  |TAMS 0x0000000710600000, 0x0000000710600000| Untracked 
| 133|0x0000000710700000, 0x0000000710700000, 0x0000000710800000|  0%| F|  |TAMS 0x0000000710700000, 0x0000000710700000| Untracked 
| 134|0x0000000710800000, 0x0000000710800000, 0x0000000710900000|  0%| F|  |TAMS 0x0000000710800000, 0x0000000710800000| Untracked 
| 135|0x0000000710900000, 0x0000000710900000, 0x0000000710a00000|  0%| F|  |TAMS 0x0000000710900000, 0x0000000710900000| Untracked 
| 136|0x0000000710a00000, 0x0000000710a00000, 0x0000000710b00000|  0%| F|  |TAMS 0x0000000710a00000, 0x0000000710a00000| Untracked 
| 137|0x0000000710b00000, 0x0000000710b00000, 0x0000000710c00000|  0%| F|  |TAMS 0x0000000710b00000, 0x0000000710b00000| Untracked 
| 138|0x0000000710c00000, 0x0000000710c00000, 0x0000000710d00000|  0%| F|  |TAMS 0x0000000710c00000, 0x0000000710c00000| Untracked 
| 139|0x0000000710d00000, 0x0000000710d00000, 0x0000000710e00000|  0%| F|  |TAMS 0x0000000710d00000, 0x0000000710d00000| Untracked 
| 140|0x0000000710e00000, 0x0000000710e00000, 0x0000000710f00000|  0%| F|  |TAMS 0x0000000710e00000, 0x0000000710e00000| Untracked 
| 141|0x0000000710f00000, 0x0000000710f00000, 0x0000000711000000|  0%| F|  |TAMS 0x0000000710f00000, 0x0000000710f00000| Untracked 
| 142|0x0000000711000000, 0x0000000711000000, 0x0000000711100000|  0%| F|  |TAMS 0x0000000711000000, 0x0000000711000000| Untracked 
| 143|0x0000000711100000, 0x0000000711100000, 0x0000000711200000|  0%| F|  |TAMS 0x0000000711100000, 0x0000000711100000| Untracked 
| 144|0x0000000711200000, 0x0000000711200000, 0x0000000711300000|  0%| F|  |TAMS 0x0000000711200000, 0x0000000711200000| Untracked 
| 145|0x0000000711300000, 0x0000000711300000, 0x0000000711400000|  0%| F|  |TAMS 0x0000000711300000, 0x0000000711300000| Untracked 
| 146|0x0000000711400000, 0x0000000711400000, 0x0000000711500000|  0%| F|  |TAMS 0x0000000711400000, 0x0000000711400000| Untracked 
| 147|0x0000000711500000, 0x0000000711500000, 0x0000000711600000|  0%| F|  |TAMS 0x0000000711500000, 0x0000000711500000| Untracked 
| 148|0x0000000711600000, 0x0000000711600000, 0x0000000711700000|  0%| F|  |TAMS 0x0000000711600000, 0x0000000711600000| Untracked 
| 149|0x0000000711700000, 0x0000000711700000, 0x0000000711800000|  0%| F|  |TAMS 0x0000000711700000, 0x0000000711700000| Untracked 
| 150|0x0000000711800000, 0x0000000711800000, 0x0000000711900000|  0%| F|  |TAMS 0x0000000711800000, 0x0000000711800000| Untracked 
| 151|0x0000000711900000, 0x0000000711900000, 0x0000000711a00000|  0%| F|  |TAMS 0x0000000711900000, 0x0000000711900000| Untracked 
| 152|0x0000000711a00000, 0x0000000711a00000, 0x0000000711b00000|  0%| F|  |TAMS 0x0000000711a00000, 0x0000000711a00000| Untracked 
| 153|0x0000000711b00000, 0x0000000711b00000, 0x0000000711c00000|  0%| F|  |TAMS 0x0000000711b00000, 0x0000000711b00000| Untracked 
| 154|0x0000000711c00000, 0x0000000711c00000, 0x0000000711d00000|  0%| F|  |TAMS 0x0000000711c00000, 0x0000000711c00000| Untracked 
| 155|0x0000000711d00000, 0x0000000711d00000, 0x0000000711e00000|  0%| F|  |TAMS 0x0000000711d00000, 0x0000000711d00000| Untracked 
| 156|0x0000000711e00000, 0x0000000711e00000, 0x0000000711f00000|  0%| F|  |TAMS 0x0000000711e00000, 0x0000000711e00000| Untracked 
| 157|0x0000000711f00000, 0x0000000711f00000, 0x0000000712000000|  0%| F|  |TAMS 0x0000000711f00000, 0x0000000711f00000| Untracked 
| 158|0x0000000712000000, 0x0000000712000000, 0x0000000712100000|  0%| F|  |TAMS 0x0000000712000000, 0x0000000712000000| Untracked 
| 159|0x0000000712100000, 0x0000000712100000, 0x0000000712200000|  0%| F|  |TAMS 0x0000000712100000, 0x0000000712100000| Untracked 
| 160|0x0000000712200000, 0x0000000712200000, 0x0000000712300000|  0%| F|  |TAMS 0x0000000712200000, 0x0000000712200000| Untracked 
| 161|0x0000000712300000, 0x0000000712300000, 0x0000000712400000|  0%| F|  |TAMS 0x0000000712300000, 0x0000000712300000| Untracked 
| 162|0x0000000712400000, 0x0000000712400000, 0x0000000712500000|  0%| F|  |TAMS 0x0000000712400000, 0x0000000712400000| Untracked 
| 163|0x0000000712500000, 0x0000000712500000, 0x0000000712600000|  0%| F|  |TAMS 0x0000000712500000, 0x0000000712500000| Untracked 
| 164|0x0000000712600000, 0x0000000712600000, 0x0000000712700000|  0%| F|  |TAMS 0x0000000712600000, 0x0000000712600000| Untracked 
| 165|0x0000000712700000, 0x0000000712700000, 0x0000000712800000|  0%| F|  |TAMS 0x0000000712700000, 0x0000000712700000| Untracked 
| 166|0x0000000712800000, 0x0000000712800000, 0x0000000712900000|  0%| F|  |TAMS 0x0000000712800000, 0x0000000712800000| Untracked 
| 167|0x0000000712900000, 0x0000000712900000, 0x0000000712a00000|  0%| F|  |TAMS 0x0000000712900000, 0x0000000712900000| Untracked 
| 168|0x0000000712a00000, 0x0000000712a00000, 0x0000000712b00000|  0%| F|  |TAMS 0x0000000712a00000, 0x0000000712a00000| Untracked 
| 169|0x0000000712b00000, 0x0000000712b00000, 0x0000000712c00000|  0%| F|  |TAMS 0x0000000712b00000, 0x0000000712b00000| Untracked 
| 170|0x0000000712c00000, 0x0000000712c00000, 0x0000000712d00000|  0%| F|  |TAMS 0x0000000712c00000, 0x0000000712c00000| Untracked 
| 171|0x0000000712d00000, 0x0000000712d00000, 0x0000000712e00000|  0%| F|  |TAMS 0x0000000712d00000, 0x0000000712d00000| Untracked 
| 172|0x0000000712e00000, 0x0000000712e00000, 0x0000000712f00000|  0%| F|  |TAMS 0x0000000712e00000, 0x0000000712e00000| Untracked 
| 173|0x0000000712f00000, 0x0000000712f00000, 0x0000000713000000|  0%| F|  |TAMS 0x0000000712f00000, 0x0000000712f00000| Untracked 
| 174|0x0000000713000000, 0x0000000713000000, 0x0000000713100000|  0%| F|  |TAMS 0x0000000713000000, 0x0000000713000000| Untracked 
| 175|0x0000000713100000, 0x0000000713100000, 0x0000000713200000|  0%| F|  |TAMS 0x0000000713100000, 0x0000000713100000| Untracked 
| 176|0x0000000713200000, 0x0000000713200000, 0x0000000713300000|  0%| F|  |TAMS 0x0000000713200000, 0x0000000713200000| Untracked 
| 177|0x0000000713300000, 0x0000000713300000, 0x0000000713400000|  0%| F|  |TAMS 0x0000000713300000, 0x0000000713300000| Untracked 
| 178|0x0000000713400000, 0x0000000713400000, 0x0000000713500000|  0%| F|  |TAMS 0x0000000713400000, 0x0000000713400000| Untracked 
| 179|0x0000000713500000, 0x0000000713500000, 0x0000000713600000|  0%| F|  |TAMS 0x0000000713500000, 0x0000000713500000| Untracked 
| 180|0x0000000713600000, 0x0000000713600000, 0x0000000713700000|  0%| F|  |TAMS 0x0000000713600000, 0x0000000713600000| Untracked 
| 181|0x0000000713700000, 0x0000000713700000, 0x0000000713800000|  0%| F|  |TAMS 0x0000000713700000, 0x0000000713700000| Untracked 
| 182|0x0000000713800000, 0x0000000713800000, 0x0000000713900000|  0%| F|  |TAMS 0x0000000713800000, 0x0000000713800000| Untracked 
| 183|0x0000000713900000, 0x0000000713900000, 0x0000000713a00000|  0%| F|  |TAMS 0x0000000713900000, 0x0000000713900000| Untracked 
| 184|0x0000000713a00000, 0x0000000713a00000, 0x0000000713b00000|  0%| F|  |TAMS 0x0000000713a00000, 0x0000000713a00000| Untracked 
| 185|0x0000000713b00000, 0x0000000713b00000, 0x0000000713c00000|  0%| F|  |TAMS 0x0000000713b00000, 0x0000000713b00000| Untracked 
| 186|0x0000000713c00000, 0x0000000713c00000, 0x0000000713d00000|  0%| F|  |TAMS 0x0000000713c00000, 0x0000000713c00000| Untracked 
| 187|0x0000000713d00000, 0x0000000713d00000, 0x0000000713e00000|  0%| F|  |TAMS 0x0000000713d00000, 0x0000000713d00000| Untracked 
| 188|0x0000000713e00000, 0x0000000713e00000, 0x0000000713f00000|  0%| F|  |TAMS 0x0000000713e00000, 0x0000000713e00000| Untracked 
| 189|0x0000000713f00000, 0x0000000713f00000, 0x0000000714000000|  0%| F|  |TAMS 0x0000000713f00000, 0x0000000713f00000| Untracked 
| 190|0x0000000714000000, 0x0000000714000000, 0x0000000714100000|  0%| F|  |TAMS 0x0000000714000000, 0x0000000714000000| Untracked 
| 191|0x0000000714100000, 0x0000000714100000, 0x0000000714200000|  0%| F|  |TAMS 0x0000000714100000, 0x0000000714100000| Untracked 
| 192|0x0000000714200000, 0x0000000714200000, 0x0000000714300000|  0%| F|  |TAMS 0x0000000714200000, 0x0000000714200000| Untracked 
| 193|0x0000000714300000, 0x0000000714300000, 0x0000000714400000|  0%| F|  |TAMS 0x0000000714300000, 0x0000000714300000| Untracked 
| 194|0x0000000714400000, 0x0000000714400000, 0x0000000714500000|  0%| F|  |TAMS 0x0000000714400000, 0x0000000714400000| Untracked 
| 195|0x0000000714500000, 0x0000000714500000, 0x0000000714600000|  0%| F|  |TAMS 0x0000000714500000, 0x0000000714500000| Untracked 
| 196|0x0000000714600000, 0x0000000714600000, 0x0000000714700000|  0%| F|  |TAMS 0x0000000714600000, 0x0000000714600000| Untracked 
| 197|0x0000000714700000, 0x0000000714700000, 0x0000000714800000|  0%| F|  |TAMS 0x0000000714700000, 0x0000000714700000| Untracked 
| 198|0x0000000714800000, 0x0000000714800000, 0x0000000714900000|  0%| F|  |TAMS 0x0000000714800000, 0x0000000714800000| Untracked 
| 199|0x0000000714900000, 0x0000000714900000, 0x0000000714a00000|  0%| F|  |TAMS 0x0000000714900000, 0x0000000714900000| Untracked 
| 200|0x0000000714a00000, 0x0000000714a00000, 0x0000000714b00000|  0%| F|  |TAMS 0x0000000714a00000, 0x0000000714a00000| Untracked 
| 201|0x0000000714b00000, 0x0000000714b00000, 0x0000000714c00000|  0%| F|  |TAMS 0x0000000714b00000, 0x0000000714b00000| Untracked 
| 202|0x0000000714c00000, 0x0000000714c00000, 0x0000000714d00000|  0%| F|  |TAMS 0x0000000714c00000, 0x0000000714c00000| Untracked 
| 203|0x0000000714d00000, 0x0000000714d00000, 0x0000000714e00000|  0%| F|  |TAMS 0x0000000714d00000, 0x0000000714d00000| Untracked 
| 204|0x0000000714e00000, 0x0000000714e00000, 0x0000000714f00000|  0%| F|  |TAMS 0x0000000714e00000, 0x0000000714e00000| Untracked 
| 205|0x0000000714f00000, 0x0000000714f00000, 0x0000000715000000|  0%| F|  |TAMS 0x0000000714f00000, 0x0000000714f00000| Untracked 
| 206|0x0000000715000000, 0x0000000715000000, 0x0000000715100000|  0%| F|  |TAMS 0x0000000715000000, 0x0000000715000000| Untracked 
| 207|0x0000000715100000, 0x0000000715100000, 0x0000000715200000|  0%| F|  |TAMS 0x0000000715100000, 0x0000000715100000| Untracked 
| 208|0x0000000715200000, 0x0000000715200000, 0x0000000715300000|  0%| F|  |TAMS 0x0000000715200000, 0x0000000715200000| Untracked 
| 209|0x0000000715300000, 0x0000000715300000, 0x0000000715400000|  0%| F|  |TAMS 0x0000000715300000, 0x0000000715300000| Untracked 
| 210|0x0000000715400000, 0x0000000715400000, 0x0000000715500000|  0%| F|  |TAMS 0x0000000715400000, 0x0000000715400000| Untracked 
| 211|0x0000000715500000, 0x0000000715500000, 0x0000000715600000|  0%| F|  |TAMS 0x0000000715500000, 0x0000000715500000| Untracked 
| 212|0x0000000715600000, 0x0000000715600000, 0x0000000715700000|  0%| F|  |TAMS 0x0000000715600000, 0x0000000715600000| Untracked 
| 213|0x0000000715700000, 0x0000000715700000, 0x0000000715800000|  0%| F|  |TAMS 0x0000000715700000, 0x0000000715700000| Untracked 
| 214|0x0000000715800000, 0x0000000715880800, 0x0000000715900000| 50%| E|  |TAMS 0x0000000715800000, 0x0000000715800000| Complete 
| 215|0x0000000715900000, 0x0000000715a00000, 0x0000000715a00000|100%| E|CS|TAMS 0x0000000715900000, 0x0000000715900000| Complete 
| 216|0x0000000715a00000, 0x0000000715b00000, 0x0000000715b00000|100%| E|CS|TAMS 0x0000000715a00000, 0x0000000715a00000| Complete 
| 217|0x0000000715b00000, 0x0000000715c00000, 0x0000000715c00000|100%| E|CS|TAMS 0x0000000715b00000, 0x0000000715b00000| Complete 
| 218|0x0000000715c00000, 0x0000000715d00000, 0x0000000715d00000|100%| E|CS|TAMS 0x0000000715c00000, 0x0000000715c00000| Complete 
| 219|0x0000000715d00000, 0x0000000715e00000, 0x0000000715e00000|100%| E|CS|TAMS 0x0000000715d00000, 0x0000000715d00000| Complete 
| 220|0x0000000715e00000, 0x0000000715f00000, 0x0000000715f00000|100%| E|CS|TAMS 0x0000000715e00000, 0x0000000715e00000| Complete 
| 221|0x0000000715f00000, 0x0000000716000000, 0x0000000716000000|100%| S|CS|TAMS 0x0000000715f00000, 0x0000000715f00000| Complete 
| 222|0x0000000716000000, 0x0000000716100000, 0x0000000716100000|100%| S|CS|TAMS 0x0000000716000000, 0x0000000716000000| Complete 
| 223|0x0000000716100000, 0x0000000716200000, 0x0000000716200000|100%| S|CS|TAMS 0x0000000716100000, 0x0000000716100000| Complete 
| 224|0x0000000716200000, 0x0000000716300000, 0x0000000716300000|100%| E|CS|TAMS 0x0000000716200000, 0x0000000716200000| Complete 
| 225|0x0000000716300000, 0x0000000716400000, 0x0000000716400000|100%| E|CS|TAMS 0x0000000716300000, 0x0000000716300000| Complete 
| 226|0x0000000716400000, 0x0000000716500000, 0x0000000716500000|100%| E|CS|TAMS 0x0000000716400000, 0x0000000716400000| Complete 
| 227|0x0000000716500000, 0x0000000716600000, 0x0000000716600000|100%| E|CS|TAMS 0x0000000716500000, 0x0000000716500000| Complete 
| 228|0x0000000716600000, 0x0000000716700000, 0x0000000716700000|100%| E|CS|TAMS 0x0000000716600000, 0x0000000716600000| Complete 
| 229|0x0000000716700000, 0x0000000716800000, 0x0000000716800000|100%| E|CS|TAMS 0x0000000716700000, 0x0000000716700000| Complete 
| 230|0x0000000716800000, 0x0000000716900000, 0x0000000716900000|100%| E|CS|TAMS 0x0000000716800000, 0x0000000716800000| Complete 
| 231|0x0000000716900000, 0x0000000716a00000, 0x0000000716a00000|100%| E|CS|TAMS 0x0000000716900000, 0x0000000716900000| Complete 
| 232|0x0000000716a00000, 0x0000000716b00000, 0x0000000716b00000|100%| E|CS|TAMS 0x0000000716a00000, 0x0000000716a00000| Complete 
| 233|0x0000000716b00000, 0x0000000716c00000, 0x0000000716c00000|100%| E|CS|TAMS 0x0000000716b00000, 0x0000000716b00000| Complete 
| 234|0x0000000716c00000, 0x0000000716d00000, 0x0000000716d00000|100%| E|CS|TAMS 0x0000000716c00000, 0x0000000716c00000| Complete 
| 235|0x0000000716d00000, 0x0000000716e00000, 0x0000000716e00000|100%| E|CS|TAMS 0x0000000716d00000, 0x0000000716d00000| Complete 
| 236|0x0000000716e00000, 0x0000000716f00000, 0x0000000716f00000|100%| E|CS|TAMS 0x0000000716e00000, 0x0000000716e00000| Complete 
| 237|0x0000000716f00000, 0x0000000717000000, 0x0000000717000000|100%| E|CS|TAMS 0x0000000716f00000, 0x0000000716f00000| Complete 
| 238|0x0000000717000000, 0x0000000717100000, 0x0000000717100000|100%| E|CS|TAMS 0x0000000717000000, 0x0000000717000000| Complete 
| 239|0x0000000717100000, 0x0000000717200000, 0x0000000717200000|100%| E|CS|TAMS 0x0000000717100000, 0x0000000717100000| Complete 
| 240|0x0000000717200000, 0x0000000717300000, 0x0000000717300000|100%| E|CS|TAMS 0x0000000717200000, 0x0000000717200000| Complete 
| 241|0x0000000717300000, 0x0000000717400000, 0x0000000717400000|100%| E|CS|TAMS 0x0000000717300000, 0x0000000717300000| Complete 
| 242|0x0000000717400000, 0x0000000717500000, 0x0000000717500000|100%| E|CS|TAMS 0x0000000717400000, 0x0000000717400000| Complete 
| 243|0x0000000717500000, 0x0000000717600000, 0x0000000717600000|100%| E|CS|TAMS 0x0000000717500000, 0x0000000717500000| Complete 
| 244|0x0000000717600000, 0x0000000717700000, 0x0000000717700000|100%| E|CS|TAMS 0x0000000717600000, 0x0000000717600000| Complete 
| 245|0x0000000717700000, 0x0000000717800000, 0x0000000717800000|100%| E|CS|TAMS 0x0000000717700000, 0x0000000717700000| Complete 
| 246|0x0000000717800000, 0x0000000717900000, 0x0000000717900000|100%| E|CS|TAMS 0x0000000717800000, 0x0000000717800000| Complete 
| 247|0x0000000717900000, 0x0000000717a00000, 0x0000000717a00000|100%| E|CS|TAMS 0x0000000717900000, 0x0000000717900000| Complete 

Card table byte_map: [0x00007f882ed7f000,0x00007f882f53e000] _byte_map_base: 0x00007f882b53e000

Marking Bits (Prev, Next): (CMBitMap*) 0x00007f884c087b98, (CMBitMap*) 0x00007f884c087bd0
 Prev Bits: [0x00007f882a7c8000, 0x00007f882e5c0000)
 Next Bits: [0x00007f88269d0000, 0x00007f882a7c8000)

Polling page: 0x00007f88522e3000

Metaspace:

Usage:
  Non-class:     15,58 MB capacity,    15,29 MB ( 98%) used,   263,70 KB (  2%) free+waste,    30,00 KB ( <1%) overhead. 
      Class:      1,81 MB capacity,     1,69 MB ( 93%) used,   109,45 KB (  6%) free+waste,    13,56 KB ( <1%) overhead. 
       Both:     17,39 MB capacity,    16,98 MB ( 98%) used,   373,16 KB (  2%) free+waste,    43,56 KB ( <1%) overhead. 

Virtual space:
  Non-class space:       16,00 MB reserved,      15,75 MB ( 98%) committed 
      Class space:        1,00 GB reserved,       1,88 MB ( <1%) committed 
             Both:        1,02 GB reserved,      17,62 MB (  2%) committed 

Chunk freelists:
   Non-Class:  9,25 KB
       Class:  256 bytes
        Both:  9,50 KB

CodeHeap 'non-profiled nmethods': size=120032Kb used=500Kb max_used=500Kb free=119531Kb
 bounds [0x00007f883c39e000, 0x00007f883c60e000, 0x00007f88438d6000]
CodeHeap 'profiled nmethods': size=120028Kb used=2705Kb max_used=2705Kb free=117322Kb
 bounds [0x00007f8834e67000, 0x00007f8835117000, 0x00007f883c39e000]
CodeHeap 'non-nmethods': size=5700Kb used=1108Kb max_used=1124Kb free=4591Kb
 bounds [0x00007f88348d6000, 0x00007f8834b46000, 0x00007f8834e67000]
 total_blobs=1963 nmethods=1520 adapters=356
 compilation: enabled
              stopped_count=0, restarted_count=0
 full_count=0

Compilation events (10 events):
Event: 1,220 Thread 0x00007f884c28d800 nmethod 1528 0x00007f8835109f90 code [0x00007f883510a180, 0x00007f883510a7c0]
Event: 1,220 Thread 0x00007f884c28d800 1526       3       jdk.internal.org.objectweb.asm.MethodWriter::visitAnnotation (82 bytes)
Event: 1,221 Thread 0x00007f884c28d800 nmethod 1526 0x00007f883510a990 code [0x00007f883510abc0, 0x00007f883510b4f0]
Event: 1,222 Thread 0x00007f884c28b800 nmethod 1523 0x00007f883c418a90 code [0x00007f883c418c20, 0x00007f883c418d68]
Event: 1,222 Thread 0x00007f884c28b800 1525       4       java.lang.StringBuilder::toString (35 bytes)
Event: 1,225 Thread 0x00007f884c28b800 nmethod 1525 0x00007f883c418f10 code [0x00007f883c4190a0, 0x00007f883c4194b8]
Event: 1,226 Thread 0x00007f884c28b800 1524       4       jdk.internal.org.objectweb.asm.Item::set (219 bytes)
Event: 1,268 Thread 0x00007f884c28b800 nmethod 1524 0x00007f883c419690 code [0x00007f883c419840, 0x00007f883c41a8f8]
Event: 61,121 Thread 0x00007f884c28d800 1529       1       java.util.concurrent.locks.AbstractQueuedSynchronizer::getState (5 bytes)
Event: 61,121 Thread 0x00007f884c28d800 nmethod 1529 0x00007f883c41b090 code [0x00007f883c41b220, 0x00007f883c41b2d0]

GC Heap History (2 events):
Event: 0,781 GC heap before
{Heap before GC invocations=0 (full 0):
 garbage-first heap   total 253952K, used 23552K [0x0000000708200000, 0x0000000800000000)
  region size 1024K, 24 young (24576K), 0 survivors (0K)
 Metaspace       used 10965K, capacity 11163K, committed 11392K, reserved 1058816K
  class space    used 1020K, capacity 1061K, committed 1152K, reserved 1048576K
}
Event: 0,785 GC heap after
{Heap after GC invocations=1 (full 0):
 garbage-first heap   total 253952K, used 4927K [0x0000000708200000, 0x0000000800000000)
  region size 1024K, 3 young (3072K), 3 survivors (3072K)
 Metaspace       used 10965K, capacity 11163K, committed 11392K, reserved 1058816K
  class space    used 1020K, capacity 1061K, committed 1152K, reserved 1048576K
}

Deoptimization events (10 events):
Event: 1,062 Thread 0x00007f884c024800 Uncommon trap: reason=bimorphic_or_optimized_type_check action=maybe_recompile pc=0x00007f883c402960 method=java.util.HashMap.putVal(ILjava/lang/Object;Ljava/lang/Object;ZZ)Ljava/lang/Object; @ 91 c2
Event: 1,062 Thread 0x00007f884c024800 Uncommon trap: reason=bimorphic_or_optimized_type_check action=maybe_recompile pc=0x00007f883c402960 method=java.util.HashMap.putVal(ILjava/lang/Object;Ljava/lang/Object;ZZ)Ljava/lang/Object; @ 91 c2
Event: 1,085 Thread 0x00007f884c989000 Uncommon trap: reason=unstable_if action=reinterpret pc=0x00007f883c400718 method=java.util.jar.JarFile.checkForSpecialAttributes()V @ 53 c2
Event: 1,103 Thread 0x00007f884c989000 Uncommon trap: reason=unstable_if action=reinterpret pc=0x00007f883c3b5c20 method=java.lang.StringUTF16.compress([CI[BII)I @ 20 c2
Event: 1,147 Thread 0x00007f884c024800 Uncommon trap: reason=bimorphic_or_optimized_type_check action=maybe_recompile pc=0x00007f883c402960 method=java.util.HashMap.putVal(ILjava/lang/Object;Ljava/lang/Object;ZZ)Ljava/lang/Object; @ 91 c2
Event: 1,147 Thread 0x00007f884c024800 Uncommon trap: reason=bimorphic_or_optimized_type_check action=maybe_recompile pc=0x00007f883c402960 method=java.util.HashMap.putVal(ILjava/lang/Object;Ljava/lang/Object;ZZ)Ljava/lang/Object; @ 91 c2
Event: 1,153 Thread 0x00007f884c024800 Uncommon trap: reason=class_check action=maybe_recompile pc=0x00007f883c3eebac method=java.util.HashMap.putVal(ILjava/lang/Object;Ljava/lang/Object;ZZ)Ljava/lang/Object; @ 253 c2
Event: 1,153 Thread 0x00007f884c024800 Uncommon trap: reason=class_check action=maybe_recompile pc=0x00007f883c3eebac method=java.util.HashMap.putVal(ILjava/lang/Object;Ljava/lang/Object;ZZ)Ljava/lang/Object; @ 253 c2
Event: 1,188 Thread 0x00007f884c024800 Uncommon trap: reason=unstable_if action=reinterpret pc=0x00007f883c3ae038 method=java.nio.Buffer.position(I)Ljava/nio/Buffer; @ 37 c2
Event: 1,189 Thread 0x00007f884c024800 Uncommon trap: reason=unstable_if action=reinterpret pc=0x00007f883c3ad938 method=java.nio.Buffer.position(I)Ljava/nio/Buffer; @ 37 c2

Classes redefined (0 events):
No events

Internal exceptions (10 events):
Event: 1,127 Thread 0x00007f884c024800 Exception <a 'sun/nio/fs/UnixException'{0x000000071621ab30}> (0x000000071621ab30) thrown at [./open/src/hotspot/share/prims/jni.cpp, line 611]
Event: 1,127 Thread 0x00007f884c024800 Exception <a 'sun/nio/fs/UnixException'{0x000000071621b010}> (0x000000071621b010) thrown at [./open/src/hotspot/share/prims/jni.cpp, line 611]
Event: 1,127 Thread 0x00007f884c024800 Exception <a 'sun/nio/fs/UnixException'{0x000000071621b410}> (0x000000071621b410) thrown at [./open/src/hotspot/share/prims/jni.cpp, line 611]
Event: 1,151 Thread 0x00007f884c024800 Exception <a 'java/lang/NoSuchMethodError'{0x0000000715eaee68}: java.lang.invoke.Invokers$Holder.invoke_MT(Ljava/lang/Object;Ljava/lang/Object;Ljava/lang/Object;)Ljava/lang/Object;> (0x0000000715eaee68) thrown at [./open/src/hotspot/share/interpreter/link
Event: 1,160 Thread 0x00007f884c024800 Exception <a 'java/lang/NoSuchMethodError'{0x0000000715d51be8}: java.lang.invoke.DirectMethodHandle$Holder.invokeInterface(Ljava/lang/Object;Ljava/lang/Object;Ljava/lang/Object;)Ljava/lang/Object;> (0x0000000715d51be8) thrown at [./open/src/hotspot/share/
Event: 1,215 Thread 0x00007f884c024800 Exception <a 'java/lang/NoSuchMethodError'{0x000000071595e918}: java.lang.invoke.DirectMethodHandle$Holder.invokeInterface(Ljava/lang/Object;Ljava/lang/Object;)V> (0x000000071595e918) thrown at [./open/src/hotspot/share/interpreter/linkResolver.cpp, line 
Event: 74,022 Thread 0x00007f884ca60800 Exception <a 'java/io/IOException'{0x0000000715800a38}> (0x0000000715800a38) thrown at [./open/src/hotspot/share/prims/jni.cpp, line 611]
Event: 74,022 Thread 0x00007f884ca60800 Exception <a 'java/io/IOException'{0x0000000715800d70}> (0x0000000715800d70) thrown at [./open/src/hotspot/share/prims/jni.cpp, line 611]
Event: 74,022 Thread 0x00007f884ca60800 Exception <a 'java/io/IOException'{0x0000000715801078}> (0x0000000715801078) thrown at [./open/src/hotspot/share/prims/jni.cpp, line 611]
Event: 74,022 Thread 0x00007f884ca60800 Exception <a 'java/io/IOException'{0x0000000715801380}> (0x0000000715801380) thrown at [./open/src/hotspot/share/prims/jni.cpp, line 611]

Events (10 events):
Event: 1,220 Executing VM operation: RevokeBias
Event: 1,220 Executing VM operation: RevokeBias done
Event: 1,220 loading class org/eclipse/jetty/util/log/Slf4jLog
Event: 1,220 loading class org/eclipse/jetty/util/log/Slf4jLog done
Event: 1,220 loading class org/eclipse/jetty/util/log/Slf4jLog
Event: 1,220 loading class org/eclipse/jetty/util/log/Slf4jLog done
Event: 1,220 Thread 0x00007f884ca60800 Thread added: 0x00007f884ca60800
Event: 74,022 Executing VM operation: RevokeBias
Event: 74,022 Executing VM operation: RevokeBias done
Event: 74,022 Thread 0x00007f884ca60800 Thread exited: 0x00007f884ca60800


Dynamic libraries:
708200000-717a00000 rw-p 00000000 00:00 0 
717a00000-800000000 ---p 00000000 00:00 0 
800000000-8001e0000 rw-p 00000000 00:00 0 
8001e0000-840000000 ---p 00000000 00:00 0 
562bc8bde000-562bc8bdf000 r-xp 00000000 103:05 1056021                   /opt/jdk/jdk-11.0.11/bin/java
562bc8ddf000-562bc8de0000 r--p 00001000 103:05 1056021                   /opt/jdk/jdk-11.0.11/bin/java
562bc8de0000-562bc8de1000 rw-p 00002000 103:05 1056021                   /opt/jdk/jdk-11.0.11/bin/java
562bca22c000-562bca26e000 rw-p 00000000 00:00 0                          [heap]
7f87ac000000-7f87ac021000 rw-p 00000000 00:00 0 
7f87ac021000-7f87b0000000 ---p 00000000 00:00 0 
7f87b4000000-7f87b4021000 rw-p 00000000 00:00 0 
7f87b4021000-7f87b8000000 ---p 00000000 00:00 0 
7f87b8000000-7f87b8021000 rw-p 00000000 00:00 0 
7f87b8021000-7f87bc000000 ---p 00000000 00:00 0 
7f87bc000000-7f87bc021000 rw-p 00000000 00:00 0 
7f87bc021000-7f87c0000000 ---p 00000000 00:00 0 
7f87c0000000-7f87c0021000 rw-p 00000000 00:00 0 
7f87c0021000-7f87c4000000 ---p 00000000 00:00 0 
7f87c4000000-7f87c4021000 rw-p 00000000 00:00 0 
7f87c4021000-7f87c8000000 ---p 00000000 00:00 0 
7f87c8000000-7f87c8021000 rw-p 00000000 00:00 0 
7f87c8021000-7f87cc000000 ---p 00000000 00:00 0 
7f87cc000000-7f87cc021000 rw-p 00000000 00:00 0 
7f87cc021000-7f87d0000000 ---p 00000000 00:00 0 
7f87d0000000-7f87d0021000 rw-p 00000000 00:00 0 
7f87d0021000-7f87d4000000 ---p 00000000 00:00 0 
7f87d4000000-7f87d4021000 rw-p 00000000 00:00 0 
7f87d4021000-7f87d8000000 ---p 00000000 00:00 0 
7f87d8000000-7f87d80c3000 rw-p 00000000 00:00 0 
7f87d80c3000-7f87dc000000 ---p 00000000 00:00 0 
7f87dc000000-7f87dc021000 rw-p 00000000 00:00 0 
7f87dc021000-7f87e0000000 ---p 00000000 00:00 0 
7f87e0000000-7f87e0021000 rw-p 00000000 00:00 0 
7f87e0021000-7f87e4000000 ---p 00000000 00:00 0 
7f87e4000000-7f87e4021000 rw-p 00000000 00:00 0 
7f87e4021000-7f87e8000000 ---p 00000000 00:00 0 
7f87e8000000-7f87e8021000 rw-p 00000000 00:00 0 
7f87e8021000-7f87ec000000 ---p 00000000 00:00 0 
7f87ec000000-7f87ec021000 rw-p 00000000 00:00 0 
7f87ec021000-7f87f0000000 ---p 00000000 00:00 0 
7f87f0000000-7f87f0021000 rw-p 00000000 00:00 0 
7f87f0021000-7f87f4000000 ---p 00000000 00:00 0 
7f87f4000000-7f87f42f8000 rw-p 00000000 00:00 0 
7f87f42f8000-7f87f8000000 ---p 00000000 00:00 0 
7f87f8000000-7f87f8021000 rw-p 00000000 00:00 0 
7f87f8021000-7f87fc000000 ---p 00000000 00:00 0 
7f87fc000000-7f87fc021000 rw-p 00000000 00:00 0 
7f87fc021000-7f8800000000 ---p 00000000 00:00 0 
7f8800000000-7f8800703000 rw-p 00000000 00:00 0 
7f8800703000-7f8804000000 ---p 00000000 00:00 0 
7f8804000000-7f8804021000 rw-p 00000000 00:00 0 
7f8804021000-7f8808000000 ---p 00000000 00:00 0 
7f8808000000-7f8808021000 rw-p 00000000 00:00 0 
7f8808021000-7f880c000000 ---p 00000000 00:00 0 
7f880c000000-7f880c021000 rw-p 00000000 00:00 0 
7f880c021000-7f8810000000 ---p 00000000 00:00 0 
7f8810000000-7f8810021000 rw-p 00000000 00:00 0 
7f8810021000-7f8814000000 ---p 00000000 00:00 0 
7f8814000000-7f8814021000 rw-p 00000000 00:00 0 
7f8814021000-7f8818000000 ---p 00000000 00:00 0 
7f8818000000-7f8818021000 rw-p 00000000 00:00 0 
7f8818021000-7f881c000000 ---p 00000000 00:00 0 
7f881c137000-7f881c4e4000 rw-p 00000000 00:00 0 
7f881c4e4000-7f881c4e8000 ---p 00000000 00:00 0 
7f881c4e8000-7f881c5e5000 rw-p 00000000 00:00 0 
7f881c5e5000-7f881c5e7000 r-xp 00000000 103:05 1056420                   /opt/jdk/jdk-11.0.11/lib/libextnet.so
7f881c5e7000-7f881c7e6000 ---p 00002000 103:05 1056420                   /opt/jdk/jdk-11.0.11/lib/libextnet.so
7f881c7e6000-7f881c7e7000 r--p 00001000 103:05 1056420                   /opt/jdk/jdk-11.0.11/lib/libextnet.so
7f881c7e7000-7f881c7e8000 rw-p 00002000 103:05 1056420                   /opt/jdk/jdk-11.0.11/lib/libextnet.so
7f881c7e8000-7f881c7ec000 ---p 00000000 00:00 0 
7f881c7ec000-7f881caa9000 rw-p 00000000 00:00 0 
7f881caa9000-7f881cae9000 ---p 00000000 00:00 0 
7f881cae9000-7f881caed000 ---p 00000000 00:00 0 
7f881caed000-7f881cbea000 rw-p 00000000 00:00 0 
7f881cbea000-7f881cbee000 ---p 00000000 00:00 0 
7f881cbee000-7f881cceb000 rw-p 00000000 00:00 0 
7f881cceb000-7f881ccef000 ---p 00000000 00:00 0 
7f881ccef000-7f881cdec000 rw-p 00000000 00:00 0 
7f881cdec000-7f881cdf0000 ---p 00000000 00:00 0 
7f881cdf0000-7f881ceed000 rw-p 00000000 00:00 0 
7f881ceed000-7f881cef1000 ---p 00000000 00:00 0 
7f881cef1000-7f881cfee000 rw-p 00000000 00:00 0 
7f881cfee000-7f881cff2000 ---p 00000000 00:00 0 
7f881cff2000-7f881d0ef000 rw-p 00000000 00:00 0 
7f881d0ef000-7f881d0f3000 ---p 00000000 00:00 0 
7f881d0f3000-7f881d1f0000 rw-p 00000000 00:00 0 
7f881d1f0000-7f881d1f4000 ---p 00000000 00:00 0 
7f881d1f4000-7f881d4f1000 rw-p 00000000 00:00 0 
7f881d4f1000-7f881d531000 r-xp 00000000 103:05 1056447                   /opt/jdk/jdk-11.0.11/lib/libsunec.so
7f881d531000-7f881d730000 ---p 00040000 103:05 1056447                   /opt/jdk/jdk-11.0.11/lib/libsunec.so
7f881d730000-7f881d735000 r--p 0003f000 103:05 1056447                   /opt/jdk/jdk-11.0.11/lib/libsunec.so
7f881d735000-7f881d737000 rw-p 00044000 103:05 1056447                   /opt/jdk/jdk-11.0.11/lib/libsunec.so
7f881d737000-7f881d937000 rw-p 00000000 00:00 0 
7f881d937000-7f881d938000 ---p 00000000 00:00 0 
7f881d938000-7f881da39000 rw-p 00000000 00:00 0 
7f881da39000-7f881da3a000 ---p 00000000 00:00 0 
7f881da3a000-7f881db3b000 rw-p 00000000 00:00 0 
7f881db3b000-7f881db3c000 ---p 00000000 00:00 0 
7f881db3c000-7f881dc3d000 rw-p 00000000 00:00 0 
7f881dc3d000-7f881dc3e000 ---p 00000000 00:00 0 
7f881dc3e000-7f881df3f000 rw-p 00000000 00:00 0 
7f881df3f000-7f881df44000 r-xp 00000000 103:05 1056438                   /opt/jdk/jdk-11.0.11/lib/libmanagement_ext.so
7f881df44000-7f881e144000 ---p 00005000 103:05 1056438                   /opt/jdk/jdk-11.0.11/lib/libmanagement_ext.so
7f881e144000-7f881e145000 r--p 00005000 103:05 1056438                   /opt/jdk/jdk-11.0.11/lib/libmanagement_ext.so
7f881e145000-7f881e146000 rw-p 00006000 103:05 1056438                   /opt/jdk/jdk-11.0.11/lib/libmanagement_ext.so
7f881e146000-7f881e14a000 r-xp 00000000 103:05 1056436                   /opt/jdk/jdk-11.0.11/lib/libmanagement.so
7f881e14a000-7f881e34a000 ---p 00004000 103:05 1056436                   /opt/jdk/jdk-11.0.11/lib/libmanagement.so
7f881e34a000-7f881e34b000 r--p 00004000 103:05 1056436                   /opt/jdk/jdk-11.0.11/lib/libmanagement.so
7f881e34b000-7f881e34c000 rw-p 00005000 103:05 1056436                   /opt/jdk/jdk-11.0.11/lib/libmanagement.so
7f881e34c000-7f881e363000 r-xp 00000000 103:05 1056440                   /opt/jdk/jdk-11.0.11/lib/libnet.so
7f881e363000-7f881e562000 ---p 00017000 103:05 1056440                   /opt/jdk/jdk-11.0.11/lib/libnet.so
7f881e562000-7f881e563000 r--p 00016000 103:05 1056440                   /opt/jdk/jdk-11.0.11/lib/libnet.so
7f881e563000-7f881e564000 rw-p 00017000 103:05 1056440                   /opt/jdk/jdk-11.0.11/lib/libnet.so
7f881e564000-7f881e574000 r-xp 00000000 103:05 1056441                   /opt/jdk/jdk-11.0.11/lib/libnio.so
7f881e574000-7f881e774000 ---p 00010000 103:05 1056441                   /opt/jdk/jdk-11.0.11/lib/libnio.so
7f881e774000-7f881e775000 r--p 00010000 103:05 1056441                   /opt/jdk/jdk-11.0.11/lib/libnio.so
7f881e775000-7f881e776000 rw-p 00011000 103:05 1056441                   /opt/jdk/jdk-11.0.11/lib/libnio.so
7f881e776000-7f881e77a000 ---p 00000000 00:00 0 
7f881e77a000-7f881e877000 rw-p 00000000 00:00 0 
7f881e877000-7f881e878000 ---p 00000000 00:00 0 
7f881e878000-7f881e979000 rw-p 00000000 00:00 0 
7f881e979000-7f881e97d000 ---p 00000000 00:00 0 
7f881e97d000-7f881ea7a000 rw-p 00000000 00:00 0 
7f881ea7a000-7f881ea7e000 ---p 00000000 00:00 0 
7f881ea7e000-7f881eb7b000 rw-p 00000000 00:00 0 
7f881eb7b000-7f881eb7f000 ---p 00000000 00:00 0 
7f881eb7f000-7f881ec7c000 rw-p 00000000 00:00 0 
7f881ec7c000-7f881ec80000 ---p 00000000 00:00 0 
7f881ec80000-7f881ed7d000 rw-p 00000000 00:00 0 
7f881ed7d000-7f881ed81000 ---p 00000000 00:00 0 
7f881ed81000-7f881ee7e000 rw-p 00000000 00:00 0 
7f881ee7e000-7f881f0f6000 r--p 00000000 103:05 2195620                   /usr/lib/locale/aa_DJ.utf8/LC_COLLATE
7f881f0f6000-7f881f0fa000 ---p 00000000 00:00 0 
7f881f0fa000-7f881f1f7000 rw-p 00000000 00:00 0 
7f881f1f7000-7f881f1fb000 ---p 00000000 00:00 0 
7f881f1fb000-7f881f2f8000 rw-p 00000000 00:00 0 
7f881f2f8000-7f881f2f9000 ---p 00000000 00:00 0 
7f881f2f9000-7f881fbfa000 rw-p 00000000 00:00 0 
7f881fbfa000-7f881fbfb000 ---p 00000000 00:00 0 
7f881fbfb000-7f881fcfc000 rw-p 00000000 00:00 0 
7f881fcfc000-7f881fcfd000 ---p 00000000 00:00 0 
7f881fcfd000-7f8820000000 rw-p 00000000 00:00 0 
7f8820000000-7f8820021000 rw-p 00000000 00:00 0 
7f8820021000-7f8824000000 ---p 00000000 00:00 0 
7f88240c6000-7f88266cc000 rw-p 00000000 00:00 0 
7f88266cc000-7f88266cd000 ---p 00000000 00:00 0 
7f88266cd000-7f88267ce000 rw-p 00000000 00:00 0 
7f88267ce000-7f88267cf000 ---p 00000000 00:00 0 
7f88267cf000-7f8826db0000 rw-p 00000000 00:00 0 
7f8826db0000-7f882a7c8000 ---p 00000000 00:00 0 
7f882a7c8000-7f882aba8000 rw-p 00000000 00:00 0 
7f882aba8000-7f882e5c0000 ---p 00000000 00:00 0 
7f882e5c0000-7f882e63c000 rw-p 00000000 00:00 0 
7f882e63c000-7f882ed7f000 ---p 00000000 00:00 0 
7f882ed7f000-7f882edfb000 rw-p 00000000 00:00 0 
7f882edfb000-7f882f53e000 ---p 00000000 00:00 0 
7f882f53e000-7f882f5ba000 rw-p 00000000 00:00 0 
7f882f5ba000-7f882fcfd000 ---p 00000000 00:00 0 
7f882fcfd000-7f8830000000 rw-p 00000000 00:00 0 
7f8830000000-7f8830021000 rw-p 00000000 00:00 0 
7f8830021000-7f8834000000 ---p 00000000 00:00 0 
7f8834024000-7f8834078000 r--p 00000000 103:05 2195621                   /usr/lib/locale/aa_DJ.utf8/LC_CTYPE
7f8834078000-7f88345fe000 rw-p 00000000 00:00 0 
7f88345fe000-7f88345ff000 ---p 00000000 00:00 0 
7f88345ff000-7f8834705000 rw-p 00000000 00:00 0 
7f8834705000-7f88347eb000 ---p 00000000 00:00 0 
7f88347eb000-7f88347f1000 rw-p 00000000 00:00 0 
7f88347f1000-7f88348d6000 ---p 00000000 00:00 0 
7f88348d6000-7f8834b46000 rwxp 00000000 00:00 0 
7f8834b46000-7f8834e67000 ---p 00000000 00:00 0 
7f8834e67000-7f8835117000 rwxp 00000000 00:00 0 
7f8835117000-7f883c39e000 ---p 00000000 00:00 0 
7f883c39e000-7f883c60e000 rwxp 00000000 00:00 0 
7f883c60e000-7f88438d6000 ---p 00000000 00:00 0 
7f88438d6000-7f884bdf8000 r--s 00000000 103:05 1056451                   /opt/jdk/jdk-11.0.11/lib/modules
7f884bdf8000-7f884bdff000 r-xp 00000000 103:05 1056450                   /opt/jdk/jdk-11.0.11/lib/libzip.so
7f884bdff000-7f884bffe000 ---p 00007000 103:05 1056450                   /opt/jdk/jdk-11.0.11/lib/libzip.so
7f884bffe000-7f884bfff000 r--p 00006000 103:05 1056450                   /opt/jdk/jdk-11.0.11/lib/libzip.so
7f884bfff000-7f884c000000 rw-p 00007000 103:05 1056450                   /opt/jdk/jdk-11.0.11/lib/libzip.so
7f884c000000-7f884ca64000 rw-p 00000000 00:00 0 
7f884ca64000-7f8850000000 ---p 00000000 00:00 0 
7f8850013000-7f8850014000 r--p 00000000 103:05 2195666                   /usr/lib/locale/agr_PE/LC_NUMERIC
7f8850014000-7f8850015000 r--p 00000000 103:05 2197095                   /usr/lib/locale/it_IT.utf8/LC_TIME
7f8850015000-7f8850016000 r--p 00000000 103:05 2196281                   /usr/lib/locale/de_IT.utf8/LC_MONETARY
7f8850016000-7f8850071000 rw-p 00000000 00:00 0 
7f8850071000-7f8850074000 r--p 00000000 103:05 299229                    /lib/x86_64-linux-gnu/libnss_files-2.31.so
7f8850074000-7f885007b000 r-xp 00003000 103:05 299229                    /lib/x86_64-linux-gnu/libnss_files-2.31.so
7f885007b000-7f885007d000 r--p 0000a000 103:05 299229                    /lib/x86_64-linux-gnu/libnss_files-2.31.so
7f885007d000-7f885007e000 r--p 0000b000 103:05 299229                    /lib/x86_64-linux-gnu/libnss_files-2.31.so
7f885007e000-7f885007f000 rw-p 0000c000 103:05 299229                    /lib/x86_64-linux-gnu/libnss_files-2.31.so
7f885007f000-7f8850085000 rw-p 00000000 00:00 0 
7f8850085000-7f885008a000 r--p 00000000 103:05 270705                    /lib/x86_64-linux-gnu/libnsl-2.31.so
7f885008a000-7f885009a000 r-xp 00005000 103:05 270705                    /lib/x86_64-linux-gnu/libnsl-2.31.so
7f885009a000-7f885009e000 r--p 00015000 103:05 270705                    /lib/x86_64-linux-gnu/libnsl-2.31.so
7f885009e000-7f885009f000 r--p 00018000 103:05 270705                    /lib/x86_64-linux-gnu/libnsl-2.31.so
7f885009f000-7f88500a0000 rw-p 00019000 103:05 270705                    /lib/x86_64-linux-gnu/libnsl-2.31.so
7f88500a0000-7f88500a2000 rw-p 00000000 00:00 0 
7f88500a2000-7f88500a3000 r--p 00000000 103:05 2196347                   /usr/lib/locale/en_AG/LC_MESSAGES/SYS_LC_MESSAGES
7f88500a3000-7f88500a4000 r--p 00000000 103:05 2195628                   /usr/lib/locale/aa_DJ.utf8/LC_PAPER
7f88500a4000-7f88500a5000 r--p 00000000 103:05 2195665                   /usr/lib/locale/agr_PE/LC_NAME
7f88500a5000-7f88500a6000 r--p 00000000 103:05 2197092                   /usr/lib/locale/it_IT.utf8/LC_ADDRESS
7f88500a6000-7f88500ad000 r--s 00000000 103:05 2263231                   /usr/lib/x86_64-linux-gnu/gconv/gconv-modules.cache
7f88500ad000-7f88500b2000 rw-p 00000000 00:00 0 
7f88500b2000-7f88500b9000 ---p 00000000 00:00 0 
7f88500b9000-7f88500c1000 rw-s 00000000 103:05 1968229                   /tmp/hsperfdata_arsene/71119
7f88500c1000-7f88500dc000 r-xp 00000000 103:05 1056432                   /opt/jdk/jdk-11.0.11/lib/libjimage.so
7f88500dc000-7f88502db000 ---p 0001b000 103:05 1056432                   /opt/jdk/jdk-11.0.11/lib/libjimage.so
7f88502db000-7f88502dd000 r--p 0001a000 103:05 1056432                   /opt/jdk/jdk-11.0.11/lib/libjimage.so
7f88502dd000-7f88502de000 rw-p 0001c000 103:05 1056432                   /opt/jdk/jdk-11.0.11/lib/libjimage.so
7f88502de000-7f8850308000 r-xp 00000000 103:05 1056428                   /opt/jdk/jdk-11.0.11/lib/libjava.so
7f8850308000-7f8850507000 ---p 0002a000 103:05 1056428                   /opt/jdk/jdk-11.0.11/lib/libjava.so
7f8850507000-7f8850508000 r--p 00029000 103:05 1056428                   /opt/jdk/jdk-11.0.11/lib/libjava.so
7f8850508000-7f8850509000 rw-p 0002a000 103:05 1056428                   /opt/jdk/jdk-11.0.11/lib/libjava.so
7f8850509000-7f885050a000 rw-p 00000000 00:00 0 
7f885050a000-7f8850517000 r-xp 00000000 103:05 1056449                   /opt/jdk/jdk-11.0.11/lib/libverify.so
7f8850517000-7f8850716000 ---p 0000d000 103:05 1056449                   /opt/jdk/jdk-11.0.11/lib/libverify.so
7f8850716000-7f8850718000 r--p 0000c000 103:05 1056449                   /opt/jdk/jdk-11.0.11/lib/libverify.so
7f8850718000-7f8850719000 rw-p 0000e000 103:05 1056449                   /opt/jdk/jdk-11.0.11/lib/libverify.so
7f8850719000-7f885071c000 r--p 00000000 103:05 299236                    /lib/x86_64-linux-gnu/librt-2.31.so
7f885071c000-7f8850720000 r-xp 00003000 103:05 299236                    /lib/x86_64-linux-gnu/librt-2.31.so
7f8850720000-7f8850721000 r--p 00007000 103:05 299236                    /lib/x86_64-linux-gnu/librt-2.31.so
7f8850721000-7f8850722000 ---p 00008000 103:05 299236                    /lib/x86_64-linux-gnu/librt-2.31.so
7f8850722000-7f8850723000 r--p 00008000 103:05 299236                    /lib/x86_64-linux-gnu/librt-2.31.so
7f8850723000-7f8850724000 rw-p 00009000 103:05 299236                    /lib/x86_64-linux-gnu/librt-2.31.so
7f8850724000-7f8850728000 ---p 00000000 00:00 0 
7f8850728000-7f8850825000 rw-p 00000000 00:00 0 
7f8850825000-7f8850834000 r--p 00000000 103:05 270630                    /lib/x86_64-linux-gnu/libm-2.31.so
7f8850834000-7f88508db000 r-xp 0000f000 103:05 270630                    /lib/x86_64-linux-gnu/libm-2.31.so
7f88508db000-7f8850972000 r--p 000b6000 103:05 270630                    /lib/x86_64-linux-gnu/libm-2.31.so
7f8850972000-7f8850973000 r--p 0014c000 103:05 270630                    /lib/x86_64-linux-gnu/libm-2.31.so
7f8850973000-7f8850974000 rw-p 0014d000 103:05 270630                    /lib/x86_64-linux-gnu/libm-2.31.so
7f8850974000-7f8851b2a000 r-xp 00000000 103:05 1056462                   /opt/jdk/jdk-11.0.11/lib/server/libjvm.so
7f8851b2a000-7f8851d2a000 ---p 011b6000 103:05 1056462                   /opt/jdk/jdk-11.0.11/lib/server/libjvm.so
7f8851d2a000-7f8851de9000 r--p 011b6000 103:05 1056462                   /opt/jdk/jdk-11.0.11/lib/server/libjvm.so
7f8851de9000-7f8851e23000 rw-p 01275000 103:05 1056462                   /opt/jdk/jdk-11.0.11/lib/server/libjvm.so
7f8851e23000-7f8851e7c000 rw-p 00000000 00:00 0 
7f8851e7c000-7f8851ea1000 r--p 00000000 103:05 270628                    /lib/x86_64-linux-gnu/libc-2.31.so
7f8851ea1000-7f8852019000 r-xp 00025000 103:05 270628                    /lib/x86_64-linux-gnu/libc-2.31.so
7f8852019000-7f8852063000 r--p 0019d000 103:05 270628                    /lib/x86_64-linux-gnu/libc-2.31.so
7f8852063000-7f8852064000 ---p 001e7000 103:05 270628                    /lib/x86_64-linux-gnu/libc-2.31.so
7f8852064000-7f8852067000 r--p 001e7000 103:05 270628                    /lib/x86_64-linux-gnu/libc-2.31.so
7f8852067000-7f885206a000 rw-p 001ea000 103:05 270628                    /lib/x86_64-linux-gnu/libc-2.31.so
7f885206a000-7f885206e000 rw-p 00000000 00:00 0 
7f885206e000-7f885206f000 r--p 00000000 103:05 270629                    /lib/x86_64-linux-gnu/libdl-2.31.so
7f885206f000-7f8852071000 r-xp 00001000 103:05 270629                    /lib/x86_64-linux-gnu/libdl-2.31.so
7f8852071000-7f8852072000 r--p 00003000 103:05 270629                    /lib/x86_64-linux-gnu/libdl-2.31.so
7f8852072000-7f8852073000 r--p 00003000 103:05 270629                    /lib/x86_64-linux-gnu/libdl-2.31.so
7f8852073000-7f8852074000 rw-p 00004000 103:05 270629                    /lib/x86_64-linux-gnu/libdl-2.31.so
7f8852074000-7f8852084000 r-xp 00000000 103:05 1056411                   /opt/jdk/jdk-11.0.11/lib/jli/libjli.so
7f8852084000-7f8852283000 ---p 00010000 103:05 1056411                   /opt/jdk/jdk-11.0.11/lib/jli/libjli.so
7f8852283000-7f8852284000 r--p 0000f000 103:05 1056411                   /opt/jdk/jdk-11.0.11/lib/jli/libjli.so
7f8852284000-7f8852285000 rw-p 00010000 103:05 1056411                   /opt/jdk/jdk-11.0.11/lib/jli/libjli.so
7f8852285000-7f885228c000 r--p 00000000 103:05 299234                    /lib/x86_64-linux-gnu/libpthread-2.31.so
7f885228c000-7f885229d000 r-xp 00007000 103:05 299234                    /lib/x86_64-linux-gnu/libpthread-2.31.so
7f885229d000-7f88522a2000 r--p 00018000 103:05 299234                    /lib/x86_64-linux-gnu/libpthread-2.31.so
7f88522a2000-7f88522a3000 r--p 0001c000 103:05 299234                    /lib/x86_64-linux-gnu/libpthread-2.31.so
7f88522a3000-7f88522a4000 rw-p 0001d000 103:05 299234                    /lib/x86_64-linux-gnu/libpthread-2.31.so
7f88522a4000-7f88522a8000 rw-p 00000000 00:00 0 
7f88522a8000-7f88522aa000 r--p 00000000 103:05 261677                    /lib/x86_64-linux-gnu/libz.so.1.2.11
7f88522aa000-7f88522bb000 r-xp 00002000 103:05 261677                    /lib/x86_64-linux-gnu/libz.so.1.2.11
7f88522bb000-7f88522c1000 r--p 00013000 103:05 261677                    /lib/x86_64-linux-gnu/libz.so.1.2.11
7f88522c1000-7f88522c2000 ---p 00019000 103:05 261677                    /lib/x86_64-linux-gnu/libz.so.1.2.11
7f88522c2000-7f88522c3000 r--p 00019000 103:05 261677                    /lib/x86_64-linux-gnu/libz.so.1.2.11
7f88522c3000-7f88522c4000 rw-p 0001a000 103:05 261677                    /lib/x86_64-linux-gnu/libz.so.1.2.11
7f88522c4000-7f88522c6000 rw-p 00000000 00:00 0 
7f88522c6000-7f88522c7000 r--p 00000000 103:05 2196106                   /usr/lib/locale/ca_IT.utf8/LC_TELEPHONE
7f88522c7000-7f88522c8000 r--p 00000000 103:05 2195623                   /usr/lib/locale/aa_DJ.utf8/LC_MEASUREMENT
7f88522c8000-7f88522cb000 r--p 00000000 103:05 299231                    /lib/x86_64-linux-gnu/libnss_nis-2.31.so
7f88522cb000-7f88522d3000 r-xp 00003000 103:05 299231                    /lib/x86_64-linux-gnu/libnss_nis-2.31.so
7f88522d3000-7f88522d5000 r--p 0000b000 103:05 299231                    /lib/x86_64-linux-gnu/libnss_nis-2.31.so
7f88522d5000-7f88522d6000 r--p 0000c000 103:05 299231                    /lib/x86_64-linux-gnu/libnss_nis-2.31.so
7f88522d6000-7f88522d7000 rw-p 0000d000 103:05 299231                    /lib/x86_64-linux-gnu/libnss_nis-2.31.so
7f88522d7000-7f88522d9000 r--p 00000000 103:05 299226                    /lib/x86_64-linux-gnu/libnss_compat-2.31.so
7f88522d9000-7f88522e0000 r-xp 00002000 103:05 299226                    /lib/x86_64-linux-gnu/libnss_compat-2.31.so
7f88522e0000-7f88522e1000 r--p 00009000 103:05 299226                    /lib/x86_64-linux-gnu/libnss_compat-2.31.so
7f88522e1000-7f88522e2000 r--p 00009000 103:05 299226                    /lib/x86_64-linux-gnu/libnss_compat-2.31.so
7f88522e2000-7f88522e3000 rw-p 0000a000 103:05 299226                    /lib/x86_64-linux-gnu/libnss_compat-2.31.so
7f88522e3000-7f88522e4000 ---p 00000000 00:00 0 
7f88522e4000-7f88522e5000 r--p 00000000 00:00 0 
7f88522e5000-7f88522e6000 r--p 00000000 103:05 267124                    /lib/x86_64-linux-gnu/ld-2.31.so
7f88522e6000-7f8852309000 r-xp 00001000 103:05 267124                    /lib/x86_64-linux-gnu/ld-2.31.so
7f8852309000-7f8852311000 r--p 00024000 103:05 267124                    /lib/x86_64-linux-gnu/ld-2.31.so
7f8852311000-7f8852312000 r--p 00000000 103:05 2197093                   /usr/lib/locale/it_IT.utf8/LC_IDENTIFICATION
7f8852312000-7f8852313000 r--p 0002c000 103:05 267124                    /lib/x86_64-linux-gnu/ld-2.31.so
7f8852313000-7f8852314000 rw-p 0002d000 103:05 267124                    /lib/x86_64-linux-gnu/ld-2.31.so
7f8852314000-7f8852315000 rw-p 00000000 00:00 0 
7ffe46b33000-7ffe46b56000 rw-p 00000000 00:00 0                          [stack]
7ffe46b79000-7ffe46b7c000 r--p 00000000 00:00 0                          [vvar]
7ffe46b7c000-7ffe46b7d000 r-xp 00000000 00:00 0                          [vdso]
ffffffffff600000-ffffffffff601000 --xp 00000000 00:00 0                  [vsyscall]


VM Arguments:
java_command: /home/arsene/IdeaProjects/model-services/workflow-dsl/dsl_backend/language_server/language_server.jar
java_class_path (initial): /home/arsene/IdeaProjects/model-services/workflow-dsl/dsl_backend/language_server/language_server.jar
Launcher Type: SUN_STANDARD

[Global flags]
     intx CICompilerCount                          = 4                                         {product} {ergonomic}
     uint ConcGCThreads                            = 2                                         {product} {ergonomic}
     uint G1ConcRefinementThreads                  = 8                                         {product} {ergonomic}
   size_t G1HeapRegionSize                         = 1048576                                   {product} {ergonomic}
    uintx GCDrainStackTargetSize                   = 64                                        {product} {ergonomic}
   size_t InitialHeapSize                          = 260046848                                 {product} {ergonomic}
   size_t MarkStackSize                            = 4194304                                   {product} {ergonomic}
   size_t MaxHeapSize                              = 4158652416                                {product} {ergonomic}
   size_t MaxNewSize                               = 2494562304                                {product} {ergonomic}
   size_t MinHeapDeltaBytes                        = 1048576                                   {product} {ergonomic}
    uintx NonNMethodCodeHeapSize                   = 5836300                                {pd product} {ergonomic}
    uintx NonProfiledCodeHeapSize                  = 122910970                              {pd product} {ergonomic}
    uintx ProfiledCodeHeapSize                     = 122910970                              {pd product} {ergonomic}
    uintx ReservedCodeCacheSize                    = 251658240                              {pd product} {ergonomic}
     bool SegmentedCodeCache                       = true                                      {product} {ergonomic}
     bool UseCompressedClassPointers               = true                                 {lp64_product} {ergonomic}
     bool UseCompressedOops                        = true                                 {lp64_product} {ergonomic}
     bool UseG1GC                                  = true                                      {product} {ergonomic}

Logging:
Log output configuration:
 #0: stdout all=warning uptime,level,tags
 #1: stderr all=off uptime,level,tags

Environment Variables:
JAVA_HOME=/opt/jdk/jdk-11.0.11
PATH=/usr/local/lib/node_modules/npm/node_modules/npm-lifecycle/node-gyp-bin:/home/arsene/IdeaProjects/model-services/workflow-dsl/dsl_backend/node_modules/.bin:/usr/bin/node:/opt/kind:/home/arsene/cmd:/usr/bin/node:/opt/kind:/home/arsene/cmd:/home/arsene/anaconda3/condabin:/home/arsene/opt/flutter/bin:/opt/jdk/jdk-11.0.11/bin:/home/arsene/.local/bin:/usr/local/sbin:/usr/local/bin:/usr/sbin:/usr/bin:/sbin:/bin:/usr/games:/usr/local/games:/usr/lib/jvm/jdk-11.0.6/bin:/snap/bin:/home/arsene/.dotnet/tools:/usr/lib/jvm/jdk-11.0.10/bin:/usr/lib/jvm/java-11-oracle/bin:/usr/lib/jvm/java-11-oracle/db/bin
SHELL=/bin/bash
DISPLAY=:0

Signal Handlers:
SIGSEGV: [libjvm.so+0xea2e10], sa_mask[0]=11111111011111111101111111111110, sa_flags=SA_RESTART|SA_SIGINFO
SIGBUS: [libjvm.so+0xea2e10], sa_mask[0]=11111111011111111101111111111110, sa_flags=SA_RESTART|SA_SIGINFO
SIGFPE: [libjvm.so+0xea2e10], sa_mask[0]=11111111011111111101111111111110, sa_flags=SA_RESTART|SA_SIGINFO
SIGPIPE: [libjvm.so+0xc720d0], sa_mask[0]=11111111011111111101111111111110, sa_flags=SA_RESTART|SA_SIGINFO
SIGXFSZ: [libjvm.so+0xc720d0], sa_mask[0]=11111111011111111101111111111110, sa_flags=SA_RESTART|SA_SIGINFO
SIGILL: [libjvm.so+0xea2e10], sa_mask[0]=11111111011111111101111111111110, sa_flags=SA_RESTART|SA_SIGINFO
SIGUSR2: [libjvm.so+0xc71f70], sa_mask[0]=00000000000000000000000000000000, sa_flags=SA_RESTART|SA_SIGINFO
SIGHUP: [libjvm.so+0xc722d0], sa_mask[0]=11111111011111111101111111111110, sa_flags=SA_RESTART|SA_SIGINFO
SIGINT: [libjvm.so+0xc722d0], sa_mask[0]=11111111011111111101111111111110, sa_flags=SA_RESTART|SA_SIGINFO
SIGTERM: [libjvm.so+0xc722d0], sa_mask[0]=11111111011111111101111111111110, sa_flags=SA_RESTART|SA_SIGINFO
SIGQUIT: [libjvm.so+0xc722d0], sa_mask[0]=11111111011111111101111111111110, sa_flags=SA_RESTART|SA_SIGINFO


---------------  S Y S T E M  ---------------

OS:DISTRIB_ID=Ubuntu
DISTRIB_RELEASE=20.04
DISTRIB_CODENAME=focal
DISTRIB_DESCRIPTION="Ubuntu 20.04.2 LTS"
uname:Linux 5.4.0-74-generic #83-Ubuntu SMP Sat May 8 02:35:39 UTC 2021 x86_64
libc:glibc 2.31 NPTL 2.31 
rlimit: STACK 8192k, CORE 0k, NPROC 63203, NOFILE 1048576, AS infinity, DATA infinity, FSIZE infinity
load average:0,70 1,15 1,20

/proc/meminfo:
MemTotal:       16238796 kB
MemFree:          321556 kB
MemAvailable:    2282016 kB
Buffers:          217144 kB
Cached:          2619868 kB
SwapCached:        19124 kB
Active:         11640376 kB
Inactive:        3081660 kB
Active(anon):   10514008 kB
Inactive(anon):  2365712 kB
Active(file):    1126368 kB
Inactive(file):   715948 kB
Unevictable:       97380 kB
Mlocked:             240 kB
SwapTotal:       7812092 kB
SwapFree:        7474172 kB
Dirty:               696 kB
Writeback:             0 kB
AnonPages:      11970728 kB
Mapped:          1057008 kB
Shmem:           1089728 kB
KReclaimable:     458240 kB
Slab:             813728 kB
SReclaimable:     458240 kB
SUnreclaim:       355488 kB
KernelStack:       44960 kB
PageTables:       112216 kB
NFS_Unstable:          0 kB
Bounce:                0 kB
WritebackTmp:          0 kB
CommitLimit:    15931488 kB
Committed_AS:   31380108 kB
VmallocTotal:   34359738367 kB
VmallocUsed:       72236 kB
VmallocChunk:          0 kB
Percpu:            11968 kB
HardwareCorrupted:     0 kB
AnonHugePages:     24576 kB
ShmemHugePages:        0 kB
ShmemPmdMapped:        0 kB
FileHugePages:         0 kB
FilePmdMapped:         0 kB
CmaTotal:              0 kB
CmaFree:               0 kB
HugePages_Total:       0
HugePages_Free:        0
HugePages_Rsvd:        0
HugePages_Surp:        0
Hugepagesize:       2048 kB
Hugetlb:               0 kB
DirectMap4k:      681576 kB
DirectMap2M:    15935488 kB
DirectMap1G:     1048576 kB


/proc/sys/kernel/threads-max (system-wide limit on the number of threads):
126406


/proc/sys/vm/max_map_count (maximum number of memory map areas a process may have):
65530


/proc/sys/kernel/pid_max (system-wide limit on number of process identifiers):
4194304



container (cgroup) information:
container_type: cgroupv1
cpu_cpuset_cpus: 0-7
cpu_memory_nodes: 0
active_processor_count: 8
cpu_quota: -1
cpu_period: 100000
cpu_shares: -1
memory_limit_in_bytes: -1
memory_and_swap_limit_in_bytes: -2
memory_soft_limit_in_bytes: -1
memory_usage_in_bytes: 11277475840
memory_max_usage_in_bytes: 11807326208


CPU:total 8 (initial active 8) (4 cores per cpu, 2 threads per core) family 6 model 142 stepping 10 microcode 0xea, cmov, cx8, fxsr, mmx, sse, sse2, sse3, ssse3, sse4.1, sse4.2, popcnt, avx, avx2, aes, clmul, erms, 3dnowpref, lzcnt, ht, tsc, tscinvbit, bmi1, bmi2, adx, fma
CPU Model and flags from /proc/cpuinfo:
model name	: Intel(R) Core(TM) i5-8250U CPU @ 1.60GHz
flags		: fpu vme de pse tsc msr pae mce cx8 apic sep mtrr pge mca cmov pat pse36 clflush dts acpi mmx fxsr sse sse2 ss ht tm pbe syscall nx pdpe1gb rdtscp lm constant_tsc art arch_perfmon pebs bts rep_good nopl xtopology nonstop_tsc cpuid aperfmperf pni pclmulqdq dtes64 monitor ds_cpl vmx est tm2 ssse3 sdbg fma cx16 xtpr pdcm pcid sse4_1 sse4_2 x2apic movbe popcnt tsc_deadline_timer aes xsave avx f16c rdrand lahf_lm abm 3dnowprefetch cpuid_fault epb invpcid_single pti ssbd ibrs ibpb stibp tpr_shadow vnmi flexpriority ept vpid ept_ad fsgsbase tsc_adjust bmi1 avx2 smep bmi2 erms invpcid mpx rdseed adx smap clflushopt intel_pt xsaveopt xsavec xgetbv1 xsaves dtherm ida arat pln pts hwp hwp_notify hwp_act_window hwp_epp md_clear flush_l1d

Memory: 4k page, physical 16238796k(321556k free), swap 7812092k(7474172k free)

vm_info: Java HotSpot(TM) 64-Bit Server VM (11.0.11+9-LTS-194) for linux-amd64 JRE (11.0.11+9-LTS-194), built on Mar 18 2021 17:46:40 by "mach5one" with gcc 7.3.0

END.
