#
# A fatal error has been detected by the Java Runtime Environment:
#
#  SIGSEGV (0xb) at pc=0x00007ffaf8bcafa0, pid=38383, tid=38383
#
# JRE version: Java(TM) SE Runtime Environment 18.9 (11.0.11+9) (build 11.0.11+9-LTS-194)
# Java VM: Java HotSpot(TM) 64-Bit Server VM 18.9 (11.0.11+9-LTS-194, mixed mode, tiered, compressed oops, g1 gc, linux-amd64)
# Problematic frame:
# V  [libjvm.so+0xc71fa0]  SR_handler(int, siginfo*, ucontext*)+0x30
#
# Core dump will be written. Default location: Core dumps may be processed with "/usr/share/apport/apport %p %s %c %d %P %E" (or dumping to /home/arsene/IdeaProjects/model-services/workflow-dsl/dsl_backend/language_server/core.38383)
#
# If you would like to submit a bug report, please visit:
#   https://bugreport.java.com/bugreport/crash.jsp
#

---------------  S U M M A R Y ------------

Command Line: /home/arsene/IdeaProjects/model-services/workflow-dsl/dsl_backend/language_server/language_server.jar

Host: Intel(R) Core(TM) i5-8250U CPU @ 1.60GHz, 8 cores, 15G, Ubuntu 20.04.2 LTS
Time: Sat Jun 19 12:27:49 2021 CEST elapsed time: 149.008845 seconds (0d 0h 2m 29s)

---------------  T H R E A D  ---------------

Current thread is native thread

Stack: [0x00007ffc985ec000,0x00007ffc98de9000],  sp=0x00007ffc98de3b40,  free space=8158k
Native frames: (J=compiled Java code, A=aot compiled Java code, j=interpreted, Vv=VM code, C=native code)
V  [libjvm.so+0xc71fa0]  SR_handler(int, siginfo*, ucontext*)+0x30
C  [libpthread.so.0+0x153c0]


siginfo: si_signo: 11 (SIGSEGV), si_code: 1 (SEGV_MAPERR), si_addr: 0x00000000000000d0

Register to memory mapping:

RAX=0x0 is NULL
RBX=
[error occurred during error reporting (printing register info), id 0xb, SIGSEGV (0xb) at pc=0x00007ffaf8d9ac37]

Registers:
RAX=0x0000000000000000, RBX=0x00007ffaf945ffc0, RCX=0x00007ffaf9874cd7, RDX=0x0000000000000000
RSP=0x00007ffc98de3b40, RBP=0x00007ffc98de3bf0, RSI=0x00007ffc98de3d30, RDI=0x0000000000000001
R8 =0x0000000000000000, R9 =0x00007ffaf7e09700, R10=0x0000000000000000, R11=0x0000000000000246
R12=0x0000000000000000, R13=0x00007ffc98de3d30, R14=0x00007ffc98de3c00, R15=0x00007ffaf7e09700
RIP=0x00007ffaf8bcafa0, EFLAGS=0x0000000000010246, CSGSFS=0x002b000000000033, ERR=0x0000000000000004
  TRAPNO=0x000000000000000e

Top of Stack: (sp=0x00007ffc98de3b40)
0x00007ffc98de3b40:   0000000180000002 0000000000000000
0x00007ffc98de3b50:   0000000000000000 0000000000000000
0x00007ffc98de3b60:   6575715f544d4e00 3d006b636f4c7972
0x00007ffc98de3b70:   0000000000000000 0000000000000000 

Instructions: (pc=0x00007ffaf8bcafa0)
0x00007ffaf8bcaf80:   49 89 f5 48 81 ec 88 00 00 00 e8 31 17 60 ff 48
0x00007ffaf8bcaf90:   89 c3 44 8b 20 e8 66 e6 1c 00 31 d2 84 c0 75 38
0x00007ffaf8bcafa0:   48 83 ba d0 00 00 00 00 74 16 4c 8b ba 70 02 00
0x00007ffaf8bcafb0:   00 41 8b 87 a8 00 00 00 83 f8 01 74 2b 44 89 23 

Stack slot to memory mapping:
stack at sp + 0 slots: 
[error occurred during error reporting (inspecting top of stack), id 0xb, SIGSEGV (0xb) at pc=0x00007ffaf8d9ac37]


---------------  P R O C E S S  ---------------

VM state:not at safepoint (normal execution)

VM Mutex/Monitor currently owned by a thread: None

Heap address: 0x0000000708200000, size: 3966 MB, Compressed Oops mode: Zero based, Oop shift amount: 3
Narrow klass base: 0x0000000800000000, Narrow klass shift: 0
Compressed class space size: 1073741824 Address: 0x0000000800000000

Heap:
 garbage-first heap   total 253952K, used 34395K [0x0000000708200000, 0x0000000800000000)
  region size 1024K, 33 young (33792K), 3 survivors (3072K)
 Metaspace       used 17466K, capacity 17846K, committed 18048K, reserved 1064960K
  class space    used 1740K, capacity 1850K, committed 1920K, reserved 1048576K
Heap Regions: E=young(eden), S=young(survivor), O=old, HS=humongous(starts), HC=humongous(continues), CS=collection set, F=free, A=archive, TAMS=top-at-mark-start (previous, next)
|   0|0x0000000708200000, 0x0000000708300000, 0x0000000708300000|100%| O|  |TAMS 0x0000000708200000, 0x0000000708200000| Untracked 
|   1|0x0000000708300000, 0x0000000708396e00, 0x0000000708400000| 58%| O|  |TAMS 0x0000000708300000, 0x0000000708300000| Untracked 
|   2|0x0000000708400000, 0x0000000708400000, 0x0000000708500000|  0%| F|  |TAMS 0x0000000708400000, 0x0000000708400000| Untracked 
|   3|0x0000000708500000, 0x0000000708500000, 0x0000000708600000|  0%| F|  |TAMS 0x0000000708500000, 0x0000000708500000| Untracked 
|   4|0x0000000708600000, 0x0000000708600000, 0x0000000708700000|  0%| F|  |TAMS 0x0000000708600000, 0x0000000708600000| Untracked 
|   5|0x0000000708700000, 0x0000000708700000, 0x0000000708800000|  0%| F|  |TAMS 0x0000000708700000, 0x0000000708700000| Untracked 
|   6|0x0000000708800000, 0x0000000708800000, 0x0000000708900000|  0%| F|  |TAMS 0x0000000708800000, 0x0000000708800000| Untracked 
|   7|0x0000000708900000, 0x0000000708900000, 0x0000000708a00000|  0%| F|  |TAMS 0x0000000708900000, 0x0000000708900000| Untracked 
|   8|0x0000000708a00000, 0x0000000708a00000, 0x0000000708b00000|  0%| F|  |TAMS 0x0000000708a00000, 0x0000000708a00000| Untracked 
|   9|0x0000000708b00000, 0x0000000708b00000, 0x0000000708c00000|  0%| F|  |TAMS 0x0000000708b00000, 0x0000000708b00000| Untracked 
|  10|0x0000000708c00000, 0x0000000708c00000, 0x0000000708d00000|  0%| F|  |TAMS 0x0000000708c00000, 0x0000000708c00000| Untracked 
|  11|0x0000000708d00000, 0x0000000708d00000, 0x0000000708e00000|  0%| F|  |TAMS 0x0000000708d00000, 0x0000000708d00000| Untracked 
|  12|0x0000000708e00000, 0x0000000708e00000, 0x0000000708f00000|  0%| F|  |TAMS 0x0000000708e00000, 0x0000000708e00000| Untracked 
|  13|0x0000000708f00000, 0x0000000708f00000, 0x0000000709000000|  0%| F|  |TAMS 0x0000000708f00000, 0x0000000708f00000| Untracked 
|  14|0x0000000709000000, 0x0000000709000000, 0x0000000709100000|  0%| F|  |TAMS 0x0000000709000000, 0x0000000709000000| Untracked 
|  15|0x0000000709100000, 0x0000000709100000, 0x0000000709200000|  0%| F|  |TAMS 0x0000000709100000, 0x0000000709100000| Untracked 
|  16|0x0000000709200000, 0x0000000709200000, 0x0000000709300000|  0%| F|  |TAMS 0x0000000709200000, 0x0000000709200000| Untracked 
|  17|0x0000000709300000, 0x0000000709300000, 0x0000000709400000|  0%| F|  |TAMS 0x0000000709300000, 0x0000000709300000| Untracked 
|  18|0x0000000709400000, 0x0000000709400000, 0x0000000709500000|  0%| F|  |TAMS 0x0000000709400000, 0x0000000709400000| Untracked 
|  19|0x0000000709500000, 0x0000000709500000, 0x0000000709600000|  0%| F|  |TAMS 0x0000000709500000, 0x0000000709500000| Untracked 
|  20|0x0000000709600000, 0x0000000709600000, 0x0000000709700000|  0%| F|  |TAMS 0x0000000709600000, 0x0000000709600000| Untracked 
|  21|0x0000000709700000, 0x0000000709700000, 0x0000000709800000|  0%| F|  |TAMS 0x0000000709700000, 0x0000000709700000| Untracked 
|  22|0x0000000709800000, 0x0000000709800000, 0x0000000709900000|  0%| F|  |TAMS 0x0000000709800000, 0x0000000709800000| Untracked 
|  23|0x0000000709900000, 0x0000000709900000, 0x0000000709a00000|  0%| F|  |TAMS 0x0000000709900000, 0x0000000709900000| Untracked 
|  24|0x0000000709a00000, 0x0000000709a00000, 0x0000000709b00000|  0%| F|  |TAMS 0x0000000709a00000, 0x0000000709a00000| Untracked 
|  25|0x0000000709b00000, 0x0000000709b00000, 0x0000000709c00000|  0%| F|  |TAMS 0x0000000709b00000, 0x0000000709b00000| Untracked 
|  26|0x0000000709c00000, 0x0000000709c00000, 0x0000000709d00000|  0%| F|  |TAMS 0x0000000709c00000, 0x0000000709c00000| Untracked 
|  27|0x0000000709d00000, 0x0000000709d00000, 0x0000000709e00000|  0%| F|  |TAMS 0x0000000709d00000, 0x0000000709d00000| Untracked 
|  28|0x0000000709e00000, 0x0000000709e00000, 0x0000000709f00000|  0%| F|  |TAMS 0x0000000709e00000, 0x0000000709e00000| Untracked 
|  29|0x0000000709f00000, 0x0000000709f00000, 0x000000070a000000|  0%| F|  |TAMS 0x0000000709f00000, 0x0000000709f00000| Untracked 
|  30|0x000000070a000000, 0x000000070a000000, 0x000000070a100000|  0%| F|  |TAMS 0x000000070a000000, 0x000000070a000000| Untracked 
|  31|0x000000070a100000, 0x000000070a100000, 0x000000070a200000|  0%| F|  |TAMS 0x000000070a100000, 0x000000070a100000| Untracked 
|  32|0x000000070a200000, 0x000000070a200000, 0x000000070a300000|  0%| F|  |TAMS 0x000000070a200000, 0x000000070a200000| Untracked 
|  33|0x000000070a300000, 0x000000070a300000, 0x000000070a400000|  0%| F|  |TAMS 0x000000070a300000, 0x000000070a300000| Untracked 
|  34|0x000000070a400000, 0x000000070a400000, 0x000000070a500000|  0%| F|  |TAMS 0x000000070a400000, 0x000000070a400000| Untracked 
|  35|0x000000070a500000, 0x000000070a500000, 0x000000070a600000|  0%| F|  |TAMS 0x000000070a500000, 0x000000070a500000| Untracked 
|  36|0x000000070a600000, 0x000000070a600000, 0x000000070a700000|  0%| F|  |TAMS 0x000000070a600000, 0x000000070a600000| Untracked 
|  37|0x000000070a700000, 0x000000070a700000, 0x000000070a800000|  0%| F|  |TAMS 0x000000070a700000, 0x000000070a700000| Untracked 
|  38|0x000000070a800000, 0x000000070a800000, 0x000000070a900000|  0%| F|  |TAMS 0x000000070a800000, 0x000000070a800000| Untracked 
|  39|0x000000070a900000, 0x000000070a900000, 0x000000070aa00000|  0%| F|  |TAMS 0x000000070a900000, 0x000000070a900000| Untracked 
|  40|0x000000070aa00000, 0x000000070aa00000, 0x000000070ab00000|  0%| F|  |TAMS 0x000000070aa00000, 0x000000070aa00000| Untracked 
|  41|0x000000070ab00000, 0x000000070ab00000, 0x000000070ac00000|  0%| F|  |TAMS 0x000000070ab00000, 0x000000070ab00000| Untracked 
|  42|0x000000070ac00000, 0x000000070ac00000, 0x000000070ad00000|  0%| F|  |TAMS 0x000000070ac00000, 0x000000070ac00000| Untracked 
|  43|0x000000070ad00000, 0x000000070ad00000, 0x000000070ae00000|  0%| F|  |TAMS 0x000000070ad00000, 0x000000070ad00000| Untracked 
|  44|0x000000070ae00000, 0x000000070ae00000, 0x000000070af00000|  0%| F|  |TAMS 0x000000070ae00000, 0x000000070ae00000| Untracked 
|  45|0x000000070af00000, 0x000000070af00000, 0x000000070b000000|  0%| F|  |TAMS 0x000000070af00000, 0x000000070af00000| Untracked 
|  46|0x000000070b000000, 0x000000070b000000, 0x000000070b100000|  0%| F|  |TAMS 0x000000070b000000, 0x000000070b000000| Untracked 
|  47|0x000000070b100000, 0x000000070b100000, 0x000000070b200000|  0%| F|  |TAMS 0x000000070b100000, 0x000000070b100000| Untracked 
|  48|0x000000070b200000, 0x000000070b200000, 0x000000070b300000|  0%| F|  |TAMS 0x000000070b200000, 0x000000070b200000| Untracked 
|  49|0x000000070b300000, 0x000000070b300000, 0x000000070b400000|  0%| F|  |TAMS 0x000000070b300000, 0x000000070b300000| Untracked 
|  50|0x000000070b400000, 0x000000070b400000, 0x000000070b500000|  0%| F|  |TAMS 0x000000070b400000, 0x000000070b400000| Untracked 
|  51|0x000000070b500000, 0x000000070b500000, 0x000000070b600000|  0%| F|  |TAMS 0x000000070b500000, 0x000000070b500000| Untracked 
|  52|0x000000070b600000, 0x000000070b600000, 0x000000070b700000|  0%| F|  |TAMS 0x000000070b600000, 0x000000070b600000| Untracked 
|  53|0x000000070b700000, 0x000000070b700000, 0x000000070b800000|  0%| F|  |TAMS 0x000000070b700000, 0x000000070b700000| Untracked 
|  54|0x000000070b800000, 0x000000070b800000, 0x000000070b900000|  0%| F|  |TAMS 0x000000070b800000, 0x000000070b800000| Untracked 
|  55|0x000000070b900000, 0x000000070b900000, 0x000000070ba00000|  0%| F|  |TAMS 0x000000070b900000, 0x000000070b900000| Untracked 
|  56|0x000000070ba00000, 0x000000070ba00000, 0x000000070bb00000|  0%| F|  |TAMS 0x000000070ba00000, 0x000000070ba00000| Untracked 
|  57|0x000000070bb00000, 0x000000070bb00000, 0x000000070bc00000|  0%| F|  |TAMS 0x000000070bb00000, 0x000000070bb00000| Untracked 
|  58|0x000000070bc00000, 0x000000070bc00000, 0x000000070bd00000|  0%| F|  |TAMS 0x000000070bc00000, 0x000000070bc00000| Untracked 
|  59|0x000000070bd00000, 0x000000070bd00000, 0x000000070be00000|  0%| F|  |TAMS 0x000000070bd00000, 0x000000070bd00000| Untracked 
|  60|0x000000070be00000, 0x000000070be00000, 0x000000070bf00000|  0%| F|  |TAMS 0x000000070be00000, 0x000000070be00000| Untracked 
|  61|0x000000070bf00000, 0x000000070bf00000, 0x000000070c000000|  0%| F|  |TAMS 0x000000070bf00000, 0x000000070bf00000| Untracked 
|  62|0x000000070c000000, 0x000000070c000000, 0x000000070c100000|  0%| F|  |TAMS 0x000000070c000000, 0x000000070c000000| Untracked 
|  63|0x000000070c100000, 0x000000070c100000, 0x000000070c200000|  0%| F|  |TAMS 0x000000070c100000, 0x000000070c100000| Untracked 
|  64|0x000000070c200000, 0x000000070c200000, 0x000000070c300000|  0%| F|  |TAMS 0x000000070c200000, 0x000000070c200000| Untracked 
|  65|0x000000070c300000, 0x000000070c300000, 0x000000070c400000|  0%| F|  |TAMS 0x000000070c300000, 0x000000070c300000| Untracked 
|  66|0x000000070c400000, 0x000000070c400000, 0x000000070c500000|  0%| F|  |TAMS 0x000000070c400000, 0x000000070c400000| Untracked 
|  67|0x000000070c500000, 0x000000070c500000, 0x000000070c600000|  0%| F|  |TAMS 0x000000070c500000, 0x000000070c500000| Untracked 
|  68|0x000000070c600000, 0x000000070c600000, 0x000000070c700000|  0%| F|  |TAMS 0x000000070c600000, 0x000000070c600000| Untracked 
|  69|0x000000070c700000, 0x000000070c700000, 0x000000070c800000|  0%| F|  |TAMS 0x000000070c700000, 0x000000070c700000| Untracked 
|  70|0x000000070c800000, 0x000000070c800000, 0x000000070c900000|  0%| F|  |TAMS 0x000000070c800000, 0x000000070c800000| Untracked 
|  71|0x000000070c900000, 0x000000070c900000, 0x000000070ca00000|  0%| F|  |TAMS 0x000000070c900000, 0x000000070c900000| Untracked 
|  72|0x000000070ca00000, 0x000000070ca00000, 0x000000070cb00000|  0%| F|  |TAMS 0x000000070ca00000, 0x000000070ca00000| Untracked 
|  73|0x000000070cb00000, 0x000000070cb00000, 0x000000070cc00000|  0%| F|  |TAMS 0x000000070cb00000, 0x000000070cb00000| Untracked 
|  74|0x000000070cc00000, 0x000000070cc00000, 0x000000070cd00000|  0%| F|  |TAMS 0x000000070cc00000, 0x000000070cc00000| Untracked 
|  75|0x000000070cd00000, 0x000000070cd00000, 0x000000070ce00000|  0%| F|  |TAMS 0x000000070cd00000, 0x000000070cd00000| Untracked 
|  76|0x000000070ce00000, 0x000000070ce00000, 0x000000070cf00000|  0%| F|  |TAMS 0x000000070ce00000, 0x000000070ce00000| Untracked 
|  77|0x000000070cf00000, 0x000000070cf00000, 0x000000070d000000|  0%| F|  |TAMS 0x000000070cf00000, 0x000000070cf00000| Untracked 
|  78|0x000000070d000000, 0x000000070d000000, 0x000000070d100000|  0%| F|  |TAMS 0x000000070d000000, 0x000000070d000000| Untracked 
|  79|0x000000070d100000, 0x000000070d100000, 0x000000070d200000|  0%| F|  |TAMS 0x000000070d100000, 0x000000070d100000| Untracked 
|  80|0x000000070d200000, 0x000000070d200000, 0x000000070d300000|  0%| F|  |TAMS 0x000000070d200000, 0x000000070d200000| Untracked 
|  81|0x000000070d300000, 0x000000070d300000, 0x000000070d400000|  0%| F|  |TAMS 0x000000070d300000, 0x000000070d300000| Untracked 
|  82|0x000000070d400000, 0x000000070d400000, 0x000000070d500000|  0%| F|  |TAMS 0x000000070d400000, 0x000000070d400000| Untracked 
|  83|0x000000070d500000, 0x000000070d500000, 0x000000070d600000|  0%| F|  |TAMS 0x000000070d500000, 0x000000070d500000| Untracked 
|  84|0x000000070d600000, 0x000000070d600000, 0x000000070d700000|  0%| F|  |TAMS 0x000000070d600000, 0x000000070d600000| Untracked 
|  85|0x000000070d700000, 0x000000070d700000, 0x000000070d800000|  0%| F|  |TAMS 0x000000070d700000, 0x000000070d700000| Untracked 
|  86|0x000000070d800000, 0x000000070d800000, 0x000000070d900000|  0%| F|  |TAMS 0x000000070d800000, 0x000000070d800000| Untracked 
|  87|0x000000070d900000, 0x000000070d900000, 0x000000070da00000|  0%| F|  |TAMS 0x000000070d900000, 0x000000070d900000| Untracked 
|  88|0x000000070da00000, 0x000000070da00000, 0x000000070db00000|  0%| F|  |TAMS 0x000000070da00000, 0x000000070da00000| Untracked 
|  89|0x000000070db00000, 0x000000070db00000, 0x000000070dc00000|  0%| F|  |TAMS 0x000000070db00000, 0x000000070db00000| Untracked 
|  90|0x000000070dc00000, 0x000000070dc00000, 0x000000070dd00000|  0%| F|  |TAMS 0x000000070dc00000, 0x000000070dc00000| Untracked 
|  91|0x000000070dd00000, 0x000000070dd00000, 0x000000070de00000|  0%| F|  |TAMS 0x000000070dd00000, 0x000000070dd00000| Untracked 
|  92|0x000000070de00000, 0x000000070de00000, 0x000000070df00000|  0%| F|  |TAMS 0x000000070de00000, 0x000000070de00000| Untracked 
|  93|0x000000070df00000, 0x000000070df00000, 0x000000070e000000|  0%| F|  |TAMS 0x000000070df00000, 0x000000070df00000| Untracked 
|  94|0x000000070e000000, 0x000000070e000000, 0x000000070e100000|  0%| F|  |TAMS 0x000000070e000000, 0x000000070e000000| Untracked 
|  95|0x000000070e100000, 0x000000070e100000, 0x000000070e200000|  0%| F|  |TAMS 0x000000070e100000, 0x000000070e100000| Untracked 
|  96|0x000000070e200000, 0x000000070e200000, 0x000000070e300000|  0%| F|  |TAMS 0x000000070e200000, 0x000000070e200000| Untracked 
|  97|0x000000070e300000, 0x000000070e300000, 0x000000070e400000|  0%| F|  |TAMS 0x000000070e300000, 0x000000070e300000| Untracked 
|  98|0x000000070e400000, 0x000000070e400000, 0x000000070e500000|  0%| F|  |TAMS 0x000000070e400000, 0x000000070e400000| Untracked 
|  99|0x000000070e500000, 0x000000070e500000, 0x000000070e600000|  0%| F|  |TAMS 0x000000070e500000, 0x000000070e500000| Untracked 
| 100|0x000000070e600000, 0x000000070e600000, 0x000000070e700000|  0%| F|  |TAMS 0x000000070e600000, 0x000000070e600000| Untracked 
| 101|0x000000070e700000, 0x000000070e700000, 0x000000070e800000|  0%| F|  |TAMS 0x000000070e700000, 0x000000070e700000| Untracked 
| 102|0x000000070e800000, 0x000000070e800000, 0x000000070e900000|  0%| F|  |TAMS 0x000000070e800000, 0x000000070e800000| Untracked 
| 103|0x000000070e900000, 0x000000070e900000, 0x000000070ea00000|  0%| F|  |TAMS 0x000000070e900000, 0x000000070e900000| Untracked 
| 104|0x000000070ea00000, 0x000000070ea00000, 0x000000070eb00000|  0%| F|  |TAMS 0x000000070ea00000, 0x000000070ea00000| Untracked 
| 105|0x000000070eb00000, 0x000000070eb00000, 0x000000070ec00000|  0%| F|  |TAMS 0x000000070eb00000, 0x000000070eb00000| Untracked 
| 106|0x000000070ec00000, 0x000000070ec00000, 0x000000070ed00000|  0%| F|  |TAMS 0x000000070ec00000, 0x000000070ec00000| Untracked 
| 107|0x000000070ed00000, 0x000000070ed00000, 0x000000070ee00000|  0%| F|  |TAMS 0x000000070ed00000, 0x000000070ed00000| Untracked 
| 108|0x000000070ee00000, 0x000000070ee00000, 0x000000070ef00000|  0%| F|  |TAMS 0x000000070ee00000, 0x000000070ee00000| Untracked 
| 109|0x000000070ef00000, 0x000000070ef00000, 0x000000070f000000|  0%| F|  |TAMS 0x000000070ef00000, 0x000000070ef00000| Untracked 
| 110|0x000000070f000000, 0x000000070f000000, 0x000000070f100000|  0%| F|  |TAMS 0x000000070f000000, 0x000000070f000000| Untracked 
| 111|0x000000070f100000, 0x000000070f100000, 0x000000070f200000|  0%| F|  |TAMS 0x000000070f100000, 0x000000070f100000| Untracked 
| 112|0x000000070f200000, 0x000000070f200000, 0x000000070f300000|  0%| F|  |TAMS 0x000000070f200000, 0x000000070f200000| Untracked 
| 113|0x000000070f300000, 0x000000070f300000, 0x000000070f400000|  0%| F|  |TAMS 0x000000070f300000, 0x000000070f300000| Untracked 
| 114|0x000000070f400000, 0x000000070f400000, 0x000000070f500000|  0%| F|  |TAMS 0x000000070f400000, 0x000000070f400000| Untracked 
| 115|0x000000070f500000, 0x000000070f500000, 0x000000070f600000|  0%| F|  |TAMS 0x000000070f500000, 0x000000070f500000| Untracked 
| 116|0x000000070f600000, 0x000000070f600000, 0x000000070f700000|  0%| F|  |TAMS 0x000000070f600000, 0x000000070f600000| Untracked 
| 117|0x000000070f700000, 0x000000070f700000, 0x000000070f800000|  0%| F|  |TAMS 0x000000070f700000, 0x000000070f700000| Untracked 
| 118|0x000000070f800000, 0x000000070f800000, 0x000000070f900000|  0%| F|  |TAMS 0x000000070f800000, 0x000000070f800000| Untracked 
| 119|0x000000070f900000, 0x000000070f900000, 0x000000070fa00000|  0%| F|  |TAMS 0x000000070f900000, 0x000000070f900000| Untracked 
| 120|0x000000070fa00000, 0x000000070fa00000, 0x000000070fb00000|  0%| F|  |TAMS 0x000000070fa00000, 0x000000070fa00000| Untracked 
| 121|0x000000070fb00000, 0x000000070fb00000, 0x000000070fc00000|  0%| F|  |TAMS 0x000000070fb00000, 0x000000070fb00000| Untracked 
| 122|0x000000070fc00000, 0x000000070fc00000, 0x000000070fd00000|  0%| F|  |TAMS 0x000000070fc00000, 0x000000070fc00000| Untracked 
| 123|0x000000070fd00000, 0x000000070fd00000, 0x000000070fe00000|  0%| F|  |TAMS 0x000000070fd00000, 0x000000070fd00000| Untracked 
| 124|0x000000070fe00000, 0x000000070fe00000, 0x000000070ff00000|  0%| F|  |TAMS 0x000000070fe00000, 0x000000070fe00000| Untracked 
| 125|0x000000070ff00000, 0x000000070ff00000, 0x0000000710000000|  0%| F|  |TAMS 0x000000070ff00000, 0x000000070ff00000| Untracked 
| 126|0x0000000710000000, 0x0000000710000000, 0x0000000710100000|  0%| F|  |TAMS 0x0000000710000000, 0x0000000710000000| Untracked 
| 127|0x0000000710100000, 0x0000000710100000, 0x0000000710200000|  0%| F|  |TAMS 0x0000000710100000, 0x0000000710100000| Untracked 
| 128|0x0000000710200000, 0x0000000710200000, 0x0000000710300000|  0%| F|  |TAMS 0x0000000710200000, 0x0000000710200000| Untracked 
| 129|0x0000000710300000, 0x0000000710300000, 0x0000000710400000|  0%| F|  |TAMS 0x0000000710300000, 0x0000000710300000| Untracked 
| 130|0x0000000710400000, 0x0000000710400000, 0x0000000710500000|  0%| F|  |TAMS 0x0000000710400000, 0x0000000710400000| Untracked 
| 131|0x0000000710500000, 0x0000000710500000, 0x0000000710600000|  0%| F|  |TAMS 0x0000000710500000, 0x0000000710500000| Untracked 
| 132|0x0000000710600000, 0x0000000710600000, 0x0000000710700000|  0%| F|  |TAMS 0x0000000710600000, 0x0000000710600000| Untracked 
| 133|0x0000000710700000, 0x0000000710700000, 0x0000000710800000|  0%| F|  |TAMS 0x0000000710700000, 0x0000000710700000| Untracked 
| 134|0x0000000710800000, 0x0000000710800000, 0x0000000710900000|  0%| F|  |TAMS 0x0000000710800000, 0x0000000710800000| Untracked 
| 135|0x0000000710900000, 0x0000000710900000, 0x0000000710a00000|  0%| F|  |TAMS 0x0000000710900000, 0x0000000710900000| Untracked 
| 136|0x0000000710a00000, 0x0000000710a00000, 0x0000000710b00000|  0%| F|  |TAMS 0x0000000710a00000, 0x0000000710a00000| Untracked 
| 137|0x0000000710b00000, 0x0000000710b00000, 0x0000000710c00000|  0%| F|  |TAMS 0x0000000710b00000, 0x0000000710b00000| Untracked 
| 138|0x0000000710c00000, 0x0000000710c00000, 0x0000000710d00000|  0%| F|  |TAMS 0x0000000710c00000, 0x0000000710c00000| Untracked 
| 139|0x0000000710d00000, 0x0000000710d00000, 0x0000000710e00000|  0%| F|  |TAMS 0x0000000710d00000, 0x0000000710d00000| Untracked 
| 140|0x0000000710e00000, 0x0000000710e00000, 0x0000000710f00000|  0%| F|  |TAMS 0x0000000710e00000, 0x0000000710e00000| Untracked 
| 141|0x0000000710f00000, 0x0000000710f00000, 0x0000000711000000|  0%| F|  |TAMS 0x0000000710f00000, 0x0000000710f00000| Untracked 
| 142|0x0000000711000000, 0x0000000711000000, 0x0000000711100000|  0%| F|  |TAMS 0x0000000711000000, 0x0000000711000000| Untracked 
| 143|0x0000000711100000, 0x0000000711100000, 0x0000000711200000|  0%| F|  |TAMS 0x0000000711100000, 0x0000000711100000| Untracked 
| 144|0x0000000711200000, 0x0000000711200000, 0x0000000711300000|  0%| F|  |TAMS 0x0000000711200000, 0x0000000711200000| Untracked 
| 145|0x0000000711300000, 0x0000000711300000, 0x0000000711400000|  0%| F|  |TAMS 0x0000000711300000, 0x0000000711300000| Untracked 
| 146|0x0000000711400000, 0x0000000711400000, 0x0000000711500000|  0%| F|  |TAMS 0x0000000711400000, 0x0000000711400000| Untracked 
| 147|0x0000000711500000, 0x0000000711500000, 0x0000000711600000|  0%| F|  |TAMS 0x0000000711500000, 0x0000000711500000| Untracked 
| 148|0x0000000711600000, 0x0000000711600000, 0x0000000711700000|  0%| F|  |TAMS 0x0000000711600000, 0x0000000711600000| Untracked 
| 149|0x0000000711700000, 0x0000000711700000, 0x0000000711800000|  0%| F|  |TAMS 0x0000000711700000, 0x0000000711700000| Untracked 
| 150|0x0000000711800000, 0x0000000711800000, 0x0000000711900000|  0%| F|  |TAMS 0x0000000711800000, 0x0000000711800000| Untracked 
| 151|0x0000000711900000, 0x0000000711900000, 0x0000000711a00000|  0%| F|  |TAMS 0x0000000711900000, 0x0000000711900000| Untracked 
| 152|0x0000000711a00000, 0x0000000711a00000, 0x0000000711b00000|  0%| F|  |TAMS 0x0000000711a00000, 0x0000000711a00000| Untracked 
| 153|0x0000000711b00000, 0x0000000711b00000, 0x0000000711c00000|  0%| F|  |TAMS 0x0000000711b00000, 0x0000000711b00000| Untracked 
| 154|0x0000000711c00000, 0x0000000711c00000, 0x0000000711d00000|  0%| F|  |TAMS 0x0000000711c00000, 0x0000000711c00000| Untracked 
| 155|0x0000000711d00000, 0x0000000711d00000, 0x0000000711e00000|  0%| F|  |TAMS 0x0000000711d00000, 0x0000000711d00000| Untracked 
| 156|0x0000000711e00000, 0x0000000711e00000, 0x0000000711f00000|  0%| F|  |TAMS 0x0000000711e00000, 0x0000000711e00000| Untracked 
| 157|0x0000000711f00000, 0x0000000711f00000, 0x0000000712000000|  0%| F|  |TAMS 0x0000000711f00000, 0x0000000711f00000| Untracked 
| 158|0x0000000712000000, 0x0000000712000000, 0x0000000712100000|  0%| F|  |TAMS 0x0000000712000000, 0x0000000712000000| Untracked 
| 159|0x0000000712100000, 0x0000000712100000, 0x0000000712200000|  0%| F|  |TAMS 0x0000000712100000, 0x0000000712100000| Untracked 
| 160|0x0000000712200000, 0x0000000712200000, 0x0000000712300000|  0%| F|  |TAMS 0x0000000712200000, 0x0000000712200000| Untracked 
| 161|0x0000000712300000, 0x0000000712300000, 0x0000000712400000|  0%| F|  |TAMS 0x0000000712300000, 0x0000000712300000| Untracked 
| 162|0x0000000712400000, 0x0000000712400000, 0x0000000712500000|  0%| F|  |TAMS 0x0000000712400000, 0x0000000712400000| Untracked 
| 163|0x0000000712500000, 0x0000000712500000, 0x0000000712600000|  0%| F|  |TAMS 0x0000000712500000, 0x0000000712500000| Untracked 
| 164|0x0000000712600000, 0x0000000712600000, 0x0000000712700000|  0%| F|  |TAMS 0x0000000712600000, 0x0000000712600000| Untracked 
| 165|0x0000000712700000, 0x0000000712700000, 0x0000000712800000|  0%| F|  |TAMS 0x0000000712700000, 0x0000000712700000| Untracked 
| 166|0x0000000712800000, 0x0000000712800000, 0x0000000712900000|  0%| F|  |TAMS 0x0000000712800000, 0x0000000712800000| Untracked 
| 167|0x0000000712900000, 0x0000000712900000, 0x0000000712a00000|  0%| F|  |TAMS 0x0000000712900000, 0x0000000712900000| Untracked 
| 168|0x0000000712a00000, 0x0000000712a00000, 0x0000000712b00000|  0%| F|  |TAMS 0x0000000712a00000, 0x0000000712a00000| Untracked 
| 169|0x0000000712b00000, 0x0000000712b00000, 0x0000000712c00000|  0%| F|  |TAMS 0x0000000712b00000, 0x0000000712b00000| Untracked 
| 170|0x0000000712c00000, 0x0000000712c00000, 0x0000000712d00000|  0%| F|  |TAMS 0x0000000712c00000, 0x0000000712c00000| Untracked 
| 171|0x0000000712d00000, 0x0000000712d00000, 0x0000000712e00000|  0%| F|  |TAMS 0x0000000712d00000, 0x0000000712d00000| Untracked 
| 172|0x0000000712e00000, 0x0000000712e00000, 0x0000000712f00000|  0%| F|  |TAMS 0x0000000712e00000, 0x0000000712e00000| Untracked 
| 173|0x0000000712f00000, 0x0000000712f00000, 0x0000000713000000|  0%| F|  |TAMS 0x0000000712f00000, 0x0000000712f00000| Untracked 
| 174|0x0000000713000000, 0x0000000713000000, 0x0000000713100000|  0%| F|  |TAMS 0x0000000713000000, 0x0000000713000000| Untracked 
| 175|0x0000000713100000, 0x0000000713100000, 0x0000000713200000|  0%| F|  |TAMS 0x0000000713100000, 0x0000000713100000| Untracked 
| 176|0x0000000713200000, 0x0000000713200000, 0x0000000713300000|  0%| F|  |TAMS 0x0000000713200000, 0x0000000713200000| Untracked 
| 177|0x0000000713300000, 0x0000000713300000, 0x0000000713400000|  0%| F|  |TAMS 0x0000000713300000, 0x0000000713300000| Untracked 
| 178|0x0000000713400000, 0x0000000713400000, 0x0000000713500000|  0%| F|  |TAMS 0x0000000713400000, 0x0000000713400000| Untracked 
| 179|0x0000000713500000, 0x0000000713500000, 0x0000000713600000|  0%| F|  |TAMS 0x0000000713500000, 0x0000000713500000| Untracked 
| 180|0x0000000713600000, 0x0000000713600000, 0x0000000713700000|  0%| F|  |TAMS 0x0000000713600000, 0x0000000713600000| Untracked 
| 181|0x0000000713700000, 0x0000000713700000, 0x0000000713800000|  0%| F|  |TAMS 0x0000000713700000, 0x0000000713700000| Untracked 
| 182|0x0000000713800000, 0x0000000713800000, 0x0000000713900000|  0%| F|  |TAMS 0x0000000713800000, 0x0000000713800000| Untracked 
| 183|0x0000000713900000, 0x0000000713900000, 0x0000000713a00000|  0%| F|  |TAMS 0x0000000713900000, 0x0000000713900000| Untracked 
| 184|0x0000000713a00000, 0x0000000713a00000, 0x0000000713b00000|  0%| F|  |TAMS 0x0000000713a00000, 0x0000000713a00000| Untracked 
| 185|0x0000000713b00000, 0x0000000713b00000, 0x0000000713c00000|  0%| F|  |TAMS 0x0000000713b00000, 0x0000000713b00000| Untracked 
| 186|0x0000000713c00000, 0x0000000713c00000, 0x0000000713d00000|  0%| F|  |TAMS 0x0000000713c00000, 0x0000000713c00000| Untracked 
| 187|0x0000000713d00000, 0x0000000713d00000, 0x0000000713e00000|  0%| F|  |TAMS 0x0000000713d00000, 0x0000000713d00000| Untracked 
| 188|0x0000000713e00000, 0x0000000713e00000, 0x0000000713f00000|  0%| F|  |TAMS 0x0000000713e00000, 0x0000000713e00000| Untracked 
| 189|0x0000000713f00000, 0x0000000713f00000, 0x0000000714000000|  0%| F|  |TAMS 0x0000000713f00000, 0x0000000713f00000| Untracked 
| 190|0x0000000714000000, 0x0000000714000000, 0x0000000714100000|  0%| F|  |TAMS 0x0000000714000000, 0x0000000714000000| Untracked 
| 191|0x0000000714100000, 0x0000000714100000, 0x0000000714200000|  0%| F|  |TAMS 0x0000000714100000, 0x0000000714100000| Untracked 
| 192|0x0000000714200000, 0x0000000714200000, 0x0000000714300000|  0%| F|  |TAMS 0x0000000714200000, 0x0000000714200000| Untracked 
| 193|0x0000000714300000, 0x0000000714300000, 0x0000000714400000|  0%| F|  |TAMS 0x0000000714300000, 0x0000000714300000| Untracked 
| 194|0x0000000714400000, 0x0000000714400000, 0x0000000714500000|  0%| F|  |TAMS 0x0000000714400000, 0x0000000714400000| Untracked 
| 195|0x0000000714500000, 0x0000000714500000, 0x0000000714600000|  0%| F|  |TAMS 0x0000000714500000, 0x0000000714500000| Untracked 
| 196|0x0000000714600000, 0x0000000714600000, 0x0000000714700000|  0%| F|  |TAMS 0x0000000714600000, 0x0000000714600000| Untracked 
| 197|0x0000000714700000, 0x0000000714700000, 0x0000000714800000|  0%| F|  |TAMS 0x0000000714700000, 0x0000000714700000| Untracked 
| 198|0x0000000714800000, 0x0000000714800000, 0x0000000714900000|  0%| F|  |TAMS 0x0000000714800000, 0x0000000714800000| Untracked 
| 199|0x0000000714900000, 0x0000000714900000, 0x0000000714a00000|  0%| F|  |TAMS 0x0000000714900000, 0x0000000714900000| Untracked 
| 200|0x0000000714a00000, 0x0000000714a00000, 0x0000000714b00000|  0%| F|  |TAMS 0x0000000714a00000, 0x0000000714a00000| Untracked 
| 201|0x0000000714b00000, 0x0000000714b00000, 0x0000000714c00000|  0%| F|  |TAMS 0x0000000714b00000, 0x0000000714b00000| Untracked 
| 202|0x0000000714c00000, 0x0000000714c00000, 0x0000000714d00000|  0%| F|  |TAMS 0x0000000714c00000, 0x0000000714c00000| Untracked 
| 203|0x0000000714d00000, 0x0000000714d00000, 0x0000000714e00000|  0%| F|  |TAMS 0x0000000714d00000, 0x0000000714d00000| Untracked 
| 204|0x0000000714e00000, 0x0000000714e00000, 0x0000000714f00000|  0%| F|  |TAMS 0x0000000714e00000, 0x0000000714e00000| Untracked 
| 205|0x0000000714f00000, 0x0000000714f00000, 0x0000000715000000|  0%| F|  |TAMS 0x0000000714f00000, 0x0000000714f00000| Untracked 
| 206|0x0000000715000000, 0x0000000715000000, 0x0000000715100000|  0%| F|  |TAMS 0x0000000715000000, 0x0000000715000000| Untracked 
| 207|0x0000000715100000, 0x0000000715100000, 0x0000000715200000|  0%| F|  |TAMS 0x0000000715100000, 0x0000000715100000| Untracked 
| 208|0x0000000715200000, 0x0000000715200000, 0x0000000715300000|  0%| F|  |TAMS 0x0000000715200000, 0x0000000715200000| Untracked 
| 209|0x0000000715300000, 0x0000000715300000, 0x0000000715400000|  0%| F|  |TAMS 0x0000000715300000, 0x0000000715300000| Untracked 
| 210|0x0000000715400000, 0x0000000715400000, 0x0000000715500000|  0%| F|  |TAMS 0x0000000715400000, 0x0000000715400000| Untracked 
| 211|0x0000000715500000, 0x0000000715500000, 0x0000000715600000|  0%| F|  |TAMS 0x0000000715500000, 0x0000000715500000| Untracked 
| 212|0x0000000715600000, 0x0000000715600000, 0x0000000715700000|  0%| F|  |TAMS 0x0000000715600000, 0x0000000715600000| Untracked 
| 213|0x0000000715700000, 0x0000000715700000, 0x0000000715800000|  0%| F|  |TAMS 0x0000000715700000, 0x0000000715700000| Untracked 
| 214|0x0000000715800000, 0x0000000715800000, 0x0000000715900000|  0%| F|  |TAMS 0x0000000715800000, 0x0000000715800000| Untracked 
| 215|0x0000000715900000, 0x0000000715a00000, 0x0000000715a00000|100%| E|  |TAMS 0x0000000715900000, 0x0000000715900000| Complete 
| 216|0x0000000715a00000, 0x0000000715b00000, 0x0000000715b00000|100%| E|CS|TAMS 0x0000000715a00000, 0x0000000715a00000| Complete 
| 217|0x0000000715b00000, 0x0000000715c00000, 0x0000000715c00000|100%| E|CS|TAMS 0x0000000715b00000, 0x0000000715b00000| Complete 
| 218|0x0000000715c00000, 0x0000000715d00000, 0x0000000715d00000|100%| E|CS|TAMS 0x0000000715c00000, 0x0000000715c00000| Complete 
| 219|0x0000000715d00000, 0x0000000715e00000, 0x0000000715e00000|100%| E|CS|TAMS 0x0000000715d00000, 0x0000000715d00000| Complete 
| 220|0x0000000715e00000, 0x0000000715f00000, 0x0000000715f00000|100%| E|CS|TAMS 0x0000000715e00000, 0x0000000715e00000| Complete 
| 221|0x0000000715f00000, 0x0000000716000000, 0x0000000716000000|100%| S|CS|TAMS 0x0000000715f00000, 0x0000000715f00000| Complete 
| 222|0x0000000716000000, 0x0000000716100000, 0x0000000716100000|100%| S|CS|TAMS 0x0000000716000000, 0x0000000716000000| Complete 
| 223|0x0000000716100000, 0x0000000716200000, 0x0000000716200000|100%| S|CS|TAMS 0x0000000716100000, 0x0000000716100000| Complete 
| 224|0x0000000716200000, 0x0000000716300000, 0x0000000716300000|100%| E|CS|TAMS 0x0000000716200000, 0x0000000716200000| Complete 
| 225|0x0000000716300000, 0x0000000716400000, 0x0000000716400000|100%| E|CS|TAMS 0x0000000716300000, 0x0000000716300000| Complete 
| 226|0x0000000716400000, 0x0000000716500000, 0x0000000716500000|100%| E|CS|TAMS 0x0000000716400000, 0x0000000716400000| Complete 
| 227|0x0000000716500000, 0x0000000716600000, 0x0000000716600000|100%| E|CS|TAMS 0x0000000716500000, 0x0000000716500000| Complete 
| 228|0x0000000716600000, 0x0000000716700000, 0x0000000716700000|100%| E|CS|TAMS 0x0000000716600000, 0x0000000716600000| Complete 
| 229|0x0000000716700000, 0x0000000716800000, 0x0000000716800000|100%| E|CS|TAMS 0x0000000716700000, 0x0000000716700000| Complete 
| 230|0x0000000716800000, 0x0000000716900000, 0x0000000716900000|100%| E|CS|TAMS 0x0000000716800000, 0x0000000716800000| Complete 
| 231|0x0000000716900000, 0x0000000716a00000, 0x0000000716a00000|100%| E|CS|TAMS 0x0000000716900000, 0x0000000716900000| Complete 
| 232|0x0000000716a00000, 0x0000000716b00000, 0x0000000716b00000|100%| E|CS|TAMS 0x0000000716a00000, 0x0000000716a00000| Complete 
| 233|0x0000000716b00000, 0x0000000716c00000, 0x0000000716c00000|100%| E|CS|TAMS 0x0000000716b00000, 0x0000000716b00000| Complete 
| 234|0x0000000716c00000, 0x0000000716d00000, 0x0000000716d00000|100%| E|CS|TAMS 0x0000000716c00000, 0x0000000716c00000| Complete 
| 235|0x0000000716d00000, 0x0000000716e00000, 0x0000000716e00000|100%| E|CS|TAMS 0x0000000716d00000, 0x0000000716d00000| Complete 
| 236|0x0000000716e00000, 0x0000000716f00000, 0x0000000716f00000|100%| E|CS|TAMS 0x0000000716e00000, 0x0000000716e00000| Complete 
| 237|0x0000000716f00000, 0x0000000717000000, 0x0000000717000000|100%| E|CS|TAMS 0x0000000716f00000, 0x0000000716f00000| Complete 
| 238|0x0000000717000000, 0x0000000717100000, 0x0000000717100000|100%| E|CS|TAMS 0x0000000717000000, 0x0000000717000000| Complete 
| 239|0x0000000717100000, 0x0000000717200000, 0x0000000717200000|100%| E|CS|TAMS 0x0000000717100000, 0x0000000717100000| Complete 
| 240|0x0000000717200000, 0x0000000717300000, 0x0000000717300000|100%| E|CS|TAMS 0x0000000717200000, 0x0000000717200000| Complete 
| 241|0x0000000717300000, 0x0000000717400000, 0x0000000717400000|100%| E|CS|TAMS 0x0000000717300000, 0x0000000717300000| Complete 
| 242|0x0000000717400000, 0x0000000717500000, 0x0000000717500000|100%| E|CS|TAMS 0x0000000717400000, 0x0000000717400000| Complete 
| 243|0x0000000717500000, 0x0000000717600000, 0x0000000717600000|100%| E|CS|TAMS 0x0000000717500000, 0x0000000717500000| Complete 
| 244|0x0000000717600000, 0x0000000717700000, 0x0000000717700000|100%| E|CS|TAMS 0x0000000717600000, 0x0000000717600000| Complete 
| 245|0x0000000717700000, 0x0000000717800000, 0x0000000717800000|100%| E|CS|TAMS 0x0000000717700000, 0x0000000717700000| Complete 
| 246|0x0000000717800000, 0x0000000717900000, 0x0000000717900000|100%| E|CS|TAMS 0x0000000717800000, 0x0000000717800000| Complete 
| 247|0x0000000717900000, 0x0000000717a00000, 0x0000000717a00000|100%| E|CS|TAMS 0x0000000717900000, 0x0000000717900000| Complete 

Card table byte_map: [0x00007ffaf59f0000,0x00007ffaf61af000] _byte_map_base: 0x00007ffaf21af000

Marking Bits (Prev, Next): (CMBitMap*) 0x00007ffaf0087b98, (CMBitMap*) 0x00007ffaf0087bd0
 Prev Bits: [0x00007ffad0208000, 0x00007ffad4000000)
 Next Bits: [0x00007ffacc410000, 0x00007ffad0208000)

Polling page: 0x00007ffaf98c8000

Metaspace:

Usage:
  Non-class:     15,62 MB capacity,    15,36 MB ( 98%) used,   240,23 KB (  2%) free+waste,    29,44 KB ( <1%) overhead. 
      Class:      1,81 MB capacity,     1,70 MB ( 94%) used,    96,22 KB (  5%) free+waste,    13,31 KB ( <1%) overhead. 
       Both:     17,43 MB capacity,    17,06 MB ( 98%) used,   336,45 KB (  2%) free+waste,    42,75 KB ( <1%) overhead. 

Virtual space:
  Non-class space:       16,00 MB reserved,      15,75 MB ( 98%) committed 
      Class space:        1,00 GB reserved,       1,88 MB ( <1%) committed 
             Both:        1,02 GB reserved,      17,62 MB (  2%) committed 

Chunk freelists:
   Non-Class:  8,50 KB
       Class:  768 bytes
        Both:  9,25 KB

CodeHeap 'non-profiled nmethods': size=120032Kb used=489Kb max_used=489Kb free=119542Kb
 bounds [0x00007ffae05a6000, 0x00007ffae0816000, 0x00007ffae7ade000]
CodeHeap 'profiled nmethods': size=120028Kb used=2667Kb max_used=2667Kb free=117360Kb
 bounds [0x00007ffad906f000, 0x00007ffad930f000, 0x00007ffae05a6000]
CodeHeap 'non-nmethods': size=5700Kb used=1115Kb max_used=1131Kb free=4584Kb
 bounds [0x00007ffad8ade000, 0x00007ffad8d4e000, 0x00007ffad906f000]
 total_blobs=1924 nmethods=1480 adapters=356
 compilation: enabled
              stopped_count=0, restarted_count=0
 full_count=0

Compilation events (10 events):
Event: 1,879 Thread 0x00007ffaf028b800 1376       4       java.lang.String::checkBoundsOffCount (61 bytes)
Event: 1,880 Thread 0x00007ffaf028b800 nmethod 1376 0x00007ffae061db90 code [0x00007ffae061dd20, 0x00007ffae061ddb8]
Event: 1,880 Thread 0x00007ffaf028b800  708       4       jdk.internal.jimage.BasicImageReader::getString (48 bytes)
Event: 1,916 Thread 0x00007ffaf028b800 nmethod 708 0x00007ffae061de90 code [0x00007ffae061e080, 0x00007ffae061f218]
Event: 1,916 Thread 0x00007ffaf028b800 1455       4       java.util.ImmutableCollections$ListN::size (6 bytes)
Event: 1,916 Thread 0x00007ffaf028b800 nmethod 1455 0x00007ffae061fa90 code [0x00007ffae061fc20, 0x00007ffae061fc98]
Event: 1,916 Thread 0x00007ffaf028b800  845       4       java.nio.Buffer::rewind (12 bytes)
Event: 1,917 Thread 0x00007ffaf028b800 nmethod 845 0x00007ffae061fd10 code [0x00007ffae061fea0, 0x00007ffae061ff18]
Event: 121,425 Thread 0x00007ffaf028d800 1494       1       java.util.concurrent.locks.AbstractQueuedSynchronizer::getState (5 bytes)
Event: 121,426 Thread 0x00007ffaf028d800 nmethod 1494 0x00007ffae061ff90 code [0x00007ffae0620120, 0x00007ffae06201d0]

GC Heap History (2 events):
Event: 1,219 GC heap before
{Heap before GC invocations=0 (full 0):
 garbage-first heap   total 253952K, used 23552K [0x0000000708200000, 0x0000000800000000)
  region size 1024K, 24 young (24576K), 0 survivors (0K)
 Metaspace       used 10960K, capacity 11159K, committed 11392K, reserved 1058816K
  class space    used 1020K, capacity 1061K, committed 1152K, reserved 1048576K
}
Event: 1,223 GC heap after
{Heap after GC invocations=1 (full 0):
 garbage-first heap   total 253952K, used 4699K [0x0000000708200000, 0x0000000800000000)
  region size 1024K, 3 young (3072K), 3 survivors (3072K)
 Metaspace       used 10960K, capacity 11159K, committed 11392K, reserved 1058816K
  class space    used 1020K, capacity 1061K, committed 1152K, reserved 1048576K
}

Deoptimization events (10 events):
Event: 0,146 Thread 0x00007ffaf0024800 Uncommon trap: reason=unstable_if action=reinterpret pc=0x00007ffae05a8fa0 method=java.lang.String.hashCode()I @ 14 c2
Event: 0,739 Thread 0x00007ffaf0024800 Uncommon trap: reason=unstable_if action=reinterpret pc=0x00007ffae05b9d38 method=java.util.jar.JarFile.match([B[B[B[B)I @ 29 c2
Event: 1,275 Thread 0x00007ffaf0024800 Uncommon trap: reason=unstable_if action=reinterpret pc=0x00007ffae05badf8 method=java.lang.ThreadLocal.get()Ljava/lang/Object; @ 11 c2
Event: 1,343 Thread 0x00007ffaf0024800 Uncommon trap: reason=unstable_if action=reinterpret pc=0x00007ffae05bf420 method=java.lang.StringUTF16.compress([CI[BII)I @ 20 c2
Event: 1,600 Thread 0x00007ffaf0024800 Uncommon trap: reason=bimorphic_or_optimized_type_check action=maybe_recompile pc=0x00007ffae05efa8c method=java.util.HashMap.putVal(ILjava/lang/Object;Ljava/lang/Object;ZZ)Ljava/lang/Object; @ 91 c2
Event: 1,600 Thread 0x00007ffaf0024800 Uncommon trap: reason=bimorphic_or_optimized_type_check action=maybe_recompile pc=0x00007ffae05efa8c method=java.util.HashMap.putVal(ILjava/lang/Object;Ljava/lang/Object;ZZ)Ljava/lang/Object; @ 91 c2
Event: 1,768 Thread 0x00007ffaf0024800 Uncommon trap: reason=bimorphic_or_optimized_type_check action=maybe_recompile pc=0x00007ffae05efa8c method=java.util.HashMap.putVal(ILjava/lang/Object;Ljava/lang/Object;ZZ)Ljava/lang/Object; @ 91 c2
Event: 1,768 Thread 0x00007ffaf0024800 Uncommon trap: reason=bimorphic_or_optimized_type_check action=maybe_recompile pc=0x00007ffae05efa8c method=java.util.HashMap.putVal(ILjava/lang/Object;Ljava/lang/Object;ZZ)Ljava/lang/Object; @ 91 c2
Event: 1,829 Thread 0x00007ffaf0024800 Uncommon trap: reason=unstable_if action=reinterpret pc=0x00007ffae05b5338 method=java.nio.Buffer.position(I)Ljava/nio/Buffer; @ 37 c2
Event: 1,831 Thread 0x00007ffaf0024800 Uncommon trap: reason=unstable_if action=reinterpret pc=0x00007ffae05b5038 method=java.nio.Buffer.position(I)Ljava/nio/Buffer; @ 37 c2

Classes redefined (0 events):
No events

Internal exceptions (10 events):
Event: 1,742 Thread 0x00007ffaf0024800 Exception <a 'sun/nio/fs/UnixException'{0x0000000716971570}> (0x0000000716971570) thrown at [./open/src/hotspot/share/prims/jni.cpp, line 611]
Event: 1,742 Thread 0x00007ffaf0024800 Exception <a 'sun/nio/fs/UnixException'{0x0000000716971a50}> (0x0000000716971a50) thrown at [./open/src/hotspot/share/prims/jni.cpp, line 611]
Event: 1,742 Thread 0x00007ffaf0024800 Exception <a 'sun/nio/fs/UnixException'{0x0000000716971e50}> (0x0000000716971e50) thrown at [./open/src/hotspot/share/prims/jni.cpp, line 611]
Event: 1,774 Thread 0x00007ffaf0024800 Exception <a 'java/lang/NoSuchMethodError'{0x0000000715e77520}: java.lang.invoke.Invokers$Holder.invoke_MT(Ljava/lang/Object;Ljava/lang/Object;Ljava/lang/Object;)Ljava/lang/Object;> (0x0000000715e77520) thrown at [./open/src/hotspot/share/interpreter/link
Event: 1,789 Thread 0x00007ffaf0024800 Exception <a 'java/lang/NoSuchMethodError'{0x0000000715d13588}: java.lang.invoke.DirectMethodHandle$Holder.invokeInterface(Ljava/lang/Object;Ljava/lang/Object;Ljava/lang/Object;)Ljava/lang/Object;> (0x0000000715d13588) thrown at [./open/src/hotspot/share/
Event: 1,866 Thread 0x00007ffaf0024800 Exception <a 'java/lang/NoSuchMethodError'{0x0000000715a79af8}: java.lang.invoke.DirectMethodHandle$Holder.invokeInterface(Ljava/lang/Object;Ljava/lang/Object;)V> (0x0000000715a79af8) thrown at [./open/src/hotspot/share/interpreter/linkResolver.cpp, line 
Event: 148,975 Thread 0x00007ffaf0a8b800 Exception <a 'java/io/IOException'{0x0000000715980ff0}> (0x0000000715980ff0) thrown at [./open/src/hotspot/share/prims/jni.cpp, line 611]
Event: 148,976 Thread 0x00007ffaf0a8b800 Exception <a 'java/io/IOException'{0x0000000715981328}> (0x0000000715981328) thrown at [./open/src/hotspot/share/prims/jni.cpp, line 611]
Event: 148,976 Thread 0x00007ffaf0a8b800 Exception <a 'java/io/IOException'{0x0000000715981630}> (0x0000000715981630) thrown at [./open/src/hotspot/share/prims/jni.cpp, line 611]
Event: 148,976 Thread 0x00007ffaf0a8b800 Exception <a 'java/io/IOException'{0x0000000715981938}> (0x0000000715981938) thrown at [./open/src/hotspot/share/prims/jni.cpp, line 611]

Events (10 events):
Event: 1,872 Executing VM operation: RevokeBias
Event: 1,872 Executing VM operation: RevokeBias done
Event: 1,874 loading class org/eclipse/jetty/util/log/Slf4jLog
Event: 1,874 loading class org/eclipse/jetty/util/log/Slf4jLog done
Event: 1,874 loading class org/eclipse/jetty/util/log/Slf4jLog
Event: 1,874 loading class org/eclipse/jetty/util/log/Slf4jLog done
Event: 1,874 Thread 0x00007ffaf0a8b800 Thread added: 0x00007ffaf0a8b800
Event: 148,976 Executing VM operation: RevokeBias
Event: 148,976 Executing VM operation: RevokeBias done
Event: 148,976 Thread 0x00007ffaf0a8b800 Thread exited: 0x00007ffaf0a8b800


Dynamic libraries:
708200000-717a00000 rw-p 00000000 00:00 0 
717a00000-800000000 ---p 00000000 00:00 0 
800000000-8001e0000 rw-p 00000000 00:00 0 
8001e0000-840000000 ---p 00000000 00:00 0 
5617ec024000-5617ec025000 r-xp 00000000 103:05 1056021                   /opt/jdk/jdk-11.0.11/bin/java
5617ec225000-5617ec226000 r--p 00001000 103:05 1056021                   /opt/jdk/jdk-11.0.11/bin/java
5617ec226000-5617ec227000 rw-p 00002000 103:05 1056021                   /opt/jdk/jdk-11.0.11/bin/java
5617ed131000-5617ed173000 rw-p 00000000 00:00 0                          [heap]
7ffa50000000-7ffa50021000 rw-p 00000000 00:00 0 
7ffa50021000-7ffa54000000 ---p 00000000 00:00 0 
7ffa58000000-7ffa58021000 rw-p 00000000 00:00 0 
7ffa58021000-7ffa5c000000 ---p 00000000 00:00 0 
7ffa5c000000-7ffa5c021000 rw-p 00000000 00:00 0 
7ffa5c021000-7ffa60000000 ---p 00000000 00:00 0 
7ffa6364e000-7ffa639fb000 rw-p 00000000 00:00 0 
7ffa639fb000-7ffa639ff000 ---p 00000000 00:00 0 
7ffa639ff000-7ffa63afc000 rw-p 00000000 00:00 0 
7ffa63afc000-7ffa63afe000 r-xp 00000000 103:05 1056420                   /opt/jdk/jdk-11.0.11/lib/libextnet.so
7ffa63afe000-7ffa63cfd000 ---p 00002000 103:05 1056420                   /opt/jdk/jdk-11.0.11/lib/libextnet.so
7ffa63cfd000-7ffa63cfe000 r--p 00001000 103:05 1056420                   /opt/jdk/jdk-11.0.11/lib/libextnet.so
7ffa63cfe000-7ffa63cff000 rw-p 00002000 103:05 1056420                   /opt/jdk/jdk-11.0.11/lib/libextnet.so
7ffa63cff000-7ffa63d03000 ---p 00000000 00:00 0 
7ffa63d03000-7ffa63fc0000 rw-p 00000000 00:00 0 
7ffa63fc0000-7ffa64000000 ---p 00000000 00:00 0 
7ffa64000000-7ffa64021000 rw-p 00000000 00:00 0 
7ffa64021000-7ffa68000000 ---p 00000000 00:00 0 
7ffa68000000-7ffa68021000 rw-p 00000000 00:00 0 
7ffa68021000-7ffa6c000000 ---p 00000000 00:00 0 
7ffa6c000000-7ffa6c021000 rw-p 00000000 00:00 0 
7ffa6c021000-7ffa70000000 ---p 00000000 00:00 0 
7ffa70000000-7ffa70021000 rw-p 00000000 00:00 0 
7ffa70021000-7ffa74000000 ---p 00000000 00:00 0 
7ffa74000000-7ffa74021000 rw-p 00000000 00:00 0 
7ffa74021000-7ffa78000000 ---p 00000000 00:00 0 
7ffa78000000-7ffa78021000 rw-p 00000000 00:00 0 
7ffa78021000-7ffa7c000000 ---p 00000000 00:00 0 
7ffa7c000000-7ffa7c021000 rw-p 00000000 00:00 0 
7ffa7c021000-7ffa80000000 ---p 00000000 00:00 0 
7ffa80000000-7ffa800bf000 rw-p 00000000 00:00 0 
7ffa800bf000-7ffa84000000 ---p 00000000 00:00 0 
7ffa84000000-7ffa84021000 rw-p 00000000 00:00 0 
7ffa84021000-7ffa88000000 ---p 00000000 00:00 0 
7ffa88000000-7ffa88021000 rw-p 00000000 00:00 0 
7ffa88021000-7ffa8c000000 ---p 00000000 00:00 0 
7ffa8c000000-7ffa8c021000 rw-p 00000000 00:00 0 
7ffa8c021000-7ffa90000000 ---p 00000000 00:00 0 
7ffa90000000-7ffa90021000 rw-p 00000000 00:00 0 
7ffa90021000-7ffa94000000 ---p 00000000 00:00 0 
7ffa94000000-7ffa94021000 rw-p 00000000 00:00 0 
7ffa94021000-7ffa98000000 ---p 00000000 00:00 0 
7ffa98000000-7ffa98021000 rw-p 00000000 00:00 0 
7ffa98021000-7ffa9c000000 ---p 00000000 00:00 0 
7ffa9c000000-7ffa9c4c7000 rw-p 00000000 00:00 0 
7ffa9c4c7000-7ffaa0000000 ---p 00000000 00:00 0 
7ffaa0000000-7ffaa0021000 rw-p 00000000 00:00 0 
7ffaa0021000-7ffaa4000000 ---p 00000000 00:00 0 
7ffaa4000000-7ffaa4021000 rw-p 00000000 00:00 0 
7ffaa4021000-7ffaa8000000 ---p 00000000 00:00 0 
7ffaa8000000-7ffaa884b000 rw-p 00000000 00:00 0 
7ffaa884b000-7ffaac000000 ---p 00000000 00:00 0 
7ffaac000000-7ffaac021000 rw-p 00000000 00:00 0 
7ffaac021000-7ffab0000000 ---p 00000000 00:00 0 
7ffab0000000-7ffab0021000 rw-p 00000000 00:00 0 
7ffab0021000-7ffab4000000 ---p 00000000 00:00 0 
7ffab4000000-7ffab4021000 rw-p 00000000 00:00 0 
7ffab4021000-7ffab8000000 ---p 00000000 00:00 0 
7ffab8000000-7ffab8021000 rw-p 00000000 00:00 0 
7ffab8021000-7ffabc000000 ---p 00000000 00:00 0 
7ffabc000000-7ffabc021000 rw-p 00000000 00:00 0 
7ffabc021000-7ffac0000000 ---p 00000000 00:00 0 
7ffac0000000-7ffac0021000 rw-p 00000000 00:00 0 
7ffac0021000-7ffac4000000 ---p 00000000 00:00 0 
7ffac406f000-7ffac4073000 ---p 00000000 00:00 0 
7ffac4073000-7ffac4170000 rw-p 00000000 00:00 0 
7ffac4170000-7ffac4174000 ---p 00000000 00:00 0 
7ffac4174000-7ffac4271000 rw-p 00000000 00:00 0 
7ffac4271000-7ffac4275000 ---p 00000000 00:00 0 
7ffac4275000-7ffac4372000 rw-p 00000000 00:00 0 
7ffac4372000-7ffac4376000 ---p 00000000 00:00 0 
7ffac4376000-7ffac4473000 rw-p 00000000 00:00 0 
7ffac4473000-7ffac4477000 ---p 00000000 00:00 0 
7ffac4477000-7ffac4574000 rw-p 00000000 00:00 0 
7ffac4574000-7ffac4578000 ---p 00000000 00:00 0 
7ffac4578000-7ffac4675000 rw-p 00000000 00:00 0 
7ffac4675000-7ffac4679000 ---p 00000000 00:00 0 
7ffac4679000-7ffac4776000 rw-p 00000000 00:00 0 
7ffac4776000-7ffac477a000 ---p 00000000 00:00 0 
7ffac477a000-7ffac4a77000 rw-p 00000000 00:00 0 
7ffac4a77000-7ffac4ab7000 r-xp 00000000 103:05 1056447                   /opt/jdk/jdk-11.0.11/lib/libsunec.so
7ffac4ab7000-7ffac4cb6000 ---p 00040000 103:05 1056447                   /opt/jdk/jdk-11.0.11/lib/libsunec.so
7ffac4cb6000-7ffac4cbb000 r--p 0003f000 103:05 1056447                   /opt/jdk/jdk-11.0.11/lib/libsunec.so
7ffac4cbb000-7ffac4cbd000 rw-p 00044000 103:05 1056447                   /opt/jdk/jdk-11.0.11/lib/libsunec.so
7ffac4cbd000-7ffac4ebd000 rw-p 00000000 00:00 0 
7ffac4ebd000-7ffac4ebe000 ---p 00000000 00:00 0 
7ffac4ebe000-7ffac4fbf000 rw-p 00000000 00:00 0 
7ffac4fbf000-7ffac4fc0000 ---p 00000000 00:00 0 
7ffac4fc0000-7ffac50c1000 rw-p 00000000 00:00 0 
7ffac50c1000-7ffac50c2000 ---p 00000000 00:00 0 
7ffac50c2000-7ffac51c3000 rw-p 00000000 00:00 0 
7ffac51c3000-7ffac51c4000 ---p 00000000 00:00 0 
7ffac51c4000-7ffac54c5000 rw-p 00000000 00:00 0 
7ffac54c5000-7ffac54ca000 r-xp 00000000 103:05 1056438                   /opt/jdk/jdk-11.0.11/lib/libmanagement_ext.so
7ffac54ca000-7ffac56ca000 ---p 00005000 103:05 1056438                   /opt/jdk/jdk-11.0.11/lib/libmanagement_ext.so
7ffac56ca000-7ffac56cb000 r--p 00005000 103:05 1056438                   /opt/jdk/jdk-11.0.11/lib/libmanagement_ext.so
7ffac56cb000-7ffac56cc000 rw-p 00006000 103:05 1056438                   /opt/jdk/jdk-11.0.11/lib/libmanagement_ext.so
7ffac56cc000-7ffac56d0000 r-xp 00000000 103:05 1056436                   /opt/jdk/jdk-11.0.11/lib/libmanagement.so
7ffac56d0000-7ffac58d0000 ---p 00004000 103:05 1056436                   /opt/jdk/jdk-11.0.11/lib/libmanagement.so
7ffac58d0000-7ffac58d1000 r--p 00004000 103:05 1056436                   /opt/jdk/jdk-11.0.11/lib/libmanagement.so
7ffac58d1000-7ffac58d2000 rw-p 00005000 103:05 1056436                   /opt/jdk/jdk-11.0.11/lib/libmanagement.so
7ffac58d2000-7ffac58e9000 r-xp 00000000 103:05 1056440                   /opt/jdk/jdk-11.0.11/lib/libnet.so
7ffac58e9000-7ffac5ae8000 ---p 00017000 103:05 1056440                   /opt/jdk/jdk-11.0.11/lib/libnet.so
7ffac5ae8000-7ffac5ae9000 r--p 00016000 103:05 1056440                   /opt/jdk/jdk-11.0.11/lib/libnet.so
7ffac5ae9000-7ffac5aea000 rw-p 00017000 103:05 1056440                   /opt/jdk/jdk-11.0.11/lib/libnet.so
7ffac5aea000-7ffac5afa000 r-xp 00000000 103:05 1056441                   /opt/jdk/jdk-11.0.11/lib/libnio.so
7ffac5afa000-7ffac5cfa000 ---p 00010000 103:05 1056441                   /opt/jdk/jdk-11.0.11/lib/libnio.so
7ffac5cfa000-7ffac5cfb000 r--p 00010000 103:05 1056441                   /opt/jdk/jdk-11.0.11/lib/libnio.so
7ffac5cfb000-7ffac5cfc000 rw-p 00011000 103:05 1056441                   /opt/jdk/jdk-11.0.11/lib/libnio.so
7ffac5cfc000-7ffac5d00000 ---p 00000000 00:00 0 
7ffac5d00000-7ffac5dfd000 rw-p 00000000 00:00 0 
7ffac5dfd000-7ffac5dfe000 ---p 00000000 00:00 0 
7ffac5dfe000-7ffac5eff000 rw-p 00000000 00:00 0 
7ffac5eff000-7ffac5f03000 ---p 00000000 00:00 0 
7ffac5f03000-7ffac8000000 rw-p 00000000 00:00 0 
7ffac8000000-7ffac8021000 rw-p 00000000 00:00 0 
7ffac8021000-7ffacc000000 ---p 00000000 00:00 0 
7ffacc00c000-7ffacc010000 ---p 00000000 00:00 0 
7ffacc010000-7ffacc10d000 rw-p 00000000 00:00 0 
7ffacc10d000-7ffacc111000 ---p 00000000 00:00 0 
7ffacc111000-7ffacc20e000 rw-p 00000000 00:00 0 
7ffacc20e000-7ffacc212000 ---p 00000000 00:00 0 
7ffacc212000-7ffacc30f000 rw-p 00000000 00:00 0 
7ffacc30f000-7ffacc313000 ---p 00000000 00:00 0 
7ffacc313000-7ffacc7f0000 rw-p 00000000 00:00 0 
7ffacc7f0000-7ffad0208000 ---p 00000000 00:00 0 
7ffad0208000-7ffad05e8000 rw-p 00000000 00:00 0 
7ffad05e8000-7ffad4000000 ---p 00000000 00:00 0 
7ffad4000000-7ffad4021000 rw-p 00000000 00:00 0 
7ffad4021000-7ffad8000000 ---p 00000000 00:00 0 
7ffad8066000-7ffad82de000 r--p 00000000 103:05 2195620                   /usr/lib/locale/aa_DJ.utf8/LC_COLLATE
7ffad82de000-7ffad8ade000 rw-p 00000000 00:00 0 
7ffad8ade000-7ffad8d4e000 rwxp 00000000 00:00 0 
7ffad8d4e000-7ffad906f000 ---p 00000000 00:00 0 
7ffad906f000-7ffad930f000 rwxp 00000000 00:00 0 
7ffad930f000-7ffae05a6000 ---p 00000000 00:00 0 
7ffae05a6000-7ffae0816000 rwxp 00000000 00:00 0 
7ffae0816000-7ffae7ade000 ---p 00000000 00:00 0 
7ffae7ade000-7ffaf0000000 r--s 00000000 103:05 1056451                   /opt/jdk/jdk-11.0.11/lib/modules
7ffaf0000000-7ffaf0a8f000 rw-p 00000000 00:00 0 
7ffaf0a8f000-7ffaf4000000 ---p 00000000 00:00 0 
7ffaf40ea000-7ffaf413e000 r--p 00000000 103:05 2195621                   /usr/lib/locale/aa_DJ.utf8/LC_CTYPE
7ffaf413e000-7ffaf413f000 r--p 00000000 103:05 2195666                   /usr/lib/locale/agr_PE/LC_NUMERIC
7ffaf413f000-7ffaf4140000 r--p 00000000 103:05 2197095                   /usr/lib/locale/it_IT.utf8/LC_TIME
7ffaf4140000-7ffaf4141000 r--p 00000000 103:05 2196281                   /usr/lib/locale/de_IT.utf8/LC_MONETARY
7ffaf4141000-7ffaf4145000 ---p 00000000 00:00 0 
7ffaf4145000-7ffaf4242000 rw-p 00000000 00:00 0 
7ffaf4242000-7ffaf4246000 ---p 00000000 00:00 0 
7ffaf4246000-7ffaf4343000 rw-p 00000000 00:00 0 
7ffaf4343000-7ffaf4344000 ---p 00000000 00:00 0 
7ffaf4344000-7ffaf4521000 rw-p 00000000 00:00 0 
7ffaf4521000-7ffaf4522000 ---p 00000000 00:00 0 
7ffaf4522000-7ffaf4623000 rw-p 00000000 00:00 0 
7ffaf4623000-7ffaf4624000 ---p 00000000 00:00 0 
7ffaf4624000-7ffaf4f2d000 rw-p 00000000 00:00 0 
7ffaf4f2d000-7ffaf4f2e000 ---p 00000000 00:00 0 
7ffaf4f2e000-7ffaf502f000 rw-p 00000000 00:00 0 
7ffaf502f000-7ffaf5030000 ---p 00000000 00:00 0 
7ffaf5030000-7ffaf52ad000 rw-p 00000000 00:00 0 
7ffaf52ad000-7ffaf59f0000 ---p 00000000 00:00 0 
7ffaf59f0000-7ffaf5a6c000 rw-p 00000000 00:00 0 
7ffaf5a6c000-7ffaf61af000 ---p 00000000 00:00 0 
7ffaf61af000-7ffaf622b000 rw-p 00000000 00:00 0 
7ffaf622b000-7ffaf696e000 ---p 00000000 00:00 0 
7ffaf696e000-7ffaf7176000 rw-p 00000000 00:00 0 
7ffaf7176000-7ffaf7177000 ---p 00000000 00:00 0 
7ffaf7177000-7ffaf727d000 rw-p 00000000 00:00 0 
7ffaf727d000-7ffaf7363000 ---p 00000000 00:00 0 
7ffaf7363000-7ffaf7369000 rw-p 00000000 00:00 0 
7ffaf7369000-7ffaf744e000 ---p 00000000 00:00 0 
7ffaf744e000-7ffaf7455000 r-xp 00000000 103:05 1056450                   /opt/jdk/jdk-11.0.11/lib/libzip.so
7ffaf7455000-7ffaf7654000 ---p 00007000 103:05 1056450                   /opt/jdk/jdk-11.0.11/lib/libzip.so
7ffaf7654000-7ffaf7655000 r--p 00006000 103:05 1056450                   /opt/jdk/jdk-11.0.11/lib/libzip.so
7ffaf7655000-7ffaf7656000 rw-p 00007000 103:05 1056450                   /opt/jdk/jdk-11.0.11/lib/libzip.so
7ffaf7656000-7ffaf7659000 r--p 00000000 103:05 299229                    /lib/x86_64-linux-gnu/libnss_files-2.31.so
7ffaf7659000-7ffaf7660000 r-xp 00003000 103:05 299229                    /lib/x86_64-linux-gnu/libnss_files-2.31.so
7ffaf7660000-7ffaf7662000 r--p 0000a000 103:05 299229                    /lib/x86_64-linux-gnu/libnss_files-2.31.so
7ffaf7662000-7ffaf7663000 r--p 0000b000 103:05 299229                    /lib/x86_64-linux-gnu/libnss_files-2.31.so
7ffaf7663000-7ffaf7664000 rw-p 0000c000 103:05 299229                    /lib/x86_64-linux-gnu/libnss_files-2.31.so
7ffaf7664000-7ffaf766a000 rw-p 00000000 00:00 0 
7ffaf766a000-7ffaf766f000 r--p 00000000 103:05 270705                    /lib/x86_64-linux-gnu/libnsl-2.31.so
7ffaf766f000-7ffaf767f000 r-xp 00005000 103:05 270705                    /lib/x86_64-linux-gnu/libnsl-2.31.so
7ffaf767f000-7ffaf7683000 r--p 00015000 103:05 270705                    /lib/x86_64-linux-gnu/libnsl-2.31.so
7ffaf7683000-7ffaf7684000 r--p 00018000 103:05 270705                    /lib/x86_64-linux-gnu/libnsl-2.31.so
7ffaf7684000-7ffaf7685000 rw-p 00019000 103:05 270705                    /lib/x86_64-linux-gnu/libnsl-2.31.so
7ffaf7685000-7ffaf7687000 rw-p 00000000 00:00 0 
7ffaf7687000-7ffaf7688000 r--p 00000000 103:05 2196347                   /usr/lib/locale/en_AG/LC_MESSAGES/SYS_LC_MESSAGES
7ffaf7688000-7ffaf7689000 r--p 00000000 103:05 2195628                   /usr/lib/locale/aa_DJ.utf8/LC_PAPER
7ffaf7689000-7ffaf768a000 r--p 00000000 103:05 2195665                   /usr/lib/locale/agr_PE/LC_NAME
7ffaf768a000-7ffaf768b000 r--p 00000000 103:05 2197092                   /usr/lib/locale/it_IT.utf8/LC_ADDRESS
7ffaf768b000-7ffaf7692000 r--s 00000000 103:05 2263231                   /usr/lib/x86_64-linux-gnu/gconv/gconv-modules.cache
7ffaf7692000-7ffaf7697000 rw-p 00000000 00:00 0 
7ffaf7697000-7ffaf769e000 ---p 00000000 00:00 0 
7ffaf769e000-7ffaf76a6000 rw-s 00000000 103:05 1968208                   /tmp/hsperfdata_arsene/38383
7ffaf76a6000-7ffaf76c1000 r-xp 00000000 103:05 1056432                   /opt/jdk/jdk-11.0.11/lib/libjimage.so
7ffaf76c1000-7ffaf78c0000 ---p 0001b000 103:05 1056432                   /opt/jdk/jdk-11.0.11/lib/libjimage.so
7ffaf78c0000-7ffaf78c2000 r--p 0001a000 103:05 1056432                   /opt/jdk/jdk-11.0.11/lib/libjimage.so
7ffaf78c2000-7ffaf78c3000 rw-p 0001c000 103:05 1056432                   /opt/jdk/jdk-11.0.11/lib/libjimage.so
7ffaf78c3000-7ffaf78ed000 r-xp 00000000 103:05 1056428                   /opt/jdk/jdk-11.0.11/lib/libjava.so
7ffaf78ed000-7ffaf7aec000 ---p 0002a000 103:05 1056428                   /opt/jdk/jdk-11.0.11/lib/libjava.so
7ffaf7aec000-7ffaf7aed000 r--p 00029000 103:05 1056428                   /opt/jdk/jdk-11.0.11/lib/libjava.so
7ffaf7aed000-7ffaf7aee000 rw-p 0002a000 103:05 1056428                   /opt/jdk/jdk-11.0.11/lib/libjava.so
7ffaf7aee000-7ffaf7aef000 rw-p 00000000 00:00 0 
7ffaf7aef000-7ffaf7afc000 r-xp 00000000 103:05 1056449                   /opt/jdk/jdk-11.0.11/lib/libverify.so
7ffaf7afc000-7ffaf7cfb000 ---p 0000d000 103:05 1056449                   /opt/jdk/jdk-11.0.11/lib/libverify.so
7ffaf7cfb000-7ffaf7cfd000 r--p 0000c000 103:05 1056449                   /opt/jdk/jdk-11.0.11/lib/libverify.so
7ffaf7cfd000-7ffaf7cfe000 rw-p 0000e000 103:05 1056449                   /opt/jdk/jdk-11.0.11/lib/libverify.so
7ffaf7cfe000-7ffaf7d01000 r--p 00000000 103:05 299236                    /lib/x86_64-linux-gnu/librt-2.31.so
7ffaf7d01000-7ffaf7d05000 r-xp 00003000 103:05 299236                    /lib/x86_64-linux-gnu/librt-2.31.so
7ffaf7d05000-7ffaf7d06000 r--p 00007000 103:05 299236                    /lib/x86_64-linux-gnu/librt-2.31.so
7ffaf7d06000-7ffaf7d07000 ---p 00008000 103:05 299236                    /lib/x86_64-linux-gnu/librt-2.31.so
7ffaf7d07000-7ffaf7d08000 r--p 00008000 103:05 299236                    /lib/x86_64-linux-gnu/librt-2.31.so
7ffaf7d08000-7ffaf7d09000 rw-p 00009000 103:05 299236                    /lib/x86_64-linux-gnu/librt-2.31.so
7ffaf7d09000-7ffaf7d0d000 ---p 00000000 00:00 0 
7ffaf7d0d000-7ffaf7e0a000 rw-p 00000000 00:00 0 
7ffaf7e0a000-7ffaf7e19000 r--p 00000000 103:05 270630                    /lib/x86_64-linux-gnu/libm-2.31.so
7ffaf7e19000-7ffaf7ec0000 r-xp 0000f000 103:05 270630                    /lib/x86_64-linux-gnu/libm-2.31.so
7ffaf7ec0000-7ffaf7f57000 r--p 000b6000 103:05 270630                    /lib/x86_64-linux-gnu/libm-2.31.so
7ffaf7f57000-7ffaf7f58000 r--p 0014c000 103:05 270630                    /lib/x86_64-linux-gnu/libm-2.31.so
7ffaf7f58000-7ffaf7f59000 rw-p 0014d000 103:05 270630                    /lib/x86_64-linux-gnu/libm-2.31.so
7ffaf7f59000-7ffaf910f000 r-xp 00000000 103:05 1056462                   /opt/jdk/jdk-11.0.11/lib/server/libjvm.so
7ffaf910f000-7ffaf930f000 ---p 011b6000 103:05 1056462                   /opt/jdk/jdk-11.0.11/lib/server/libjvm.so
7ffaf930f000-7ffaf93ce000 r--p 011b6000 103:05 1056462                   /opt/jdk/jdk-11.0.11/lib/server/libjvm.so
7ffaf93ce000-7ffaf9408000 rw-p 01275000 103:05 1056462                   /opt/jdk/jdk-11.0.11/lib/server/libjvm.so
7ffaf9408000-7ffaf9461000 rw-p 00000000 00:00 0 
7ffaf9461000-7ffaf9486000 r--p 00000000 103:05 270628                    /lib/x86_64-linux-gnu/libc-2.31.so
7ffaf9486000-7ffaf95fe000 r-xp 00025000 103:05 270628                    /lib/x86_64-linux-gnu/libc-2.31.so
7ffaf95fe000-7ffaf9648000 r--p 0019d000 103:05 270628                    /lib/x86_64-linux-gnu/libc-2.31.so
7ffaf9648000-7ffaf9649000 ---p 001e7000 103:05 270628                    /lib/x86_64-linux-gnu/libc-2.31.so
7ffaf9649000-7ffaf964c000 r--p 001e7000 103:05 270628                    /lib/x86_64-linux-gnu/libc-2.31.so
7ffaf964c000-7ffaf964f000 rw-p 001ea000 103:05 270628                    /lib/x86_64-linux-gnu/libc-2.31.so
7ffaf964f000-7ffaf9653000 rw-p 00000000 00:00 0 
7ffaf9653000-7ffaf9654000 r--p 00000000 103:05 270629                    /lib/x86_64-linux-gnu/libdl-2.31.so
7ffaf9654000-7ffaf9656000 r-xp 00001000 103:05 270629                    /lib/x86_64-linux-gnu/libdl-2.31.so
7ffaf9656000-7ffaf9657000 r--p 00003000 103:05 270629                    /lib/x86_64-linux-gnu/libdl-2.31.so
7ffaf9657000-7ffaf9658000 r--p 00003000 103:05 270629                    /lib/x86_64-linux-gnu/libdl-2.31.so
7ffaf9658000-7ffaf9659000 rw-p 00004000 103:05 270629                    /lib/x86_64-linux-gnu/libdl-2.31.so
7ffaf9659000-7ffaf9669000 r-xp 00000000 103:05 1056411                   /opt/jdk/jdk-11.0.11/lib/jli/libjli.so
7ffaf9669000-7ffaf9868000 ---p 00010000 103:05 1056411                   /opt/jdk/jdk-11.0.11/lib/jli/libjli.so
7ffaf9868000-7ffaf9869000 r--p 0000f000 103:05 1056411                   /opt/jdk/jdk-11.0.11/lib/jli/libjli.so
7ffaf9869000-7ffaf986a000 rw-p 00010000 103:05 1056411                   /opt/jdk/jdk-11.0.11/lib/jli/libjli.so
7ffaf986a000-7ffaf9871000 r--p 00000000 103:05 299234                    /lib/x86_64-linux-gnu/libpthread-2.31.so
7ffaf9871000-7ffaf9882000 r-xp 00007000 103:05 299234                    /lib/x86_64-linux-gnu/libpthread-2.31.so
7ffaf9882000-7ffaf9887000 r--p 00018000 103:05 299234                    /lib/x86_64-linux-gnu/libpthread-2.31.so
7ffaf9887000-7ffaf9888000 r--p 0001c000 103:05 299234                    /lib/x86_64-linux-gnu/libpthread-2.31.so
7ffaf9888000-7ffaf9889000 rw-p 0001d000 103:05 299234                    /lib/x86_64-linux-gnu/libpthread-2.31.so
7ffaf9889000-7ffaf988d000 rw-p 00000000 00:00 0 
7ffaf988d000-7ffaf988f000 r--p 00000000 103:05 261677                    /lib/x86_64-linux-gnu/libz.so.1.2.11
7ffaf988f000-7ffaf98a0000 r-xp 00002000 103:05 261677                    /lib/x86_64-linux-gnu/libz.so.1.2.11
7ffaf98a0000-7ffaf98a6000 r--p 00013000 103:05 261677                    /lib/x86_64-linux-gnu/libz.so.1.2.11
7ffaf98a6000-7ffaf98a7000 ---p 00019000 103:05 261677                    /lib/x86_64-linux-gnu/libz.so.1.2.11
7ffaf98a7000-7ffaf98a8000 r--p 00019000 103:05 261677                    /lib/x86_64-linux-gnu/libz.so.1.2.11
7ffaf98a8000-7ffaf98a9000 rw-p 0001a000 103:05 261677                    /lib/x86_64-linux-gnu/libz.so.1.2.11
7ffaf98a9000-7ffaf98ab000 rw-p 00000000 00:00 0 
7ffaf98ab000-7ffaf98ac000 r--p 00000000 103:05 2196106                   /usr/lib/locale/ca_IT.utf8/LC_TELEPHONE
7ffaf98ac000-7ffaf98ad000 r--p 00000000 103:05 2195623                   /usr/lib/locale/aa_DJ.utf8/LC_MEASUREMENT
7ffaf98ad000-7ffaf98b0000 r--p 00000000 103:05 299231                    /lib/x86_64-linux-gnu/libnss_nis-2.31.so
7ffaf98b0000-7ffaf98b8000 r-xp 00003000 103:05 299231                    /lib/x86_64-linux-gnu/libnss_nis-2.31.so
7ffaf98b8000-7ffaf98ba000 r--p 0000b000 103:05 299231                    /lib/x86_64-linux-gnu/libnss_nis-2.31.so
7ffaf98ba000-7ffaf98bb000 r--p 0000c000 103:05 299231                    /lib/x86_64-linux-gnu/libnss_nis-2.31.so
7ffaf98bb000-7ffaf98bc000 rw-p 0000d000 103:05 299231                    /lib/x86_64-linux-gnu/libnss_nis-2.31.so
7ffaf98bc000-7ffaf98be000 r--p 00000000 103:05 299226                    /lib/x86_64-linux-gnu/libnss_compat-2.31.so
7ffaf98be000-7ffaf98c5000 r-xp 00002000 103:05 299226                    /lib/x86_64-linux-gnu/libnss_compat-2.31.so
7ffaf98c5000-7ffaf98c6000 r--p 00009000 103:05 299226                    /lib/x86_64-linux-gnu/libnss_compat-2.31.so
7ffaf98c6000-7ffaf98c7000 r--p 00009000 103:05 299226                    /lib/x86_64-linux-gnu/libnss_compat-2.31.so
7ffaf98c7000-7ffaf98c8000 rw-p 0000a000 103:05 299226                    /lib/x86_64-linux-gnu/libnss_compat-2.31.so
7ffaf98c8000-7ffaf98c9000 ---p 00000000 00:00 0 
7ffaf98c9000-7ffaf98ca000 r--p 00000000 00:00 0 
7ffaf98ca000-7ffaf98cd000 r--p 00000000 00:00 0                          [vvar]
7ffaf98cd000-7ffaf98ce000 r-xp 00000000 00:00 0                          [vdso]
7ffaf98ce000-7ffaf98cf000 r--p 00000000 103:05 267124                    /lib/x86_64-linux-gnu/ld-2.31.so
7ffaf98cf000-7ffaf98f2000 r-xp 00001000 103:05 267124                    /lib/x86_64-linux-gnu/ld-2.31.so
7ffaf98f2000-7ffaf98fa000 r--p 00024000 103:05 267124                    /lib/x86_64-linux-gnu/ld-2.31.so
7ffaf98fa000-7ffaf98fb000 r--p 00000000 103:05 2197093                   /usr/lib/locale/it_IT.utf8/LC_IDENTIFICATION
7ffaf98fb000-7ffaf98fc000 r--p 0002c000 103:05 267124                    /lib/x86_64-linux-gnu/ld-2.31.so
7ffaf98fc000-7ffaf98fd000 rw-p 0002d000 103:05 267124                    /lib/x86_64-linux-gnu/ld-2.31.so
7ffaf98fd000-7ffaf98fe000 rw-p 00000000 00:00 0 
7ffc98dc9000-7ffc98dec000 rw-p 00000000 00:00 0                          [stack]
ffffffffff600000-ffffffffff601000 --xp 00000000 00:00 0                  [vsyscall]


VM Arguments:
java_command: /home/arsene/IdeaProjects/model-services/workflow-dsl/dsl_backend/language_server/language_server.jar
java_class_path (initial): /home/arsene/IdeaProjects/model-services/workflow-dsl/dsl_backend/language_server/language_server.jar
Launcher Type: SUN_STANDARD

[Global flags]
     intx CICompilerCount                          = 4                                         {product} {ergonomic}
     uint ConcGCThreads                            = 2                                         {product} {ergonomic}
     uint G1ConcRefinementThreads                  = 8                                         {product} {ergonomic}
   size_t G1HeapRegionSize                         = 1048576                                   {product} {ergonomic}
    uintx GCDrainStackTargetSize                   = 64                                        {product} {ergonomic}
   size_t InitialHeapSize                          = 260046848                                 {product} {ergonomic}
   size_t MarkStackSize                            = 4194304                                   {product} {ergonomic}
   size_t MaxHeapSize                              = 4158652416                                {product} {ergonomic}
   size_t MaxNewSize                               = 2494562304                                {product} {ergonomic}
   size_t MinHeapDeltaBytes                        = 1048576                                   {product} {ergonomic}
    uintx NonNMethodCodeHeapSize                   = 5836300                                {pd product} {ergonomic}
    uintx NonProfiledCodeHeapSize                  = 122910970                              {pd product} {ergonomic}
    uintx ProfiledCodeHeapSize                     = 122910970                              {pd product} {ergonomic}
    uintx ReservedCodeCacheSize                    = 251658240                              {pd product} {ergonomic}
     bool SegmentedCodeCache                       = true                                      {product} {ergonomic}
     bool UseCompressedClassPointers               = true                                 {lp64_product} {ergonomic}
     bool UseCompressedOops                        = true                                 {lp64_product} {ergonomic}
     bool UseG1GC                                  = true                                      {product} {ergonomic}

Logging:
Log output configuration:
 #0: stdout all=warning uptime,level,tags
 #1: stderr all=off uptime,level,tags

Environment Variables:
JAVA_HOME=/opt/jdk/jdk-11.0.11
PATH=/usr/local/lib/node_modules/npm/node_modules/npm-lifecycle/node-gyp-bin:/home/arsene/IdeaProjects/model-services/workflow-dsl/dsl_backend/node_modules/.bin:/usr/bin/node:/opt/kind:/home/arsene/cmd:/usr/bin/node:/opt/kind:/home/arsene/cmd:/home/arsene/anaconda3/condabin:/home/arsene/opt/flutter/bin:/opt/jdk/jdk-11.0.11/bin:/home/arsene/.local/bin:/usr/local/sbin:/usr/local/bin:/usr/sbin:/usr/bin:/sbin:/bin:/usr/games:/usr/local/games:/usr/lib/jvm/jdk-11.0.6/bin:/snap/bin:/home/arsene/.dotnet/tools:/usr/lib/jvm/jdk-11.0.10/bin:/usr/lib/jvm/java-11-oracle/bin:/usr/lib/jvm/java-11-oracle/db/bin
SHELL=/bin/bash
DISPLAY=:0

Signal Handlers:
SIGSEGV: [libjvm.so+0xea2e10], sa_mask[0]=11111111011111111101111111111110, sa_flags=SA_RESTART|SA_SIGINFO
SIGBUS: [libjvm.so+0xea2e10], sa_mask[0]=11111111011111111101111111111110, sa_flags=SA_RESTART|SA_SIGINFO
SIGFPE: [libjvm.so+0xea2e10], sa_mask[0]=11111111011111111101111111111110, sa_flags=SA_RESTART|SA_SIGINFO
SIGPIPE: [libjvm.so+0xc720d0], sa_mask[0]=11111111011111111101111111111110, sa_flags=SA_RESTART|SA_SIGINFO
SIGXFSZ: [libjvm.so+0xc720d0], sa_mask[0]=11111111011111111101111111111110, sa_flags=SA_RESTART|SA_SIGINFO
SIGILL: [libjvm.so+0xea2e10], sa_mask[0]=11111111011111111101111111111110, sa_flags=SA_RESTART|SA_SIGINFO
SIGUSR2: [libjvm.so+0xc71f70], sa_mask[0]=00000000000000000000000000000000, sa_flags=SA_RESTART|SA_SIGINFO
SIGHUP: [libjvm.so+0xc722d0], sa_mask[0]=11111111011111111101111111111110, sa_flags=SA_RESTART|SA_SIGINFO
SIGINT: [libjvm.so+0xc722d0], sa_mask[0]=11111111011111111101111111111110, sa_flags=SA_RESTART|SA_SIGINFO
SIGTERM: [libjvm.so+0xc722d0], sa_mask[0]=11111111011111111101111111111110, sa_flags=SA_RESTART|SA_SIGINFO
SIGQUIT: [libjvm.so+0xc722d0], sa_mask[0]=11111111011111111101111111111110, sa_flags=SA_RESTART|SA_SIGINFO


---------------  S Y S T E M  ---------------

OS:DISTRIB_ID=Ubuntu
DISTRIB_RELEASE=20.04
DISTRIB_CODENAME=focal
DISTRIB_DESCRIPTION="Ubuntu 20.04.2 LTS"
uname:Linux 5.4.0-74-generic #83-Ubuntu SMP Sat May 8 02:35:39 UTC 2021 x86_64
libc:glibc 2.31 NPTL 2.31 
rlimit: STACK 8192k, CORE 0k, NPROC 63203, NOFILE 1048576, AS infinity, DATA infinity, FSIZE infinity
load average:2,88 3,08 2,75

/proc/meminfo:
MemTotal:       16238796 kB
MemFree:          398796 kB
MemAvailable:    2905728 kB
Buffers:          460300 kB
Cached:          2965628 kB
SwapCached:         3088 kB
Active:         11503704 kB
Inactive:        3181840 kB
Active(anon):    9987372 kB
Inactive(anon):  2349588 kB
Active(file):    1516332 kB
Inactive(file):   832252 kB
Unevictable:       29488 kB
Mlocked:             240 kB
SwapTotal:       7812092 kB
SwapFree:        7700476 kB
Dirty:              1244 kB
Writeback:             0 kB
AnonPages:      11286336 kB
Mapped:          1334040 kB
Shmem:           1140948 kB
KReclaimable:     498444 kB
Slab:             847700 kB
SReclaimable:     498444 kB
SUnreclaim:       349256 kB
KernelStack:       45024 kB
PageTables:       109144 kB
NFS_Unstable:          0 kB
Bounce:                0 kB
WritebackTmp:          0 kB
CommitLimit:    15931488 kB
Committed_AS:   30608392 kB
VmallocTotal:   34359738367 kB
VmallocUsed:       72364 kB
VmallocChunk:          0 kB
Percpu:            11872 kB
HardwareCorrupted:     0 kB
AnonHugePages:     28672 kB
ShmemHugePages:        0 kB
ShmemPmdMapped:        0 kB
FileHugePages:         0 kB
FilePmdMapped:         0 kB
CmaTotal:              0 kB
CmaFree:               0 kB
HugePages_Total:       0
HugePages_Free:        0
HugePages_Rsvd:        0
HugePages_Surp:        0
Hugepagesize:       2048 kB
Hugetlb:               0 kB
DirectMap4k:      632424 kB
DirectMap2M:    15984640 kB
DirectMap1G:     1048576 kB


/proc/sys/kernel/threads-max (system-wide limit on the number of threads):
126406


/proc/sys/vm/max_map_count (maximum number of memory map areas a process may have):
65530


/proc/sys/kernel/pid_max (system-wide limit on number of process identifiers):
4194304



container (cgroup) information:
container_type: cgroupv1
cpu_cpuset_cpus: 0-7
cpu_memory_nodes: 0
active_processor_count: 8
cpu_quota: -1
cpu_period: 100000
cpu_shares: -1
memory_limit_in_bytes: -1
memory_and_swap_limit_in_bytes: -2
memory_soft_limit_in_bytes: -1
memory_usage_in_bytes: 11008720896
memory_max_usage_in_bytes: 11258392576


CPU:total 8 (initial active 8) (4 cores per cpu, 2 threads per core) family 6 model 142 stepping 10 microcode 0xea, cmov, cx8, fxsr, mmx, sse, sse2, sse3, ssse3, sse4.1, sse4.2, popcnt, avx, avx2, aes, clmul, erms, 3dnowpref, lzcnt, ht, tsc, tscinvbit, bmi1, bmi2, adx, fma
CPU Model and flags from /proc/cpuinfo:
model name	: Intel(R) Core(TM) i5-8250U CPU @ 1.60GHz
flags		: fpu vme de pse tsc msr pae mce cx8 apic sep mtrr pge mca cmov pat pse36 clflush dts acpi mmx fxsr sse sse2 ss ht tm pbe syscall nx pdpe1gb rdtscp lm constant_tsc art arch_perfmon pebs bts rep_good nopl xtopology nonstop_tsc cpuid aperfmperf pni pclmulqdq dtes64 monitor ds_cpl vmx est tm2 ssse3 sdbg fma cx16 xtpr pdcm pcid sse4_1 sse4_2 x2apic movbe popcnt tsc_deadline_timer aes xsave avx f16c rdrand lahf_lm abm 3dnowprefetch cpuid_fault epb invpcid_single pti ssbd ibrs ibpb stibp tpr_shadow vnmi flexpriority ept vpid ept_ad fsgsbase tsc_adjust bmi1 avx2 smep bmi2 erms invpcid mpx rdseed adx smap clflushopt intel_pt xsaveopt xsavec xgetbv1 xsaves dtherm ida arat pln pts hwp hwp_notify hwp_act_window hwp_epp md_clear flush_l1d

Memory: 4k page, physical 16238796k(398796k free), swap 7812092k(7700476k free)

vm_info: Java HotSpot(TM) 64-Bit Server VM (11.0.11+9-LTS-194) for linux-amd64 JRE (11.0.11+9-LTS-194), built on Mar 18 2021 17:46:40 by "mach5one" with gcc 7.3.0

END.
