#
# A fatal error has been detected by the Java Runtime Environment:
#
#  SIGSEGV (0xb) at pc=0x00007f939af0efa0, pid=73619, tid=73619
#
# JRE version: Java(TM) SE Runtime Environment 18.9 (11.0.11+9) (build 11.0.11+9-LTS-194)
# Java VM: Java HotSpot(TM) 64-Bit Server VM 18.9 (11.0.11+9-LTS-194, mixed mode, tiered, compressed oops, g1 gc, linux-amd64)
# Problematic frame:
# V  [libjvm.so+0xc71fa0]  SR_handler(int, siginfo*, ucontext*)+0x30
#
# Core dump will be written. Default location: Core dumps may be processed with "/usr/share/apport/apport %p %s %c %d %P %E" (or dumping to /home/arsene/IdeaProjects/model-services/workflow-dsl/dsl_backend/language_server/core.73619)
#
# If you would like to submit a bug report, please visit:
#   https://bugreport.java.com/bugreport/crash.jsp
#

---------------  S U M M A R Y ------------

Command Line: /home/arsene/IdeaProjects/model-services/workflow-dsl/dsl_backend/language_server/language_server.jar

Host: Intel(R) Core(TM) i5-8250U CPU @ 1.60GHz, 8 cores, 15G, Ubuntu 20.04.2 LTS
Time: Sat Jun 19 15:22:30 2021 CEST elapsed time: 59.405933 seconds (0d 0h 0m 59s)

---------------  T H R E A D  ---------------

Current thread is native thread

Stack: [0x00007ffe7ea20000,0x00007ffe7f21c000],  sp=0x00007ffe7f216d40,  free space=8155k
Native frames: (J=compiled Java code, A=aot compiled Java code, j=interpreted, Vv=VM code, C=native code)
V  [libjvm.so+0xc71fa0]  SR_handler(int, siginfo*, ucontext*)+0x30
C  [libpthread.so.0+0x153c0]


siginfo: si_signo: 11 (SIGSEGV), si_code: 1 (SEGV_MAPERR), si_addr: 0x00000000000000d0

Register to memory mapping:

RAX=0x0 is NULL
RBX=
[error occurred during error reporting (printing register info), id 0xb, SIGSEGV (0xb) at pc=0x00007f939b0dec37]

Registers:
RAX=0x0000000000000000, RBX=0x00007f939b7a3fc0, RCX=0x00007f939bbb8cd7, RDX=0x0000000000000000
RSP=0x00007ffe7f216d40, RBP=0x00007ffe7f216df0, RSI=0x00007ffe7f216f30, RDI=0x0000000000000001
R8 =0x0000000000000000, R9 =0x00007f939a14d700, R10=0x0000000000000000, R11=0x0000000000000246
R12=0x0000000000000000, R13=0x00007ffe7f216f30, R14=0x00007ffe7f216e00, R15=0x00007f939a14d700
RIP=0x00007f939af0efa0, EFLAGS=0x0000000000010246, CSGSFS=0x002b000000000033, ERR=0x0000000000000004
  TRAPNO=0x000000000000000e

Top of Stack: (sp=0x00007ffe7f216d40)
0x00007ffe7f216d40:   0000000180000002 0000000000000000
0x00007ffe7f216d50:   0000000000000000 0000000000000000
0x00007ffe7f216d60:   6575715f544d4e00 3d006b636f4c7972
0x00007ffe7f216d70:   0000000000000000 0000000000000000 

Instructions: (pc=0x00007f939af0efa0)
0x00007f939af0ef80:   49 89 f5 48 81 ec 88 00 00 00 e8 31 17 60 ff 48
0x00007f939af0ef90:   89 c3 44 8b 20 e8 66 e6 1c 00 31 d2 84 c0 75 38
0x00007f939af0efa0:   48 83 ba d0 00 00 00 00 74 16 4c 8b ba 70 02 00
0x00007f939af0efb0:   00 41 8b 87 a8 00 00 00 83 f8 01 74 2b 44 89 23 

Stack slot to memory mapping:
stack at sp + 0 slots: 
[error occurred during error reporting (inspecting top of stack), id 0xb, SIGSEGV (0xb) at pc=0x00007f939b0dec37]


---------------  P R O C E S S  ---------------

VM state:not at safepoint (normal execution)

VM Mutex/Monitor currently owned by a thread: None

Heap address: 0x0000000708200000, size: 3966 MB, Compressed Oops mode: Zero based, Oop shift amount: 3
Narrow klass base: 0x0000000800000000, Narrow klass shift: 0
Compressed class space size: 1073741824 Address: 0x0000000800000000

Heap:
 garbage-first heap   total 253952K, used 33368K [0x0000000708200000, 0x0000000800000000)
  region size 1024K, 33 young (33792K), 3 survivors (3072K)
 Metaspace       used 17370K, capacity 17777K, committed 18048K, reserved 1064960K
  class space    used 1727K, capacity 1822K, committed 1920K, reserved 1048576K
Heap Regions: E=young(eden), S=young(survivor), O=old, HS=humongous(starts), HC=humongous(continues), CS=collection set, F=free, A=archive, TAMS=top-at-mark-start (previous, next)
|   0|0x0000000708200000, 0x0000000708300000, 0x0000000708300000|100%| O|  |TAMS 0x0000000708200000, 0x0000000708200000| Untracked 
|   1|0x0000000708300000, 0x0000000708396200, 0x0000000708400000| 58%| O|  |TAMS 0x0000000708300000, 0x0000000708300000| Untracked 
|   2|0x0000000708400000, 0x0000000708400000, 0x0000000708500000|  0%| F|  |TAMS 0x0000000708400000, 0x0000000708400000| Untracked 
|   3|0x0000000708500000, 0x0000000708500000, 0x0000000708600000|  0%| F|  |TAMS 0x0000000708500000, 0x0000000708500000| Untracked 
|   4|0x0000000708600000, 0x0000000708600000, 0x0000000708700000|  0%| F|  |TAMS 0x0000000708600000, 0x0000000708600000| Untracked 
|   5|0x0000000708700000, 0x0000000708700000, 0x0000000708800000|  0%| F|  |TAMS 0x0000000708700000, 0x0000000708700000| Untracked 
|   6|0x0000000708800000, 0x0000000708800000, 0x0000000708900000|  0%| F|  |TAMS 0x0000000708800000, 0x0000000708800000| Untracked 
|   7|0x0000000708900000, 0x0000000708900000, 0x0000000708a00000|  0%| F|  |TAMS 0x0000000708900000, 0x0000000708900000| Untracked 
|   8|0x0000000708a00000, 0x0000000708a00000, 0x0000000708b00000|  0%| F|  |TAMS 0x0000000708a00000, 0x0000000708a00000| Untracked 
|   9|0x0000000708b00000, 0x0000000708b00000, 0x0000000708c00000|  0%| F|  |TAMS 0x0000000708b00000, 0x0000000708b00000| Untracked 
|  10|0x0000000708c00000, 0x0000000708c00000, 0x0000000708d00000|  0%| F|  |TAMS 0x0000000708c00000, 0x0000000708c00000| Untracked 
|  11|0x0000000708d00000, 0x0000000708d00000, 0x0000000708e00000|  0%| F|  |TAMS 0x0000000708d00000, 0x0000000708d00000| Untracked 
|  12|0x0000000708e00000, 0x0000000708e00000, 0x0000000708f00000|  0%| F|  |TAMS 0x0000000708e00000, 0x0000000708e00000| Untracked 
|  13|0x0000000708f00000, 0x0000000708f00000, 0x0000000709000000|  0%| F|  |TAMS 0x0000000708f00000, 0x0000000708f00000| Untracked 
|  14|0x0000000709000000, 0x0000000709000000, 0x0000000709100000|  0%| F|  |TAMS 0x0000000709000000, 0x0000000709000000| Untracked 
|  15|0x0000000709100000, 0x0000000709100000, 0x0000000709200000|  0%| F|  |TAMS 0x0000000709100000, 0x0000000709100000| Untracked 
|  16|0x0000000709200000, 0x0000000709200000, 0x0000000709300000|  0%| F|  |TAMS 0x0000000709200000, 0x0000000709200000| Untracked 
|  17|0x0000000709300000, 0x0000000709300000, 0x0000000709400000|  0%| F|  |TAMS 0x0000000709300000, 0x0000000709300000| Untracked 
|  18|0x0000000709400000, 0x0000000709400000, 0x0000000709500000|  0%| F|  |TAMS 0x0000000709400000, 0x0000000709400000| Untracked 
|  19|0x0000000709500000, 0x0000000709500000, 0x0000000709600000|  0%| F|  |TAMS 0x0000000709500000, 0x0000000709500000| Untracked 
|  20|0x0000000709600000, 0x0000000709600000, 0x0000000709700000|  0%| F|  |TAMS 0x0000000709600000, 0x0000000709600000| Untracked 
|  21|0x0000000709700000, 0x0000000709700000, 0x0000000709800000|  0%| F|  |TAMS 0x0000000709700000, 0x0000000709700000| Untracked 
|  22|0x0000000709800000, 0x0000000709800000, 0x0000000709900000|  0%| F|  |TAMS 0x0000000709800000, 0x0000000709800000| Untracked 
|  23|0x0000000709900000, 0x0000000709900000, 0x0000000709a00000|  0%| F|  |TAMS 0x0000000709900000, 0x0000000709900000| Untracked 
|  24|0x0000000709a00000, 0x0000000709a00000, 0x0000000709b00000|  0%| F|  |TAMS 0x0000000709a00000, 0x0000000709a00000| Untracked 
|  25|0x0000000709b00000, 0x0000000709b00000, 0x0000000709c00000|  0%| F|  |TAMS 0x0000000709b00000, 0x0000000709b00000| Untracked 
|  26|0x0000000709c00000, 0x0000000709c00000, 0x0000000709d00000|  0%| F|  |TAMS 0x0000000709c00000, 0x0000000709c00000| Untracked 
|  27|0x0000000709d00000, 0x0000000709d00000, 0x0000000709e00000|  0%| F|  |TAMS 0x0000000709d00000, 0x0000000709d00000| Untracked 
|  28|0x0000000709e00000, 0x0000000709e00000, 0x0000000709f00000|  0%| F|  |TAMS 0x0000000709e00000, 0x0000000709e00000| Untracked 
|  29|0x0000000709f00000, 0x0000000709f00000, 0x000000070a000000|  0%| F|  |TAMS 0x0000000709f00000, 0x0000000709f00000| Untracked 
|  30|0x000000070a000000, 0x000000070a000000, 0x000000070a100000|  0%| F|  |TAMS 0x000000070a000000, 0x000000070a000000| Untracked 
|  31|0x000000070a100000, 0x000000070a100000, 0x000000070a200000|  0%| F|  |TAMS 0x000000070a100000, 0x000000070a100000| Untracked 
|  32|0x000000070a200000, 0x000000070a200000, 0x000000070a300000|  0%| F|  |TAMS 0x000000070a200000, 0x000000070a200000| Untracked 
|  33|0x000000070a300000, 0x000000070a300000, 0x000000070a400000|  0%| F|  |TAMS 0x000000070a300000, 0x000000070a300000| Untracked 
|  34|0x000000070a400000, 0x000000070a400000, 0x000000070a500000|  0%| F|  |TAMS 0x000000070a400000, 0x000000070a400000| Untracked 
|  35|0x000000070a500000, 0x000000070a500000, 0x000000070a600000|  0%| F|  |TAMS 0x000000070a500000, 0x000000070a500000| Untracked 
|  36|0x000000070a600000, 0x000000070a600000, 0x000000070a700000|  0%| F|  |TAMS 0x000000070a600000, 0x000000070a600000| Untracked 
|  37|0x000000070a700000, 0x000000070a700000, 0x000000070a800000|  0%| F|  |TAMS 0x000000070a700000, 0x000000070a700000| Untracked 
|  38|0x000000070a800000, 0x000000070a800000, 0x000000070a900000|  0%| F|  |TAMS 0x000000070a800000, 0x000000070a800000| Untracked 
|  39|0x000000070a900000, 0x000000070a900000, 0x000000070aa00000|  0%| F|  |TAMS 0x000000070a900000, 0x000000070a900000| Untracked 
|  40|0x000000070aa00000, 0x000000070aa00000, 0x000000070ab00000|  0%| F|  |TAMS 0x000000070aa00000, 0x000000070aa00000| Untracked 
|  41|0x000000070ab00000, 0x000000070ab00000, 0x000000070ac00000|  0%| F|  |TAMS 0x000000070ab00000, 0x000000070ab00000| Untracked 
|  42|0x000000070ac00000, 0x000000070ac00000, 0x000000070ad00000|  0%| F|  |TAMS 0x000000070ac00000, 0x000000070ac00000| Untracked 
|  43|0x000000070ad00000, 0x000000070ad00000, 0x000000070ae00000|  0%| F|  |TAMS 0x000000070ad00000, 0x000000070ad00000| Untracked 
|  44|0x000000070ae00000, 0x000000070ae00000, 0x000000070af00000|  0%| F|  |TAMS 0x000000070ae00000, 0x000000070ae00000| Untracked 
|  45|0x000000070af00000, 0x000000070af00000, 0x000000070b000000|  0%| F|  |TAMS 0x000000070af00000, 0x000000070af00000| Untracked 
|  46|0x000000070b000000, 0x000000070b000000, 0x000000070b100000|  0%| F|  |TAMS 0x000000070b000000, 0x000000070b000000| Untracked 
|  47|0x000000070b100000, 0x000000070b100000, 0x000000070b200000|  0%| F|  |TAMS 0x000000070b100000, 0x000000070b100000| Untracked 
|  48|0x000000070b200000, 0x000000070b200000, 0x000000070b300000|  0%| F|  |TAMS 0x000000070b200000, 0x000000070b200000| Untracked 
|  49|0x000000070b300000, 0x000000070b300000, 0x000000070b400000|  0%| F|  |TAMS 0x000000070b300000, 0x000000070b300000| Untracked 
|  50|0x000000070b400000, 0x000000070b400000, 0x000000070b500000|  0%| F|  |TAMS 0x000000070b400000, 0x000000070b400000| Untracked 
|  51|0x000000070b500000, 0x000000070b500000, 0x000000070b600000|  0%| F|  |TAMS 0x000000070b500000, 0x000000070b500000| Untracked 
|  52|0x000000070b600000, 0x000000070b600000, 0x000000070b700000|  0%| F|  |TAMS 0x000000070b600000, 0x000000070b600000| Untracked 
|  53|0x000000070b700000, 0x000000070b700000, 0x000000070b800000|  0%| F|  |TAMS 0x000000070b700000, 0x000000070b700000| Untracked 
|  54|0x000000070b800000, 0x000000070b800000, 0x000000070b900000|  0%| F|  |TAMS 0x000000070b800000, 0x000000070b800000| Untracked 
|  55|0x000000070b900000, 0x000000070b900000, 0x000000070ba00000|  0%| F|  |TAMS 0x000000070b900000, 0x000000070b900000| Untracked 
|  56|0x000000070ba00000, 0x000000070ba00000, 0x000000070bb00000|  0%| F|  |TAMS 0x000000070ba00000, 0x000000070ba00000| Untracked 
|  57|0x000000070bb00000, 0x000000070bb00000, 0x000000070bc00000|  0%| F|  |TAMS 0x000000070bb00000, 0x000000070bb00000| Untracked 
|  58|0x000000070bc00000, 0x000000070bc00000, 0x000000070bd00000|  0%| F|  |TAMS 0x000000070bc00000, 0x000000070bc00000| Untracked 
|  59|0x000000070bd00000, 0x000000070bd00000, 0x000000070be00000|  0%| F|  |TAMS 0x000000070bd00000, 0x000000070bd00000| Untracked 
|  60|0x000000070be00000, 0x000000070be00000, 0x000000070bf00000|  0%| F|  |TAMS 0x000000070be00000, 0x000000070be00000| Untracked 
|  61|0x000000070bf00000, 0x000000070bf00000, 0x000000070c000000|  0%| F|  |TAMS 0x000000070bf00000, 0x000000070bf00000| Untracked 
|  62|0x000000070c000000, 0x000000070c000000, 0x000000070c100000|  0%| F|  |TAMS 0x000000070c000000, 0x000000070c000000| Untracked 
|  63|0x000000070c100000, 0x000000070c100000, 0x000000070c200000|  0%| F|  |TAMS 0x000000070c100000, 0x000000070c100000| Untracked 
|  64|0x000000070c200000, 0x000000070c200000, 0x000000070c300000|  0%| F|  |TAMS 0x000000070c200000, 0x000000070c200000| Untracked 
|  65|0x000000070c300000, 0x000000070c300000, 0x000000070c400000|  0%| F|  |TAMS 0x000000070c300000, 0x000000070c300000| Untracked 
|  66|0x000000070c400000, 0x000000070c400000, 0x000000070c500000|  0%| F|  |TAMS 0x000000070c400000, 0x000000070c400000| Untracked 
|  67|0x000000070c500000, 0x000000070c500000, 0x000000070c600000|  0%| F|  |TAMS 0x000000070c500000, 0x000000070c500000| Untracked 
|  68|0x000000070c600000, 0x000000070c600000, 0x000000070c700000|  0%| F|  |TAMS 0x000000070c600000, 0x000000070c600000| Untracked 
|  69|0x000000070c700000, 0x000000070c700000, 0x000000070c800000|  0%| F|  |TAMS 0x000000070c700000, 0x000000070c700000| Untracked 
|  70|0x000000070c800000, 0x000000070c800000, 0x000000070c900000|  0%| F|  |TAMS 0x000000070c800000, 0x000000070c800000| Untracked 
|  71|0x000000070c900000, 0x000000070c900000, 0x000000070ca00000|  0%| F|  |TAMS 0x000000070c900000, 0x000000070c900000| Untracked 
|  72|0x000000070ca00000, 0x000000070ca00000, 0x000000070cb00000|  0%| F|  |TAMS 0x000000070ca00000, 0x000000070ca00000| Untracked 
|  73|0x000000070cb00000, 0x000000070cb00000, 0x000000070cc00000|  0%| F|  |TAMS 0x000000070cb00000, 0x000000070cb00000| Untracked 
|  74|0x000000070cc00000, 0x000000070cc00000, 0x000000070cd00000|  0%| F|  |TAMS 0x000000070cc00000, 0x000000070cc00000| Untracked 
|  75|0x000000070cd00000, 0x000000070cd00000, 0x000000070ce00000|  0%| F|  |TAMS 0x000000070cd00000, 0x000000070cd00000| Untracked 
|  76|0x000000070ce00000, 0x000000070ce00000, 0x000000070cf00000|  0%| F|  |TAMS 0x000000070ce00000, 0x000000070ce00000| Untracked 
|  77|0x000000070cf00000, 0x000000070cf00000, 0x000000070d000000|  0%| F|  |TAMS 0x000000070cf00000, 0x000000070cf00000| Untracked 
|  78|0x000000070d000000, 0x000000070d000000, 0x000000070d100000|  0%| F|  |TAMS 0x000000070d000000, 0x000000070d000000| Untracked 
|  79|0x000000070d100000, 0x000000070d100000, 0x000000070d200000|  0%| F|  |TAMS 0x000000070d100000, 0x000000070d100000| Untracked 
|  80|0x000000070d200000, 0x000000070d200000, 0x000000070d300000|  0%| F|  |TAMS 0x000000070d200000, 0x000000070d200000| Untracked 
|  81|0x000000070d300000, 0x000000070d300000, 0x000000070d400000|  0%| F|  |TAMS 0x000000070d300000, 0x000000070d300000| Untracked 
|  82|0x000000070d400000, 0x000000070d400000, 0x000000070d500000|  0%| F|  |TAMS 0x000000070d400000, 0x000000070d400000| Untracked 
|  83|0x000000070d500000, 0x000000070d500000, 0x000000070d600000|  0%| F|  |TAMS 0x000000070d500000, 0x000000070d500000| Untracked 
|  84|0x000000070d600000, 0x000000070d600000, 0x000000070d700000|  0%| F|  |TAMS 0x000000070d600000, 0x000000070d600000| Untracked 
|  85|0x000000070d700000, 0x000000070d700000, 0x000000070d800000|  0%| F|  |TAMS 0x000000070d700000, 0x000000070d700000| Untracked 
|  86|0x000000070d800000, 0x000000070d800000, 0x000000070d900000|  0%| F|  |TAMS 0x000000070d800000, 0x000000070d800000| Untracked 
|  87|0x000000070d900000, 0x000000070d900000, 0x000000070da00000|  0%| F|  |TAMS 0x000000070d900000, 0x000000070d900000| Untracked 
|  88|0x000000070da00000, 0x000000070da00000, 0x000000070db00000|  0%| F|  |TAMS 0x000000070da00000, 0x000000070da00000| Untracked 
|  89|0x000000070db00000, 0x000000070db00000, 0x000000070dc00000|  0%| F|  |TAMS 0x000000070db00000, 0x000000070db00000| Untracked 
|  90|0x000000070dc00000, 0x000000070dc00000, 0x000000070dd00000|  0%| F|  |TAMS 0x000000070dc00000, 0x000000070dc00000| Untracked 
|  91|0x000000070dd00000, 0x000000070dd00000, 0x000000070de00000|  0%| F|  |TAMS 0x000000070dd00000, 0x000000070dd00000| Untracked 
|  92|0x000000070de00000, 0x000000070de00000, 0x000000070df00000|  0%| F|  |TAMS 0x000000070de00000, 0x000000070de00000| Untracked 
|  93|0x000000070df00000, 0x000000070df00000, 0x000000070e000000|  0%| F|  |TAMS 0x000000070df00000, 0x000000070df00000| Untracked 
|  94|0x000000070e000000, 0x000000070e000000, 0x000000070e100000|  0%| F|  |TAMS 0x000000070e000000, 0x000000070e000000| Untracked 
|  95|0x000000070e100000, 0x000000070e100000, 0x000000070e200000|  0%| F|  |TAMS 0x000000070e100000, 0x000000070e100000| Untracked 
|  96|0x000000070e200000, 0x000000070e200000, 0x000000070e300000|  0%| F|  |TAMS 0x000000070e200000, 0x000000070e200000| Untracked 
|  97|0x000000070e300000, 0x000000070e300000, 0x000000070e400000|  0%| F|  |TAMS 0x000000070e300000, 0x000000070e300000| Untracked 
|  98|0x000000070e400000, 0x000000070e400000, 0x000000070e500000|  0%| F|  |TAMS 0x000000070e400000, 0x000000070e400000| Untracked 
|  99|0x000000070e500000, 0x000000070e500000, 0x000000070e600000|  0%| F|  |TAMS 0x000000070e500000, 0x000000070e500000| Untracked 
| 100|0x000000070e600000, 0x000000070e600000, 0x000000070e700000|  0%| F|  |TAMS 0x000000070e600000, 0x000000070e600000| Untracked 
| 101|0x000000070e700000, 0x000000070e700000, 0x000000070e800000|  0%| F|  |TAMS 0x000000070e700000, 0x000000070e700000| Untracked 
| 102|0x000000070e800000, 0x000000070e800000, 0x000000070e900000|  0%| F|  |TAMS 0x000000070e800000, 0x000000070e800000| Untracked 
| 103|0x000000070e900000, 0x000000070e900000, 0x000000070ea00000|  0%| F|  |TAMS 0x000000070e900000, 0x000000070e900000| Untracked 
| 104|0x000000070ea00000, 0x000000070ea00000, 0x000000070eb00000|  0%| F|  |TAMS 0x000000070ea00000, 0x000000070ea00000| Untracked 
| 105|0x000000070eb00000, 0x000000070eb00000, 0x000000070ec00000|  0%| F|  |TAMS 0x000000070eb00000, 0x000000070eb00000| Untracked 
| 106|0x000000070ec00000, 0x000000070ec00000, 0x000000070ed00000|  0%| F|  |TAMS 0x000000070ec00000, 0x000000070ec00000| Untracked 
| 107|0x000000070ed00000, 0x000000070ed00000, 0x000000070ee00000|  0%| F|  |TAMS 0x000000070ed00000, 0x000000070ed00000| Untracked 
| 108|0x000000070ee00000, 0x000000070ee00000, 0x000000070ef00000|  0%| F|  |TAMS 0x000000070ee00000, 0x000000070ee00000| Untracked 
| 109|0x000000070ef00000, 0x000000070ef00000, 0x000000070f000000|  0%| F|  |TAMS 0x000000070ef00000, 0x000000070ef00000| Untracked 
| 110|0x000000070f000000, 0x000000070f000000, 0x000000070f100000|  0%| F|  |TAMS 0x000000070f000000, 0x000000070f000000| Untracked 
| 111|0x000000070f100000, 0x000000070f100000, 0x000000070f200000|  0%| F|  |TAMS 0x000000070f100000, 0x000000070f100000| Untracked 
| 112|0x000000070f200000, 0x000000070f200000, 0x000000070f300000|  0%| F|  |TAMS 0x000000070f200000, 0x000000070f200000| Untracked 
| 113|0x000000070f300000, 0x000000070f300000, 0x000000070f400000|  0%| F|  |TAMS 0x000000070f300000, 0x000000070f300000| Untracked 
| 114|0x000000070f400000, 0x000000070f400000, 0x000000070f500000|  0%| F|  |TAMS 0x000000070f400000, 0x000000070f400000| Untracked 
| 115|0x000000070f500000, 0x000000070f500000, 0x000000070f600000|  0%| F|  |TAMS 0x000000070f500000, 0x000000070f500000| Untracked 
| 116|0x000000070f600000, 0x000000070f600000, 0x000000070f700000|  0%| F|  |TAMS 0x000000070f600000, 0x000000070f600000| Untracked 
| 117|0x000000070f700000, 0x000000070f700000, 0x000000070f800000|  0%| F|  |TAMS 0x000000070f700000, 0x000000070f700000| Untracked 
| 118|0x000000070f800000, 0x000000070f800000, 0x000000070f900000|  0%| F|  |TAMS 0x000000070f800000, 0x000000070f800000| Untracked 
| 119|0x000000070f900000, 0x000000070f900000, 0x000000070fa00000|  0%| F|  |TAMS 0x000000070f900000, 0x000000070f900000| Untracked 
| 120|0x000000070fa00000, 0x000000070fa00000, 0x000000070fb00000|  0%| F|  |TAMS 0x000000070fa00000, 0x000000070fa00000| Untracked 
| 121|0x000000070fb00000, 0x000000070fb00000, 0x000000070fc00000|  0%| F|  |TAMS 0x000000070fb00000, 0x000000070fb00000| Untracked 
| 122|0x000000070fc00000, 0x000000070fc00000, 0x000000070fd00000|  0%| F|  |TAMS 0x000000070fc00000, 0x000000070fc00000| Untracked 
| 123|0x000000070fd00000, 0x000000070fd00000, 0x000000070fe00000|  0%| F|  |TAMS 0x000000070fd00000, 0x000000070fd00000| Untracked 
| 124|0x000000070fe00000, 0x000000070fe00000, 0x000000070ff00000|  0%| F|  |TAMS 0x000000070fe00000, 0x000000070fe00000| Untracked 
| 125|0x000000070ff00000, 0x000000070ff00000, 0x0000000710000000|  0%| F|  |TAMS 0x000000070ff00000, 0x000000070ff00000| Untracked 
| 126|0x0000000710000000, 0x0000000710000000, 0x0000000710100000|  0%| F|  |TAMS 0x0000000710000000, 0x0000000710000000| Untracked 
| 127|0x0000000710100000, 0x0000000710100000, 0x0000000710200000|  0%| F|  |TAMS 0x0000000710100000, 0x0000000710100000| Untracked 
| 128|0x0000000710200000, 0x0000000710200000, 0x0000000710300000|  0%| F|  |TAMS 0x0000000710200000, 0x0000000710200000| Untracked 
| 129|0x0000000710300000, 0x0000000710300000, 0x0000000710400000|  0%| F|  |TAMS 0x0000000710300000, 0x0000000710300000| Untracked 
| 130|0x0000000710400000, 0x0000000710400000, 0x0000000710500000|  0%| F|  |TAMS 0x0000000710400000, 0x0000000710400000| Untracked 
| 131|0x0000000710500000, 0x0000000710500000, 0x0000000710600000|  0%| F|  |TAMS 0x0000000710500000, 0x0000000710500000| Untracked 
| 132|0x0000000710600000, 0x0000000710600000, 0x0000000710700000|  0%| F|  |TAMS 0x0000000710600000, 0x0000000710600000| Untracked 
| 133|0x0000000710700000, 0x0000000710700000, 0x0000000710800000|  0%| F|  |TAMS 0x0000000710700000, 0x0000000710700000| Untracked 
| 134|0x0000000710800000, 0x0000000710800000, 0x0000000710900000|  0%| F|  |TAMS 0x0000000710800000, 0x0000000710800000| Untracked 
| 135|0x0000000710900000, 0x0000000710900000, 0x0000000710a00000|  0%| F|  |TAMS 0x0000000710900000, 0x0000000710900000| Untracked 
| 136|0x0000000710a00000, 0x0000000710a00000, 0x0000000710b00000|  0%| F|  |TAMS 0x0000000710a00000, 0x0000000710a00000| Untracked 
| 137|0x0000000710b00000, 0x0000000710b00000, 0x0000000710c00000|  0%| F|  |TAMS 0x0000000710b00000, 0x0000000710b00000| Untracked 
| 138|0x0000000710c00000, 0x0000000710c00000, 0x0000000710d00000|  0%| F|  |TAMS 0x0000000710c00000, 0x0000000710c00000| Untracked 
| 139|0x0000000710d00000, 0x0000000710d00000, 0x0000000710e00000|  0%| F|  |TAMS 0x0000000710d00000, 0x0000000710d00000| Untracked 
| 140|0x0000000710e00000, 0x0000000710e00000, 0x0000000710f00000|  0%| F|  |TAMS 0x0000000710e00000, 0x0000000710e00000| Untracked 
| 141|0x0000000710f00000, 0x0000000710f00000, 0x0000000711000000|  0%| F|  |TAMS 0x0000000710f00000, 0x0000000710f00000| Untracked 
| 142|0x0000000711000000, 0x0000000711000000, 0x0000000711100000|  0%| F|  |TAMS 0x0000000711000000, 0x0000000711000000| Untracked 
| 143|0x0000000711100000, 0x0000000711100000, 0x0000000711200000|  0%| F|  |TAMS 0x0000000711100000, 0x0000000711100000| Untracked 
| 144|0x0000000711200000, 0x0000000711200000, 0x0000000711300000|  0%| F|  |TAMS 0x0000000711200000, 0x0000000711200000| Untracked 
| 145|0x0000000711300000, 0x0000000711300000, 0x0000000711400000|  0%| F|  |TAMS 0x0000000711300000, 0x0000000711300000| Untracked 
| 146|0x0000000711400000, 0x0000000711400000, 0x0000000711500000|  0%| F|  |TAMS 0x0000000711400000, 0x0000000711400000| Untracked 
| 147|0x0000000711500000, 0x0000000711500000, 0x0000000711600000|  0%| F|  |TAMS 0x0000000711500000, 0x0000000711500000| Untracked 
| 148|0x0000000711600000, 0x0000000711600000, 0x0000000711700000|  0%| F|  |TAMS 0x0000000711600000, 0x0000000711600000| Untracked 
| 149|0x0000000711700000, 0x0000000711700000, 0x0000000711800000|  0%| F|  |TAMS 0x0000000711700000, 0x0000000711700000| Untracked 
| 150|0x0000000711800000, 0x0000000711800000, 0x0000000711900000|  0%| F|  |TAMS 0x0000000711800000, 0x0000000711800000| Untracked 
| 151|0x0000000711900000, 0x0000000711900000, 0x0000000711a00000|  0%| F|  |TAMS 0x0000000711900000, 0x0000000711900000| Untracked 
| 152|0x0000000711a00000, 0x0000000711a00000, 0x0000000711b00000|  0%| F|  |TAMS 0x0000000711a00000, 0x0000000711a00000| Untracked 
| 153|0x0000000711b00000, 0x0000000711b00000, 0x0000000711c00000|  0%| F|  |TAMS 0x0000000711b00000, 0x0000000711b00000| Untracked 
| 154|0x0000000711c00000, 0x0000000711c00000, 0x0000000711d00000|  0%| F|  |TAMS 0x0000000711c00000, 0x0000000711c00000| Untracked 
| 155|0x0000000711d00000, 0x0000000711d00000, 0x0000000711e00000|  0%| F|  |TAMS 0x0000000711d00000, 0x0000000711d00000| Untracked 
| 156|0x0000000711e00000, 0x0000000711e00000, 0x0000000711f00000|  0%| F|  |TAMS 0x0000000711e00000, 0x0000000711e00000| Untracked 
| 157|0x0000000711f00000, 0x0000000711f00000, 0x0000000712000000|  0%| F|  |TAMS 0x0000000711f00000, 0x0000000711f00000| Untracked 
| 158|0x0000000712000000, 0x0000000712000000, 0x0000000712100000|  0%| F|  |TAMS 0x0000000712000000, 0x0000000712000000| Untracked 
| 159|0x0000000712100000, 0x0000000712100000, 0x0000000712200000|  0%| F|  |TAMS 0x0000000712100000, 0x0000000712100000| Untracked 
| 160|0x0000000712200000, 0x0000000712200000, 0x0000000712300000|  0%| F|  |TAMS 0x0000000712200000, 0x0000000712200000| Untracked 
| 161|0x0000000712300000, 0x0000000712300000, 0x0000000712400000|  0%| F|  |TAMS 0x0000000712300000, 0x0000000712300000| Untracked 
| 162|0x0000000712400000, 0x0000000712400000, 0x0000000712500000|  0%| F|  |TAMS 0x0000000712400000, 0x0000000712400000| Untracked 
| 163|0x0000000712500000, 0x0000000712500000, 0x0000000712600000|  0%| F|  |TAMS 0x0000000712500000, 0x0000000712500000| Untracked 
| 164|0x0000000712600000, 0x0000000712600000, 0x0000000712700000|  0%| F|  |TAMS 0x0000000712600000, 0x0000000712600000| Untracked 
| 165|0x0000000712700000, 0x0000000712700000, 0x0000000712800000|  0%| F|  |TAMS 0x0000000712700000, 0x0000000712700000| Untracked 
| 166|0x0000000712800000, 0x0000000712800000, 0x0000000712900000|  0%| F|  |TAMS 0x0000000712800000, 0x0000000712800000| Untracked 
| 167|0x0000000712900000, 0x0000000712900000, 0x0000000712a00000|  0%| F|  |TAMS 0x0000000712900000, 0x0000000712900000| Untracked 
| 168|0x0000000712a00000, 0x0000000712a00000, 0x0000000712b00000|  0%| F|  |TAMS 0x0000000712a00000, 0x0000000712a00000| Untracked 
| 169|0x0000000712b00000, 0x0000000712b00000, 0x0000000712c00000|  0%| F|  |TAMS 0x0000000712b00000, 0x0000000712b00000| Untracked 
| 170|0x0000000712c00000, 0x0000000712c00000, 0x0000000712d00000|  0%| F|  |TAMS 0x0000000712c00000, 0x0000000712c00000| Untracked 
| 171|0x0000000712d00000, 0x0000000712d00000, 0x0000000712e00000|  0%| F|  |TAMS 0x0000000712d00000, 0x0000000712d00000| Untracked 
| 172|0x0000000712e00000, 0x0000000712e00000, 0x0000000712f00000|  0%| F|  |TAMS 0x0000000712e00000, 0x0000000712e00000| Untracked 
| 173|0x0000000712f00000, 0x0000000712f00000, 0x0000000713000000|  0%| F|  |TAMS 0x0000000712f00000, 0x0000000712f00000| Untracked 
| 174|0x0000000713000000, 0x0000000713000000, 0x0000000713100000|  0%| F|  |TAMS 0x0000000713000000, 0x0000000713000000| Untracked 
| 175|0x0000000713100000, 0x0000000713100000, 0x0000000713200000|  0%| F|  |TAMS 0x0000000713100000, 0x0000000713100000| Untracked 
| 176|0x0000000713200000, 0x0000000713200000, 0x0000000713300000|  0%| F|  |TAMS 0x0000000713200000, 0x0000000713200000| Untracked 
| 177|0x0000000713300000, 0x0000000713300000, 0x0000000713400000|  0%| F|  |TAMS 0x0000000713300000, 0x0000000713300000| Untracked 
| 178|0x0000000713400000, 0x0000000713400000, 0x0000000713500000|  0%| F|  |TAMS 0x0000000713400000, 0x0000000713400000| Untracked 
| 179|0x0000000713500000, 0x0000000713500000, 0x0000000713600000|  0%| F|  |TAMS 0x0000000713500000, 0x0000000713500000| Untracked 
| 180|0x0000000713600000, 0x0000000713600000, 0x0000000713700000|  0%| F|  |TAMS 0x0000000713600000, 0x0000000713600000| Untracked 
| 181|0x0000000713700000, 0x0000000713700000, 0x0000000713800000|  0%| F|  |TAMS 0x0000000713700000, 0x0000000713700000| Untracked 
| 182|0x0000000713800000, 0x0000000713800000, 0x0000000713900000|  0%| F|  |TAMS 0x0000000713800000, 0x0000000713800000| Untracked 
| 183|0x0000000713900000, 0x0000000713900000, 0x0000000713a00000|  0%| F|  |TAMS 0x0000000713900000, 0x0000000713900000| Untracked 
| 184|0x0000000713a00000, 0x0000000713a00000, 0x0000000713b00000|  0%| F|  |TAMS 0x0000000713a00000, 0x0000000713a00000| Untracked 
| 185|0x0000000713b00000, 0x0000000713b00000, 0x0000000713c00000|  0%| F|  |TAMS 0x0000000713b00000, 0x0000000713b00000| Untracked 
| 186|0x0000000713c00000, 0x0000000713c00000, 0x0000000713d00000|  0%| F|  |TAMS 0x0000000713c00000, 0x0000000713c00000| Untracked 
| 187|0x0000000713d00000, 0x0000000713d00000, 0x0000000713e00000|  0%| F|  |TAMS 0x0000000713d00000, 0x0000000713d00000| Untracked 
| 188|0x0000000713e00000, 0x0000000713e00000, 0x0000000713f00000|  0%| F|  |TAMS 0x0000000713e00000, 0x0000000713e00000| Untracked 
| 189|0x0000000713f00000, 0x0000000713f00000, 0x0000000714000000|  0%| F|  |TAMS 0x0000000713f00000, 0x0000000713f00000| Untracked 
| 190|0x0000000714000000, 0x0000000714000000, 0x0000000714100000|  0%| F|  |TAMS 0x0000000714000000, 0x0000000714000000| Untracked 
| 191|0x0000000714100000, 0x0000000714100000, 0x0000000714200000|  0%| F|  |TAMS 0x0000000714100000, 0x0000000714100000| Untracked 
| 192|0x0000000714200000, 0x0000000714200000, 0x0000000714300000|  0%| F|  |TAMS 0x0000000714200000, 0x0000000714200000| Untracked 
| 193|0x0000000714300000, 0x0000000714300000, 0x0000000714400000|  0%| F|  |TAMS 0x0000000714300000, 0x0000000714300000| Untracked 
| 194|0x0000000714400000, 0x0000000714400000, 0x0000000714500000|  0%| F|  |TAMS 0x0000000714400000, 0x0000000714400000| Untracked 
| 195|0x0000000714500000, 0x0000000714500000, 0x0000000714600000|  0%| F|  |TAMS 0x0000000714500000, 0x0000000714500000| Untracked 
| 196|0x0000000714600000, 0x0000000714600000, 0x0000000714700000|  0%| F|  |TAMS 0x0000000714600000, 0x0000000714600000| Untracked 
| 197|0x0000000714700000, 0x0000000714700000, 0x0000000714800000|  0%| F|  |TAMS 0x0000000714700000, 0x0000000714700000| Untracked 
| 198|0x0000000714800000, 0x0000000714800000, 0x0000000714900000|  0%| F|  |TAMS 0x0000000714800000, 0x0000000714800000| Untracked 
| 199|0x0000000714900000, 0x0000000714900000, 0x0000000714a00000|  0%| F|  |TAMS 0x0000000714900000, 0x0000000714900000| Untracked 
| 200|0x0000000714a00000, 0x0000000714a00000, 0x0000000714b00000|  0%| F|  |TAMS 0x0000000714a00000, 0x0000000714a00000| Untracked 
| 201|0x0000000714b00000, 0x0000000714b00000, 0x0000000714c00000|  0%| F|  |TAMS 0x0000000714b00000, 0x0000000714b00000| Untracked 
| 202|0x0000000714c00000, 0x0000000714c00000, 0x0000000714d00000|  0%| F|  |TAMS 0x0000000714c00000, 0x0000000714c00000| Untracked 
| 203|0x0000000714d00000, 0x0000000714d00000, 0x0000000714e00000|  0%| F|  |TAMS 0x0000000714d00000, 0x0000000714d00000| Untracked 
| 204|0x0000000714e00000, 0x0000000714e00000, 0x0000000714f00000|  0%| F|  |TAMS 0x0000000714e00000, 0x0000000714e00000| Untracked 
| 205|0x0000000714f00000, 0x0000000714f00000, 0x0000000715000000|  0%| F|  |TAMS 0x0000000714f00000, 0x0000000714f00000| Untracked 
| 206|0x0000000715000000, 0x0000000715000000, 0x0000000715100000|  0%| F|  |TAMS 0x0000000715000000, 0x0000000715000000| Untracked 
| 207|0x0000000715100000, 0x0000000715100000, 0x0000000715200000|  0%| F|  |TAMS 0x0000000715100000, 0x0000000715100000| Untracked 
| 208|0x0000000715200000, 0x0000000715200000, 0x0000000715300000|  0%| F|  |TAMS 0x0000000715200000, 0x0000000715200000| Untracked 
| 209|0x0000000715300000, 0x0000000715300000, 0x0000000715400000|  0%| F|  |TAMS 0x0000000715300000, 0x0000000715300000| Untracked 
| 210|0x0000000715400000, 0x0000000715400000, 0x0000000715500000|  0%| F|  |TAMS 0x0000000715400000, 0x0000000715400000| Untracked 
| 211|0x0000000715500000, 0x0000000715500000, 0x0000000715600000|  0%| F|  |TAMS 0x0000000715500000, 0x0000000715500000| Untracked 
| 212|0x0000000715600000, 0x0000000715600000, 0x0000000715700000|  0%| F|  |TAMS 0x0000000715600000, 0x0000000715600000| Untracked 
| 213|0x0000000715700000, 0x0000000715700000, 0x0000000715800000|  0%| F|  |TAMS 0x0000000715700000, 0x0000000715700000| Untracked 
| 214|0x0000000715800000, 0x0000000715800000, 0x0000000715900000|  0%| F|  |TAMS 0x0000000715800000, 0x0000000715800000| Untracked 
| 215|0x0000000715900000, 0x0000000715980800, 0x0000000715a00000| 50%| E|  |TAMS 0x0000000715900000, 0x0000000715900000| Complete 
| 216|0x0000000715a00000, 0x0000000715b00000, 0x0000000715b00000|100%| E|CS|TAMS 0x0000000715a00000, 0x0000000715a00000| Complete 
| 217|0x0000000715b00000, 0x0000000715c00000, 0x0000000715c00000|100%| E|CS|TAMS 0x0000000715b00000, 0x0000000715b00000| Complete 
| 218|0x0000000715c00000, 0x0000000715d00000, 0x0000000715d00000|100%| E|CS|TAMS 0x0000000715c00000, 0x0000000715c00000| Complete 
| 219|0x0000000715d00000, 0x0000000715e00000, 0x0000000715e00000|100%| E|CS|TAMS 0x0000000715d00000, 0x0000000715d00000| Complete 
| 220|0x0000000715e00000, 0x0000000715f00000, 0x0000000715f00000|100%| E|CS|TAMS 0x0000000715e00000, 0x0000000715e00000| Complete 
| 221|0x0000000715f00000, 0x0000000716000000, 0x0000000716000000|100%| S|CS|TAMS 0x0000000715f00000, 0x0000000715f00000| Complete 
| 222|0x0000000716000000, 0x0000000716100000, 0x0000000716100000|100%| S|CS|TAMS 0x0000000716000000, 0x0000000716000000| Complete 
| 223|0x0000000716100000, 0x0000000716200000, 0x0000000716200000|100%| S|CS|TAMS 0x0000000716100000, 0x0000000716100000| Complete 
| 224|0x0000000716200000, 0x0000000716300000, 0x0000000716300000|100%| E|CS|TAMS 0x0000000716200000, 0x0000000716200000| Complete 
| 225|0x0000000716300000, 0x0000000716400000, 0x0000000716400000|100%| E|CS|TAMS 0x0000000716300000, 0x0000000716300000| Complete 
| 226|0x0000000716400000, 0x0000000716500000, 0x0000000716500000|100%| E|CS|TAMS 0x0000000716400000, 0x0000000716400000| Complete 
| 227|0x0000000716500000, 0x0000000716600000, 0x0000000716600000|100%| E|CS|TAMS 0x0000000716500000, 0x0000000716500000| Complete 
| 228|0x0000000716600000, 0x0000000716700000, 0x0000000716700000|100%| E|CS|TAMS 0x0000000716600000, 0x0000000716600000| Complete 
| 229|0x0000000716700000, 0x0000000716800000, 0x0000000716800000|100%| E|CS|TAMS 0x0000000716700000, 0x0000000716700000| Complete 
| 230|0x0000000716800000, 0x0000000716900000, 0x0000000716900000|100%| E|  |TAMS 0x0000000716800000, 0x0000000716800000| Complete 
| 231|0x0000000716900000, 0x0000000716a00000, 0x0000000716a00000|100%| E|CS|TAMS 0x0000000716900000, 0x0000000716900000| Complete 
| 232|0x0000000716a00000, 0x0000000716b00000, 0x0000000716b00000|100%| E|CS|TAMS 0x0000000716a00000, 0x0000000716a00000| Complete 
| 233|0x0000000716b00000, 0x0000000716c00000, 0x0000000716c00000|100%| E|CS|TAMS 0x0000000716b00000, 0x0000000716b00000| Complete 
| 234|0x0000000716c00000, 0x0000000716d00000, 0x0000000716d00000|100%| E|CS|TAMS 0x0000000716c00000, 0x0000000716c00000| Complete 
| 235|0x0000000716d00000, 0x0000000716e00000, 0x0000000716e00000|100%| E|CS|TAMS 0x0000000716d00000, 0x0000000716d00000| Complete 
| 236|0x0000000716e00000, 0x0000000716f00000, 0x0000000716f00000|100%| E|CS|TAMS 0x0000000716e00000, 0x0000000716e00000| Complete 
| 237|0x0000000716f00000, 0x0000000717000000, 0x0000000717000000|100%| E|CS|TAMS 0x0000000716f00000, 0x0000000716f00000| Complete 
| 238|0x0000000717000000, 0x0000000717100000, 0x0000000717100000|100%| E|CS|TAMS 0x0000000717000000, 0x0000000717000000| Complete 
| 239|0x0000000717100000, 0x0000000717200000, 0x0000000717200000|100%| E|CS|TAMS 0x0000000717100000, 0x0000000717100000| Complete 
| 240|0x0000000717200000, 0x0000000717300000, 0x0000000717300000|100%| E|CS|TAMS 0x0000000717200000, 0x0000000717200000| Complete 
| 241|0x0000000717300000, 0x0000000717400000, 0x0000000717400000|100%| E|CS|TAMS 0x0000000717300000, 0x0000000717300000| Complete 
| 242|0x0000000717400000, 0x0000000717500000, 0x0000000717500000|100%| E|CS|TAMS 0x0000000717400000, 0x0000000717400000| Complete 
| 243|0x0000000717500000, 0x0000000717600000, 0x0000000717600000|100%| E|CS|TAMS 0x0000000717500000, 0x0000000717500000| Complete 
| 244|0x0000000717600000, 0x0000000717700000, 0x0000000717700000|100%| E|CS|TAMS 0x0000000717600000, 0x0000000717600000| Complete 
| 245|0x0000000717700000, 0x0000000717800000, 0x0000000717800000|100%| E|CS|TAMS 0x0000000717700000, 0x0000000717700000| Complete 
| 246|0x0000000717800000, 0x0000000717900000, 0x0000000717900000|100%| E|CS|TAMS 0x0000000717800000, 0x0000000717800000| Complete 
| 247|0x0000000717900000, 0x0000000717a00000, 0x0000000717a00000|100%| E|CS|TAMS 0x0000000717900000, 0x0000000717900000| Complete 

Card table byte_map: [0x00007f937c31f000,0x00007f937cade000] _byte_map_base: 0x00007f9378ade000

Marking Bits (Prev, Next): (CMBitMap*) 0x00007f9394087b98, (CMBitMap*) 0x00007f9394087bd0
 Prev Bits: [0x00007f9373a49000, 0x00007f9377841000)
 Next Bits: [0x00007f936fc51000, 0x00007f9373a49000)

Polling page: 0x00007f939bc0c000

Metaspace:

Usage:
  Non-class:     15,58 MB capacity,    15,28 MB ( 98%) used,   281,77 KB (  2%) free+waste,    30,06 KB ( <1%) overhead. 
      Class:      1,78 MB capacity,     1,69 MB ( 95%) used,    80,92 KB (  4%) free+waste,    13,50 KB ( <1%) overhead. 
       Both:     17,36 MB capacity,    16,96 MB ( 98%) used,   362,70 KB (  2%) free+waste,    43,56 KB ( <1%) overhead. 

Virtual space:
  Non-class space:       16,00 MB reserved,      15,75 MB ( 98%) committed 
      Class space:        1,00 GB reserved,       1,88 MB ( <1%) committed 
             Both:        1,02 GB reserved,      17,62 MB (  2%) committed 

Chunk freelists:
   Non-Class:  11,12 KB
       Class:  256 bytes
        Both:  11,38 KB

CodeHeap 'non-profiled nmethods': size=120032Kb used=670Kb max_used=670Kb free=119361Kb
 bounds [0x00007f93845a6000, 0x00007f9384816000, 0x00007f938bade000]
CodeHeap 'profiled nmethods': size=120028Kb used=2890Kb max_used=2890Kb free=117137Kb
 bounds [0x00007f937d06f000, 0x00007f937d34f000, 0x00007f93845a6000]
CodeHeap 'non-nmethods': size=5700Kb used=1109Kb max_used=1123Kb free=4590Kb
 bounds [0x00007f937cade000, 0x00007f937cd4e000, 0x00007f937d06f000]
 total_blobs=2008 nmethods=1565 adapters=356
 compilation: enabled
              stopped_count=0, restarted_count=0
 full_count=0

Compilation events (10 events):
Event: 1,219 Thread 0x00007f939428d800 1562       3       java.lang.invoke.TypeConvertingMethodAdapter::cast (42 bytes)
Event: 1,219 Thread 0x00007f939428d800 nmethod 1562 0x00007f937d33fb10 code [0x00007f937d33fd00, 0x00007f937d340160]
Event: 1,219 Thread 0x00007f939428d800 1561       3       jdk.internal.org.objectweb.asm.MethodWriter::visitAnnotation (82 bytes)
Event: 1,219 Thread 0x00007f932c22c000 1564       4       java.util.regex.Pattern$BmpCharProperty::match (55 bytes)
Event: 1,219 Thread 0x00007f939428d800 nmethod 1561 0x00007f937d340310 code [0x00007f937d340540, 0x00007f937d340e70]
Event: 1,219 Thread 0x00007f939428d800 1565       3       java.util.regex.Pattern$BmpCharPropertyGreedy::match (89 bytes)
Event: 1,220 Thread 0x00007f939428d800 nmethod 1565 0x00007f937d341110 code [0x00007f937d341300, 0x00007f937d341940]
Event: 1,220 Thread 0x00007f939428d800 1563       1       java.util.Formatter$Flags::valueOf (5 bytes)
Event: 1,220 Thread 0x00007f939428d800 nmethod 1563 0x00007f938464d290 code [0x00007f938464d420, 0x00007f938464d4d0]
Event: 1,222 Thread 0x00007f932c22c000 nmethod 1564 0x00007f938464d510 code [0x00007f938464d6c0, 0x00007f938464d8d8]

GC Heap History (2 events):
Event: 0,805 GC heap before
{Heap before GC invocations=0 (full 0):
 garbage-first heap   total 253952K, used 23552K [0x0000000708200000, 0x0000000800000000)
  region size 1024K, 24 young (24576K), 0 survivors (0K)
 Metaspace       used 10968K, capacity 11227K, committed 11648K, reserved 1060864K
  class space    used 1020K, capacity 1061K, committed 1152K, reserved 1048576K
}
Event: 0,809 GC heap after
{Heap after GC invocations=1 (full 0):
 garbage-first heap   total 253952K, used 4696K [0x0000000708200000, 0x0000000800000000)
  region size 1024K, 3 young (3072K), 3 survivors (3072K)
 Metaspace       used 10968K, capacity 11227K, committed 11648K, reserved 1060864K
  class space    used 1020K, capacity 1061K, committed 1152K, reserved 1048576K
}

Deoptimization events (10 events):
Event: 1,132 Thread 0x00007f93949d9000 Uncommon trap: reason=unstable_if action=reinterpret pc=0x00007f9384641d14 method=java.lang.String.<init>([CIILjava/lang/Void;)V @ 5 c2
Event: 1,158 Thread 0x00007f9394024800 Uncommon trap: reason=class_check action=maybe_recompile pc=0x00007f9384637384 method=java.util.HashMap.putVal(ILjava/lang/Object;Ljava/lang/Object;ZZ)Ljava/lang/Object; @ 253 c2
Event: 1,158 Thread 0x00007f9394024800 Uncommon trap: reason=class_check action=maybe_recompile pc=0x00007f9384637384 method=java.util.HashMap.putVal(ILjava/lang/Object;Ljava/lang/Object;ZZ)Ljava/lang/Object; @ 253 c2
Event: 1,158 Thread 0x00007f9394024800 Uncommon trap: reason=unstable_if action=reinterpret pc=0x00007f93846369fc method=java.util.HashMap.getNode(ILjava/lang/Object;)Ljava/util/HashMap$Node; @ 129 c2
Event: 1,175 Thread 0x00007f9394024800 Uncommon trap: reason=unstable_if action=reinterpret pc=0x00007f9384620304 method=java.lang.String.<init>([CIILjava/lang/Void;)V @ 5 c2
Event: 1,191 Thread 0x00007f9394024800 Uncommon trap: reason=unstable_if action=reinterpret pc=0x00007f93845b59b8 method=java.nio.Buffer.position(I)Ljava/nio/Buffer; @ 37 c2
Event: 1,191 Thread 0x00007f9394024800 Uncommon trap: reason=unstable_if action=reinterpret pc=0x00007f938461fa2c method=sun.net.www.ParseUtil.firstEncodeIndex(Ljava/lang/String;)I @ 51 c2
Event: 1,192 Thread 0x00007f9394024800 Uncommon trap: reason=unstable_if action=reinterpret pc=0x00007f93845b56b8 method=java.nio.Buffer.position(I)Ljava/nio/Buffer; @ 37 c2
Event: 1,206 Thread 0x00007f9394024800 Uncommon trap: reason=unstable_if action=reinterpret pc=0x00007f9384613e40 method=java.lang.CharacterDataLatin1.digit(II)I @ 12 c2
Event: 1,218 Thread 0x00007f93949e1800 Uncommon trap: reason=class_check action=maybe_recompile pc=0x00007f938463b228 method=java.util.concurrent.ConcurrentHashMap.putVal(Ljava/lang/Object;Ljava/lang/Object;Z)Ljava/lang/Object; @ 242 c2

Classes redefined (0 events):
No events

Internal exceptions (10 events):
Event: 1,138 Thread 0x00007f9394024800 Exception <a 'sun/nio/fs/UnixException'{0x00000007163de8f0}> (0x00000007163de8f0) thrown at [./open/src/hotspot/share/prims/jni.cpp, line 611]
Event: 1,138 Thread 0x00007f9394024800 Exception <a 'sun/nio/fs/UnixException'{0x00000007163dedd0}> (0x00000007163dedd0) thrown at [./open/src/hotspot/share/prims/jni.cpp, line 611]
Event: 1,138 Thread 0x00007f9394024800 Exception <a 'sun/nio/fs/UnixException'{0x00000007163df1d0}> (0x00000007163df1d0) thrown at [./open/src/hotspot/share/prims/jni.cpp, line 611]
Event: 1,156 Thread 0x00007f9394024800 Exception <a 'java/lang/NoSuchMethodError'{0x0000000715e6d0a8}: java.lang.invoke.Invokers$Holder.invoke_MT(Ljava/lang/Object;Ljava/lang/Object;Ljava/lang/Object;)Ljava/lang/Object;> (0x0000000715e6d0a8) thrown at [./open/src/hotspot/share/interpreter/link
Event: 1,165 Thread 0x00007f9394024800 Exception <a 'java/lang/NoSuchMethodError'{0x0000000715d0d110}: java.lang.invoke.DirectMethodHandle$Holder.invokeInterface(Ljava/lang/Object;Ljava/lang/Object;Ljava/lang/Object;)Ljava/lang/Object;> (0x0000000715d0d110) thrown at [./open/src/hotspot/share/
Event: 1,214 Thread 0x00007f9394024800 Exception <a 'java/lang/NoSuchMethodError'{0x0000000715a883b0}: java.lang.invoke.DirectMethodHandle$Holder.invokeInterface(Ljava/lang/Object;Ljava/lang/Object;)V> (0x0000000715a883b0) thrown at [./open/src/hotspot/share/interpreter/linkResolver.cpp, line 
Event: 59,380 Thread 0x00007f9394aad000 Exception <a 'java/io/IOException'{0x0000000715900a38}> (0x0000000715900a38) thrown at [./open/src/hotspot/share/prims/jni.cpp, line 611]
Event: 59,380 Thread 0x00007f9394aad000 Exception <a 'java/io/IOException'{0x0000000715900d70}> (0x0000000715900d70) thrown at [./open/src/hotspot/share/prims/jni.cpp, line 611]
Event: 59,380 Thread 0x00007f9394aad000 Exception <a 'java/io/IOException'{0x0000000715901078}> (0x0000000715901078) thrown at [./open/src/hotspot/share/prims/jni.cpp, line 611]
Event: 59,380 Thread 0x00007f9394aad000 Exception <a 'java/io/IOException'{0x0000000715901380}> (0x0000000715901380) thrown at [./open/src/hotspot/share/prims/jni.cpp, line 611]

Events (10 events):
Event: 1,220 loading class org/eclipse/jetty/util/log/Slf4jLog
Event: 1,220 loading class org/eclipse/jetty/util/log/Slf4jLog done
Event: 1,220 loading class org/eclipse/jetty/util/log/Slf4jLog
Event: 1,220 loading class org/eclipse/jetty/util/log/Slf4jLog done
Event: 1,220 Thread 0x00007f9394aad000 Thread added: 0x00007f9394aad000
Event: 6,223 Thread 0x00007f932c22c000 Thread exited: 0x00007f932c22c000
Event: 11,220 Thread 0x00007f93401ec000 Thread exited: 0x00007f93401ec000
Event: 59,380 Executing VM operation: RevokeBias
Event: 59,380 Executing VM operation: RevokeBias done
Event: 59,380 Thread 0x00007f9394aad000 Thread exited: 0x00007f9394aad000


Dynamic libraries:
708200000-717a00000 rw-p 00000000 00:00 0 
717a00000-800000000 ---p 00000000 00:00 0 
800000000-8001e0000 rw-p 00000000 00:00 0 
8001e0000-840000000 ---p 00000000 00:00 0 
559786db1000-559786db2000 r-xp 00000000 103:05 1056021                   /opt/jdk/jdk-11.0.11/bin/java
559786fb2000-559786fb3000 r--p 00001000 103:05 1056021                   /opt/jdk/jdk-11.0.11/bin/java
559786fb3000-559786fb4000 rw-p 00002000 103:05 1056021                   /opt/jdk/jdk-11.0.11/bin/java
559787003000-559787045000 rw-p 00000000 00:00 0                          [heap]
7f92ec000000-7f92ec021000 rw-p 00000000 00:00 0 
7f92ec021000-7f92f0000000 ---p 00000000 00:00 0 
7f92f4000000-7f92f4021000 rw-p 00000000 00:00 0 
7f92f4021000-7f92f8000000 ---p 00000000 00:00 0 
7f92f8000000-7f92f8021000 rw-p 00000000 00:00 0 
7f92f8021000-7f92fc000000 ---p 00000000 00:00 0 
7f92fc000000-7f92fc021000 rw-p 00000000 00:00 0 
7f92fc021000-7f9300000000 ---p 00000000 00:00 0 
7f9300000000-7f9300021000 rw-p 00000000 00:00 0 
7f9300021000-7f9304000000 ---p 00000000 00:00 0 
7f9304000000-7f9304021000 rw-p 00000000 00:00 0 
7f9304021000-7f9308000000 ---p 00000000 00:00 0 
7f9308000000-7f9308021000 rw-p 00000000 00:00 0 
7f9308021000-7f930c000000 ---p 00000000 00:00 0 
7f930c000000-7f930c021000 rw-p 00000000 00:00 0 
7f930c021000-7f9310000000 ---p 00000000 00:00 0 
7f9310000000-7f9310021000 rw-p 00000000 00:00 0 
7f9310021000-7f9314000000 ---p 00000000 00:00 0 
7f9314000000-7f9314021000 rw-p 00000000 00:00 0 
7f9314021000-7f9318000000 ---p 00000000 00:00 0 
7f9318000000-7f93180cb000 rw-p 00000000 00:00 0 
7f93180cb000-7f931c000000 ---p 00000000 00:00 0 
7f931c000000-7f931c021000 rw-p 00000000 00:00 0 
7f931c021000-7f9320000000 ---p 00000000 00:00 0 
7f9320000000-7f9320021000 rw-p 00000000 00:00 0 
7f9320021000-7f9324000000 ---p 00000000 00:00 0 
7f9324000000-7f9324149000 rw-p 00000000 00:00 0 
7f9324149000-7f9328000000 ---p 00000000 00:00 0 
7f9328000000-7f9328021000 rw-p 00000000 00:00 0 
7f9328021000-7f932c000000 ---p 00000000 00:00 0 
7f932c000000-7f932c71c000 rw-p 00000000 00:00 0 
7f932c71c000-7f9330000000 ---p 00000000 00:00 0 
7f9330000000-7f9330021000 rw-p 00000000 00:00 0 
7f9330021000-7f9334000000 ---p 00000000 00:00 0 
7f9335833000-7f9335be0000 rw-p 00000000 00:00 0 
7f9335be0000-7f9335be4000 ---p 00000000 00:00 0 
7f9335be4000-7f9335ce1000 rw-p 00000000 00:00 0 
7f9335ce1000-7f9335ce3000 r-xp 00000000 103:05 1056420                   /opt/jdk/jdk-11.0.11/lib/libextnet.so
7f9335ce3000-7f9335ee2000 ---p 00002000 103:05 1056420                   /opt/jdk/jdk-11.0.11/lib/libextnet.so
7f9335ee2000-7f9335ee3000 r--p 00001000 103:05 1056420                   /opt/jdk/jdk-11.0.11/lib/libextnet.so
7f9335ee3000-7f9335ee4000 rw-p 00002000 103:05 1056420                   /opt/jdk/jdk-11.0.11/lib/libextnet.so
7f9335ee4000-7f9335ee8000 ---p 00000000 00:00 0 
7f9335ee8000-7f93361a5000 rw-p 00000000 00:00 0 
7f93361a5000-7f93361e5000 ---p 00000000 00:00 0 
7f93361e5000-7f93361e9000 ---p 00000000 00:00 0 
7f93361e9000-7f93362e6000 rw-p 00000000 00:00 0 
7f93362e6000-7f93362ea000 ---p 00000000 00:00 0 
7f93362ea000-7f93363e7000 rw-p 00000000 00:00 0 
7f93363e7000-7f93363eb000 ---p 00000000 00:00 0 
7f93363eb000-7f93364e8000 rw-p 00000000 00:00 0 
7f93364e8000-7f93364ec000 ---p 00000000 00:00 0 
7f93364ec000-7f93365e9000 rw-p 00000000 00:00 0 
7f93365e9000-7f93365ed000 ---p 00000000 00:00 0 
7f93365ed000-7f93366ea000 rw-p 00000000 00:00 0 
7f93366ea000-7f93366ee000 ---p 00000000 00:00 0 
7f93366ee000-7f93367eb000 rw-p 00000000 00:00 0 
7f93367eb000-7f93367ef000 ---p 00000000 00:00 0 
7f93367ef000-7f93368ec000 rw-p 00000000 00:00 0 
7f93368ec000-7f93368f0000 ---p 00000000 00:00 0 
7f93368f0000-7f9336bed000 rw-p 00000000 00:00 0 
7f9336bed000-7f9336c2d000 r-xp 00000000 103:05 1056447                   /opt/jdk/jdk-11.0.11/lib/libsunec.so
7f9336c2d000-7f9336e2c000 ---p 00040000 103:05 1056447                   /opt/jdk/jdk-11.0.11/lib/libsunec.so
7f9336e2c000-7f9336e31000 r--p 0003f000 103:05 1056447                   /opt/jdk/jdk-11.0.11/lib/libsunec.so
7f9336e31000-7f9336e33000 rw-p 00044000 103:05 1056447                   /opt/jdk/jdk-11.0.11/lib/libsunec.so
7f9336e33000-7f9336e34000 ---p 00000000 00:00 0 
7f9336e34000-7f9336f35000 rw-p 00000000 00:00 0 
7f9336f35000-7f9336f36000 ---p 00000000 00:00 0 
7f9336f36000-7f9337037000 rw-p 00000000 00:00 0 
7f9337037000-7f9337038000 ---p 00000000 00:00 0 
7f9337038000-7f9337339000 rw-p 00000000 00:00 0 
7f9337339000-7f9337539000 rw-p 00000000 00:00 0 
7f93375c6000-7f93375c7000 ---p 00000000 00:00 0 
7f93375c7000-7f93376c8000 rw-p 00000000 00:00 0 
7f93376c8000-7f93376cc000 ---p 00000000 00:00 0 
7f93376cc000-7f93377c9000 rw-p 00000000 00:00 0 
7f93377c9000-7f93377ce000 r-xp 00000000 103:05 1056438                   /opt/jdk/jdk-11.0.11/lib/libmanagement_ext.so
7f93377ce000-7f93379ce000 ---p 00005000 103:05 1056438                   /opt/jdk/jdk-11.0.11/lib/libmanagement_ext.so
7f93379ce000-7f93379cf000 r--p 00005000 103:05 1056438                   /opt/jdk/jdk-11.0.11/lib/libmanagement_ext.so
7f93379cf000-7f93379d0000 rw-p 00006000 103:05 1056438                   /opt/jdk/jdk-11.0.11/lib/libmanagement_ext.so
7f93379d0000-7f93379d4000 r-xp 00000000 103:05 1056436                   /opt/jdk/jdk-11.0.11/lib/libmanagement.so
7f93379d4000-7f9337bd4000 ---p 00004000 103:05 1056436                   /opt/jdk/jdk-11.0.11/lib/libmanagement.so
7f9337bd4000-7f9337bd5000 r--p 00004000 103:05 1056436                   /opt/jdk/jdk-11.0.11/lib/libmanagement.so
7f9337bd5000-7f9337bd6000 rw-p 00005000 103:05 1056436                   /opt/jdk/jdk-11.0.11/lib/libmanagement.so
7f9337bd6000-7f9337bed000 r-xp 00000000 103:05 1056440                   /opt/jdk/jdk-11.0.11/lib/libnet.so
7f9337bed000-7f9337dec000 ---p 00017000 103:05 1056440                   /opt/jdk/jdk-11.0.11/lib/libnet.so
7f9337dec000-7f9337ded000 r--p 00016000 103:05 1056440                   /opt/jdk/jdk-11.0.11/lib/libnet.so
7f9337ded000-7f9337dee000 rw-p 00017000 103:05 1056440                   /opt/jdk/jdk-11.0.11/lib/libnet.so
7f9337dee000-7f9337dfe000 r-xp 00000000 103:05 1056441                   /opt/jdk/jdk-11.0.11/lib/libnio.so
7f9337dfe000-7f9337ffe000 ---p 00010000 103:05 1056441                   /opt/jdk/jdk-11.0.11/lib/libnio.so
7f9337ffe000-7f9337fff000 r--p 00010000 103:05 1056441                   /opt/jdk/jdk-11.0.11/lib/libnio.so
7f9337fff000-7f9338000000 rw-p 00011000 103:05 1056441                   /opt/jdk/jdk-11.0.11/lib/libnio.so
7f9338000000-7f9338021000 rw-p 00000000 00:00 0 
7f9338021000-7f933c000000 ---p 00000000 00:00 0 
7f933c000000-7f933c021000 rw-p 00000000 00:00 0 
7f933c021000-7f9340000000 ---p 00000000 00:00 0 
7f9340000000-7f93405e9000 rw-p 00000000 00:00 0 
7f93405e9000-7f9344000000 ---p 00000000 00:00 0 
7f9344000000-7f9344021000 rw-p 00000000 00:00 0 
7f9344021000-7f9348000000 ---p 00000000 00:00 0 
7f9348000000-7f9348021000 rw-p 00000000 00:00 0 
7f9348021000-7f934c000000 ---p 00000000 00:00 0 
7f934c000000-7f934c91c000 rw-p 00000000 00:00 0 
7f934c91c000-7f9350000000 ---p 00000000 00:00 0 
7f9350000000-7f9350021000 rw-p 00000000 00:00 0 
7f9350021000-7f9354000000 ---p 00000000 00:00 0 
7f9354000000-7f9354021000 rw-p 00000000 00:00 0 
7f9354021000-7f9358000000 ---p 00000000 00:00 0 
7f9358000000-7f9358021000 rw-p 00000000 00:00 0 
7f9358021000-7f935c000000 ---p 00000000 00:00 0 
7f935c000000-7f935c021000 rw-p 00000000 00:00 0 
7f935c021000-7f9360000000 ---p 00000000 00:00 0 
7f9360000000-7f9360021000 rw-p 00000000 00:00 0 
7f9360021000-7f9364000000 ---p 00000000 00:00 0 
7f9364000000-7f9364021000 rw-p 00000000 00:00 0 
7f9364021000-7f9368000000 ---p 00000000 00:00 0 
7f9368000000-7f9368021000 rw-p 00000000 00:00 0 
7f9368021000-7f936c000000 ---p 00000000 00:00 0 
7f936c070000-7f936c074000 ---p 00000000 00:00 0 
7f936c074000-7f936c171000 rw-p 00000000 00:00 0 
7f936c171000-7f936c175000 ---p 00000000 00:00 0 
7f936c175000-7f936c272000 rw-p 00000000 00:00 0 
7f936c272000-7f936c273000 ---p 00000000 00:00 0 
7f936c273000-7f936c374000 rw-p 00000000 00:00 0 
7f936c374000-7f936c378000 ---p 00000000 00:00 0 
7f936c378000-7f936c475000 rw-p 00000000 00:00 0 
7f936c475000-7f936c479000 ---p 00000000 00:00 0 
7f936c479000-7f936c576000 rw-p 00000000 00:00 0 
7f936c576000-7f936c57a000 ---p 00000000 00:00 0 
7f936c57a000-7f936c677000 rw-p 00000000 00:00 0 
7f936c677000-7f936c67b000 ---p 00000000 00:00 0 
7f936c67b000-7f936c778000 rw-p 00000000 00:00 0 
7f936c778000-7f936c77c000 ---p 00000000 00:00 0 
7f936c77c000-7f936c879000 rw-p 00000000 00:00 0 
7f936c879000-7f936c8cd000 r--p 00000000 103:05 2195621                   /usr/lib/locale/aa_DJ.utf8/LC_CTYPE
7f936c8cd000-7f936cb45000 r--p 00000000 103:05 2195620                   /usr/lib/locale/aa_DJ.utf8/LC_COLLATE
7f936cb45000-7f936cb49000 ---p 00000000 00:00 0 
7f936cb49000-7f936cc46000 rw-p 00000000 00:00 0 
7f936cc46000-7f936cc4a000 ---p 00000000 00:00 0 
7f936cc4a000-7f936cd47000 rw-p 00000000 00:00 0 
7f936cd47000-7f936cd48000 ---p 00000000 00:00 0 
7f936cd48000-7f936d649000 rw-p 00000000 00:00 0 
7f936d649000-7f936d64a000 ---p 00000000 00:00 0 
7f936d64a000-7f936d74b000 rw-p 00000000 00:00 0 
7f936d74b000-7f936d74c000 ---p 00000000 00:00 0 
7f936d74c000-7f9370031000 rw-p 00000000 00:00 0 
7f9370031000-7f9373a49000 ---p 00000000 00:00 0 
7f9373a49000-7f9373e29000 rw-p 00000000 00:00 0 
7f9373e29000-7f9377841000 ---p 00000000 00:00 0 
7f9377841000-7f93778bd000 rw-p 00000000 00:00 0 
7f93778bd000-7f9378000000 ---p 00000000 00:00 0 
7f9378000000-7f9378021000 rw-p 00000000 00:00 0 
7f9378021000-7f937c000000 ---p 00000000 00:00 0 
7f937c01c000-7f937c39b000 rw-p 00000000 00:00 0 
7f937c39b000-7f937cade000 ---p 00000000 00:00 0 
7f937cade000-7f937cd4e000 rwxp 00000000 00:00 0 
7f937cd4e000-7f937d06f000 ---p 00000000 00:00 0 
7f937d06f000-7f937d34f000 rwxp 00000000 00:00 0 
7f937d34f000-7f93845a6000 ---p 00000000 00:00 0 
7f93845a6000-7f9384816000 rwxp 00000000 00:00 0 
7f9384816000-7f938bade000 ---p 00000000 00:00 0 
7f938bade000-7f9394000000 r--s 00000000 103:05 1056451                   /opt/jdk/jdk-11.0.11/lib/modules
7f9394000000-7f9394ab1000 rw-p 00000000 00:00 0 
7f9394ab1000-7f9398000000 ---p 00000000 00:00 0 
7f939800f000-7f9398010000 r--p 00000000 103:05 2195666                   /usr/lib/locale/agr_PE/LC_NUMERIC
7f9398010000-7f9398011000 r--p 00000000 103:05 2197095                   /usr/lib/locale/it_IT.utf8/LC_TIME
7f9398011000-7f9398012000 r--p 00000000 103:05 2196281                   /usr/lib/locale/de_IT.utf8/LC_MONETARY
7f9398012000-7f93981ef000 rw-p 00000000 00:00 0 
7f93981ef000-7f93981f0000 ---p 00000000 00:00 0 
7f93981f0000-7f93982f1000 rw-p 00000000 00:00 0 
7f93982f1000-7f93982f2000 ---p 00000000 00:00 0 
7f93982f2000-7f939856f000 rw-p 00000000 00:00 0 
7f939856f000-7f9398cb2000 ---p 00000000 00:00 0 
7f9398cb2000-7f93994ba000 rw-p 00000000 00:00 0 
7f93994ba000-7f93994bb000 ---p 00000000 00:00 0 
7f93994bb000-7f93995c1000 rw-p 00000000 00:00 0 
7f93995c1000-7f93996a7000 ---p 00000000 00:00 0 
7f93996a7000-7f93996ad000 rw-p 00000000 00:00 0 
7f93996ad000-7f9399792000 ---p 00000000 00:00 0 
7f9399792000-7f9399799000 r-xp 00000000 103:05 1056450                   /opt/jdk/jdk-11.0.11/lib/libzip.so
7f9399799000-7f9399998000 ---p 00007000 103:05 1056450                   /opt/jdk/jdk-11.0.11/lib/libzip.so
7f9399998000-7f9399999000 r--p 00006000 103:05 1056450                   /opt/jdk/jdk-11.0.11/lib/libzip.so
7f9399999000-7f939999a000 rw-p 00007000 103:05 1056450                   /opt/jdk/jdk-11.0.11/lib/libzip.so
7f939999a000-7f939999d000 r--p 00000000 103:05 299229                    /lib/x86_64-linux-gnu/libnss_files-2.31.so
7f939999d000-7f93999a4000 r-xp 00003000 103:05 299229                    /lib/x86_64-linux-gnu/libnss_files-2.31.so
7f93999a4000-7f93999a6000 r--p 0000a000 103:05 299229                    /lib/x86_64-linux-gnu/libnss_files-2.31.so
7f93999a6000-7f93999a7000 r--p 0000b000 103:05 299229                    /lib/x86_64-linux-gnu/libnss_files-2.31.so
7f93999a7000-7f93999a8000 rw-p 0000c000 103:05 299229                    /lib/x86_64-linux-gnu/libnss_files-2.31.so
7f93999a8000-7f93999ae000 rw-p 00000000 00:00 0 
7f93999ae000-7f93999b3000 r--p 00000000 103:05 270705                    /lib/x86_64-linux-gnu/libnsl-2.31.so
7f93999b3000-7f93999c3000 r-xp 00005000 103:05 270705                    /lib/x86_64-linux-gnu/libnsl-2.31.so
7f93999c3000-7f93999c7000 r--p 00015000 103:05 270705                    /lib/x86_64-linux-gnu/libnsl-2.31.so
7f93999c7000-7f93999c8000 r--p 00018000 103:05 270705                    /lib/x86_64-linux-gnu/libnsl-2.31.so
7f93999c8000-7f93999c9000 rw-p 00019000 103:05 270705                    /lib/x86_64-linux-gnu/libnsl-2.31.so
7f93999c9000-7f93999cb000 rw-p 00000000 00:00 0 
7f93999cb000-7f93999cc000 r--p 00000000 103:05 2196347                   /usr/lib/locale/en_AG/LC_MESSAGES/SYS_LC_MESSAGES
7f93999cc000-7f93999cd000 r--p 00000000 103:05 2195628                   /usr/lib/locale/aa_DJ.utf8/LC_PAPER
7f93999cd000-7f93999ce000 r--p 00000000 103:05 2195665                   /usr/lib/locale/agr_PE/LC_NAME
7f93999ce000-7f93999cf000 r--p 00000000 103:05 2197092                   /usr/lib/locale/it_IT.utf8/LC_ADDRESS
7f93999cf000-7f93999d6000 r--s 00000000 103:05 2263231                   /usr/lib/x86_64-linux-gnu/gconv/gconv-modules.cache
7f93999d6000-7f93999db000 rw-p 00000000 00:00 0 
7f93999db000-7f93999e2000 ---p 00000000 00:00 0 
7f93999e2000-7f93999ea000 rw-s 00000000 103:05 1968229                   /tmp/hsperfdata_arsene/73619
7f93999ea000-7f9399a05000 r-xp 00000000 103:05 1056432                   /opt/jdk/jdk-11.0.11/lib/libjimage.so
7f9399a05000-7f9399c04000 ---p 0001b000 103:05 1056432                   /opt/jdk/jdk-11.0.11/lib/libjimage.so
7f9399c04000-7f9399c06000 r--p 0001a000 103:05 1056432                   /opt/jdk/jdk-11.0.11/lib/libjimage.so
7f9399c06000-7f9399c07000 rw-p 0001c000 103:05 1056432                   /opt/jdk/jdk-11.0.11/lib/libjimage.so
7f9399c07000-7f9399c31000 r-xp 00000000 103:05 1056428                   /opt/jdk/jdk-11.0.11/lib/libjava.so
7f9399c31000-7f9399e30000 ---p 0002a000 103:05 1056428                   /opt/jdk/jdk-11.0.11/lib/libjava.so
7f9399e30000-7f9399e31000 r--p 00029000 103:05 1056428                   /opt/jdk/jdk-11.0.11/lib/libjava.so
7f9399e31000-7f9399e32000 rw-p 0002a000 103:05 1056428                   /opt/jdk/jdk-11.0.11/lib/libjava.so
7f9399e32000-7f9399e33000 rw-p 00000000 00:00 0 
7f9399e33000-7f9399e40000 r-xp 00000000 103:05 1056449                   /opt/jdk/jdk-11.0.11/lib/libverify.so
7f9399e40000-7f939a03f000 ---p 0000d000 103:05 1056449                   /opt/jdk/jdk-11.0.11/lib/libverify.so
7f939a03f000-7f939a041000 r--p 0000c000 103:05 1056449                   /opt/jdk/jdk-11.0.11/lib/libverify.so
7f939a041000-7f939a042000 rw-p 0000e000 103:05 1056449                   /opt/jdk/jdk-11.0.11/lib/libverify.so
7f939a042000-7f939a045000 r--p 00000000 103:05 299236                    /lib/x86_64-linux-gnu/librt-2.31.so
7f939a045000-7f939a049000 r-xp 00003000 103:05 299236                    /lib/x86_64-linux-gnu/librt-2.31.so
7f939a049000-7f939a04a000 r--p 00007000 103:05 299236                    /lib/x86_64-linux-gnu/librt-2.31.so
7f939a04a000-7f939a04b000 ---p 00008000 103:05 299236                    /lib/x86_64-linux-gnu/librt-2.31.so
7f939a04b000-7f939a04c000 r--p 00008000 103:05 299236                    /lib/x86_64-linux-gnu/librt-2.31.so
7f939a04c000-7f939a04d000 rw-p 00009000 103:05 299236                    /lib/x86_64-linux-gnu/librt-2.31.so
7f939a04d000-7f939a051000 ---p 00000000 00:00 0 
7f939a051000-7f939a14e000 rw-p 00000000 00:00 0 
7f939a14e000-7f939a15d000 r--p 00000000 103:05 270630                    /lib/x86_64-linux-gnu/libm-2.31.so
7f939a15d000-7f939a204000 r-xp 0000f000 103:05 270630                    /lib/x86_64-linux-gnu/libm-2.31.so
7f939a204000-7f939a29b000 r--p 000b6000 103:05 270630                    /lib/x86_64-linux-gnu/libm-2.31.so
7f939a29b000-7f939a29c000 r--p 0014c000 103:05 270630                    /lib/x86_64-linux-gnu/libm-2.31.so
7f939a29c000-7f939a29d000 rw-p 0014d000 103:05 270630                    /lib/x86_64-linux-gnu/libm-2.31.so
7f939a29d000-7f939b453000 r-xp 00000000 103:05 1056462                   /opt/jdk/jdk-11.0.11/lib/server/libjvm.so
7f939b453000-7f939b653000 ---p 011b6000 103:05 1056462                   /opt/jdk/jdk-11.0.11/lib/server/libjvm.so
7f939b653000-7f939b712000 r--p 011b6000 103:05 1056462                   /opt/jdk/jdk-11.0.11/lib/server/libjvm.so
7f939b712000-7f939b74c000 rw-p 01275000 103:05 1056462                   /opt/jdk/jdk-11.0.11/lib/server/libjvm.so
7f939b74c000-7f939b7a5000 rw-p 00000000 00:00 0 
7f939b7a5000-7f939b7ca000 r--p 00000000 103:05 270628                    /lib/x86_64-linux-gnu/libc-2.31.so
7f939b7ca000-7f939b942000 r-xp 00025000 103:05 270628                    /lib/x86_64-linux-gnu/libc-2.31.so
7f939b942000-7f939b98c000 r--p 0019d000 103:05 270628                    /lib/x86_64-linux-gnu/libc-2.31.so
7f939b98c000-7f939b98d000 ---p 001e7000 103:05 270628                    /lib/x86_64-linux-gnu/libc-2.31.so
7f939b98d000-7f939b990000 r--p 001e7000 103:05 270628                    /lib/x86_64-linux-gnu/libc-2.31.so
7f939b990000-7f939b993000 rw-p 001ea000 103:05 270628                    /lib/x86_64-linux-gnu/libc-2.31.so
7f939b993000-7f939b997000 rw-p 00000000 00:00 0 
7f939b997000-7f939b998000 r--p 00000000 103:05 270629                    /lib/x86_64-linux-gnu/libdl-2.31.so
7f939b998000-7f939b99a000 r-xp 00001000 103:05 270629                    /lib/x86_64-linux-gnu/libdl-2.31.so
7f939b99a000-7f939b99b000 r--p 00003000 103:05 270629                    /lib/x86_64-linux-gnu/libdl-2.31.so
7f939b99b000-7f939b99c000 r--p 00003000 103:05 270629                    /lib/x86_64-linux-gnu/libdl-2.31.so
7f939b99c000-7f939b99d000 rw-p 00004000 103:05 270629                    /lib/x86_64-linux-gnu/libdl-2.31.so
7f939b99d000-7f939b9ad000 r-xp 00000000 103:05 1056411                   /opt/jdk/jdk-11.0.11/lib/jli/libjli.so
7f939b9ad000-7f939bbac000 ---p 00010000 103:05 1056411                   /opt/jdk/jdk-11.0.11/lib/jli/libjli.so
7f939bbac000-7f939bbad000 r--p 0000f000 103:05 1056411                   /opt/jdk/jdk-11.0.11/lib/jli/libjli.so
7f939bbad000-7f939bbae000 rw-p 00010000 103:05 1056411                   /opt/jdk/jdk-11.0.11/lib/jli/libjli.so
7f939bbae000-7f939bbb5000 r--p 00000000 103:05 299234                    /lib/x86_64-linux-gnu/libpthread-2.31.so
7f939bbb5000-7f939bbc6000 r-xp 00007000 103:05 299234                    /lib/x86_64-linux-gnu/libpthread-2.31.so
7f939bbc6000-7f939bbcb000 r--p 00018000 103:05 299234                    /lib/x86_64-linux-gnu/libpthread-2.31.so
7f939bbcb000-7f939bbcc000 r--p 0001c000 103:05 299234                    /lib/x86_64-linux-gnu/libpthread-2.31.so
7f939bbcc000-7f939bbcd000 rw-p 0001d000 103:05 299234                    /lib/x86_64-linux-gnu/libpthread-2.31.so
7f939bbcd000-7f939bbd1000 rw-p 00000000 00:00 0 
7f939bbd1000-7f939bbd3000 r--p 00000000 103:05 261677                    /lib/x86_64-linux-gnu/libz.so.1.2.11
7f939bbd3000-7f939bbe4000 r-xp 00002000 103:05 261677                    /lib/x86_64-linux-gnu/libz.so.1.2.11
7f939bbe4000-7f939bbea000 r--p 00013000 103:05 261677                    /lib/x86_64-linux-gnu/libz.so.1.2.11
7f939bbea000-7f939bbeb000 ---p 00019000 103:05 261677                    /lib/x86_64-linux-gnu/libz.so.1.2.11
7f939bbeb000-7f939bbec000 r--p 00019000 103:05 261677                    /lib/x86_64-linux-gnu/libz.so.1.2.11
7f939bbec000-7f939bbed000 rw-p 0001a000 103:05 261677                    /lib/x86_64-linux-gnu/libz.so.1.2.11
7f939bbed000-7f939bbef000 rw-p 00000000 00:00 0 
7f939bbef000-7f939bbf0000 r--p 00000000 103:05 2196106                   /usr/lib/locale/ca_IT.utf8/LC_TELEPHONE
7f939bbf0000-7f939bbf1000 r--p 00000000 103:05 2195623                   /usr/lib/locale/aa_DJ.utf8/LC_MEASUREMENT
7f939bbf1000-7f939bbf4000 r--p 00000000 103:05 299231                    /lib/x86_64-linux-gnu/libnss_nis-2.31.so
7f939bbf4000-7f939bbfc000 r-xp 00003000 103:05 299231                    /lib/x86_64-linux-gnu/libnss_nis-2.31.so
7f939bbfc000-7f939bbfe000 r--p 0000b000 103:05 299231                    /lib/x86_64-linux-gnu/libnss_nis-2.31.so
7f939bbfe000-7f939bbff000 r--p 0000c000 103:05 299231                    /lib/x86_64-linux-gnu/libnss_nis-2.31.so
7f939bbff000-7f939bc00000 rw-p 0000d000 103:05 299231                    /lib/x86_64-linux-gnu/libnss_nis-2.31.so
7f939bc00000-7f939bc02000 r--p 00000000 103:05 299226                    /lib/x86_64-linux-gnu/libnss_compat-2.31.so
7f939bc02000-7f939bc09000 r-xp 00002000 103:05 299226                    /lib/x86_64-linux-gnu/libnss_compat-2.31.so
7f939bc09000-7f939bc0a000 r--p 00009000 103:05 299226                    /lib/x86_64-linux-gnu/libnss_compat-2.31.so
7f939bc0a000-7f939bc0b000 r--p 00009000 103:05 299226                    /lib/x86_64-linux-gnu/libnss_compat-2.31.so
7f939bc0b000-7f939bc0c000 rw-p 0000a000 103:05 299226                    /lib/x86_64-linux-gnu/libnss_compat-2.31.so
7f939bc0c000-7f939bc0d000 ---p 00000000 00:00 0 
7f939bc0d000-7f939bc0e000 r--p 00000000 00:00 0 
7f939bc0e000-7f939bc0f000 r--p 00000000 103:05 267124                    /lib/x86_64-linux-gnu/ld-2.31.so
7f939bc0f000-7f939bc32000 r-xp 00001000 103:05 267124                    /lib/x86_64-linux-gnu/ld-2.31.so
7f939bc32000-7f939bc3a000 r--p 00024000 103:05 267124                    /lib/x86_64-linux-gnu/ld-2.31.so
7f939bc3a000-7f939bc3b000 r--p 00000000 103:05 2197093                   /usr/lib/locale/it_IT.utf8/LC_IDENTIFICATION
7f939bc3b000-7f939bc3c000 r--p 0002c000 103:05 267124                    /lib/x86_64-linux-gnu/ld-2.31.so
7f939bc3c000-7f939bc3d000 rw-p 0002d000 103:05 267124                    /lib/x86_64-linux-gnu/ld-2.31.so
7f939bc3d000-7f939bc3e000 rw-p 00000000 00:00 0 
7ffe7f1fd000-7ffe7f220000 rw-p 00000000 00:00 0                          [stack]
7ffe7f2f9000-7ffe7f2fc000 r--p 00000000 00:00 0                          [vvar]
7ffe7f2fc000-7ffe7f2fd000 r-xp 00000000 00:00 0                          [vdso]
ffffffffff600000-ffffffffff601000 --xp 00000000 00:00 0                  [vsyscall]


VM Arguments:
java_command: /home/arsene/IdeaProjects/model-services/workflow-dsl/dsl_backend/language_server/language_server.jar
java_class_path (initial): /home/arsene/IdeaProjects/model-services/workflow-dsl/dsl_backend/language_server/language_server.jar
Launcher Type: SUN_STANDARD

[Global flags]
     intx CICompilerCount                          = 4                                         {product} {ergonomic}
     uint ConcGCThreads                            = 2                                         {product} {ergonomic}
     uint G1ConcRefinementThreads                  = 8                                         {product} {ergonomic}
   size_t G1HeapRegionSize                         = 1048576                                   {product} {ergonomic}
    uintx GCDrainStackTargetSize                   = 64                                        {product} {ergonomic}
   size_t InitialHeapSize                          = 260046848                                 {product} {ergonomic}
   size_t MarkStackSize                            = 4194304                                   {product} {ergonomic}
   size_t MaxHeapSize                              = 4158652416                                {product} {ergonomic}
   size_t MaxNewSize                               = 2494562304                                {product} {ergonomic}
   size_t MinHeapDeltaBytes                        = 1048576                                   {product} {ergonomic}
    uintx NonNMethodCodeHeapSize                   = 5836300                                {pd product} {ergonomic}
    uintx NonProfiledCodeHeapSize                  = 122910970                              {pd product} {ergonomic}
    uintx ProfiledCodeHeapSize                     = 122910970                              {pd product} {ergonomic}
    uintx ReservedCodeCacheSize                    = 251658240                              {pd product} {ergonomic}
     bool SegmentedCodeCache                       = true                                      {product} {ergonomic}
     bool UseCompressedClassPointers               = true                                 {lp64_product} {ergonomic}
     bool UseCompressedOops                        = true                                 {lp64_product} {ergonomic}
     bool UseG1GC                                  = true                                      {product} {ergonomic}

Logging:
Log output configuration:
 #0: stdout all=warning uptime,level,tags
 #1: stderr all=off uptime,level,tags

Environment Variables:
JAVA_HOME=/opt/jdk/jdk-11.0.11
PATH=/usr/local/lib/node_modules/npm/node_modules/npm-lifecycle/node-gyp-bin:/home/arsene/IdeaProjects/model-services/workflow-dsl/dsl_backend/node_modules/.bin:/usr/bin/node:/opt/kind:/home/arsene/cmd:/usr/bin/node:/opt/kind:/home/arsene/cmd:/home/arsene/anaconda3/condabin:/home/arsene/opt/flutter/bin:/opt/jdk/jdk-11.0.11/bin:/home/arsene/.local/bin:/usr/local/sbin:/usr/local/bin:/usr/sbin:/usr/bin:/sbin:/bin:/usr/games:/usr/local/games:/usr/lib/jvm/jdk-11.0.6/bin:/snap/bin:/home/arsene/.dotnet/tools:/usr/lib/jvm/jdk-11.0.10/bin:/usr/lib/jvm/java-11-oracle/bin:/usr/lib/jvm/java-11-oracle/db/bin
SHELL=/bin/bash
DISPLAY=:0

Signal Handlers:
SIGSEGV: [libjvm.so+0xea2e10], sa_mask[0]=11111111011111111101111111111110, sa_flags=SA_RESTART|SA_SIGINFO
SIGBUS: [libjvm.so+0xea2e10], sa_mask[0]=11111111011111111101111111111110, sa_flags=SA_RESTART|SA_SIGINFO
SIGFPE: [libjvm.so+0xea2e10], sa_mask[0]=11111111011111111101111111111110, sa_flags=SA_RESTART|SA_SIGINFO
SIGPIPE: [libjvm.so+0xc720d0], sa_mask[0]=11111111011111111101111111111110, sa_flags=SA_RESTART|SA_SIGINFO
SIGXFSZ: [libjvm.so+0xc720d0], sa_mask[0]=11111111011111111101111111111110, sa_flags=SA_RESTART|SA_SIGINFO
SIGILL: [libjvm.so+0xea2e10], sa_mask[0]=11111111011111111101111111111110, sa_flags=SA_RESTART|SA_SIGINFO
SIGUSR2: [libjvm.so+0xc71f70], sa_mask[0]=00000000000000000000000000000000, sa_flags=SA_RESTART|SA_SIGINFO
SIGHUP: [libjvm.so+0xc722d0], sa_mask[0]=11111111011111111101111111111110, sa_flags=SA_RESTART|SA_SIGINFO
SIGINT: [libjvm.so+0xc722d0], sa_mask[0]=11111111011111111101111111111110, sa_flags=SA_RESTART|SA_SIGINFO
SIGTERM: [libjvm.so+0xc722d0], sa_mask[0]=11111111011111111101111111111110, sa_flags=SA_RESTART|SA_SIGINFO
SIGQUIT: [libjvm.so+0xc722d0], sa_mask[0]=11111111011111111101111111111110, sa_flags=SA_RESTART|SA_SIGINFO


---------------  S Y S T E M  ---------------

OS:DISTRIB_ID=Ubuntu
DISTRIB_RELEASE=20.04
DISTRIB_CODENAME=focal
DISTRIB_DESCRIPTION="Ubuntu 20.04.2 LTS"
uname:Linux 5.4.0-74-generic #83-Ubuntu SMP Sat May 8 02:35:39 UTC 2021 x86_64
libc:glibc 2.31 NPTL 2.31 
rlimit: STACK 8192k, CORE 0k, NPROC 63203, NOFILE 1048576, AS infinity, DATA infinity, FSIZE infinity
load average:1,79 1,86 1,64

/proc/meminfo:
MemTotal:       16238796 kB
MemFree:          662904 kB
MemAvailable:    2263220 kB
Buffers:          193828 kB
Cached:          2289148 kB
SwapCached:        19548 kB
Active:         11539272 kB
Inactive:        2902200 kB
Active(anon):   10647304 kB
Inactive(anon):  2307508 kB
Active(file):     891968 kB
Inactive(file):   594692 kB
Unevictable:       41636 kB
Mlocked:             240 kB
SwapTotal:       7812092 kB
SwapFree:        7407612 kB
Dirty:               576 kB
Writeback:             0 kB
AnonPages:      11988352 kB
Mapped:          1054516 kB
Shmem:           1076176 kB
KReclaimable:     453752 kB
Slab:             807880 kB
SReclaimable:     453752 kB
SUnreclaim:       354128 kB
KernelStack:       44720 kB
PageTables:       112988 kB
NFS_Unstable:          0 kB
Bounce:                0 kB
WritebackTmp:          0 kB
CommitLimit:    15931488 kB
Committed_AS:   31984336 kB
VmallocTotal:   34359738367 kB
VmallocUsed:       72028 kB
VmallocChunk:          0 kB
Percpu:            11968 kB
HardwareCorrupted:     0 kB
AnonHugePages:     20480 kB
ShmemHugePages:        0 kB
ShmemPmdMapped:        0 kB
FileHugePages:         0 kB
FilePmdMapped:         0 kB
CmaTotal:              0 kB
CmaFree:               0 kB
HugePages_Total:       0
HugePages_Free:        0
HugePages_Rsvd:        0
HugePages_Surp:        0
Hugepagesize:       2048 kB
Hugetlb:               0 kB
DirectMap4k:      681576 kB
DirectMap2M:    15935488 kB
DirectMap1G:     1048576 kB


/proc/sys/kernel/threads-max (system-wide limit on the number of threads):
126406


/proc/sys/vm/max_map_count (maximum number of memory map areas a process may have):
65530


/proc/sys/kernel/pid_max (system-wide limit on number of process identifiers):
4194304



container (cgroup) information:
container_type: cgroupv1
cpu_cpuset_cpus: 0-7
cpu_memory_nodes: 0
active_processor_count: 8
cpu_quota: -1
cpu_period: 100000
cpu_shares: -1
memory_limit_in_bytes: -1
memory_and_swap_limit_in_bytes: -2
memory_soft_limit_in_bytes: -1
memory_usage_in_bytes: 11088072704
memory_max_usage_in_bytes: 11807326208


CPU:total 8 (initial active 8) (4 cores per cpu, 2 threads per core) family 6 model 142 stepping 10 microcode 0xea, cmov, cx8, fxsr, mmx, sse, sse2, sse3, ssse3, sse4.1, sse4.2, popcnt, avx, avx2, aes, clmul, erms, 3dnowpref, lzcnt, ht, tsc, tscinvbit, bmi1, bmi2, adx, fma
CPU Model and flags from /proc/cpuinfo:
model name	: Intel(R) Core(TM) i5-8250U CPU @ 1.60GHz
flags		: fpu vme de pse tsc msr pae mce cx8 apic sep mtrr pge mca cmov pat pse36 clflush dts acpi mmx fxsr sse sse2 ss ht tm pbe syscall nx pdpe1gb rdtscp lm constant_tsc art arch_perfmon pebs bts rep_good nopl xtopology nonstop_tsc cpuid aperfmperf pni pclmulqdq dtes64 monitor ds_cpl vmx est tm2 ssse3 sdbg fma cx16 xtpr pdcm pcid sse4_1 sse4_2 x2apic movbe popcnt tsc_deadline_timer aes xsave avx f16c rdrand lahf_lm abm 3dnowprefetch cpuid_fault epb invpcid_single pti ssbd ibrs ibpb stibp tpr_shadow vnmi flexpriority ept vpid ept_ad fsgsbase tsc_adjust bmi1 avx2 smep bmi2 erms invpcid mpx rdseed adx smap clflushopt intel_pt xsaveopt xsavec xgetbv1 xsaves dtherm ida arat pln pts hwp hwp_notify hwp_act_window hwp_epp md_clear flush_l1d

Memory: 4k page, physical 16238796k(662400k free), swap 7812092k(7407612k free)

vm_info: Java HotSpot(TM) 64-Bit Server VM (11.0.11+9-LTS-194) for linux-amd64 JRE (11.0.11+9-LTS-194), built on Mar 18 2021 17:46:40 by "mach5one" with gcc 7.3.0

END.
