#
# A fatal error has been detected by the Java Runtime Environment:
#
#  SIGSEGV (0xb) at pc=0x00007ff9fb78afa0, pid=58743, tid=58743
#
# JRE version: Java(TM) SE Runtime Environment 18.9 (11.0.11+9) (build 11.0.11+9-LTS-194)
# Java VM: Java HotSpot(TM) 64-Bit Server VM 18.9 (11.0.11+9-LTS-194, mixed mode, tiered, compressed oops, g1 gc, linux-amd64)
# Problematic frame:
# V  [libjvm.so+0xc71fa0]  SR_handler(int, siginfo*, ucontext*)+0x30
#
# Core dump will be written. Default location: Core dumps may be processed with "/usr/share/apport/apport %p %s %c %d %P %E" (or dumping to /home/arsene/IdeaProjects/model-services/workflow-dsl/dsl_backend/language_server/core.58743)
#
# If you would like to submit a bug report, please visit:
#   https://bugreport.java.com/bugreport/crash.jsp
#

---------------  S U M M A R Y ------------

Command Line: /home/arsene/IdeaProjects/model-services/workflow-dsl/dsl_backend/language_server/language_server.jar

Host: Intel(R) Core(TM) i5-8250U CPU @ 1.60GHz, 8 cores, 15G, Ubuntu 20.04.2 LTS
Time: Sat Jun 19 14:22:38 2021 CEST elapsed time: 1201.861478 seconds (0d 0h 20m 1s)

---------------  T H R E A D  ---------------

Current thread is native thread

Stack: [0x00007ffdbcfb4000,0x00007ffdbd7b1000],  sp=0x00007ffdbd7ab900,  free space=8158k
Native frames: (J=compiled Java code, A=aot compiled Java code, j=interpreted, Vv=VM code, C=native code)
V  [libjvm.so+0xc71fa0]  SR_handler(int, siginfo*, ucontext*)+0x30
C  [libpthread.so.0+0x153c0]


siginfo: si_signo: 11 (SIGSEGV), si_code: 1 (SEGV_MAPERR), si_addr: 0x00000000000000d0

Register to memory mapping:

RAX=0x0 is NULL
RBX=
[error occurred during error reporting (printing register info), id 0xb, SIGSEGV (0xb) at pc=0x00007ff9fb95ac37]

Registers:
RAX=0x0000000000000000, RBX=0x00007ff9fc01ffc0, RCX=0x00007ff9fc434cd7, RDX=0x0000000000000000
RSP=0x00007ffdbd7ab900, RBP=0x00007ffdbd7ab9b0, RSI=0x00007ffdbd7abaf0, RDI=0x0000000000000001
R8 =0x0000000000000000, R9 =0x00007ff9fa9c9700, R10=0x0000000000000000, R11=0x0000000000000246
R12=0x0000000000000000, R13=0x00007ffdbd7abaf0, R14=0x00007ffdbd7ab9c0, R15=0x00007ff9fa9c9700
RIP=0x00007ff9fb78afa0, EFLAGS=0x0000000000010246, CSGSFS=0x002b000000000033, ERR=0x0000000000000004
  TRAPNO=0x000000000000000e

Top of Stack: (sp=0x00007ffdbd7ab900)
0x00007ffdbd7ab900:   0000000180000002 0000000000000000
0x00007ffdbd7ab910:   0000000000000000 0000000000000000
0x00007ffdbd7ab920:   6575715f544d4e00 3d006b636f4c7972
0x00007ffdbd7ab930:   0000000000000000 0000000000000000 

Instructions: (pc=0x00007ff9fb78afa0)
0x00007ff9fb78af80:   49 89 f5 48 81 ec 88 00 00 00 e8 31 17 60 ff 48
0x00007ff9fb78af90:   89 c3 44 8b 20 e8 66 e6 1c 00 31 d2 84 c0 75 38
0x00007ff9fb78afa0:   48 83 ba d0 00 00 00 00 74 16 4c 8b ba 70 02 00
0x00007ff9fb78afb0:   00 41 8b 87 a8 00 00 00 83 f8 01 74 2b 44 89 23 

Stack slot to memory mapping:
stack at sp + 0 slots: 
[error occurred during error reporting (inspecting top of stack), id 0xb, SIGSEGV (0xb) at pc=0x00007ff9fb95ac37]


---------------  P R O C E S S  ---------------

VM state:not at safepoint (normal execution)

VM Mutex/Monitor currently owned by a thread: None

Heap address: 0x0000000708200000, size: 3966 MB, Compressed Oops mode: Zero based, Oop shift amount: 3
Narrow klass base: 0x0000000800000000, Narrow klass shift: 0
Compressed class space size: 1073741824 Address: 0x0000000800000000

Heap:
 garbage-first heap   total 253952K, used 34367K [0x0000000708200000, 0x0000000800000000)
  region size 1024K, 34 young (34816K), 3 survivors (3072K)
 Metaspace       used 17472K, capacity 17864K, committed 18048K, reserved 1064960K
  class space    used 1740K, capacity 1854K, committed 1920K, reserved 1048576K
Heap Regions: E=young(eden), S=young(survivor), O=old, HS=humongous(starts), HC=humongous(continues), CS=collection set, F=free, A=archive, TAMS=top-at-mark-start (previous, next)
|   0|0x0000000708200000, 0x0000000708300000, 0x0000000708300000|100%| O|  |TAMS 0x0000000708200000, 0x0000000708200000| Untracked 
|   1|0x0000000708300000, 0x000000070838fc00, 0x0000000708400000| 56%| O|  |TAMS 0x0000000708300000, 0x0000000708300000| Untracked 
|   2|0x0000000708400000, 0x0000000708400000, 0x0000000708500000|  0%| F|  |TAMS 0x0000000708400000, 0x0000000708400000| Untracked 
|   3|0x0000000708500000, 0x0000000708500000, 0x0000000708600000|  0%| F|  |TAMS 0x0000000708500000, 0x0000000708500000| Untracked 
|   4|0x0000000708600000, 0x0000000708600000, 0x0000000708700000|  0%| F|  |TAMS 0x0000000708600000, 0x0000000708600000| Untracked 
|   5|0x0000000708700000, 0x0000000708700000, 0x0000000708800000|  0%| F|  |TAMS 0x0000000708700000, 0x0000000708700000| Untracked 
|   6|0x0000000708800000, 0x0000000708800000, 0x0000000708900000|  0%| F|  |TAMS 0x0000000708800000, 0x0000000708800000| Untracked 
|   7|0x0000000708900000, 0x0000000708900000, 0x0000000708a00000|  0%| F|  |TAMS 0x0000000708900000, 0x0000000708900000| Untracked 
|   8|0x0000000708a00000, 0x0000000708a00000, 0x0000000708b00000|  0%| F|  |TAMS 0x0000000708a00000, 0x0000000708a00000| Untracked 
|   9|0x0000000708b00000, 0x0000000708b00000, 0x0000000708c00000|  0%| F|  |TAMS 0x0000000708b00000, 0x0000000708b00000| Untracked 
|  10|0x0000000708c00000, 0x0000000708c00000, 0x0000000708d00000|  0%| F|  |TAMS 0x0000000708c00000, 0x0000000708c00000| Untracked 
|  11|0x0000000708d00000, 0x0000000708d00000, 0x0000000708e00000|  0%| F|  |TAMS 0x0000000708d00000, 0x0000000708d00000| Untracked 
|  12|0x0000000708e00000, 0x0000000708e00000, 0x0000000708f00000|  0%| F|  |TAMS 0x0000000708e00000, 0x0000000708e00000| Untracked 
|  13|0x0000000708f00000, 0x0000000708f00000, 0x0000000709000000|  0%| F|  |TAMS 0x0000000708f00000, 0x0000000708f00000| Untracked 
|  14|0x0000000709000000, 0x0000000709000000, 0x0000000709100000|  0%| F|  |TAMS 0x0000000709000000, 0x0000000709000000| Untracked 
|  15|0x0000000709100000, 0x0000000709100000, 0x0000000709200000|  0%| F|  |TAMS 0x0000000709100000, 0x0000000709100000| Untracked 
|  16|0x0000000709200000, 0x0000000709200000, 0x0000000709300000|  0%| F|  |TAMS 0x0000000709200000, 0x0000000709200000| Untracked 
|  17|0x0000000709300000, 0x0000000709300000, 0x0000000709400000|  0%| F|  |TAMS 0x0000000709300000, 0x0000000709300000| Untracked 
|  18|0x0000000709400000, 0x0000000709400000, 0x0000000709500000|  0%| F|  |TAMS 0x0000000709400000, 0x0000000709400000| Untracked 
|  19|0x0000000709500000, 0x0000000709500000, 0x0000000709600000|  0%| F|  |TAMS 0x0000000709500000, 0x0000000709500000| Untracked 
|  20|0x0000000709600000, 0x0000000709600000, 0x0000000709700000|  0%| F|  |TAMS 0x0000000709600000, 0x0000000709600000| Untracked 
|  21|0x0000000709700000, 0x0000000709700000, 0x0000000709800000|  0%| F|  |TAMS 0x0000000709700000, 0x0000000709700000| Untracked 
|  22|0x0000000709800000, 0x0000000709800000, 0x0000000709900000|  0%| F|  |TAMS 0x0000000709800000, 0x0000000709800000| Untracked 
|  23|0x0000000709900000, 0x0000000709900000, 0x0000000709a00000|  0%| F|  |TAMS 0x0000000709900000, 0x0000000709900000| Untracked 
|  24|0x0000000709a00000, 0x0000000709a00000, 0x0000000709b00000|  0%| F|  |TAMS 0x0000000709a00000, 0x0000000709a00000| Untracked 
|  25|0x0000000709b00000, 0x0000000709b00000, 0x0000000709c00000|  0%| F|  |TAMS 0x0000000709b00000, 0x0000000709b00000| Untracked 
|  26|0x0000000709c00000, 0x0000000709c00000, 0x0000000709d00000|  0%| F|  |TAMS 0x0000000709c00000, 0x0000000709c00000| Untracked 
|  27|0x0000000709d00000, 0x0000000709d00000, 0x0000000709e00000|  0%| F|  |TAMS 0x0000000709d00000, 0x0000000709d00000| Untracked 
|  28|0x0000000709e00000, 0x0000000709e00000, 0x0000000709f00000|  0%| F|  |TAMS 0x0000000709e00000, 0x0000000709e00000| Untracked 
|  29|0x0000000709f00000, 0x0000000709f00000, 0x000000070a000000|  0%| F|  |TAMS 0x0000000709f00000, 0x0000000709f00000| Untracked 
|  30|0x000000070a000000, 0x000000070a000000, 0x000000070a100000|  0%| F|  |TAMS 0x000000070a000000, 0x000000070a000000| Untracked 
|  31|0x000000070a100000, 0x000000070a100000, 0x000000070a200000|  0%| F|  |TAMS 0x000000070a100000, 0x000000070a100000| Untracked 
|  32|0x000000070a200000, 0x000000070a200000, 0x000000070a300000|  0%| F|  |TAMS 0x000000070a200000, 0x000000070a200000| Untracked 
|  33|0x000000070a300000, 0x000000070a300000, 0x000000070a400000|  0%| F|  |TAMS 0x000000070a300000, 0x000000070a300000| Untracked 
|  34|0x000000070a400000, 0x000000070a400000, 0x000000070a500000|  0%| F|  |TAMS 0x000000070a400000, 0x000000070a400000| Untracked 
|  35|0x000000070a500000, 0x000000070a500000, 0x000000070a600000|  0%| F|  |TAMS 0x000000070a500000, 0x000000070a500000| Untracked 
|  36|0x000000070a600000, 0x000000070a600000, 0x000000070a700000|  0%| F|  |TAMS 0x000000070a600000, 0x000000070a600000| Untracked 
|  37|0x000000070a700000, 0x000000070a700000, 0x000000070a800000|  0%| F|  |TAMS 0x000000070a700000, 0x000000070a700000| Untracked 
|  38|0x000000070a800000, 0x000000070a800000, 0x000000070a900000|  0%| F|  |TAMS 0x000000070a800000, 0x000000070a800000| Untracked 
|  39|0x000000070a900000, 0x000000070a900000, 0x000000070aa00000|  0%| F|  |TAMS 0x000000070a900000, 0x000000070a900000| Untracked 
|  40|0x000000070aa00000, 0x000000070aa00000, 0x000000070ab00000|  0%| F|  |TAMS 0x000000070aa00000, 0x000000070aa00000| Untracked 
|  41|0x000000070ab00000, 0x000000070ab00000, 0x000000070ac00000|  0%| F|  |TAMS 0x000000070ab00000, 0x000000070ab00000| Untracked 
|  42|0x000000070ac00000, 0x000000070ac00000, 0x000000070ad00000|  0%| F|  |TAMS 0x000000070ac00000, 0x000000070ac00000| Untracked 
|  43|0x000000070ad00000, 0x000000070ad00000, 0x000000070ae00000|  0%| F|  |TAMS 0x000000070ad00000, 0x000000070ad00000| Untracked 
|  44|0x000000070ae00000, 0x000000070ae00000, 0x000000070af00000|  0%| F|  |TAMS 0x000000070ae00000, 0x000000070ae00000| Untracked 
|  45|0x000000070af00000, 0x000000070af00000, 0x000000070b000000|  0%| F|  |TAMS 0x000000070af00000, 0x000000070af00000| Untracked 
|  46|0x000000070b000000, 0x000000070b000000, 0x000000070b100000|  0%| F|  |TAMS 0x000000070b000000, 0x000000070b000000| Untracked 
|  47|0x000000070b100000, 0x000000070b100000, 0x000000070b200000|  0%| F|  |TAMS 0x000000070b100000, 0x000000070b100000| Untracked 
|  48|0x000000070b200000, 0x000000070b200000, 0x000000070b300000|  0%| F|  |TAMS 0x000000070b200000, 0x000000070b200000| Untracked 
|  49|0x000000070b300000, 0x000000070b300000, 0x000000070b400000|  0%| F|  |TAMS 0x000000070b300000, 0x000000070b300000| Untracked 
|  50|0x000000070b400000, 0x000000070b400000, 0x000000070b500000|  0%| F|  |TAMS 0x000000070b400000, 0x000000070b400000| Untracked 
|  51|0x000000070b500000, 0x000000070b500000, 0x000000070b600000|  0%| F|  |TAMS 0x000000070b500000, 0x000000070b500000| Untracked 
|  52|0x000000070b600000, 0x000000070b600000, 0x000000070b700000|  0%| F|  |TAMS 0x000000070b600000, 0x000000070b600000| Untracked 
|  53|0x000000070b700000, 0x000000070b700000, 0x000000070b800000|  0%| F|  |TAMS 0x000000070b700000, 0x000000070b700000| Untracked 
|  54|0x000000070b800000, 0x000000070b800000, 0x000000070b900000|  0%| F|  |TAMS 0x000000070b800000, 0x000000070b800000| Untracked 
|  55|0x000000070b900000, 0x000000070b900000, 0x000000070ba00000|  0%| F|  |TAMS 0x000000070b900000, 0x000000070b900000| Untracked 
|  56|0x000000070ba00000, 0x000000070ba00000, 0x000000070bb00000|  0%| F|  |TAMS 0x000000070ba00000, 0x000000070ba00000| Untracked 
|  57|0x000000070bb00000, 0x000000070bb00000, 0x000000070bc00000|  0%| F|  |TAMS 0x000000070bb00000, 0x000000070bb00000| Untracked 
|  58|0x000000070bc00000, 0x000000070bc00000, 0x000000070bd00000|  0%| F|  |TAMS 0x000000070bc00000, 0x000000070bc00000| Untracked 
|  59|0x000000070bd00000, 0x000000070bd00000, 0x000000070be00000|  0%| F|  |TAMS 0x000000070bd00000, 0x000000070bd00000| Untracked 
|  60|0x000000070be00000, 0x000000070be00000, 0x000000070bf00000|  0%| F|  |TAMS 0x000000070be00000, 0x000000070be00000| Untracked 
|  61|0x000000070bf00000, 0x000000070bf00000, 0x000000070c000000|  0%| F|  |TAMS 0x000000070bf00000, 0x000000070bf00000| Untracked 
|  62|0x000000070c000000, 0x000000070c000000, 0x000000070c100000|  0%| F|  |TAMS 0x000000070c000000, 0x000000070c000000| Untracked 
|  63|0x000000070c100000, 0x000000070c100000, 0x000000070c200000|  0%| F|  |TAMS 0x000000070c100000, 0x000000070c100000| Untracked 
|  64|0x000000070c200000, 0x000000070c200000, 0x000000070c300000|  0%| F|  |TAMS 0x000000070c200000, 0x000000070c200000| Untracked 
|  65|0x000000070c300000, 0x000000070c300000, 0x000000070c400000|  0%| F|  |TAMS 0x000000070c300000, 0x000000070c300000| Untracked 
|  66|0x000000070c400000, 0x000000070c400000, 0x000000070c500000|  0%| F|  |TAMS 0x000000070c400000, 0x000000070c400000| Untracked 
|  67|0x000000070c500000, 0x000000070c500000, 0x000000070c600000|  0%| F|  |TAMS 0x000000070c500000, 0x000000070c500000| Untracked 
|  68|0x000000070c600000, 0x000000070c600000, 0x000000070c700000|  0%| F|  |TAMS 0x000000070c600000, 0x000000070c600000| Untracked 
|  69|0x000000070c700000, 0x000000070c700000, 0x000000070c800000|  0%| F|  |TAMS 0x000000070c700000, 0x000000070c700000| Untracked 
|  70|0x000000070c800000, 0x000000070c800000, 0x000000070c900000|  0%| F|  |TAMS 0x000000070c800000, 0x000000070c800000| Untracked 
|  71|0x000000070c900000, 0x000000070c900000, 0x000000070ca00000|  0%| F|  |TAMS 0x000000070c900000, 0x000000070c900000| Untracked 
|  72|0x000000070ca00000, 0x000000070ca00000, 0x000000070cb00000|  0%| F|  |TAMS 0x000000070ca00000, 0x000000070ca00000| Untracked 
|  73|0x000000070cb00000, 0x000000070cb00000, 0x000000070cc00000|  0%| F|  |TAMS 0x000000070cb00000, 0x000000070cb00000| Untracked 
|  74|0x000000070cc00000, 0x000000070cc00000, 0x000000070cd00000|  0%| F|  |TAMS 0x000000070cc00000, 0x000000070cc00000| Untracked 
|  75|0x000000070cd00000, 0x000000070cd00000, 0x000000070ce00000|  0%| F|  |TAMS 0x000000070cd00000, 0x000000070cd00000| Untracked 
|  76|0x000000070ce00000, 0x000000070ce00000, 0x000000070cf00000|  0%| F|  |TAMS 0x000000070ce00000, 0x000000070ce00000| Untracked 
|  77|0x000000070cf00000, 0x000000070cf00000, 0x000000070d000000|  0%| F|  |TAMS 0x000000070cf00000, 0x000000070cf00000| Untracked 
|  78|0x000000070d000000, 0x000000070d000000, 0x000000070d100000|  0%| F|  |TAMS 0x000000070d000000, 0x000000070d000000| Untracked 
|  79|0x000000070d100000, 0x000000070d100000, 0x000000070d200000|  0%| F|  |TAMS 0x000000070d100000, 0x000000070d100000| Untracked 
|  80|0x000000070d200000, 0x000000070d200000, 0x000000070d300000|  0%| F|  |TAMS 0x000000070d200000, 0x000000070d200000| Untracked 
|  81|0x000000070d300000, 0x000000070d300000, 0x000000070d400000|  0%| F|  |TAMS 0x000000070d300000, 0x000000070d300000| Untracked 
|  82|0x000000070d400000, 0x000000070d400000, 0x000000070d500000|  0%| F|  |TAMS 0x000000070d400000, 0x000000070d400000| Untracked 
|  83|0x000000070d500000, 0x000000070d500000, 0x000000070d600000|  0%| F|  |TAMS 0x000000070d500000, 0x000000070d500000| Untracked 
|  84|0x000000070d600000, 0x000000070d600000, 0x000000070d700000|  0%| F|  |TAMS 0x000000070d600000, 0x000000070d600000| Untracked 
|  85|0x000000070d700000, 0x000000070d700000, 0x000000070d800000|  0%| F|  |TAMS 0x000000070d700000, 0x000000070d700000| Untracked 
|  86|0x000000070d800000, 0x000000070d800000, 0x000000070d900000|  0%| F|  |TAMS 0x000000070d800000, 0x000000070d800000| Untracked 
|  87|0x000000070d900000, 0x000000070d900000, 0x000000070da00000|  0%| F|  |TAMS 0x000000070d900000, 0x000000070d900000| Untracked 
|  88|0x000000070da00000, 0x000000070da00000, 0x000000070db00000|  0%| F|  |TAMS 0x000000070da00000, 0x000000070da00000| Untracked 
|  89|0x000000070db00000, 0x000000070db00000, 0x000000070dc00000|  0%| F|  |TAMS 0x000000070db00000, 0x000000070db00000| Untracked 
|  90|0x000000070dc00000, 0x000000070dc00000, 0x000000070dd00000|  0%| F|  |TAMS 0x000000070dc00000, 0x000000070dc00000| Untracked 
|  91|0x000000070dd00000, 0x000000070dd00000, 0x000000070de00000|  0%| F|  |TAMS 0x000000070dd00000, 0x000000070dd00000| Untracked 
|  92|0x000000070de00000, 0x000000070de00000, 0x000000070df00000|  0%| F|  |TAMS 0x000000070de00000, 0x000000070de00000| Untracked 
|  93|0x000000070df00000, 0x000000070df00000, 0x000000070e000000|  0%| F|  |TAMS 0x000000070df00000, 0x000000070df00000| Untracked 
|  94|0x000000070e000000, 0x000000070e000000, 0x000000070e100000|  0%| F|  |TAMS 0x000000070e000000, 0x000000070e000000| Untracked 
|  95|0x000000070e100000, 0x000000070e100000, 0x000000070e200000|  0%| F|  |TAMS 0x000000070e100000, 0x000000070e100000| Untracked 
|  96|0x000000070e200000, 0x000000070e200000, 0x000000070e300000|  0%| F|  |TAMS 0x000000070e200000, 0x000000070e200000| Untracked 
|  97|0x000000070e300000, 0x000000070e300000, 0x000000070e400000|  0%| F|  |TAMS 0x000000070e300000, 0x000000070e300000| Untracked 
|  98|0x000000070e400000, 0x000000070e400000, 0x000000070e500000|  0%| F|  |TAMS 0x000000070e400000, 0x000000070e400000| Untracked 
|  99|0x000000070e500000, 0x000000070e500000, 0x000000070e600000|  0%| F|  |TAMS 0x000000070e500000, 0x000000070e500000| Untracked 
| 100|0x000000070e600000, 0x000000070e600000, 0x000000070e700000|  0%| F|  |TAMS 0x000000070e600000, 0x000000070e600000| Untracked 
| 101|0x000000070e700000, 0x000000070e700000, 0x000000070e800000|  0%| F|  |TAMS 0x000000070e700000, 0x000000070e700000| Untracked 
| 102|0x000000070e800000, 0x000000070e800000, 0x000000070e900000|  0%| F|  |TAMS 0x000000070e800000, 0x000000070e800000| Untracked 
| 103|0x000000070e900000, 0x000000070e900000, 0x000000070ea00000|  0%| F|  |TAMS 0x000000070e900000, 0x000000070e900000| Untracked 
| 104|0x000000070ea00000, 0x000000070ea00000, 0x000000070eb00000|  0%| F|  |TAMS 0x000000070ea00000, 0x000000070ea00000| Untracked 
| 105|0x000000070eb00000, 0x000000070eb00000, 0x000000070ec00000|  0%| F|  |TAMS 0x000000070eb00000, 0x000000070eb00000| Untracked 
| 106|0x000000070ec00000, 0x000000070ec00000, 0x000000070ed00000|  0%| F|  |TAMS 0x000000070ec00000, 0x000000070ec00000| Untracked 
| 107|0x000000070ed00000, 0x000000070ed00000, 0x000000070ee00000|  0%| F|  |TAMS 0x000000070ed00000, 0x000000070ed00000| Untracked 
| 108|0x000000070ee00000, 0x000000070ee00000, 0x000000070ef00000|  0%| F|  |TAMS 0x000000070ee00000, 0x000000070ee00000| Untracked 
| 109|0x000000070ef00000, 0x000000070ef00000, 0x000000070f000000|  0%| F|  |TAMS 0x000000070ef00000, 0x000000070ef00000| Untracked 
| 110|0x000000070f000000, 0x000000070f000000, 0x000000070f100000|  0%| F|  |TAMS 0x000000070f000000, 0x000000070f000000| Untracked 
| 111|0x000000070f100000, 0x000000070f100000, 0x000000070f200000|  0%| F|  |TAMS 0x000000070f100000, 0x000000070f100000| Untracked 
| 112|0x000000070f200000, 0x000000070f200000, 0x000000070f300000|  0%| F|  |TAMS 0x000000070f200000, 0x000000070f200000| Untracked 
| 113|0x000000070f300000, 0x000000070f300000, 0x000000070f400000|  0%| F|  |TAMS 0x000000070f300000, 0x000000070f300000| Untracked 
| 114|0x000000070f400000, 0x000000070f400000, 0x000000070f500000|  0%| F|  |TAMS 0x000000070f400000, 0x000000070f400000| Untracked 
| 115|0x000000070f500000, 0x000000070f500000, 0x000000070f600000|  0%| F|  |TAMS 0x000000070f500000, 0x000000070f500000| Untracked 
| 116|0x000000070f600000, 0x000000070f600000, 0x000000070f700000|  0%| F|  |TAMS 0x000000070f600000, 0x000000070f600000| Untracked 
| 117|0x000000070f700000, 0x000000070f700000, 0x000000070f800000|  0%| F|  |TAMS 0x000000070f700000, 0x000000070f700000| Untracked 
| 118|0x000000070f800000, 0x000000070f800000, 0x000000070f900000|  0%| F|  |TAMS 0x000000070f800000, 0x000000070f800000| Untracked 
| 119|0x000000070f900000, 0x000000070f900000, 0x000000070fa00000|  0%| F|  |TAMS 0x000000070f900000, 0x000000070f900000| Untracked 
| 120|0x000000070fa00000, 0x000000070fa00000, 0x000000070fb00000|  0%| F|  |TAMS 0x000000070fa00000, 0x000000070fa00000| Untracked 
| 121|0x000000070fb00000, 0x000000070fb00000, 0x000000070fc00000|  0%| F|  |TAMS 0x000000070fb00000, 0x000000070fb00000| Untracked 
| 122|0x000000070fc00000, 0x000000070fc00000, 0x000000070fd00000|  0%| F|  |TAMS 0x000000070fc00000, 0x000000070fc00000| Untracked 
| 123|0x000000070fd00000, 0x000000070fd00000, 0x000000070fe00000|  0%| F|  |TAMS 0x000000070fd00000, 0x000000070fd00000| Untracked 
| 124|0x000000070fe00000, 0x000000070fe00000, 0x000000070ff00000|  0%| F|  |TAMS 0x000000070fe00000, 0x000000070fe00000| Untracked 
| 125|0x000000070ff00000, 0x000000070ff00000, 0x0000000710000000|  0%| F|  |TAMS 0x000000070ff00000, 0x000000070ff00000| Untracked 
| 126|0x0000000710000000, 0x0000000710000000, 0x0000000710100000|  0%| F|  |TAMS 0x0000000710000000, 0x0000000710000000| Untracked 
| 127|0x0000000710100000, 0x0000000710100000, 0x0000000710200000|  0%| F|  |TAMS 0x0000000710100000, 0x0000000710100000| Untracked 
| 128|0x0000000710200000, 0x0000000710200000, 0x0000000710300000|  0%| F|  |TAMS 0x0000000710200000, 0x0000000710200000| Untracked 
| 129|0x0000000710300000, 0x0000000710300000, 0x0000000710400000|  0%| F|  |TAMS 0x0000000710300000, 0x0000000710300000| Untracked 
| 130|0x0000000710400000, 0x0000000710400000, 0x0000000710500000|  0%| F|  |TAMS 0x0000000710400000, 0x0000000710400000| Untracked 
| 131|0x0000000710500000, 0x0000000710500000, 0x0000000710600000|  0%| F|  |TAMS 0x0000000710500000, 0x0000000710500000| Untracked 
| 132|0x0000000710600000, 0x0000000710600000, 0x0000000710700000|  0%| F|  |TAMS 0x0000000710600000, 0x0000000710600000| Untracked 
| 133|0x0000000710700000, 0x0000000710700000, 0x0000000710800000|  0%| F|  |TAMS 0x0000000710700000, 0x0000000710700000| Untracked 
| 134|0x0000000710800000, 0x0000000710800000, 0x0000000710900000|  0%| F|  |TAMS 0x0000000710800000, 0x0000000710800000| Untracked 
| 135|0x0000000710900000, 0x0000000710900000, 0x0000000710a00000|  0%| F|  |TAMS 0x0000000710900000, 0x0000000710900000| Untracked 
| 136|0x0000000710a00000, 0x0000000710a00000, 0x0000000710b00000|  0%| F|  |TAMS 0x0000000710a00000, 0x0000000710a00000| Untracked 
| 137|0x0000000710b00000, 0x0000000710b00000, 0x0000000710c00000|  0%| F|  |TAMS 0x0000000710b00000, 0x0000000710b00000| Untracked 
| 138|0x0000000710c00000, 0x0000000710c00000, 0x0000000710d00000|  0%| F|  |TAMS 0x0000000710c00000, 0x0000000710c00000| Untracked 
| 139|0x0000000710d00000, 0x0000000710d00000, 0x0000000710e00000|  0%| F|  |TAMS 0x0000000710d00000, 0x0000000710d00000| Untracked 
| 140|0x0000000710e00000, 0x0000000710e00000, 0x0000000710f00000|  0%| F|  |TAMS 0x0000000710e00000, 0x0000000710e00000| Untracked 
| 141|0x0000000710f00000, 0x0000000710f00000, 0x0000000711000000|  0%| F|  |TAMS 0x0000000710f00000, 0x0000000710f00000| Untracked 
| 142|0x0000000711000000, 0x0000000711000000, 0x0000000711100000|  0%| F|  |TAMS 0x0000000711000000, 0x0000000711000000| Untracked 
| 143|0x0000000711100000, 0x0000000711100000, 0x0000000711200000|  0%| F|  |TAMS 0x0000000711100000, 0x0000000711100000| Untracked 
| 144|0x0000000711200000, 0x0000000711200000, 0x0000000711300000|  0%| F|  |TAMS 0x0000000711200000, 0x0000000711200000| Untracked 
| 145|0x0000000711300000, 0x0000000711300000, 0x0000000711400000|  0%| F|  |TAMS 0x0000000711300000, 0x0000000711300000| Untracked 
| 146|0x0000000711400000, 0x0000000711400000, 0x0000000711500000|  0%| F|  |TAMS 0x0000000711400000, 0x0000000711400000| Untracked 
| 147|0x0000000711500000, 0x0000000711500000, 0x0000000711600000|  0%| F|  |TAMS 0x0000000711500000, 0x0000000711500000| Untracked 
| 148|0x0000000711600000, 0x0000000711600000, 0x0000000711700000|  0%| F|  |TAMS 0x0000000711600000, 0x0000000711600000| Untracked 
| 149|0x0000000711700000, 0x0000000711700000, 0x0000000711800000|  0%| F|  |TAMS 0x0000000711700000, 0x0000000711700000| Untracked 
| 150|0x0000000711800000, 0x0000000711800000, 0x0000000711900000|  0%| F|  |TAMS 0x0000000711800000, 0x0000000711800000| Untracked 
| 151|0x0000000711900000, 0x0000000711900000, 0x0000000711a00000|  0%| F|  |TAMS 0x0000000711900000, 0x0000000711900000| Untracked 
| 152|0x0000000711a00000, 0x0000000711a00000, 0x0000000711b00000|  0%| F|  |TAMS 0x0000000711a00000, 0x0000000711a00000| Untracked 
| 153|0x0000000711b00000, 0x0000000711b00000, 0x0000000711c00000|  0%| F|  |TAMS 0x0000000711b00000, 0x0000000711b00000| Untracked 
| 154|0x0000000711c00000, 0x0000000711c00000, 0x0000000711d00000|  0%| F|  |TAMS 0x0000000711c00000, 0x0000000711c00000| Untracked 
| 155|0x0000000711d00000, 0x0000000711d00000, 0x0000000711e00000|  0%| F|  |TAMS 0x0000000711d00000, 0x0000000711d00000| Untracked 
| 156|0x0000000711e00000, 0x0000000711e00000, 0x0000000711f00000|  0%| F|  |TAMS 0x0000000711e00000, 0x0000000711e00000| Untracked 
| 157|0x0000000711f00000, 0x0000000711f00000, 0x0000000712000000|  0%| F|  |TAMS 0x0000000711f00000, 0x0000000711f00000| Untracked 
| 158|0x0000000712000000, 0x0000000712000000, 0x0000000712100000|  0%| F|  |TAMS 0x0000000712000000, 0x0000000712000000| Untracked 
| 159|0x0000000712100000, 0x0000000712100000, 0x0000000712200000|  0%| F|  |TAMS 0x0000000712100000, 0x0000000712100000| Untracked 
| 160|0x0000000712200000, 0x0000000712200000, 0x0000000712300000|  0%| F|  |TAMS 0x0000000712200000, 0x0000000712200000| Untracked 
| 161|0x0000000712300000, 0x0000000712300000, 0x0000000712400000|  0%| F|  |TAMS 0x0000000712300000, 0x0000000712300000| Untracked 
| 162|0x0000000712400000, 0x0000000712400000, 0x0000000712500000|  0%| F|  |TAMS 0x0000000712400000, 0x0000000712400000| Untracked 
| 163|0x0000000712500000, 0x0000000712500000, 0x0000000712600000|  0%| F|  |TAMS 0x0000000712500000, 0x0000000712500000| Untracked 
| 164|0x0000000712600000, 0x0000000712600000, 0x0000000712700000|  0%| F|  |TAMS 0x0000000712600000, 0x0000000712600000| Untracked 
| 165|0x0000000712700000, 0x0000000712700000, 0x0000000712800000|  0%| F|  |TAMS 0x0000000712700000, 0x0000000712700000| Untracked 
| 166|0x0000000712800000, 0x0000000712800000, 0x0000000712900000|  0%| F|  |TAMS 0x0000000712800000, 0x0000000712800000| Untracked 
| 167|0x0000000712900000, 0x0000000712900000, 0x0000000712a00000|  0%| F|  |TAMS 0x0000000712900000, 0x0000000712900000| Untracked 
| 168|0x0000000712a00000, 0x0000000712a00000, 0x0000000712b00000|  0%| F|  |TAMS 0x0000000712a00000, 0x0000000712a00000| Untracked 
| 169|0x0000000712b00000, 0x0000000712b00000, 0x0000000712c00000|  0%| F|  |TAMS 0x0000000712b00000, 0x0000000712b00000| Untracked 
| 170|0x0000000712c00000, 0x0000000712c00000, 0x0000000712d00000|  0%| F|  |TAMS 0x0000000712c00000, 0x0000000712c00000| Untracked 
| 171|0x0000000712d00000, 0x0000000712d00000, 0x0000000712e00000|  0%| F|  |TAMS 0x0000000712d00000, 0x0000000712d00000| Untracked 
| 172|0x0000000712e00000, 0x0000000712e00000, 0x0000000712f00000|  0%| F|  |TAMS 0x0000000712e00000, 0x0000000712e00000| Untracked 
| 173|0x0000000712f00000, 0x0000000712f00000, 0x0000000713000000|  0%| F|  |TAMS 0x0000000712f00000, 0x0000000712f00000| Untracked 
| 174|0x0000000713000000, 0x0000000713000000, 0x0000000713100000|  0%| F|  |TAMS 0x0000000713000000, 0x0000000713000000| Untracked 
| 175|0x0000000713100000, 0x0000000713100000, 0x0000000713200000|  0%| F|  |TAMS 0x0000000713100000, 0x0000000713100000| Untracked 
| 176|0x0000000713200000, 0x0000000713200000, 0x0000000713300000|  0%| F|  |TAMS 0x0000000713200000, 0x0000000713200000| Untracked 
| 177|0x0000000713300000, 0x0000000713300000, 0x0000000713400000|  0%| F|  |TAMS 0x0000000713300000, 0x0000000713300000| Untracked 
| 178|0x0000000713400000, 0x0000000713400000, 0x0000000713500000|  0%| F|  |TAMS 0x0000000713400000, 0x0000000713400000| Untracked 
| 179|0x0000000713500000, 0x0000000713500000, 0x0000000713600000|  0%| F|  |TAMS 0x0000000713500000, 0x0000000713500000| Untracked 
| 180|0x0000000713600000, 0x0000000713600000, 0x0000000713700000|  0%| F|  |TAMS 0x0000000713600000, 0x0000000713600000| Untracked 
| 181|0x0000000713700000, 0x0000000713700000, 0x0000000713800000|  0%| F|  |TAMS 0x0000000713700000, 0x0000000713700000| Untracked 
| 182|0x0000000713800000, 0x0000000713800000, 0x0000000713900000|  0%| F|  |TAMS 0x0000000713800000, 0x0000000713800000| Untracked 
| 183|0x0000000713900000, 0x0000000713900000, 0x0000000713a00000|  0%| F|  |TAMS 0x0000000713900000, 0x0000000713900000| Untracked 
| 184|0x0000000713a00000, 0x0000000713a00000, 0x0000000713b00000|  0%| F|  |TAMS 0x0000000713a00000, 0x0000000713a00000| Untracked 
| 185|0x0000000713b00000, 0x0000000713b00000, 0x0000000713c00000|  0%| F|  |TAMS 0x0000000713b00000, 0x0000000713b00000| Untracked 
| 186|0x0000000713c00000, 0x0000000713c00000, 0x0000000713d00000|  0%| F|  |TAMS 0x0000000713c00000, 0x0000000713c00000| Untracked 
| 187|0x0000000713d00000, 0x0000000713d00000, 0x0000000713e00000|  0%| F|  |TAMS 0x0000000713d00000, 0x0000000713d00000| Untracked 
| 188|0x0000000713e00000, 0x0000000713e00000, 0x0000000713f00000|  0%| F|  |TAMS 0x0000000713e00000, 0x0000000713e00000| Untracked 
| 189|0x0000000713f00000, 0x0000000713f00000, 0x0000000714000000|  0%| F|  |TAMS 0x0000000713f00000, 0x0000000713f00000| Untracked 
| 190|0x0000000714000000, 0x0000000714000000, 0x0000000714100000|  0%| F|  |TAMS 0x0000000714000000, 0x0000000714000000| Untracked 
| 191|0x0000000714100000, 0x0000000714100000, 0x0000000714200000|  0%| F|  |TAMS 0x0000000714100000, 0x0000000714100000| Untracked 
| 192|0x0000000714200000, 0x0000000714200000, 0x0000000714300000|  0%| F|  |TAMS 0x0000000714200000, 0x0000000714200000| Untracked 
| 193|0x0000000714300000, 0x0000000714300000, 0x0000000714400000|  0%| F|  |TAMS 0x0000000714300000, 0x0000000714300000| Untracked 
| 194|0x0000000714400000, 0x0000000714400000, 0x0000000714500000|  0%| F|  |TAMS 0x0000000714400000, 0x0000000714400000| Untracked 
| 195|0x0000000714500000, 0x0000000714500000, 0x0000000714600000|  0%| F|  |TAMS 0x0000000714500000, 0x0000000714500000| Untracked 
| 196|0x0000000714600000, 0x0000000714600000, 0x0000000714700000|  0%| F|  |TAMS 0x0000000714600000, 0x0000000714600000| Untracked 
| 197|0x0000000714700000, 0x0000000714700000, 0x0000000714800000|  0%| F|  |TAMS 0x0000000714700000, 0x0000000714700000| Untracked 
| 198|0x0000000714800000, 0x0000000714800000, 0x0000000714900000|  0%| F|  |TAMS 0x0000000714800000, 0x0000000714800000| Untracked 
| 199|0x0000000714900000, 0x0000000714900000, 0x0000000714a00000|  0%| F|  |TAMS 0x0000000714900000, 0x0000000714900000| Untracked 
| 200|0x0000000714a00000, 0x0000000714a00000, 0x0000000714b00000|  0%| F|  |TAMS 0x0000000714a00000, 0x0000000714a00000| Untracked 
| 201|0x0000000714b00000, 0x0000000714b00000, 0x0000000714c00000|  0%| F|  |TAMS 0x0000000714b00000, 0x0000000714b00000| Untracked 
| 202|0x0000000714c00000, 0x0000000714c00000, 0x0000000714d00000|  0%| F|  |TAMS 0x0000000714c00000, 0x0000000714c00000| Untracked 
| 203|0x0000000714d00000, 0x0000000714d00000, 0x0000000714e00000|  0%| F|  |TAMS 0x0000000714d00000, 0x0000000714d00000| Untracked 
| 204|0x0000000714e00000, 0x0000000714e00000, 0x0000000714f00000|  0%| F|  |TAMS 0x0000000714e00000, 0x0000000714e00000| Untracked 
| 205|0x0000000714f00000, 0x0000000714f00000, 0x0000000715000000|  0%| F|  |TAMS 0x0000000714f00000, 0x0000000714f00000| Untracked 
| 206|0x0000000715000000, 0x0000000715000000, 0x0000000715100000|  0%| F|  |TAMS 0x0000000715000000, 0x0000000715000000| Untracked 
| 207|0x0000000715100000, 0x0000000715100000, 0x0000000715200000|  0%| F|  |TAMS 0x0000000715100000, 0x0000000715100000| Untracked 
| 208|0x0000000715200000, 0x0000000715200000, 0x0000000715300000|  0%| F|  |TAMS 0x0000000715200000, 0x0000000715200000| Untracked 
| 209|0x0000000715300000, 0x0000000715300000, 0x0000000715400000|  0%| F|  |TAMS 0x0000000715300000, 0x0000000715300000| Untracked 
| 210|0x0000000715400000, 0x0000000715400000, 0x0000000715500000|  0%| F|  |TAMS 0x0000000715400000, 0x0000000715400000| Untracked 
| 211|0x0000000715500000, 0x0000000715500000, 0x0000000715600000|  0%| F|  |TAMS 0x0000000715500000, 0x0000000715500000| Untracked 
| 212|0x0000000715600000, 0x0000000715600000, 0x0000000715700000|  0%| F|  |TAMS 0x0000000715600000, 0x0000000715600000| Untracked 
| 213|0x0000000715700000, 0x0000000715700000, 0x0000000715800000|  0%| F|  |TAMS 0x0000000715700000, 0x0000000715700000| Untracked 
| 214|0x0000000715800000, 0x0000000715880800, 0x0000000715900000| 50%| E|  |TAMS 0x0000000715800000, 0x0000000715800000| Complete 
| 215|0x0000000715900000, 0x0000000715a00000, 0x0000000715a00000|100%| E|CS|TAMS 0x0000000715900000, 0x0000000715900000| Complete 
| 216|0x0000000715a00000, 0x0000000715b00000, 0x0000000715b00000|100%| E|CS|TAMS 0x0000000715a00000, 0x0000000715a00000| Complete 
| 217|0x0000000715b00000, 0x0000000715c00000, 0x0000000715c00000|100%| E|CS|TAMS 0x0000000715b00000, 0x0000000715b00000| Complete 
| 218|0x0000000715c00000, 0x0000000715d00000, 0x0000000715d00000|100%| E|CS|TAMS 0x0000000715c00000, 0x0000000715c00000| Complete 
| 219|0x0000000715d00000, 0x0000000715e00000, 0x0000000715e00000|100%| E|CS|TAMS 0x0000000715d00000, 0x0000000715d00000| Complete 
| 220|0x0000000715e00000, 0x0000000715f00000, 0x0000000715f00000|100%| E|CS|TAMS 0x0000000715e00000, 0x0000000715e00000| Complete 
| 221|0x0000000715f00000, 0x0000000716000000, 0x0000000716000000|100%| S|CS|TAMS 0x0000000715f00000, 0x0000000715f00000| Complete 
| 222|0x0000000716000000, 0x0000000716100000, 0x0000000716100000|100%| S|CS|TAMS 0x0000000716000000, 0x0000000716000000| Complete 
| 223|0x0000000716100000, 0x0000000716200000, 0x0000000716200000|100%| S|CS|TAMS 0x0000000716100000, 0x0000000716100000| Complete 
| 224|0x0000000716200000, 0x0000000716300000, 0x0000000716300000|100%| E|CS|TAMS 0x0000000716200000, 0x0000000716200000| Complete 
| 225|0x0000000716300000, 0x0000000716400000, 0x0000000716400000|100%| E|CS|TAMS 0x0000000716300000, 0x0000000716300000| Complete 
| 226|0x0000000716400000, 0x0000000716500000, 0x0000000716500000|100%| E|CS|TAMS 0x0000000716400000, 0x0000000716400000| Complete 
| 227|0x0000000716500000, 0x0000000716600000, 0x0000000716600000|100%| E|CS|TAMS 0x0000000716500000, 0x0000000716500000| Complete 
| 228|0x0000000716600000, 0x0000000716700000, 0x0000000716700000|100%| E|CS|TAMS 0x0000000716600000, 0x0000000716600000| Complete 
| 229|0x0000000716700000, 0x0000000716800000, 0x0000000716800000|100%| E|CS|TAMS 0x0000000716700000, 0x0000000716700000| Complete 
| 230|0x0000000716800000, 0x0000000716900000, 0x0000000716900000|100%| E|  |TAMS 0x0000000716800000, 0x0000000716800000| Complete 
| 231|0x0000000716900000, 0x0000000716a00000, 0x0000000716a00000|100%| E|CS|TAMS 0x0000000716900000, 0x0000000716900000| Complete 
| 232|0x0000000716a00000, 0x0000000716b00000, 0x0000000716b00000|100%| E|CS|TAMS 0x0000000716a00000, 0x0000000716a00000| Complete 
| 233|0x0000000716b00000, 0x0000000716c00000, 0x0000000716c00000|100%| E|CS|TAMS 0x0000000716b00000, 0x0000000716b00000| Complete 
| 234|0x0000000716c00000, 0x0000000716d00000, 0x0000000716d00000|100%| E|CS|TAMS 0x0000000716c00000, 0x0000000716c00000| Complete 
| 235|0x0000000716d00000, 0x0000000716e00000, 0x0000000716e00000|100%| E|CS|TAMS 0x0000000716d00000, 0x0000000716d00000| Complete 
| 236|0x0000000716e00000, 0x0000000716f00000, 0x0000000716f00000|100%| E|CS|TAMS 0x0000000716e00000, 0x0000000716e00000| Complete 
| 237|0x0000000716f00000, 0x0000000717000000, 0x0000000717000000|100%| E|CS|TAMS 0x0000000716f00000, 0x0000000716f00000| Complete 
| 238|0x0000000717000000, 0x0000000717100000, 0x0000000717100000|100%| E|CS|TAMS 0x0000000717000000, 0x0000000717000000| Complete 
| 239|0x0000000717100000, 0x0000000717200000, 0x0000000717200000|100%| E|CS|TAMS 0x0000000717100000, 0x0000000717100000| Complete 
| 240|0x0000000717200000, 0x0000000717300000, 0x0000000717300000|100%| E|CS|TAMS 0x0000000717200000, 0x0000000717200000| Complete 
| 241|0x0000000717300000, 0x0000000717400000, 0x0000000717400000|100%| E|CS|TAMS 0x0000000717300000, 0x0000000717300000| Complete 
| 242|0x0000000717400000, 0x0000000717500000, 0x0000000717500000|100%| E|CS|TAMS 0x0000000717400000, 0x0000000717400000| Complete 
| 243|0x0000000717500000, 0x0000000717600000, 0x0000000717600000|100%| E|CS|TAMS 0x0000000717500000, 0x0000000717500000| Complete 
| 244|0x0000000717600000, 0x0000000717700000, 0x0000000717700000|100%| E|CS|TAMS 0x0000000717600000, 0x0000000717600000| Complete 
| 245|0x0000000717700000, 0x0000000717800000, 0x0000000717800000|100%| E|CS|TAMS 0x0000000717700000, 0x0000000717700000| Complete 
| 246|0x0000000717800000, 0x0000000717900000, 0x0000000717900000|100%| E|CS|TAMS 0x0000000717800000, 0x0000000717800000| Complete 
| 247|0x0000000717900000, 0x0000000717a00000, 0x0000000717a00000|100%| E|CS|TAMS 0x0000000717900000, 0x0000000717900000| Complete 

Card table byte_map: [0x00007ff9f85b0000,0x00007ff9f8d6f000] _byte_map_base: 0x00007ff9f4d6f000

Marking Bits (Prev, Next): (CMBitMap*) 0x00007ff9f4087b98, (CMBitMap*) 0x00007ff9f4087bd0
 Prev Bits: [0x00007ff9d4208000, 0x00007ff9d8000000)
 Next Bits: [0x00007ff9d0410000, 0x00007ff9d4208000)

Polling page: 0x00007ff9fc488000

Metaspace:

Usage:
  Non-class:     15,63 MB capacity,    15,36 MB ( 98%) used,   248,02 KB (  2%) free+waste,    29,94 KB ( <1%) overhead. 
      Class:      1,81 MB capacity,     1,70 MB ( 94%) used,    99,61 KB (  5%) free+waste,    13,56 KB ( <1%) overhead. 
       Both:     17,45 MB capacity,    17,06 MB ( 98%) used,   347,63 KB (  2%) free+waste,    43,50 KB ( <1%) overhead. 

Virtual space:
  Non-class space:       16,00 MB reserved,      15,75 MB ( 98%) committed 
      Class space:        1,00 GB reserved,       1,88 MB ( <1%) committed 
             Both:        1,02 GB reserved,      17,62 MB (  2%) committed 

Chunk freelists:
   Non-Class:  2,25 KB
       Class:  256 bytes
        Both:  2,50 KB

CodeHeap 'non-profiled nmethods': size=120032Kb used=698Kb max_used=698Kb free=119333Kb
 bounds [0x00007ff9e45a6000, 0x00007ff9e4816000, 0x00007ff9ebade000]
CodeHeap 'profiled nmethods': size=120028Kb used=2922Kb max_used=2922Kb free=117105Kb
 bounds [0x00007ff9dd06f000, 0x00007ff9dd34f000, 0x00007ff9e45a6000]
CodeHeap 'non-nmethods': size=5700Kb used=1115Kb max_used=1128Kb free=4584Kb
 bounds [0x00007ff9dcade000, 0x00007ff9dcd4e000, 0x00007ff9dd06f000]
 total_blobs=2023 nmethods=1579 adapters=356
 compilation: enabled
              stopped_count=0, restarted_count=0
 full_count=0

Compilation events (10 events):
Event: 840,905 Thread 0x00007ff9f428d800 1574       1       java.util.concurrent.locks.AbstractQueuedSynchronizer::setState (6 bytes)
Event: 840,906 Thread 0x00007ff9f428d800 nmethod 1574 0x00007ff9e4654110 code [0x00007ff9e46542a0, 0x00007ff9e4654350]
Event: 960,906 Thread 0x00007ff9f428d800 1575       1       java.util.concurrent.atomic.AtomicLong::get (5 bytes)
Event: 960,906 Thread 0x00007ff9f428d800 nmethod 1575 0x00007ff9e4654390 code [0x00007ff9e4654520, 0x00007ff9e46545d0]
Event: 1020,906 Thread 0x00007ff9f428d800 1576       3       java.lang.invoke.VarHandleGuards::guard_LII_Z (70 bytes)
Event: 1020,910 Thread 0x00007ff9f428d800 nmethod 1576 0x00007ff9dd347890 code [0x00007ff9dd347b20, 0x00007ff9dd348be0]
Event: 1020,910 Thread 0x00007ff9f428d800 1577       3       java.lang.invoke.VarHandleInts$FieldInstanceReadWrite::compareAndSet (24 bytes)
Event: 1020,911 Thread 0x00007ff9f428d800 nmethod 1577 0x00007ff9dd349110 code [0x00007ff9dd349300, 0x00007ff9dd3497c0]
Event: 1140,907 Thread 0x00007ff9f428d800 1579       1       org.eclipse.jetty.util.thread.QueuedThreadPool::access$100 (5 bytes)
Event: 1140,908 Thread 0x00007ff9f428d800 nmethod 1579 0x00007ff9e4654810 code [0x00007ff9e46549a0, 0x00007ff9e4654a30]

GC Heap History (2 events):
Event: 0,722 GC heap before
{Heap before GC invocations=0 (full 0):
 garbage-first heap   total 253952K, used 23552K [0x0000000708200000, 0x0000000800000000)
  region size 1024K, 24 young (24576K), 0 survivors (0K)
 Metaspace       used 10967K, capacity 11167K, committed 11392K, reserved 1058816K
  class space    used 1020K, capacity 1061K, committed 1152K, reserved 1048576K
}
Event: 0,726 GC heap after
{Heap after GC invocations=1 (full 0):
 garbage-first heap   total 253952K, used 4671K [0x0000000708200000, 0x0000000800000000)
  region size 1024K, 3 young (3072K), 3 survivors (3072K)
 Metaspace       used 10967K, capacity 11167K, committed 11392K, reserved 1058816K
  class space    used 1020K, capacity 1061K, committed 1152K, reserved 1048576K
}

Deoptimization events (10 events):
Event: 1,081 Thread 0x00007ff9f4965000 Uncommon trap: reason=unstable_if action=reinterpret pc=0x00007ff9e464b1f0 method=java.lang.String.<init>([CIILjava/lang/Void;)V @ 5 c2
Event: 1,100 Thread 0x00007ff9f4024800 Uncommon trap: reason=bimorphic_or_optimized_type_check action=maybe_recompile pc=0x00007ff9e461a4e4 method=java.util.HashMap.putVal(ILjava/lang/Object;Ljava/lang/Object;ZZ)Ljava/lang/Object; @ 91 c2
Event: 1,106 Thread 0x00007ff9f4024800 Uncommon trap: reason=unstable_if action=reinterpret pc=0x00007ff9e463e698 method=java.util.HashMap.getNode(ILjava/lang/Object;)Ljava/util/HashMap$Node; @ 129 c2
Event: 1,122 Thread 0x00007ff9f4024800 Uncommon trap: reason=unstable_if action=reinterpret pc=0x00007ff9e4624260 method=java.lang.String.<init>([CIILjava/lang/Void;)V @ 5 c2
Event: 1,137 Thread 0x00007ff9f4024800 Uncommon trap: reason=unstable_if action=reinterpret pc=0x00007ff9e45b6038 method=java.nio.Buffer.position(I)Ljava/nio/Buffer; @ 37 c2
Event: 1,137 Thread 0x00007ff9f4024800 Uncommon trap: reason=unstable_if action=reinterpret pc=0x00007ff9e4624cc4 method=sun.net.www.ParseUtil.firstEncodeIndex(Ljava/lang/String;)I @ 51 c2
Event: 1,138 Thread 0x00007ff9f4024800 Uncommon trap: reason=unstable_if action=reinterpret pc=0x00007ff9e45b5938 method=java.nio.Buffer.position(I)Ljava/nio/Buffer; @ 37 c2
Event: 1,153 Thread 0x00007ff9f4024800 Uncommon trap: reason=unstable_if action=reinterpret pc=0x00007ff9e4612940 method=java.lang.CharacterDataLatin1.digit(II)I @ 12 c2
Event: 1,165 Thread 0x00007ff9f496e000 Uncommon trap: reason=class_check action=maybe_recompile pc=0x00007ff9e463cd48 method=java.util.concurrent.ConcurrentHashMap.putVal(Ljava/lang/Object;Ljava/lang/Object;Z)Ljava/lang/Object; @ 242 c2
Event: 1,165 Thread 0x00007ff9f496e000 Uncommon trap: reason=class_check action=maybe_recompile pc=0x00007ff9e463cd48 method=java.util.concurrent.ConcurrentHashMap.putVal(Ljava/lang/Object;Ljava/lang/Object;Z)Ljava/lang/Object; @ 242 c2

Classes redefined (0 events):
No events

Internal exceptions (10 events):
Event: 1,086 Thread 0x00007ff9f4024800 Exception <a 'sun/nio/fs/UnixException'{0x00000007163c8528}> (0x00000007163c8528) thrown at [./open/src/hotspot/share/prims/jni.cpp, line 611]
Event: 1,086 Thread 0x00007ff9f4024800 Exception <a 'sun/nio/fs/UnixException'{0x00000007163c8a08}> (0x00000007163c8a08) thrown at [./open/src/hotspot/share/prims/jni.cpp, line 611]
Event: 1,086 Thread 0x00007ff9f4024800 Exception <a 'sun/nio/fs/UnixException'{0x00000007163c8e08}> (0x00000007163c8e08) thrown at [./open/src/hotspot/share/prims/jni.cpp, line 611]
Event: 1,104 Thread 0x00007ff9f4024800 Exception <a 'java/lang/NoSuchMethodError'{0x0000000715e4ee48}: java.lang.invoke.Invokers$Holder.invoke_MT(Ljava/lang/Object;Ljava/lang/Object;Ljava/lang/Object;)Ljava/lang/Object;> (0x0000000715e4ee48) thrown at [./open/src/hotspot/share/interpreter/link
Event: 1,112 Thread 0x00007ff9f4024800 Exception <a 'java/lang/NoSuchMethodError'{0x0000000715eeaa48}: java.lang.invoke.DirectMethodHandle$Holder.invokeInterface(Ljava/lang/Object;Ljava/lang/Object;Ljava/lang/Object;)Ljava/lang/Object;> (0x0000000715eeaa48) thrown at [./open/src/hotspot/share/
Event: 1,161 Thread 0x00007ff9f4024800 Exception <a 'java/lang/NoSuchMethodError'{0x0000000715a500f0}: java.lang.invoke.DirectMethodHandle$Holder.invokeInterface(Ljava/lang/Object;Ljava/lang/Object;)V> (0x0000000715a500f0) thrown at [./open/src/hotspot/share/interpreter/linkResolver.cpp, line 
Event: 1201,831 Thread 0x00007ff9f4a3a000 Exception <a 'java/io/IOException'{0x0000000715980ff0}> (0x0000000715980ff0) thrown at [./open/src/hotspot/share/prims/jni.cpp, line 611]
Event: 1201,831 Thread 0x00007ff9f4a3a000 Exception <a 'java/io/IOException'{0x0000000715981328}> (0x0000000715981328) thrown at [./open/src/hotspot/share/prims/jni.cpp, line 611]
Event: 1201,831 Thread 0x00007ff9f4a3a000 Exception <a 'java/io/IOException'{0x0000000715981630}> (0x0000000715981630) thrown at [./open/src/hotspot/share/prims/jni.cpp, line 611]
Event: 1201,831 Thread 0x00007ff9f4a3a000 Exception <a 'java/io/IOException'{0x0000000715981938}> (0x0000000715981938) thrown at [./open/src/hotspot/share/prims/jni.cpp, line 611]

Events (10 events):
Event: 1,166 loading class org/eclipse/jetty/util/log/Slf4jLog
Event: 1,166 loading class org/eclipse/jetty/util/log/Slf4jLog done
Event: 1,166 loading class org/eclipse/jetty/util/log/Slf4jLog
Event: 1,166 loading class org/eclipse/jetty/util/log/Slf4jLog done
Event: 1,166 Thread 0x00007ff9f4a3a000 Thread added: 0x00007ff9f4a3a000
Event: 6,166 Thread 0x00007ff9940b4000 Thread exited: 0x00007ff9940b4000
Event: 6,168 Thread 0x00007ff9a01be000 Thread exited: 0x00007ff9a01be000
Event: 1201,831 Executing VM operation: RevokeBias
Event: 1201,831 Executing VM operation: RevokeBias done
Event: 1201,831 Thread 0x00007ff9f4a3a000 Thread exited: 0x00007ff9f4a3a000


Dynamic libraries:
708200000-717a00000 rw-p 00000000 00:00 0 
717a00000-800000000 ---p 00000000 00:00 0 
800000000-8001e0000 rw-p 00000000 00:00 0 
8001e0000-840000000 ---p 00000000 00:00 0 
556a60d92000-556a60d93000 r-xp 00000000 103:05 1056021                   /opt/jdk/jdk-11.0.11/bin/java
556a60f93000-556a60f94000 r--p 00001000 103:05 1056021                   /opt/jdk/jdk-11.0.11/bin/java
556a60f94000-556a60f95000 rw-p 00002000 103:05 1056021                   /opt/jdk/jdk-11.0.11/bin/java
556a61da4000-556a61de6000 rw-p 00000000 00:00 0                          [heap]
7ff950000000-7ff950021000 rw-p 00000000 00:00 0 
7ff950021000-7ff954000000 ---p 00000000 00:00 0 
7ff954000000-7ff954021000 rw-p 00000000 00:00 0 
7ff954021000-7ff958000000 ---p 00000000 00:00 0 
7ff958000000-7ff958021000 rw-p 00000000 00:00 0 
7ff958021000-7ff95c000000 ---p 00000000 00:00 0 
7ff95c000000-7ff95c021000 rw-p 00000000 00:00 0 
7ff95c021000-7ff960000000 ---p 00000000 00:00 0 
7ff960000000-7ff960021000 rw-p 00000000 00:00 0 
7ff960021000-7ff964000000 ---p 00000000 00:00 0 
7ff964000000-7ff964021000 rw-p 00000000 00:00 0 
7ff964021000-7ff968000000 ---p 00000000 00:00 0 
7ff968000000-7ff968021000 rw-p 00000000 00:00 0 
7ff968021000-7ff96c000000 ---p 00000000 00:00 0 
7ff96c000000-7ff96c021000 rw-p 00000000 00:00 0 
7ff96c021000-7ff970000000 ---p 00000000 00:00 0 
7ff970000000-7ff9700c2000 rw-p 00000000 00:00 0 
7ff9700c2000-7ff974000000 ---p 00000000 00:00 0 
7ff974000000-7ff974021000 rw-p 00000000 00:00 0 
7ff974021000-7ff978000000 ---p 00000000 00:00 0 
7ff978000000-7ff978021000 rw-p 00000000 00:00 0 
7ff978021000-7ff97c000000 ---p 00000000 00:00 0 
7ff97c000000-7ff97c021000 rw-p 00000000 00:00 0 
7ff97c021000-7ff980000000 ---p 00000000 00:00 0 
7ff980000000-7ff980021000 rw-p 00000000 00:00 0 
7ff980021000-7ff984000000 ---p 00000000 00:00 0 
7ff984000000-7ff984021000 rw-p 00000000 00:00 0 
7ff984021000-7ff988000000 ---p 00000000 00:00 0 
7ff988000000-7ff9881c8000 rw-p 00000000 00:00 0 
7ff9881c8000-7ff98c000000 ---p 00000000 00:00 0 
7ff98e0f7000-7ff98e4a4000 rw-p 00000000 00:00 0 
7ff98e4a4000-7ff98e4a8000 ---p 00000000 00:00 0 
7ff98e4a8000-7ff98e5a5000 rw-p 00000000 00:00 0 
7ff98e5a5000-7ff98e5a7000 r-xp 00000000 103:05 1056420                   /opt/jdk/jdk-11.0.11/lib/libextnet.so
7ff98e5a7000-7ff98e7a6000 ---p 00002000 103:05 1056420                   /opt/jdk/jdk-11.0.11/lib/libextnet.so
7ff98e7a6000-7ff98e7a7000 r--p 00001000 103:05 1056420                   /opt/jdk/jdk-11.0.11/lib/libextnet.so
7ff98e7a7000-7ff98e7a8000 rw-p 00002000 103:05 1056420                   /opt/jdk/jdk-11.0.11/lib/libextnet.so
7ff98e7a8000-7ff98e7ac000 ---p 00000000 00:00 0 
7ff98e7ac000-7ff98ea69000 rw-p 00000000 00:00 0 
7ff98ea69000-7ff98eaa9000 ---p 00000000 00:00 0 
7ff98eaa9000-7ff98eaad000 ---p 00000000 00:00 0 
7ff98eaad000-7ff98ebaa000 rw-p 00000000 00:00 0 
7ff98ebaa000-7ff98ebae000 ---p 00000000 00:00 0 
7ff98ebae000-7ff98ecab000 rw-p 00000000 00:00 0 
7ff98ecab000-7ff98ecaf000 ---p 00000000 00:00 0 
7ff98ecaf000-7ff98edac000 rw-p 00000000 00:00 0 
7ff98edac000-7ff98edb0000 ---p 00000000 00:00 0 
7ff98edb0000-7ff98eead000 rw-p 00000000 00:00 0 
7ff98eead000-7ff98eeb1000 ---p 00000000 00:00 0 
7ff98eeb1000-7ff98efae000 rw-p 00000000 00:00 0 
7ff98efae000-7ff98efb2000 ---p 00000000 00:00 0 
7ff98efb2000-7ff98f0af000 rw-p 00000000 00:00 0 
7ff98f0af000-7ff98f0b3000 ---p 00000000 00:00 0 
7ff98f0b3000-7ff98f1b0000 rw-p 00000000 00:00 0 
7ff98f1b0000-7ff98f1b4000 ---p 00000000 00:00 0 
7ff98f1b4000-7ff98f4b1000 rw-p 00000000 00:00 0 
7ff98f4b1000-7ff98f4f1000 r-xp 00000000 103:05 1056447                   /opt/jdk/jdk-11.0.11/lib/libsunec.so
7ff98f4f1000-7ff98f6f0000 ---p 00040000 103:05 1056447                   /opt/jdk/jdk-11.0.11/lib/libsunec.so
7ff98f6f0000-7ff98f6f5000 r--p 0003f000 103:05 1056447                   /opt/jdk/jdk-11.0.11/lib/libsunec.so
7ff98f6f5000-7ff98f6f7000 rw-p 00044000 103:05 1056447                   /opt/jdk/jdk-11.0.11/lib/libsunec.so
7ff98f6f7000-7ff98f8f7000 rw-p 00000000 00:00 0 
7ff98f8f7000-7ff98f8f8000 ---p 00000000 00:00 0 
7ff98f8f8000-7ff98f9f9000 rw-p 00000000 00:00 0 
7ff98f9f9000-7ff98f9fa000 ---p 00000000 00:00 0 
7ff98f9fa000-7ff98fafb000 rw-p 00000000 00:00 0 
7ff98fafb000-7ff98fafc000 ---p 00000000 00:00 0 
7ff98fafc000-7ff98fbfd000 rw-p 00000000 00:00 0 
7ff98fbfd000-7ff98fbfe000 ---p 00000000 00:00 0 
7ff98fbfe000-7ff98fcff000 rw-p 00000000 00:00 0 
7ff98fcff000-7ff98fd03000 ---p 00000000 00:00 0 
7ff98fd03000-7ff990000000 rw-p 00000000 00:00 0 
7ff990000000-7ff990021000 rw-p 00000000 00:00 0 
7ff990021000-7ff994000000 ---p 00000000 00:00 0 
7ff994000000-7ff99460d000 rw-p 00000000 00:00 0 
7ff99460d000-7ff998000000 ---p 00000000 00:00 0 
7ff998000000-7ff998021000 rw-p 00000000 00:00 0 
7ff998021000-7ff99c000000 ---p 00000000 00:00 0 
7ff99c000000-7ff99c021000 rw-p 00000000 00:00 0 
7ff99c021000-7ff9a0000000 ---p 00000000 00:00 0 
7ff9a0000000-7ff9a0632000 rw-p 00000000 00:00 0 
7ff9a0632000-7ff9a4000000 ---p 00000000 00:00 0 
7ff9a4000000-7ff9a4021000 rw-p 00000000 00:00 0 
7ff9a4021000-7ff9a8000000 ---p 00000000 00:00 0 
7ff9a8000000-7ff9a8021000 rw-p 00000000 00:00 0 
7ff9a8021000-7ff9ac000000 ---p 00000000 00:00 0 
7ff9ac000000-7ff9ac841000 rw-p 00000000 00:00 0 
7ff9ac841000-7ff9b0000000 ---p 00000000 00:00 0 
7ff9b0000000-7ff9b0021000 rw-p 00000000 00:00 0 
7ff9b0021000-7ff9b4000000 ---p 00000000 00:00 0 
7ff9b4000000-7ff9b4021000 rw-p 00000000 00:00 0 
7ff9b4021000-7ff9b8000000 ---p 00000000 00:00 0 
7ff9b8000000-7ff9b8021000 rw-p 00000000 00:00 0 
7ff9b8021000-7ff9bc000000 ---p 00000000 00:00 0 
7ff9bc000000-7ff9bc021000 rw-p 00000000 00:00 0 
7ff9bc021000-7ff9c0000000 ---p 00000000 00:00 0 
7ff9c0000000-7ff9c0021000 rw-p 00000000 00:00 0 
7ff9c0021000-7ff9c4000000 ---p 00000000 00:00 0 
7ff9c4000000-7ff9c4021000 rw-p 00000000 00:00 0 
7ff9c4021000-7ff9c8000000 ---p 00000000 00:00 0 
7ff9c806d000-7ff9c8072000 r-xp 00000000 103:05 1056438                   /opt/jdk/jdk-11.0.11/lib/libmanagement_ext.so
7ff9c8072000-7ff9c8272000 ---p 00005000 103:05 1056438                   /opt/jdk/jdk-11.0.11/lib/libmanagement_ext.so
7ff9c8272000-7ff9c8273000 r--p 00005000 103:05 1056438                   /opt/jdk/jdk-11.0.11/lib/libmanagement_ext.so
7ff9c8273000-7ff9c8274000 rw-p 00006000 103:05 1056438                   /opt/jdk/jdk-11.0.11/lib/libmanagement_ext.so
7ff9c8274000-7ff9c8278000 r-xp 00000000 103:05 1056436                   /opt/jdk/jdk-11.0.11/lib/libmanagement.so
7ff9c8278000-7ff9c8478000 ---p 00004000 103:05 1056436                   /opt/jdk/jdk-11.0.11/lib/libmanagement.so
7ff9c8478000-7ff9c8479000 r--p 00004000 103:05 1056436                   /opt/jdk/jdk-11.0.11/lib/libmanagement.so
7ff9c8479000-7ff9c847a000 rw-p 00005000 103:05 1056436                   /opt/jdk/jdk-11.0.11/lib/libmanagement.so
7ff9c847a000-7ff9c847e000 ---p 00000000 00:00 0 
7ff9c847e000-7ff9c857b000 rw-p 00000000 00:00 0 
7ff9c857b000-7ff9c8592000 r-xp 00000000 103:05 1056440                   /opt/jdk/jdk-11.0.11/lib/libnet.so
7ff9c8592000-7ff9c8791000 ---p 00017000 103:05 1056440                   /opt/jdk/jdk-11.0.11/lib/libnet.so
7ff9c8791000-7ff9c8792000 r--p 00016000 103:05 1056440                   /opt/jdk/jdk-11.0.11/lib/libnet.so
7ff9c8792000-7ff9c8793000 rw-p 00017000 103:05 1056440                   /opt/jdk/jdk-11.0.11/lib/libnet.so
7ff9c8793000-7ff9c87a3000 r-xp 00000000 103:05 1056441                   /opt/jdk/jdk-11.0.11/lib/libnio.so
7ff9c87a3000-7ff9c89a3000 ---p 00010000 103:05 1056441                   /opt/jdk/jdk-11.0.11/lib/libnio.so
7ff9c89a3000-7ff9c89a4000 r--p 00010000 103:05 1056441                   /opt/jdk/jdk-11.0.11/lib/libnio.so
7ff9c89a4000-7ff9c89a5000 rw-p 00011000 103:05 1056441                   /opt/jdk/jdk-11.0.11/lib/libnio.so
7ff9c89a5000-7ff9c89a9000 ---p 00000000 00:00 0 
7ff9c89a9000-7ff9c8aa6000 rw-p 00000000 00:00 0 
7ff9c8aa6000-7ff9c8aa7000 ---p 00000000 00:00 0 
7ff9c8aa7000-7ff9c8ba8000 rw-p 00000000 00:00 0 
7ff9c8ba8000-7ff9c8bac000 ---p 00000000 00:00 0 
7ff9c8bac000-7ff9c8ca9000 rw-p 00000000 00:00 0 
7ff9c8ca9000-7ff9c8cad000 ---p 00000000 00:00 0 
7ff9c8cad000-7ff9c8daa000 rw-p 00000000 00:00 0 
7ff9c8daa000-7ff9c8dae000 ---p 00000000 00:00 0 
7ff9c8dae000-7ff9c8eab000 rw-p 00000000 00:00 0 
7ff9c8eab000-7ff9c8eaf000 ---p 00000000 00:00 0 
7ff9c8eaf000-7ff9c8fac000 rw-p 00000000 00:00 0 
7ff9c8fac000-7ff9c8fb0000 ---p 00000000 00:00 0 
7ff9c8fb0000-7ff9c90ad000 rw-p 00000000 00:00 0 
7ff9c90ad000-7ff9c9101000 r--p 00000000 103:05 2195621                   /usr/lib/locale/aa_DJ.utf8/LC_CTYPE
7ff9c9101000-7ff9c9379000 r--p 00000000 103:05 2195620                   /usr/lib/locale/aa_DJ.utf8/LC_COLLATE
7ff9c9379000-7ff9c937d000 ---p 00000000 00:00 0 
7ff9c937d000-7ff9c947a000 rw-p 00000000 00:00 0 
7ff9c947a000-7ff9c947e000 ---p 00000000 00:00 0 
7ff9c947e000-7ff9c957b000 rw-p 00000000 00:00 0 
7ff9c957b000-7ff9c957c000 ---p 00000000 00:00 0 
7ff9c957c000-7ff9c9efe000 rw-p 00000000 00:00 0 
7ff9c9efe000-7ff9c9eff000 ---p 00000000 00:00 0 
7ff9c9eff000-7ff9cc000000 rw-p 00000000 00:00 0 
7ff9cc000000-7ff9cc021000 rw-p 00000000 00:00 0 
7ff9cc021000-7ff9d0000000 ---p 00000000 00:00 0 
7ff9d000b000-7ff9d000c000 ---p 00000000 00:00 0 
7ff9d000c000-7ff9d07f0000 rw-p 00000000 00:00 0 
7ff9d07f0000-7ff9d4208000 ---p 00000000 00:00 0 
7ff9d4208000-7ff9d45e8000 rw-p 00000000 00:00 0 
7ff9d45e8000-7ff9d8000000 ---p 00000000 00:00 0 
7ff9d8000000-7ff9d8021000 rw-p 00000000 00:00 0 
7ff9d8021000-7ff9dc000000 ---p 00000000 00:00 0 
7ff9dc01c000-7ff9dc39b000 rw-p 00000000 00:00 0 
7ff9dc39b000-7ff9dcade000 ---p 00000000 00:00 0 
7ff9dcade000-7ff9dcd4e000 rwxp 00000000 00:00 0 
7ff9dcd4e000-7ff9dd06f000 ---p 00000000 00:00 0 
7ff9dd06f000-7ff9dd34f000 rwxp 00000000 00:00 0 
7ff9dd34f000-7ff9e45a6000 ---p 00000000 00:00 0 
7ff9e45a6000-7ff9e4816000 rwxp 00000000 00:00 0 
7ff9e4816000-7ff9ebade000 ---p 00000000 00:00 0 
7ff9ebade000-7ff9f4000000 r--s 00000000 103:05 1056451                   /opt/jdk/jdk-11.0.11/lib/modules
7ff9f4000000-7ff9f4a3e000 rw-p 00000000 00:00 0 
7ff9f4a3e000-7ff9f8000000 ---p 00000000 00:00 0 
7ff9f804c000-7ff9f804d000 r--p 00000000 103:05 2195666                   /usr/lib/locale/agr_PE/LC_NUMERIC
7ff9f804d000-7ff9f804e000 r--p 00000000 103:05 2197095                   /usr/lib/locale/it_IT.utf8/LC_TIME
7ff9f804e000-7ff9f804f000 r--p 00000000 103:05 2196281                   /usr/lib/locale/de_IT.utf8/LC_MONETARY
7ff9f804f000-7ff9f82ac000 rw-p 00000000 00:00 0 
7ff9f82ac000-7ff9f82ad000 ---p 00000000 00:00 0 
7ff9f82ad000-7ff9f83ae000 rw-p 00000000 00:00 0 
7ff9f83ae000-7ff9f83af000 ---p 00000000 00:00 0 
7ff9f83af000-7ff9f862c000 rw-p 00000000 00:00 0 
7ff9f862c000-7ff9f8d6f000 ---p 00000000 00:00 0 
7ff9f8d6f000-7ff9f8deb000 rw-p 00000000 00:00 0 
7ff9f8deb000-7ff9f952e000 ---p 00000000 00:00 0 
7ff9f952e000-7ff9f9d36000 rw-p 00000000 00:00 0 
7ff9f9d36000-7ff9f9d37000 ---p 00000000 00:00 0 
7ff9f9d37000-7ff9f9e3d000 rw-p 00000000 00:00 0 
7ff9f9e3d000-7ff9f9f23000 ---p 00000000 00:00 0 
7ff9f9f23000-7ff9f9f29000 rw-p 00000000 00:00 0 
7ff9f9f29000-7ff9fa00e000 ---p 00000000 00:00 0 
7ff9fa00e000-7ff9fa015000 r-xp 00000000 103:05 1056450                   /opt/jdk/jdk-11.0.11/lib/libzip.so
7ff9fa015000-7ff9fa214000 ---p 00007000 103:05 1056450                   /opt/jdk/jdk-11.0.11/lib/libzip.so
7ff9fa214000-7ff9fa215000 r--p 00006000 103:05 1056450                   /opt/jdk/jdk-11.0.11/lib/libzip.so
7ff9fa215000-7ff9fa216000 rw-p 00007000 103:05 1056450                   /opt/jdk/jdk-11.0.11/lib/libzip.so
7ff9fa216000-7ff9fa219000 r--p 00000000 103:05 299229                    /lib/x86_64-linux-gnu/libnss_files-2.31.so
7ff9fa219000-7ff9fa220000 r-xp 00003000 103:05 299229                    /lib/x86_64-linux-gnu/libnss_files-2.31.so
7ff9fa220000-7ff9fa222000 r--p 0000a000 103:05 299229                    /lib/x86_64-linux-gnu/libnss_files-2.31.so
7ff9fa222000-7ff9fa223000 r--p 0000b000 103:05 299229                    /lib/x86_64-linux-gnu/libnss_files-2.31.so
7ff9fa223000-7ff9fa224000 rw-p 0000c000 103:05 299229                    /lib/x86_64-linux-gnu/libnss_files-2.31.so
7ff9fa224000-7ff9fa22a000 rw-p 00000000 00:00 0 
7ff9fa22a000-7ff9fa22f000 r--p 00000000 103:05 270705                    /lib/x86_64-linux-gnu/libnsl-2.31.so
7ff9fa22f000-7ff9fa23f000 r-xp 00005000 103:05 270705                    /lib/x86_64-linux-gnu/libnsl-2.31.so
7ff9fa23f000-7ff9fa243000 r--p 00015000 103:05 270705                    /lib/x86_64-linux-gnu/libnsl-2.31.so
7ff9fa243000-7ff9fa244000 r--p 00018000 103:05 270705                    /lib/x86_64-linux-gnu/libnsl-2.31.so
7ff9fa244000-7ff9fa245000 rw-p 00019000 103:05 270705                    /lib/x86_64-linux-gnu/libnsl-2.31.so
7ff9fa245000-7ff9fa247000 rw-p 00000000 00:00 0 
7ff9fa247000-7ff9fa248000 r--p 00000000 103:05 2196347                   /usr/lib/locale/en_AG/LC_MESSAGES/SYS_LC_MESSAGES
7ff9fa248000-7ff9fa249000 r--p 00000000 103:05 2195628                   /usr/lib/locale/aa_DJ.utf8/LC_PAPER
7ff9fa249000-7ff9fa24a000 r--p 00000000 103:05 2195665                   /usr/lib/locale/agr_PE/LC_NAME
7ff9fa24a000-7ff9fa24b000 r--p 00000000 103:05 2197092                   /usr/lib/locale/it_IT.utf8/LC_ADDRESS
7ff9fa24b000-7ff9fa252000 r--s 00000000 103:05 2263231                   /usr/lib/x86_64-linux-gnu/gconv/gconv-modules.cache
7ff9fa252000-7ff9fa257000 rw-p 00000000 00:00 0 
7ff9fa257000-7ff9fa25e000 ---p 00000000 00:00 0 
7ff9fa25e000-7ff9fa266000 rw-s 00000000 103:05 1968229                   /tmp/hsperfdata_arsene/58743
7ff9fa266000-7ff9fa281000 r-xp 00000000 103:05 1056432                   /opt/jdk/jdk-11.0.11/lib/libjimage.so
7ff9fa281000-7ff9fa480000 ---p 0001b000 103:05 1056432                   /opt/jdk/jdk-11.0.11/lib/libjimage.so
7ff9fa480000-7ff9fa482000 r--p 0001a000 103:05 1056432                   /opt/jdk/jdk-11.0.11/lib/libjimage.so
7ff9fa482000-7ff9fa483000 rw-p 0001c000 103:05 1056432                   /opt/jdk/jdk-11.0.11/lib/libjimage.so
7ff9fa483000-7ff9fa4ad000 r-xp 00000000 103:05 1056428                   /opt/jdk/jdk-11.0.11/lib/libjava.so
7ff9fa4ad000-7ff9fa6ac000 ---p 0002a000 103:05 1056428                   /opt/jdk/jdk-11.0.11/lib/libjava.so
7ff9fa6ac000-7ff9fa6ad000 r--p 00029000 103:05 1056428                   /opt/jdk/jdk-11.0.11/lib/libjava.so
7ff9fa6ad000-7ff9fa6ae000 rw-p 0002a000 103:05 1056428                   /opt/jdk/jdk-11.0.11/lib/libjava.so
7ff9fa6ae000-7ff9fa6af000 rw-p 00000000 00:00 0 
7ff9fa6af000-7ff9fa6bc000 r-xp 00000000 103:05 1056449                   /opt/jdk/jdk-11.0.11/lib/libverify.so
7ff9fa6bc000-7ff9fa8bb000 ---p 0000d000 103:05 1056449                   /opt/jdk/jdk-11.0.11/lib/libverify.so
7ff9fa8bb000-7ff9fa8bd000 r--p 0000c000 103:05 1056449                   /opt/jdk/jdk-11.0.11/lib/libverify.so
7ff9fa8bd000-7ff9fa8be000 rw-p 0000e000 103:05 1056449                   /opt/jdk/jdk-11.0.11/lib/libverify.so
7ff9fa8be000-7ff9fa8c1000 r--p 00000000 103:05 299236                    /lib/x86_64-linux-gnu/librt-2.31.so
7ff9fa8c1000-7ff9fa8c5000 r-xp 00003000 103:05 299236                    /lib/x86_64-linux-gnu/librt-2.31.so
7ff9fa8c5000-7ff9fa8c6000 r--p 00007000 103:05 299236                    /lib/x86_64-linux-gnu/librt-2.31.so
7ff9fa8c6000-7ff9fa8c7000 ---p 00008000 103:05 299236                    /lib/x86_64-linux-gnu/librt-2.31.so
7ff9fa8c7000-7ff9fa8c8000 r--p 00008000 103:05 299236                    /lib/x86_64-linux-gnu/librt-2.31.so
7ff9fa8c8000-7ff9fa8c9000 rw-p 00009000 103:05 299236                    /lib/x86_64-linux-gnu/librt-2.31.so
7ff9fa8c9000-7ff9fa8cd000 ---p 00000000 00:00 0 
7ff9fa8cd000-7ff9fa9ca000 rw-p 00000000 00:00 0 
7ff9fa9ca000-7ff9fa9d9000 r--p 00000000 103:05 270630                    /lib/x86_64-linux-gnu/libm-2.31.so
7ff9fa9d9000-7ff9faa80000 r-xp 0000f000 103:05 270630                    /lib/x86_64-linux-gnu/libm-2.31.so
7ff9faa80000-7ff9fab17000 r--p 000b6000 103:05 270630                    /lib/x86_64-linux-gnu/libm-2.31.so
7ff9fab17000-7ff9fab18000 r--p 0014c000 103:05 270630                    /lib/x86_64-linux-gnu/libm-2.31.so
7ff9fab18000-7ff9fab19000 rw-p 0014d000 103:05 270630                    /lib/x86_64-linux-gnu/libm-2.31.so
7ff9fab19000-7ff9fbccf000 r-xp 00000000 103:05 1056462                   /opt/jdk/jdk-11.0.11/lib/server/libjvm.so
7ff9fbccf000-7ff9fbecf000 ---p 011b6000 103:05 1056462                   /opt/jdk/jdk-11.0.11/lib/server/libjvm.so
7ff9fbecf000-7ff9fbf8e000 r--p 011b6000 103:05 1056462                   /opt/jdk/jdk-11.0.11/lib/server/libjvm.so
7ff9fbf8e000-7ff9fbfc8000 rw-p 01275000 103:05 1056462                   /opt/jdk/jdk-11.0.11/lib/server/libjvm.so
7ff9fbfc8000-7ff9fc021000 rw-p 00000000 00:00 0 
7ff9fc021000-7ff9fc046000 r--p 00000000 103:05 270628                    /lib/x86_64-linux-gnu/libc-2.31.so
7ff9fc046000-7ff9fc1be000 r-xp 00025000 103:05 270628                    /lib/x86_64-linux-gnu/libc-2.31.so
7ff9fc1be000-7ff9fc208000 r--p 0019d000 103:05 270628                    /lib/x86_64-linux-gnu/libc-2.31.so
7ff9fc208000-7ff9fc209000 ---p 001e7000 103:05 270628                    /lib/x86_64-linux-gnu/libc-2.31.so
7ff9fc209000-7ff9fc20c000 r--p 001e7000 103:05 270628                    /lib/x86_64-linux-gnu/libc-2.31.so
7ff9fc20c000-7ff9fc20f000 rw-p 001ea000 103:05 270628                    /lib/x86_64-linux-gnu/libc-2.31.so
7ff9fc20f000-7ff9fc213000 rw-p 00000000 00:00 0 
7ff9fc213000-7ff9fc214000 r--p 00000000 103:05 270629                    /lib/x86_64-linux-gnu/libdl-2.31.so
7ff9fc214000-7ff9fc216000 r-xp 00001000 103:05 270629                    /lib/x86_64-linux-gnu/libdl-2.31.so
7ff9fc216000-7ff9fc217000 r--p 00003000 103:05 270629                    /lib/x86_64-linux-gnu/libdl-2.31.so
7ff9fc217000-7ff9fc218000 r--p 00003000 103:05 270629                    /lib/x86_64-linux-gnu/libdl-2.31.so
7ff9fc218000-7ff9fc219000 rw-p 00004000 103:05 270629                    /lib/x86_64-linux-gnu/libdl-2.31.so
7ff9fc219000-7ff9fc229000 r-xp 00000000 103:05 1056411                   /opt/jdk/jdk-11.0.11/lib/jli/libjli.so
7ff9fc229000-7ff9fc428000 ---p 00010000 103:05 1056411                   /opt/jdk/jdk-11.0.11/lib/jli/libjli.so
7ff9fc428000-7ff9fc429000 r--p 0000f000 103:05 1056411                   /opt/jdk/jdk-11.0.11/lib/jli/libjli.so
7ff9fc429000-7ff9fc42a000 rw-p 00010000 103:05 1056411                   /opt/jdk/jdk-11.0.11/lib/jli/libjli.so
7ff9fc42a000-7ff9fc431000 r--p 00000000 103:05 299234                    /lib/x86_64-linux-gnu/libpthread-2.31.so
7ff9fc431000-7ff9fc442000 r-xp 00007000 103:05 299234                    /lib/x86_64-linux-gnu/libpthread-2.31.so
7ff9fc442000-7ff9fc447000 r--p 00018000 103:05 299234                    /lib/x86_64-linux-gnu/libpthread-2.31.so
7ff9fc447000-7ff9fc448000 r--p 0001c000 103:05 299234                    /lib/x86_64-linux-gnu/libpthread-2.31.so
7ff9fc448000-7ff9fc449000 rw-p 0001d000 103:05 299234                    /lib/x86_64-linux-gnu/libpthread-2.31.so
7ff9fc449000-7ff9fc44d000 rw-p 00000000 00:00 0 
7ff9fc44d000-7ff9fc44f000 r--p 00000000 103:05 261677                    /lib/x86_64-linux-gnu/libz.so.1.2.11
7ff9fc44f000-7ff9fc460000 r-xp 00002000 103:05 261677                    /lib/x86_64-linux-gnu/libz.so.1.2.11
7ff9fc460000-7ff9fc466000 r--p 00013000 103:05 261677                    /lib/x86_64-linux-gnu/libz.so.1.2.11
7ff9fc466000-7ff9fc467000 ---p 00019000 103:05 261677                    /lib/x86_64-linux-gnu/libz.so.1.2.11
7ff9fc467000-7ff9fc468000 r--p 00019000 103:05 261677                    /lib/x86_64-linux-gnu/libz.so.1.2.11
7ff9fc468000-7ff9fc469000 rw-p 0001a000 103:05 261677                    /lib/x86_64-linux-gnu/libz.so.1.2.11
7ff9fc469000-7ff9fc46b000 rw-p 00000000 00:00 0 
7ff9fc46b000-7ff9fc46c000 r--p 00000000 103:05 2196106                   /usr/lib/locale/ca_IT.utf8/LC_TELEPHONE
7ff9fc46c000-7ff9fc46d000 r--p 00000000 103:05 2195623                   /usr/lib/locale/aa_DJ.utf8/LC_MEASUREMENT
7ff9fc46d000-7ff9fc470000 r--p 00000000 103:05 299231                    /lib/x86_64-linux-gnu/libnss_nis-2.31.so
7ff9fc470000-7ff9fc478000 r-xp 00003000 103:05 299231                    /lib/x86_64-linux-gnu/libnss_nis-2.31.so
7ff9fc478000-7ff9fc47a000 r--p 0000b000 103:05 299231                    /lib/x86_64-linux-gnu/libnss_nis-2.31.so
7ff9fc47a000-7ff9fc47b000 r--p 0000c000 103:05 299231                    /lib/x86_64-linux-gnu/libnss_nis-2.31.so
7ff9fc47b000-7ff9fc47c000 rw-p 0000d000 103:05 299231                    /lib/x86_64-linux-gnu/libnss_nis-2.31.so
7ff9fc47c000-7ff9fc47e000 r--p 00000000 103:05 299226                    /lib/x86_64-linux-gnu/libnss_compat-2.31.so
7ff9fc47e000-7ff9fc485000 r-xp 00002000 103:05 299226                    /lib/x86_64-linux-gnu/libnss_compat-2.31.so
7ff9fc485000-7ff9fc486000 r--p 00009000 103:05 299226                    /lib/x86_64-linux-gnu/libnss_compat-2.31.so
7ff9fc486000-7ff9fc487000 r--p 00009000 103:05 299226                    /lib/x86_64-linux-gnu/libnss_compat-2.31.so
7ff9fc487000-7ff9fc488000 rw-p 0000a000 103:05 299226                    /lib/x86_64-linux-gnu/libnss_compat-2.31.so
7ff9fc488000-7ff9fc489000 ---p 00000000 00:00 0 
7ff9fc489000-7ff9fc48a000 r--p 00000000 00:00 0 
7ff9fc48a000-7ff9fc48b000 r--p 00000000 103:05 267124                    /lib/x86_64-linux-gnu/ld-2.31.so
7ff9fc48b000-7ff9fc4ae000 r-xp 00001000 103:05 267124                    /lib/x86_64-linux-gnu/ld-2.31.so
7ff9fc4ae000-7ff9fc4b6000 r--p 00024000 103:05 267124                    /lib/x86_64-linux-gnu/ld-2.31.so
7ff9fc4b6000-7ff9fc4b7000 r--p 00000000 103:05 2197093                   /usr/lib/locale/it_IT.utf8/LC_IDENTIFICATION
7ff9fc4b7000-7ff9fc4b8000 r--p 0002c000 103:05 267124                    /lib/x86_64-linux-gnu/ld-2.31.so
7ff9fc4b8000-7ff9fc4b9000 rw-p 0002d000 103:05 267124                    /lib/x86_64-linux-gnu/ld-2.31.so
7ff9fc4b9000-7ff9fc4ba000 rw-p 00000000 00:00 0 
7ffdbd791000-7ffdbd7b4000 rw-p 00000000 00:00 0                          [stack]
7ffdbd7c3000-7ffdbd7c6000 r--p 00000000 00:00 0                          [vvar]
7ffdbd7c6000-7ffdbd7c7000 r-xp 00000000 00:00 0                          [vdso]
ffffffffff600000-ffffffffff601000 --xp 00000000 00:00 0                  [vsyscall]


VM Arguments:
java_command: /home/arsene/IdeaProjects/model-services/workflow-dsl/dsl_backend/language_server/language_server.jar
java_class_path (initial): /home/arsene/IdeaProjects/model-services/workflow-dsl/dsl_backend/language_server/language_server.jar
Launcher Type: SUN_STANDARD

[Global flags]
     intx CICompilerCount                          = 4                                         {product} {ergonomic}
     uint ConcGCThreads                            = 2                                         {product} {ergonomic}
     uint G1ConcRefinementThreads                  = 8                                         {product} {ergonomic}
   size_t G1HeapRegionSize                         = 1048576                                   {product} {ergonomic}
    uintx GCDrainStackTargetSize                   = 64                                        {product} {ergonomic}
   size_t InitialHeapSize                          = 260046848                                 {product} {ergonomic}
   size_t MarkStackSize                            = 4194304                                   {product} {ergonomic}
   size_t MaxHeapSize                              = 4158652416                                {product} {ergonomic}
   size_t MaxNewSize                               = 2494562304                                {product} {ergonomic}
   size_t MinHeapDeltaBytes                        = 1048576                                   {product} {ergonomic}
    uintx NonNMethodCodeHeapSize                   = 5836300                                {pd product} {ergonomic}
    uintx NonProfiledCodeHeapSize                  = 122910970                              {pd product} {ergonomic}
    uintx ProfiledCodeHeapSize                     = 122910970                              {pd product} {ergonomic}
    uintx ReservedCodeCacheSize                    = 251658240                              {pd product} {ergonomic}
     bool SegmentedCodeCache                       = true                                      {product} {ergonomic}
     bool UseCompressedClassPointers               = true                                 {lp64_product} {ergonomic}
     bool UseCompressedOops                        = true                                 {lp64_product} {ergonomic}
     bool UseG1GC                                  = true                                      {product} {ergonomic}

Logging:
Log output configuration:
 #0: stdout all=warning uptime,level,tags
 #1: stderr all=off uptime,level,tags

Environment Variables:
JAVA_HOME=/opt/jdk/jdk-11.0.11
PATH=/usr/local/lib/node_modules/npm/node_modules/npm-lifecycle/node-gyp-bin:/home/arsene/IdeaProjects/model-services/workflow-dsl/dsl_backend/node_modules/.bin:/usr/bin/node:/opt/kind:/home/arsene/cmd:/usr/bin/node:/opt/kind:/home/arsene/cmd:/home/arsene/anaconda3/condabin:/home/arsene/opt/flutter/bin:/opt/jdk/jdk-11.0.11/bin:/home/arsene/.local/bin:/usr/local/sbin:/usr/local/bin:/usr/sbin:/usr/bin:/sbin:/bin:/usr/games:/usr/local/games:/usr/lib/jvm/jdk-11.0.6/bin:/snap/bin:/home/arsene/.dotnet/tools:/usr/lib/jvm/jdk-11.0.10/bin:/usr/lib/jvm/java-11-oracle/bin:/usr/lib/jvm/java-11-oracle/db/bin
SHELL=/bin/bash
DISPLAY=:0

Signal Handlers:
SIGSEGV: [libjvm.so+0xea2e10], sa_mask[0]=11111111011111111101111111111110, sa_flags=SA_RESTART|SA_SIGINFO
SIGBUS: [libjvm.so+0xea2e10], sa_mask[0]=11111111011111111101111111111110, sa_flags=SA_RESTART|SA_SIGINFO
SIGFPE: [libjvm.so+0xea2e10], sa_mask[0]=11111111011111111101111111111110, sa_flags=SA_RESTART|SA_SIGINFO
SIGPIPE: [libjvm.so+0xc720d0], sa_mask[0]=11111111011111111101111111111110, sa_flags=SA_RESTART|SA_SIGINFO
SIGXFSZ: [libjvm.so+0xc720d0], sa_mask[0]=11111111011111111101111111111110, sa_flags=SA_RESTART|SA_SIGINFO
SIGILL: [libjvm.so+0xea2e10], sa_mask[0]=11111111011111111101111111111110, sa_flags=SA_RESTART|SA_SIGINFO
SIGUSR2: [libjvm.so+0xc71f70], sa_mask[0]=00000000000000000000000000000000, sa_flags=SA_RESTART|SA_SIGINFO
SIGHUP: [libjvm.so+0xc722d0], sa_mask[0]=11111111011111111101111111111110, sa_flags=SA_RESTART|SA_SIGINFO
SIGINT: [libjvm.so+0xc722d0], sa_mask[0]=11111111011111111101111111111110, sa_flags=SA_RESTART|SA_SIGINFO
SIGTERM: [libjvm.so+0xc722d0], sa_mask[0]=11111111011111111101111111111110, sa_flags=SA_RESTART|SA_SIGINFO
SIGQUIT: [libjvm.so+0xc722d0], sa_mask[0]=11111111011111111101111111111110, sa_flags=SA_RESTART|SA_SIGINFO


---------------  S Y S T E M  ---------------

OS:DISTRIB_ID=Ubuntu
DISTRIB_RELEASE=20.04
DISTRIB_CODENAME=focal
DISTRIB_DESCRIPTION="Ubuntu 20.04.2 LTS"
uname:Linux 5.4.0-74-generic #83-Ubuntu SMP Sat May 8 02:35:39 UTC 2021 x86_64
libc:glibc 2.31 NPTL 2.31 
rlimit: STACK 8192k, CORE 0k, NPROC 63203, NOFILE 1048576, AS infinity, DATA infinity, FSIZE infinity
load average:0,76 1,17 1,92

/proc/meminfo:
MemTotal:       16238796 kB
MemFree:          479724 kB
MemAvailable:    2366688 kB
Buffers:          199388 kB
Cached:          2571220 kB
SwapCached:        19320 kB
Active:         11388820 kB
Inactive:        3143948 kB
Active(anon):   10390292 kB
Inactive(anon):  2369572 kB
Active(file):     998528 kB
Inactive(file):   774376 kB
Unevictable:      135656 kB
Mlocked:             240 kB
SwapTotal:       7812092 kB
SwapFree:        7512060 kB
Dirty:               196 kB
Writeback:             0 kB
AnonPages:      11885692 kB
Mapped:          1139936 kB
Shmem:           1080360 kB
KReclaimable:     454156 kB
Slab:             808220 kB
SReclaimable:     454156 kB
SUnreclaim:       354064 kB
KernelStack:       44380 kB
PageTables:       111536 kB
NFS_Unstable:          0 kB
Bounce:                0 kB
WritebackTmp:          0 kB
CommitLimit:    15931488 kB
Committed_AS:   31211020 kB
VmallocTotal:   34359738367 kB
VmallocUsed:       71772 kB
VmallocChunk:          0 kB
Percpu:            11968 kB
HardwareCorrupted:     0 kB
AnonHugePages:     24576 kB
ShmemHugePages:        0 kB
ShmemPmdMapped:        0 kB
FileHugePages:         0 kB
FilePmdMapped:         0 kB
CmaTotal:              0 kB
CmaFree:               0 kB
HugePages_Total:       0
HugePages_Free:        0
HugePages_Rsvd:        0
HugePages_Surp:        0
Hugepagesize:       2048 kB
Hugetlb:               0 kB
DirectMap4k:      681576 kB
DirectMap2M:    15935488 kB
DirectMap1G:     1048576 kB


/proc/sys/kernel/threads-max (system-wide limit on the number of threads):
126406


/proc/sys/vm/max_map_count (maximum number of memory map areas a process may have):
65530


/proc/sys/kernel/pid_max (system-wide limit on number of process identifiers):
4194304



container (cgroup) information:
container_type: cgroupv1
cpu_cpuset_cpus: 0-7
cpu_memory_nodes: 0
active_processor_count: 8
cpu_quota: -1
cpu_period: 100000
cpu_shares: -1
memory_limit_in_bytes: -1
memory_and_swap_limit_in_bytes: -2
memory_soft_limit_in_bytes: -1
memory_usage_in_bytes: 11368038400
memory_max_usage_in_bytes: 11807326208


CPU:total 8 (initial active 8) (4 cores per cpu, 2 threads per core) family 6 model 142 stepping 10 microcode 0xea, cmov, cx8, fxsr, mmx, sse, sse2, sse3, ssse3, sse4.1, sse4.2, popcnt, avx, avx2, aes, clmul, erms, 3dnowpref, lzcnt, ht, tsc, tscinvbit, bmi1, bmi2, adx, fma
CPU Model and flags from /proc/cpuinfo:
model name	: Intel(R) Core(TM) i5-8250U CPU @ 1.60GHz
flags		: fpu vme de pse tsc msr pae mce cx8 apic sep mtrr pge mca cmov pat pse36 clflush dts acpi mmx fxsr sse sse2 ss ht tm pbe syscall nx pdpe1gb rdtscp lm constant_tsc art arch_perfmon pebs bts rep_good nopl xtopology nonstop_tsc cpuid aperfmperf pni pclmulqdq dtes64 monitor ds_cpl vmx est tm2 ssse3 sdbg fma cx16 xtpr pdcm pcid sse4_1 sse4_2 x2apic movbe popcnt tsc_deadline_timer aes xsave avx f16c rdrand lahf_lm abm 3dnowprefetch cpuid_fault epb invpcid_single pti ssbd ibrs ibpb stibp tpr_shadow vnmi flexpriority ept vpid ept_ad fsgsbase tsc_adjust bmi1 avx2 smep bmi2 erms invpcid mpx rdseed adx smap clflushopt intel_pt xsaveopt xsavec xgetbv1 xsaves dtherm ida arat pln pts hwp hwp_notify hwp_act_window hwp_epp md_clear flush_l1d

Memory: 4k page, physical 16238796k(479724k free), swap 7812092k(7512060k free)

vm_info: Java HotSpot(TM) 64-Bit Server VM (11.0.11+9-LTS-194) for linux-amd64 JRE (11.0.11+9-LTS-194), built on Mar 18 2021 17:46:40 by "mach5one" with gcc 7.3.0

END.
