#
# A fatal error has been detected by the Java Runtime Environment:
#
#  SIGSEGV (0xb) at pc=0x00007fa73d7f2fa0, pid=79406, tid=79406
#
# JRE version: Java(TM) SE Runtime Environment 18.9 (11.0.11+9) (build 11.0.11+9-LTS-194)
# Java VM: Java HotSpot(TM) 64-Bit Server VM 18.9 (11.0.11+9-LTS-194, mixed mode, tiered, compressed oops, g1 gc, linux-amd64)
# Problematic frame:
# V  [libjvm.so+0xc71fa0]  SR_handler(int, siginfo*, ucontext*)+0x30
#
# Core dump will be written. Default location: Core dumps may be processed with "/usr/share/apport/apport %p %s %c %d %P %E" (or dumping to /home/arsene/IdeaProjects/model-services/workflow-dsl/dsl_backend/language_server/core.79406)
#
# If you would like to submit a bug report, please visit:
#   https://bugreport.java.com/bugreport/crash.jsp
#

---------------  S U M M A R Y ------------

Command Line: /home/arsene/IdeaProjects/model-services/workflow-dsl/dsl_backend/language_server/language_server.jar

Host: Intel(R) Core(TM) i5-8250U CPU @ 1.60GHz, 8 cores, 15G, Ubuntu 20.04.2 LTS
Time: Sat Jun 19 15:39:30 2021 CEST elapsed time: 72.160851 seconds (0d 0h 1m 12s)

---------------  T H R E A D  ---------------

Current thread is native thread

Stack: [0x00007ffd26fe0000,0x00007ffd277dd000],  sp=0x00007ffd277d7640,  free space=8157k
Native frames: (J=compiled Java code, A=aot compiled Java code, j=interpreted, Vv=VM code, C=native code)
V  [libjvm.so+0xc71fa0]  SR_handler(int, siginfo*, ucontext*)+0x30
C  [libpthread.so.0+0x153c0]


siginfo: si_signo: 11 (SIGSEGV), si_code: 1 (SEGV_MAPERR), si_addr: 0x00000000000000d0

Register to memory mapping:

RAX=0x0 is NULL
RBX=
[error occurred during error reporting (printing register info), id 0xb, SIGSEGV (0xb) at pc=0x00007fa73d9c2c37]

Registers:
RAX=0x0000000000000000, RBX=0x00007fa73e087fc0, RCX=0x00007fa73e49ccd7, RDX=0x0000000000000000
RSP=0x00007ffd277d7640, RBP=0x00007ffd277d76f0, RSI=0x00007ffd277d7830, RDI=0x0000000000000001
R8 =0x0000000000000000, R9 =0x00007fa73ca31700, R10=0x0000000000000000, R11=0x0000000000000246
R12=0x0000000000000000, R13=0x00007ffd277d7830, R14=0x00007ffd277d7700, R15=0x00007fa73ca31700
RIP=0x00007fa73d7f2fa0, EFLAGS=0x0000000000010246, CSGSFS=0x002b000000000033, ERR=0x0000000000000004
  TRAPNO=0x000000000000000e

Top of Stack: (sp=0x00007ffd277d7640)
0x00007ffd277d7640:   0000000180000002 0000000000000000
0x00007ffd277d7650:   0000000000000000 0000000000000000
0x00007ffd277d7660:   6575715f544d4e00 3d006b636f4c7972
0x00007ffd277d7670:   0000000000000000 0000000000000000 

Instructions: (pc=0x00007fa73d7f2fa0)
0x00007fa73d7f2f80:   49 89 f5 48 81 ec 88 00 00 00 e8 31 17 60 ff 48
0x00007fa73d7f2f90:   89 c3 44 8b 20 e8 66 e6 1c 00 31 d2 84 c0 75 38
0x00007fa73d7f2fa0:   48 83 ba d0 00 00 00 00 74 16 4c 8b ba 70 02 00
0x00007fa73d7f2fb0:   00 41 8b 87 a8 00 00 00 83 f8 01 74 2b 44 89 23 

Stack slot to memory mapping:
stack at sp + 0 slots: 
[error occurred during error reporting (inspecting top of stack), id 0xb, SIGSEGV (0xb) at pc=0x00007fa73d9c2c37]


---------------  P R O C E S S  ---------------

VM state:not at safepoint (normal execution)

VM Mutex/Monitor currently owned by a thread: None

Heap address: 0x0000000708200000, size: 3966 MB, Compressed Oops mode: Zero based, Oop shift amount: 3
Narrow klass base: 0x0000000800000000, Narrow klass shift: 0
Compressed class space size: 1073741824 Address: 0x0000000800000000

Heap:
 garbage-first heap   total 253952K, used 34417K [0x0000000708200000, 0x0000000800000000)
  region size 1024K, 33 young (33792K), 3 survivors (3072K)
 Metaspace       used 17431K, capacity 17764K, committed 18048K, reserved 1064960K
  class space    used 1730K, capacity 1822K, committed 1920K, reserved 1048576K
Heap Regions: E=young(eden), S=young(survivor), O=old, HS=humongous(starts), HC=humongous(continues), CS=collection set, F=free, A=archive, TAMS=top-at-mark-start (previous, next)
|   0|0x0000000708200000, 0x0000000708300000, 0x0000000708300000|100%| O|  |TAMS 0x0000000708200000, 0x0000000708200000| Untracked 
|   1|0x0000000708300000, 0x000000070839c400, 0x0000000708400000| 61%| O|  |TAMS 0x0000000708300000, 0x0000000708300000| Untracked 
|   2|0x0000000708400000, 0x0000000708400000, 0x0000000708500000|  0%| F|  |TAMS 0x0000000708400000, 0x0000000708400000| Untracked 
|   3|0x0000000708500000, 0x0000000708500000, 0x0000000708600000|  0%| F|  |TAMS 0x0000000708500000, 0x0000000708500000| Untracked 
|   4|0x0000000708600000, 0x0000000708600000, 0x0000000708700000|  0%| F|  |TAMS 0x0000000708600000, 0x0000000708600000| Untracked 
|   5|0x0000000708700000, 0x0000000708700000, 0x0000000708800000|  0%| F|  |TAMS 0x0000000708700000, 0x0000000708700000| Untracked 
|   6|0x0000000708800000, 0x0000000708800000, 0x0000000708900000|  0%| F|  |TAMS 0x0000000708800000, 0x0000000708800000| Untracked 
|   7|0x0000000708900000, 0x0000000708900000, 0x0000000708a00000|  0%| F|  |TAMS 0x0000000708900000, 0x0000000708900000| Untracked 
|   8|0x0000000708a00000, 0x0000000708a00000, 0x0000000708b00000|  0%| F|  |TAMS 0x0000000708a00000, 0x0000000708a00000| Untracked 
|   9|0x0000000708b00000, 0x0000000708b00000, 0x0000000708c00000|  0%| F|  |TAMS 0x0000000708b00000, 0x0000000708b00000| Untracked 
|  10|0x0000000708c00000, 0x0000000708c00000, 0x0000000708d00000|  0%| F|  |TAMS 0x0000000708c00000, 0x0000000708c00000| Untracked 
|  11|0x0000000708d00000, 0x0000000708d00000, 0x0000000708e00000|  0%| F|  |TAMS 0x0000000708d00000, 0x0000000708d00000| Untracked 
|  12|0x0000000708e00000, 0x0000000708e00000, 0x0000000708f00000|  0%| F|  |TAMS 0x0000000708e00000, 0x0000000708e00000| Untracked 
|  13|0x0000000708f00000, 0x0000000708f00000, 0x0000000709000000|  0%| F|  |TAMS 0x0000000708f00000, 0x0000000708f00000| Untracked 
|  14|0x0000000709000000, 0x0000000709000000, 0x0000000709100000|  0%| F|  |TAMS 0x0000000709000000, 0x0000000709000000| Untracked 
|  15|0x0000000709100000, 0x0000000709100000, 0x0000000709200000|  0%| F|  |TAMS 0x0000000709100000, 0x0000000709100000| Untracked 
|  16|0x0000000709200000, 0x0000000709200000, 0x0000000709300000|  0%| F|  |TAMS 0x0000000709200000, 0x0000000709200000| Untracked 
|  17|0x0000000709300000, 0x0000000709300000, 0x0000000709400000|  0%| F|  |TAMS 0x0000000709300000, 0x0000000709300000| Untracked 
|  18|0x0000000709400000, 0x0000000709400000, 0x0000000709500000|  0%| F|  |TAMS 0x0000000709400000, 0x0000000709400000| Untracked 
|  19|0x0000000709500000, 0x0000000709500000, 0x0000000709600000|  0%| F|  |TAMS 0x0000000709500000, 0x0000000709500000| Untracked 
|  20|0x0000000709600000, 0x0000000709600000, 0x0000000709700000|  0%| F|  |TAMS 0x0000000709600000, 0x0000000709600000| Untracked 
|  21|0x0000000709700000, 0x0000000709700000, 0x0000000709800000|  0%| F|  |TAMS 0x0000000709700000, 0x0000000709700000| Untracked 
|  22|0x0000000709800000, 0x0000000709800000, 0x0000000709900000|  0%| F|  |TAMS 0x0000000709800000, 0x0000000709800000| Untracked 
|  23|0x0000000709900000, 0x0000000709900000, 0x0000000709a00000|  0%| F|  |TAMS 0x0000000709900000, 0x0000000709900000| Untracked 
|  24|0x0000000709a00000, 0x0000000709a00000, 0x0000000709b00000|  0%| F|  |TAMS 0x0000000709a00000, 0x0000000709a00000| Untracked 
|  25|0x0000000709b00000, 0x0000000709b00000, 0x0000000709c00000|  0%| F|  |TAMS 0x0000000709b00000, 0x0000000709b00000| Untracked 
|  26|0x0000000709c00000, 0x0000000709c00000, 0x0000000709d00000|  0%| F|  |TAMS 0x0000000709c00000, 0x0000000709c00000| Untracked 
|  27|0x0000000709d00000, 0x0000000709d00000, 0x0000000709e00000|  0%| F|  |TAMS 0x0000000709d00000, 0x0000000709d00000| Untracked 
|  28|0x0000000709e00000, 0x0000000709e00000, 0x0000000709f00000|  0%| F|  |TAMS 0x0000000709e00000, 0x0000000709e00000| Untracked 
|  29|0x0000000709f00000, 0x0000000709f00000, 0x000000070a000000|  0%| F|  |TAMS 0x0000000709f00000, 0x0000000709f00000| Untracked 
|  30|0x000000070a000000, 0x000000070a000000, 0x000000070a100000|  0%| F|  |TAMS 0x000000070a000000, 0x000000070a000000| Untracked 
|  31|0x000000070a100000, 0x000000070a100000, 0x000000070a200000|  0%| F|  |TAMS 0x000000070a100000, 0x000000070a100000| Untracked 
|  32|0x000000070a200000, 0x000000070a200000, 0x000000070a300000|  0%| F|  |TAMS 0x000000070a200000, 0x000000070a200000| Untracked 
|  33|0x000000070a300000, 0x000000070a300000, 0x000000070a400000|  0%| F|  |TAMS 0x000000070a300000, 0x000000070a300000| Untracked 
|  34|0x000000070a400000, 0x000000070a400000, 0x000000070a500000|  0%| F|  |TAMS 0x000000070a400000, 0x000000070a400000| Untracked 
|  35|0x000000070a500000, 0x000000070a500000, 0x000000070a600000|  0%| F|  |TAMS 0x000000070a500000, 0x000000070a500000| Untracked 
|  36|0x000000070a600000, 0x000000070a600000, 0x000000070a700000|  0%| F|  |TAMS 0x000000070a600000, 0x000000070a600000| Untracked 
|  37|0x000000070a700000, 0x000000070a700000, 0x000000070a800000|  0%| F|  |TAMS 0x000000070a700000, 0x000000070a700000| Untracked 
|  38|0x000000070a800000, 0x000000070a800000, 0x000000070a900000|  0%| F|  |TAMS 0x000000070a800000, 0x000000070a800000| Untracked 
|  39|0x000000070a900000, 0x000000070a900000, 0x000000070aa00000|  0%| F|  |TAMS 0x000000070a900000, 0x000000070a900000| Untracked 
|  40|0x000000070aa00000, 0x000000070aa00000, 0x000000070ab00000|  0%| F|  |TAMS 0x000000070aa00000, 0x000000070aa00000| Untracked 
|  41|0x000000070ab00000, 0x000000070ab00000, 0x000000070ac00000|  0%| F|  |TAMS 0x000000070ab00000, 0x000000070ab00000| Untracked 
|  42|0x000000070ac00000, 0x000000070ac00000, 0x000000070ad00000|  0%| F|  |TAMS 0x000000070ac00000, 0x000000070ac00000| Untracked 
|  43|0x000000070ad00000, 0x000000070ad00000, 0x000000070ae00000|  0%| F|  |TAMS 0x000000070ad00000, 0x000000070ad00000| Untracked 
|  44|0x000000070ae00000, 0x000000070ae00000, 0x000000070af00000|  0%| F|  |TAMS 0x000000070ae00000, 0x000000070ae00000| Untracked 
|  45|0x000000070af00000, 0x000000070af00000, 0x000000070b000000|  0%| F|  |TAMS 0x000000070af00000, 0x000000070af00000| Untracked 
|  46|0x000000070b000000, 0x000000070b000000, 0x000000070b100000|  0%| F|  |TAMS 0x000000070b000000, 0x000000070b000000| Untracked 
|  47|0x000000070b100000, 0x000000070b100000, 0x000000070b200000|  0%| F|  |TAMS 0x000000070b100000, 0x000000070b100000| Untracked 
|  48|0x000000070b200000, 0x000000070b200000, 0x000000070b300000|  0%| F|  |TAMS 0x000000070b200000, 0x000000070b200000| Untracked 
|  49|0x000000070b300000, 0x000000070b300000, 0x000000070b400000|  0%| F|  |TAMS 0x000000070b300000, 0x000000070b300000| Untracked 
|  50|0x000000070b400000, 0x000000070b400000, 0x000000070b500000|  0%| F|  |TAMS 0x000000070b400000, 0x000000070b400000| Untracked 
|  51|0x000000070b500000, 0x000000070b500000, 0x000000070b600000|  0%| F|  |TAMS 0x000000070b500000, 0x000000070b500000| Untracked 
|  52|0x000000070b600000, 0x000000070b600000, 0x000000070b700000|  0%| F|  |TAMS 0x000000070b600000, 0x000000070b600000| Untracked 
|  53|0x000000070b700000, 0x000000070b700000, 0x000000070b800000|  0%| F|  |TAMS 0x000000070b700000, 0x000000070b700000| Untracked 
|  54|0x000000070b800000, 0x000000070b800000, 0x000000070b900000|  0%| F|  |TAMS 0x000000070b800000, 0x000000070b800000| Untracked 
|  55|0x000000070b900000, 0x000000070b900000, 0x000000070ba00000|  0%| F|  |TAMS 0x000000070b900000, 0x000000070b900000| Untracked 
|  56|0x000000070ba00000, 0x000000070ba00000, 0x000000070bb00000|  0%| F|  |TAMS 0x000000070ba00000, 0x000000070ba00000| Untracked 
|  57|0x000000070bb00000, 0x000000070bb00000, 0x000000070bc00000|  0%| F|  |TAMS 0x000000070bb00000, 0x000000070bb00000| Untracked 
|  58|0x000000070bc00000, 0x000000070bc00000, 0x000000070bd00000|  0%| F|  |TAMS 0x000000070bc00000, 0x000000070bc00000| Untracked 
|  59|0x000000070bd00000, 0x000000070bd00000, 0x000000070be00000|  0%| F|  |TAMS 0x000000070bd00000, 0x000000070bd00000| Untracked 
|  60|0x000000070be00000, 0x000000070be00000, 0x000000070bf00000|  0%| F|  |TAMS 0x000000070be00000, 0x000000070be00000| Untracked 
|  61|0x000000070bf00000, 0x000000070bf00000, 0x000000070c000000|  0%| F|  |TAMS 0x000000070bf00000, 0x000000070bf00000| Untracked 
|  62|0x000000070c000000, 0x000000070c000000, 0x000000070c100000|  0%| F|  |TAMS 0x000000070c000000, 0x000000070c000000| Untracked 
|  63|0x000000070c100000, 0x000000070c100000, 0x000000070c200000|  0%| F|  |TAMS 0x000000070c100000, 0x000000070c100000| Untracked 
|  64|0x000000070c200000, 0x000000070c200000, 0x000000070c300000|  0%| F|  |TAMS 0x000000070c200000, 0x000000070c200000| Untracked 
|  65|0x000000070c300000, 0x000000070c300000, 0x000000070c400000|  0%| F|  |TAMS 0x000000070c300000, 0x000000070c300000| Untracked 
|  66|0x000000070c400000, 0x000000070c400000, 0x000000070c500000|  0%| F|  |TAMS 0x000000070c400000, 0x000000070c400000| Untracked 
|  67|0x000000070c500000, 0x000000070c500000, 0x000000070c600000|  0%| F|  |TAMS 0x000000070c500000, 0x000000070c500000| Untracked 
|  68|0x000000070c600000, 0x000000070c600000, 0x000000070c700000|  0%| F|  |TAMS 0x000000070c600000, 0x000000070c600000| Untracked 
|  69|0x000000070c700000, 0x000000070c700000, 0x000000070c800000|  0%| F|  |TAMS 0x000000070c700000, 0x000000070c700000| Untracked 
|  70|0x000000070c800000, 0x000000070c800000, 0x000000070c900000|  0%| F|  |TAMS 0x000000070c800000, 0x000000070c800000| Untracked 
|  71|0x000000070c900000, 0x000000070c900000, 0x000000070ca00000|  0%| F|  |TAMS 0x000000070c900000, 0x000000070c900000| Untracked 
|  72|0x000000070ca00000, 0x000000070ca00000, 0x000000070cb00000|  0%| F|  |TAMS 0x000000070ca00000, 0x000000070ca00000| Untracked 
|  73|0x000000070cb00000, 0x000000070cb00000, 0x000000070cc00000|  0%| F|  |TAMS 0x000000070cb00000, 0x000000070cb00000| Untracked 
|  74|0x000000070cc00000, 0x000000070cc00000, 0x000000070cd00000|  0%| F|  |TAMS 0x000000070cc00000, 0x000000070cc00000| Untracked 
|  75|0x000000070cd00000, 0x000000070cd00000, 0x000000070ce00000|  0%| F|  |TAMS 0x000000070cd00000, 0x000000070cd00000| Untracked 
|  76|0x000000070ce00000, 0x000000070ce00000, 0x000000070cf00000|  0%| F|  |TAMS 0x000000070ce00000, 0x000000070ce00000| Untracked 
|  77|0x000000070cf00000, 0x000000070cf00000, 0x000000070d000000|  0%| F|  |TAMS 0x000000070cf00000, 0x000000070cf00000| Untracked 
|  78|0x000000070d000000, 0x000000070d000000, 0x000000070d100000|  0%| F|  |TAMS 0x000000070d000000, 0x000000070d000000| Untracked 
|  79|0x000000070d100000, 0x000000070d100000, 0x000000070d200000|  0%| F|  |TAMS 0x000000070d100000, 0x000000070d100000| Untracked 
|  80|0x000000070d200000, 0x000000070d200000, 0x000000070d300000|  0%| F|  |TAMS 0x000000070d200000, 0x000000070d200000| Untracked 
|  81|0x000000070d300000, 0x000000070d300000, 0x000000070d400000|  0%| F|  |TAMS 0x000000070d300000, 0x000000070d300000| Untracked 
|  82|0x000000070d400000, 0x000000070d400000, 0x000000070d500000|  0%| F|  |TAMS 0x000000070d400000, 0x000000070d400000| Untracked 
|  83|0x000000070d500000, 0x000000070d500000, 0x000000070d600000|  0%| F|  |TAMS 0x000000070d500000, 0x000000070d500000| Untracked 
|  84|0x000000070d600000, 0x000000070d600000, 0x000000070d700000|  0%| F|  |TAMS 0x000000070d600000, 0x000000070d600000| Untracked 
|  85|0x000000070d700000, 0x000000070d700000, 0x000000070d800000|  0%| F|  |TAMS 0x000000070d700000, 0x000000070d700000| Untracked 
|  86|0x000000070d800000, 0x000000070d800000, 0x000000070d900000|  0%| F|  |TAMS 0x000000070d800000, 0x000000070d800000| Untracked 
|  87|0x000000070d900000, 0x000000070d900000, 0x000000070da00000|  0%| F|  |TAMS 0x000000070d900000, 0x000000070d900000| Untracked 
|  88|0x000000070da00000, 0x000000070da00000, 0x000000070db00000|  0%| F|  |TAMS 0x000000070da00000, 0x000000070da00000| Untracked 
|  89|0x000000070db00000, 0x000000070db00000, 0x000000070dc00000|  0%| F|  |TAMS 0x000000070db00000, 0x000000070db00000| Untracked 
|  90|0x000000070dc00000, 0x000000070dc00000, 0x000000070dd00000|  0%| F|  |TAMS 0x000000070dc00000, 0x000000070dc00000| Untracked 
|  91|0x000000070dd00000, 0x000000070dd00000, 0x000000070de00000|  0%| F|  |TAMS 0x000000070dd00000, 0x000000070dd00000| Untracked 
|  92|0x000000070de00000, 0x000000070de00000, 0x000000070df00000|  0%| F|  |TAMS 0x000000070de00000, 0x000000070de00000| Untracked 
|  93|0x000000070df00000, 0x000000070df00000, 0x000000070e000000|  0%| F|  |TAMS 0x000000070df00000, 0x000000070df00000| Untracked 
|  94|0x000000070e000000, 0x000000070e000000, 0x000000070e100000|  0%| F|  |TAMS 0x000000070e000000, 0x000000070e000000| Untracked 
|  95|0x000000070e100000, 0x000000070e100000, 0x000000070e200000|  0%| F|  |TAMS 0x000000070e100000, 0x000000070e100000| Untracked 
|  96|0x000000070e200000, 0x000000070e200000, 0x000000070e300000|  0%| F|  |TAMS 0x000000070e200000, 0x000000070e200000| Untracked 
|  97|0x000000070e300000, 0x000000070e300000, 0x000000070e400000|  0%| F|  |TAMS 0x000000070e300000, 0x000000070e300000| Untracked 
|  98|0x000000070e400000, 0x000000070e400000, 0x000000070e500000|  0%| F|  |TAMS 0x000000070e400000, 0x000000070e400000| Untracked 
|  99|0x000000070e500000, 0x000000070e500000, 0x000000070e600000|  0%| F|  |TAMS 0x000000070e500000, 0x000000070e500000| Untracked 
| 100|0x000000070e600000, 0x000000070e600000, 0x000000070e700000|  0%| F|  |TAMS 0x000000070e600000, 0x000000070e600000| Untracked 
| 101|0x000000070e700000, 0x000000070e700000, 0x000000070e800000|  0%| F|  |TAMS 0x000000070e700000, 0x000000070e700000| Untracked 
| 102|0x000000070e800000, 0x000000070e800000, 0x000000070e900000|  0%| F|  |TAMS 0x000000070e800000, 0x000000070e800000| Untracked 
| 103|0x000000070e900000, 0x000000070e900000, 0x000000070ea00000|  0%| F|  |TAMS 0x000000070e900000, 0x000000070e900000| Untracked 
| 104|0x000000070ea00000, 0x000000070ea00000, 0x000000070eb00000|  0%| F|  |TAMS 0x000000070ea00000, 0x000000070ea00000| Untracked 
| 105|0x000000070eb00000, 0x000000070eb00000, 0x000000070ec00000|  0%| F|  |TAMS 0x000000070eb00000, 0x000000070eb00000| Untracked 
| 106|0x000000070ec00000, 0x000000070ec00000, 0x000000070ed00000|  0%| F|  |TAMS 0x000000070ec00000, 0x000000070ec00000| Untracked 
| 107|0x000000070ed00000, 0x000000070ed00000, 0x000000070ee00000|  0%| F|  |TAMS 0x000000070ed00000, 0x000000070ed00000| Untracked 
| 108|0x000000070ee00000, 0x000000070ee00000, 0x000000070ef00000|  0%| F|  |TAMS 0x000000070ee00000, 0x000000070ee00000| Untracked 
| 109|0x000000070ef00000, 0x000000070ef00000, 0x000000070f000000|  0%| F|  |TAMS 0x000000070ef00000, 0x000000070ef00000| Untracked 
| 110|0x000000070f000000, 0x000000070f000000, 0x000000070f100000|  0%| F|  |TAMS 0x000000070f000000, 0x000000070f000000| Untracked 
| 111|0x000000070f100000, 0x000000070f100000, 0x000000070f200000|  0%| F|  |TAMS 0x000000070f100000, 0x000000070f100000| Untracked 
| 112|0x000000070f200000, 0x000000070f200000, 0x000000070f300000|  0%| F|  |TAMS 0x000000070f200000, 0x000000070f200000| Untracked 
| 113|0x000000070f300000, 0x000000070f300000, 0x000000070f400000|  0%| F|  |TAMS 0x000000070f300000, 0x000000070f300000| Untracked 
| 114|0x000000070f400000, 0x000000070f400000, 0x000000070f500000|  0%| F|  |TAMS 0x000000070f400000, 0x000000070f400000| Untracked 
| 115|0x000000070f500000, 0x000000070f500000, 0x000000070f600000|  0%| F|  |TAMS 0x000000070f500000, 0x000000070f500000| Untracked 
| 116|0x000000070f600000, 0x000000070f600000, 0x000000070f700000|  0%| F|  |TAMS 0x000000070f600000, 0x000000070f600000| Untracked 
| 117|0x000000070f700000, 0x000000070f700000, 0x000000070f800000|  0%| F|  |TAMS 0x000000070f700000, 0x000000070f700000| Untracked 
| 118|0x000000070f800000, 0x000000070f800000, 0x000000070f900000|  0%| F|  |TAMS 0x000000070f800000, 0x000000070f800000| Untracked 
| 119|0x000000070f900000, 0x000000070f900000, 0x000000070fa00000|  0%| F|  |TAMS 0x000000070f900000, 0x000000070f900000| Untracked 
| 120|0x000000070fa00000, 0x000000070fa00000, 0x000000070fb00000|  0%| F|  |TAMS 0x000000070fa00000, 0x000000070fa00000| Untracked 
| 121|0x000000070fb00000, 0x000000070fb00000, 0x000000070fc00000|  0%| F|  |TAMS 0x000000070fb00000, 0x000000070fb00000| Untracked 
| 122|0x000000070fc00000, 0x000000070fc00000, 0x000000070fd00000|  0%| F|  |TAMS 0x000000070fc00000, 0x000000070fc00000| Untracked 
| 123|0x000000070fd00000, 0x000000070fd00000, 0x000000070fe00000|  0%| F|  |TAMS 0x000000070fd00000, 0x000000070fd00000| Untracked 
| 124|0x000000070fe00000, 0x000000070fe00000, 0x000000070ff00000|  0%| F|  |TAMS 0x000000070fe00000, 0x000000070fe00000| Untracked 
| 125|0x000000070ff00000, 0x000000070ff00000, 0x0000000710000000|  0%| F|  |TAMS 0x000000070ff00000, 0x000000070ff00000| Untracked 
| 126|0x0000000710000000, 0x0000000710000000, 0x0000000710100000|  0%| F|  |TAMS 0x0000000710000000, 0x0000000710000000| Untracked 
| 127|0x0000000710100000, 0x0000000710100000, 0x0000000710200000|  0%| F|  |TAMS 0x0000000710100000, 0x0000000710100000| Untracked 
| 128|0x0000000710200000, 0x0000000710200000, 0x0000000710300000|  0%| F|  |TAMS 0x0000000710200000, 0x0000000710200000| Untracked 
| 129|0x0000000710300000, 0x0000000710300000, 0x0000000710400000|  0%| F|  |TAMS 0x0000000710300000, 0x0000000710300000| Untracked 
| 130|0x0000000710400000, 0x0000000710400000, 0x0000000710500000|  0%| F|  |TAMS 0x0000000710400000, 0x0000000710400000| Untracked 
| 131|0x0000000710500000, 0x0000000710500000, 0x0000000710600000|  0%| F|  |TAMS 0x0000000710500000, 0x0000000710500000| Untracked 
| 132|0x0000000710600000, 0x0000000710600000, 0x0000000710700000|  0%| F|  |TAMS 0x0000000710600000, 0x0000000710600000| Untracked 
| 133|0x0000000710700000, 0x0000000710700000, 0x0000000710800000|  0%| F|  |TAMS 0x0000000710700000, 0x0000000710700000| Untracked 
| 134|0x0000000710800000, 0x0000000710800000, 0x0000000710900000|  0%| F|  |TAMS 0x0000000710800000, 0x0000000710800000| Untracked 
| 135|0x0000000710900000, 0x0000000710900000, 0x0000000710a00000|  0%| F|  |TAMS 0x0000000710900000, 0x0000000710900000| Untracked 
| 136|0x0000000710a00000, 0x0000000710a00000, 0x0000000710b00000|  0%| F|  |TAMS 0x0000000710a00000, 0x0000000710a00000| Untracked 
| 137|0x0000000710b00000, 0x0000000710b00000, 0x0000000710c00000|  0%| F|  |TAMS 0x0000000710b00000, 0x0000000710b00000| Untracked 
| 138|0x0000000710c00000, 0x0000000710c00000, 0x0000000710d00000|  0%| F|  |TAMS 0x0000000710c00000, 0x0000000710c00000| Untracked 
| 139|0x0000000710d00000, 0x0000000710d00000, 0x0000000710e00000|  0%| F|  |TAMS 0x0000000710d00000, 0x0000000710d00000| Untracked 
| 140|0x0000000710e00000, 0x0000000710e00000, 0x0000000710f00000|  0%| F|  |TAMS 0x0000000710e00000, 0x0000000710e00000| Untracked 
| 141|0x0000000710f00000, 0x0000000710f00000, 0x0000000711000000|  0%| F|  |TAMS 0x0000000710f00000, 0x0000000710f00000| Untracked 
| 142|0x0000000711000000, 0x0000000711000000, 0x0000000711100000|  0%| F|  |TAMS 0x0000000711000000, 0x0000000711000000| Untracked 
| 143|0x0000000711100000, 0x0000000711100000, 0x0000000711200000|  0%| F|  |TAMS 0x0000000711100000, 0x0000000711100000| Untracked 
| 144|0x0000000711200000, 0x0000000711200000, 0x0000000711300000|  0%| F|  |TAMS 0x0000000711200000, 0x0000000711200000| Untracked 
| 145|0x0000000711300000, 0x0000000711300000, 0x0000000711400000|  0%| F|  |TAMS 0x0000000711300000, 0x0000000711300000| Untracked 
| 146|0x0000000711400000, 0x0000000711400000, 0x0000000711500000|  0%| F|  |TAMS 0x0000000711400000, 0x0000000711400000| Untracked 
| 147|0x0000000711500000, 0x0000000711500000, 0x0000000711600000|  0%| F|  |TAMS 0x0000000711500000, 0x0000000711500000| Untracked 
| 148|0x0000000711600000, 0x0000000711600000, 0x0000000711700000|  0%| F|  |TAMS 0x0000000711600000, 0x0000000711600000| Untracked 
| 149|0x0000000711700000, 0x0000000711700000, 0x0000000711800000|  0%| F|  |TAMS 0x0000000711700000, 0x0000000711700000| Untracked 
| 150|0x0000000711800000, 0x0000000711800000, 0x0000000711900000|  0%| F|  |TAMS 0x0000000711800000, 0x0000000711800000| Untracked 
| 151|0x0000000711900000, 0x0000000711900000, 0x0000000711a00000|  0%| F|  |TAMS 0x0000000711900000, 0x0000000711900000| Untracked 
| 152|0x0000000711a00000, 0x0000000711a00000, 0x0000000711b00000|  0%| F|  |TAMS 0x0000000711a00000, 0x0000000711a00000| Untracked 
| 153|0x0000000711b00000, 0x0000000711b00000, 0x0000000711c00000|  0%| F|  |TAMS 0x0000000711b00000, 0x0000000711b00000| Untracked 
| 154|0x0000000711c00000, 0x0000000711c00000, 0x0000000711d00000|  0%| F|  |TAMS 0x0000000711c00000, 0x0000000711c00000| Untracked 
| 155|0x0000000711d00000, 0x0000000711d00000, 0x0000000711e00000|  0%| F|  |TAMS 0x0000000711d00000, 0x0000000711d00000| Untracked 
| 156|0x0000000711e00000, 0x0000000711e00000, 0x0000000711f00000|  0%| F|  |TAMS 0x0000000711e00000, 0x0000000711e00000| Untracked 
| 157|0x0000000711f00000, 0x0000000711f00000, 0x0000000712000000|  0%| F|  |TAMS 0x0000000711f00000, 0x0000000711f00000| Untracked 
| 158|0x0000000712000000, 0x0000000712000000, 0x0000000712100000|  0%| F|  |TAMS 0x0000000712000000, 0x0000000712000000| Untracked 
| 159|0x0000000712100000, 0x0000000712100000, 0x0000000712200000|  0%| F|  |TAMS 0x0000000712100000, 0x0000000712100000| Untracked 
| 160|0x0000000712200000, 0x0000000712200000, 0x0000000712300000|  0%| F|  |TAMS 0x0000000712200000, 0x0000000712200000| Untracked 
| 161|0x0000000712300000, 0x0000000712300000, 0x0000000712400000|  0%| F|  |TAMS 0x0000000712300000, 0x0000000712300000| Untracked 
| 162|0x0000000712400000, 0x0000000712400000, 0x0000000712500000|  0%| F|  |TAMS 0x0000000712400000, 0x0000000712400000| Untracked 
| 163|0x0000000712500000, 0x0000000712500000, 0x0000000712600000|  0%| F|  |TAMS 0x0000000712500000, 0x0000000712500000| Untracked 
| 164|0x0000000712600000, 0x0000000712600000, 0x0000000712700000|  0%| F|  |TAMS 0x0000000712600000, 0x0000000712600000| Untracked 
| 165|0x0000000712700000, 0x0000000712700000, 0x0000000712800000|  0%| F|  |TAMS 0x0000000712700000, 0x0000000712700000| Untracked 
| 166|0x0000000712800000, 0x0000000712800000, 0x0000000712900000|  0%| F|  |TAMS 0x0000000712800000, 0x0000000712800000| Untracked 
| 167|0x0000000712900000, 0x0000000712900000, 0x0000000712a00000|  0%| F|  |TAMS 0x0000000712900000, 0x0000000712900000| Untracked 
| 168|0x0000000712a00000, 0x0000000712a00000, 0x0000000712b00000|  0%| F|  |TAMS 0x0000000712a00000, 0x0000000712a00000| Untracked 
| 169|0x0000000712b00000, 0x0000000712b00000, 0x0000000712c00000|  0%| F|  |TAMS 0x0000000712b00000, 0x0000000712b00000| Untracked 
| 170|0x0000000712c00000, 0x0000000712c00000, 0x0000000712d00000|  0%| F|  |TAMS 0x0000000712c00000, 0x0000000712c00000| Untracked 
| 171|0x0000000712d00000, 0x0000000712d00000, 0x0000000712e00000|  0%| F|  |TAMS 0x0000000712d00000, 0x0000000712d00000| Untracked 
| 172|0x0000000712e00000, 0x0000000712e00000, 0x0000000712f00000|  0%| F|  |TAMS 0x0000000712e00000, 0x0000000712e00000| Untracked 
| 173|0x0000000712f00000, 0x0000000712f00000, 0x0000000713000000|  0%| F|  |TAMS 0x0000000712f00000, 0x0000000712f00000| Untracked 
| 174|0x0000000713000000, 0x0000000713000000, 0x0000000713100000|  0%| F|  |TAMS 0x0000000713000000, 0x0000000713000000| Untracked 
| 175|0x0000000713100000, 0x0000000713100000, 0x0000000713200000|  0%| F|  |TAMS 0x0000000713100000, 0x0000000713100000| Untracked 
| 176|0x0000000713200000, 0x0000000713200000, 0x0000000713300000|  0%| F|  |TAMS 0x0000000713200000, 0x0000000713200000| Untracked 
| 177|0x0000000713300000, 0x0000000713300000, 0x0000000713400000|  0%| F|  |TAMS 0x0000000713300000, 0x0000000713300000| Untracked 
| 178|0x0000000713400000, 0x0000000713400000, 0x0000000713500000|  0%| F|  |TAMS 0x0000000713400000, 0x0000000713400000| Untracked 
| 179|0x0000000713500000, 0x0000000713500000, 0x0000000713600000|  0%| F|  |TAMS 0x0000000713500000, 0x0000000713500000| Untracked 
| 180|0x0000000713600000, 0x0000000713600000, 0x0000000713700000|  0%| F|  |TAMS 0x0000000713600000, 0x0000000713600000| Untracked 
| 181|0x0000000713700000, 0x0000000713700000, 0x0000000713800000|  0%| F|  |TAMS 0x0000000713700000, 0x0000000713700000| Untracked 
| 182|0x0000000713800000, 0x0000000713800000, 0x0000000713900000|  0%| F|  |TAMS 0x0000000713800000, 0x0000000713800000| Untracked 
| 183|0x0000000713900000, 0x0000000713900000, 0x0000000713a00000|  0%| F|  |TAMS 0x0000000713900000, 0x0000000713900000| Untracked 
| 184|0x0000000713a00000, 0x0000000713a00000, 0x0000000713b00000|  0%| F|  |TAMS 0x0000000713a00000, 0x0000000713a00000| Untracked 
| 185|0x0000000713b00000, 0x0000000713b00000, 0x0000000713c00000|  0%| F|  |TAMS 0x0000000713b00000, 0x0000000713b00000| Untracked 
| 186|0x0000000713c00000, 0x0000000713c00000, 0x0000000713d00000|  0%| F|  |TAMS 0x0000000713c00000, 0x0000000713c00000| Untracked 
| 187|0x0000000713d00000, 0x0000000713d00000, 0x0000000713e00000|  0%| F|  |TAMS 0x0000000713d00000, 0x0000000713d00000| Untracked 
| 188|0x0000000713e00000, 0x0000000713e00000, 0x0000000713f00000|  0%| F|  |TAMS 0x0000000713e00000, 0x0000000713e00000| Untracked 
| 189|0x0000000713f00000, 0x0000000713f00000, 0x0000000714000000|  0%| F|  |TAMS 0x0000000713f00000, 0x0000000713f00000| Untracked 
| 190|0x0000000714000000, 0x0000000714000000, 0x0000000714100000|  0%| F|  |TAMS 0x0000000714000000, 0x0000000714000000| Untracked 
| 191|0x0000000714100000, 0x0000000714100000, 0x0000000714200000|  0%| F|  |TAMS 0x0000000714100000, 0x0000000714100000| Untracked 
| 192|0x0000000714200000, 0x0000000714200000, 0x0000000714300000|  0%| F|  |TAMS 0x0000000714200000, 0x0000000714200000| Untracked 
| 193|0x0000000714300000, 0x0000000714300000, 0x0000000714400000|  0%| F|  |TAMS 0x0000000714300000, 0x0000000714300000| Untracked 
| 194|0x0000000714400000, 0x0000000714400000, 0x0000000714500000|  0%| F|  |TAMS 0x0000000714400000, 0x0000000714400000| Untracked 
| 195|0x0000000714500000, 0x0000000714500000, 0x0000000714600000|  0%| F|  |TAMS 0x0000000714500000, 0x0000000714500000| Untracked 
| 196|0x0000000714600000, 0x0000000714600000, 0x0000000714700000|  0%| F|  |TAMS 0x0000000714600000, 0x0000000714600000| Untracked 
| 197|0x0000000714700000, 0x0000000714700000, 0x0000000714800000|  0%| F|  |TAMS 0x0000000714700000, 0x0000000714700000| Untracked 
| 198|0x0000000714800000, 0x0000000714800000, 0x0000000714900000|  0%| F|  |TAMS 0x0000000714800000, 0x0000000714800000| Untracked 
| 199|0x0000000714900000, 0x0000000714900000, 0x0000000714a00000|  0%| F|  |TAMS 0x0000000714900000, 0x0000000714900000| Untracked 
| 200|0x0000000714a00000, 0x0000000714a00000, 0x0000000714b00000|  0%| F|  |TAMS 0x0000000714a00000, 0x0000000714a00000| Untracked 
| 201|0x0000000714b00000, 0x0000000714b00000, 0x0000000714c00000|  0%| F|  |TAMS 0x0000000714b00000, 0x0000000714b00000| Untracked 
| 202|0x0000000714c00000, 0x0000000714c00000, 0x0000000714d00000|  0%| F|  |TAMS 0x0000000714c00000, 0x0000000714c00000| Untracked 
| 203|0x0000000714d00000, 0x0000000714d00000, 0x0000000714e00000|  0%| F|  |TAMS 0x0000000714d00000, 0x0000000714d00000| Untracked 
| 204|0x0000000714e00000, 0x0000000714e00000, 0x0000000714f00000|  0%| F|  |TAMS 0x0000000714e00000, 0x0000000714e00000| Untracked 
| 205|0x0000000714f00000, 0x0000000714f00000, 0x0000000715000000|  0%| F|  |TAMS 0x0000000714f00000, 0x0000000714f00000| Untracked 
| 206|0x0000000715000000, 0x0000000715000000, 0x0000000715100000|  0%| F|  |TAMS 0x0000000715000000, 0x0000000715000000| Untracked 
| 207|0x0000000715100000, 0x0000000715100000, 0x0000000715200000|  0%| F|  |TAMS 0x0000000715100000, 0x0000000715100000| Untracked 
| 208|0x0000000715200000, 0x0000000715200000, 0x0000000715300000|  0%| F|  |TAMS 0x0000000715200000, 0x0000000715200000| Untracked 
| 209|0x0000000715300000, 0x0000000715300000, 0x0000000715400000|  0%| F|  |TAMS 0x0000000715300000, 0x0000000715300000| Untracked 
| 210|0x0000000715400000, 0x0000000715400000, 0x0000000715500000|  0%| F|  |TAMS 0x0000000715400000, 0x0000000715400000| Untracked 
| 211|0x0000000715500000, 0x0000000715500000, 0x0000000715600000|  0%| F|  |TAMS 0x0000000715500000, 0x0000000715500000| Untracked 
| 212|0x0000000715600000, 0x0000000715600000, 0x0000000715700000|  0%| F|  |TAMS 0x0000000715600000, 0x0000000715600000| Untracked 
| 213|0x0000000715700000, 0x0000000715700000, 0x0000000715800000|  0%| F|  |TAMS 0x0000000715700000, 0x0000000715700000| Untracked 
| 214|0x0000000715800000, 0x0000000715800000, 0x0000000715900000|  0%| F|  |TAMS 0x0000000715800000, 0x0000000715800000| Untracked 
| 215|0x0000000715900000, 0x0000000715980800, 0x0000000715a00000| 50%| E|  |TAMS 0x0000000715900000, 0x0000000715900000| Complete 
| 216|0x0000000715a00000, 0x0000000715b00000, 0x0000000715b00000|100%| E|CS|TAMS 0x0000000715a00000, 0x0000000715a00000| Complete 
| 217|0x0000000715b00000, 0x0000000715c00000, 0x0000000715c00000|100%| E|CS|TAMS 0x0000000715b00000, 0x0000000715b00000| Complete 
| 218|0x0000000715c00000, 0x0000000715d00000, 0x0000000715d00000|100%| E|CS|TAMS 0x0000000715c00000, 0x0000000715c00000| Complete 
| 219|0x0000000715d00000, 0x0000000715e00000, 0x0000000715e00000|100%| E|CS|TAMS 0x0000000715d00000, 0x0000000715d00000| Complete 
| 220|0x0000000715e00000, 0x0000000715f00000, 0x0000000715f00000|100%| E|CS|TAMS 0x0000000715e00000, 0x0000000715e00000| Complete 
| 221|0x0000000715f00000, 0x0000000716000000, 0x0000000716000000|100%| S|CS|TAMS 0x0000000715f00000, 0x0000000715f00000| Complete 
| 222|0x0000000716000000, 0x0000000716100000, 0x0000000716100000|100%| S|CS|TAMS 0x0000000716000000, 0x0000000716000000| Complete 
| 223|0x0000000716100000, 0x0000000716200000, 0x0000000716200000|100%| S|CS|TAMS 0x0000000716100000, 0x0000000716100000| Complete 
| 224|0x0000000716200000, 0x0000000716300000, 0x0000000716300000|100%| E|CS|TAMS 0x0000000716200000, 0x0000000716200000| Complete 
| 225|0x0000000716300000, 0x0000000716400000, 0x0000000716400000|100%| E|CS|TAMS 0x0000000716300000, 0x0000000716300000| Complete 
| 226|0x0000000716400000, 0x0000000716500000, 0x0000000716500000|100%| E|CS|TAMS 0x0000000716400000, 0x0000000716400000| Complete 
| 227|0x0000000716500000, 0x0000000716600000, 0x0000000716600000|100%| E|CS|TAMS 0x0000000716500000, 0x0000000716500000| Complete 
| 228|0x0000000716600000, 0x0000000716700000, 0x0000000716700000|100%| E|CS|TAMS 0x0000000716600000, 0x0000000716600000| Complete 
| 229|0x0000000716700000, 0x0000000716800000, 0x0000000716800000|100%| E|CS|TAMS 0x0000000716700000, 0x0000000716700000| Complete 
| 230|0x0000000716800000, 0x0000000716900000, 0x0000000716900000|100%| E|CS|TAMS 0x0000000716800000, 0x0000000716800000| Complete 
| 231|0x0000000716900000, 0x0000000716a00000, 0x0000000716a00000|100%| E|CS|TAMS 0x0000000716900000, 0x0000000716900000| Complete 
| 232|0x0000000716a00000, 0x0000000716b00000, 0x0000000716b00000|100%| E|CS|TAMS 0x0000000716a00000, 0x0000000716a00000| Complete 
| 233|0x0000000716b00000, 0x0000000716c00000, 0x0000000716c00000|100%| E|CS|TAMS 0x0000000716b00000, 0x0000000716b00000| Complete 
| 234|0x0000000716c00000, 0x0000000716d00000, 0x0000000716d00000|100%| E|CS|TAMS 0x0000000716c00000, 0x0000000716c00000| Complete 
| 235|0x0000000716d00000, 0x0000000716e00000, 0x0000000716e00000|100%| E|CS|TAMS 0x0000000716d00000, 0x0000000716d00000| Complete 
| 236|0x0000000716e00000, 0x0000000716f00000, 0x0000000716f00000|100%| E|CS|TAMS 0x0000000716e00000, 0x0000000716e00000| Complete 
| 237|0x0000000716f00000, 0x0000000717000000, 0x0000000717000000|100%| E|CS|TAMS 0x0000000716f00000, 0x0000000716f00000| Complete 
| 238|0x0000000717000000, 0x0000000717100000, 0x0000000717100000|100%| E|CS|TAMS 0x0000000717000000, 0x0000000717000000| Complete 
| 239|0x0000000717100000, 0x0000000717200000, 0x0000000717200000|100%| E|CS|TAMS 0x0000000717100000, 0x0000000717100000| Complete 
| 240|0x0000000717200000, 0x0000000717300000, 0x0000000717300000|100%| E|CS|TAMS 0x0000000717200000, 0x0000000717200000| Complete 
| 241|0x0000000717300000, 0x0000000717400000, 0x0000000717400000|100%| E|CS|TAMS 0x0000000717300000, 0x0000000717300000| Complete 
| 242|0x0000000717400000, 0x0000000717500000, 0x0000000717500000|100%| E|CS|TAMS 0x0000000717400000, 0x0000000717400000| Complete 
| 243|0x0000000717500000, 0x0000000717600000, 0x0000000717600000|100%| E|CS|TAMS 0x0000000717500000, 0x0000000717500000| Complete 
| 244|0x0000000717600000, 0x0000000717700000, 0x0000000717700000|100%| E|CS|TAMS 0x0000000717600000, 0x0000000717600000| Complete 
| 245|0x0000000717700000, 0x0000000717800000, 0x0000000717800000|100%| E|CS|TAMS 0x0000000717700000, 0x0000000717700000| Complete 
| 246|0x0000000717800000, 0x0000000717900000, 0x0000000717900000|100%| E|CS|TAMS 0x0000000717800000, 0x0000000717800000| Complete 
| 247|0x0000000717900000, 0x0000000717a00000, 0x0000000717a00000|100%| E|CS|TAMS 0x0000000717900000, 0x0000000717900000| Complete 

Card table byte_map: [0x00007fa71af81000,0x00007fa71b740000] _byte_map_base: 0x00007fa717740000

Marking Bits (Prev, Next): (CMBitMap*) 0x00007fa738087b98, (CMBitMap*) 0x00007fa738087bd0
 Prev Bits: [0x00007fa7169ca000, 0x00007fa71a7c2000)
 Next Bits: [0x00007fa712bd2000, 0x00007fa7169ca000)

Polling page: 0x00007fa73e4f0000

Metaspace:

Usage:
  Non-class:     15,57 MB capacity,    15,33 MB ( 98%) used,   211,91 KB (  1%) free+waste,    29,81 KB ( <1%) overhead. 
      Class:      1,78 MB capacity,     1,69 MB ( 95%) used,    77,59 KB (  4%) free+waste,    13,50 KB ( <1%) overhead. 
       Both:     17,35 MB capacity,    17,02 MB ( 98%) used,   289,50 KB (  2%) free+waste,    43,31 KB ( <1%) overhead. 

Virtual space:
  Non-class space:       16,00 MB reserved,      15,75 MB ( 98%) committed 
      Class space:        1,00 GB reserved,       1,88 MB ( <1%) committed 
             Both:        1,02 GB reserved,      17,62 MB (  2%) committed 

Chunk freelists:
   Non-Class:  9,75 KB
       Class:  256 bytes
        Both:  10,00 KB

CodeHeap 'non-profiled nmethods': size=120032Kb used=505Kb max_used=505Kb free=119526Kb
 bounds [0x00007fa7285a6000, 0x00007fa728816000, 0x00007fa72fade000]
CodeHeap 'profiled nmethods': size=120028Kb used=2641Kb max_used=2641Kb free=117386Kb
 bounds [0x00007fa72106f000, 0x00007fa72130f000, 0x00007fa7285a6000]
CodeHeap 'non-nmethods': size=5700Kb used=1115Kb max_used=1131Kb free=4584Kb
 bounds [0x00007fa720ade000, 0x00007fa720d4e000, 0x00007fa72106f000]
 total_blobs=1949 nmethods=1505 adapters=356
 compilation: enabled
              stopped_count=0, restarted_count=0
 full_count=0

Compilation events (10 events):
Event: 1,479 Thread 0x00007fa73828d800 nmethod 1506 0x00007fa721302390 code [0x00007fa721302560, 0x00007fa721302880]
Event: 1,479 Thread 0x00007fa73828d800 1509       3       jdk.internal.org.objectweb.asm.ClassWriter::newMethodItem (91 bytes)
Event: 1,479 Thread 0x00007fa73828d800 nmethod 1509 0x00007fa721302990 code [0x00007fa721302bc0, 0x00007fa721303150]
Event: 1,521 Thread 0x00007fa73828b800 nmethod 1507 0x00007fa728622010 code [0x00007fa7286221c0, 0x00007fa728623278]
Event: 1,522 Thread 0x00007fa73828b800 1500       4       java.lang.String::indexOf (113 bytes)
Event: 1,524 Thread 0x00007fa73828b800 nmethod 1500 0x00007fa728623a10 code [0x00007fa728623ba0, 0x00007fa728623ef8]
Event: 1,524 Thread 0x00007fa73828b800 1511       4       java.nio.ByteBuffer::flip (7 bytes)
Event: 1,524 Thread 0x00007fa73828b800 nmethod 1511 0x00007fa728624110 code [0x00007fa7286242a0, 0x00007fa728624318]
Event: 1,524 Thread 0x00007fa73828b800 1512       4       java.nio.Buffer::flip (20 bytes)
Event: 1,524 Thread 0x00007fa73828b800 nmethod 1512 0x00007fa728624390 code [0x00007fa728624520, 0x00007fa728624598]

GC Heap History (2 events):
Event: 0,919 GC heap before
{Heap before GC invocations=0 (full 0):
 garbage-first heap   total 253952K, used 23551K [0x0000000708200000, 0x0000000800000000)
  region size 1024K, 24 young (24576K), 0 survivors (0K)
 Metaspace       used 10973K, capacity 11227K, committed 11648K, reserved 1060864K
  class space    used 1020K, capacity 1061K, committed 1152K, reserved 1048576K
}
Event: 0,935 GC heap after
{Heap after GC invocations=1 (full 0):
 garbage-first heap   total 253952K, used 4721K [0x0000000708200000, 0x0000000800000000)
  region size 1024K, 3 young (3072K), 3 survivors (3072K)
 Metaspace       used 10973K, capacity 11227K, committed 11648K, reserved 1060864K
  class space    used 1020K, capacity 1061K, committed 1152K, reserved 1048576K
}

Deoptimization events (10 events):
Event: 1,300 Thread 0x00007fa7389a4000 Uncommon trap: reason=unstable_if action=reinterpret pc=0x00007fa7285f4b18 method=java.util.jar.JarFile.checkForSpecialAttributes()V @ 53 c2
Event: 1,396 Thread 0x00007fa738024800 Uncommon trap: reason=class_check action=maybe_recompile pc=0x00007fa728610aac method=java.util.HashMap.putVal(ILjava/lang/Object;Ljava/lang/Object;ZZ)Ljava/lang/Object; @ 203 c2
Event: 1,396 Thread 0x00007fa738024800 Uncommon trap: reason=class_check action=maybe_recompile pc=0x00007fa728610788 method=java.util.HashMap.putVal(ILjava/lang/Object;Ljava/lang/Object;ZZ)Ljava/lang/Object; @ 253 c2
Event: 1,396 Thread 0x00007fa738024800 Uncommon trap: reason=class_check action=maybe_recompile pc=0x00007fa728610aac method=java.util.HashMap.putVal(ILjava/lang/Object;Ljava/lang/Object;ZZ)Ljava/lang/Object; @ 203 c2
Event: 1,440 Thread 0x00007fa738024800 Uncommon trap: reason=unstable_if action=reinterpret pc=0x00007fa7285b5a38 method=java.nio.Buffer.position(I)Ljava/nio/Buffer; @ 37 c2
Event: 1,442 Thread 0x00007fa738024800 Uncommon trap: reason=unstable_if action=reinterpret pc=0x00007fa7285b5738 method=java.nio.Buffer.position(I)Ljava/nio/Buffer; @ 37 c2
Event: 1,475 Thread 0x00007fa738024800 Uncommon trap: reason=class_check action=maybe_recompile pc=0x00007fa72860b2f0 method=java.util.concurrent.ConcurrentHashMap.putVal(Ljava/lang/Object;Ljava/lang/Object;Z)Ljava/lang/Object; @ 242 c2
Event: 1,476 Thread 0x00007fa738024800 Uncommon trap: reason=class_check action=maybe_recompile pc=0x00007fa72860b2f0 method=java.util.concurrent.ConcurrentHashMap.putVal(Ljava/lang/Object;Ljava/lang/Object;Z)Ljava/lang/Object; @ 242 c2
Event: 1,476 Thread 0x00007fa738024800 Uncommon trap: reason=class_check action=maybe_recompile pc=0x00007fa72860b2f0 method=java.util.concurrent.ConcurrentHashMap.putVal(Ljava/lang/Object;Ljava/lang/Object;Z)Ljava/lang/Object; @ 242 c2
Event: 1,476 Thread 0x00007fa7389ad800 Uncommon trap: reason=class_check action=maybe_recompile pc=0x00007fa72860b2f0 method=java.util.concurrent.ConcurrentHashMap.putVal(Ljava/lang/Object;Ljava/lang/Object;Z)Ljava/lang/Object; @ 242 c2

Classes redefined (0 events):
No events

Internal exceptions (10 events):
Event: 1,362 Thread 0x00007fa738024800 Exception <a 'sun/nio/fs/UnixException'{0x000000071696c448}> (0x000000071696c448) thrown at [./open/src/hotspot/share/prims/jni.cpp, line 611]
Event: 1,362 Thread 0x00007fa738024800 Exception <a 'sun/nio/fs/UnixException'{0x000000071696c928}> (0x000000071696c928) thrown at [./open/src/hotspot/share/prims/jni.cpp, line 611]
Event: 1,362 Thread 0x00007fa738024800 Exception <a 'sun/nio/fs/UnixException'{0x000000071696cd28}> (0x000000071696cd28) thrown at [./open/src/hotspot/share/prims/jni.cpp, line 611]
Event: 1,393 Thread 0x00007fa738024800 Exception <a 'java/lang/NoSuchMethodError'{0x0000000715e7a240}: java.lang.invoke.Invokers$Holder.invoke_MT(Ljava/lang/Object;Ljava/lang/Object;Ljava/lang/Object;)Ljava/lang/Object;> (0x0000000715e7a240) thrown at [./open/src/hotspot/share/interpreter/link
Event: 1,405 Thread 0x00007fa738024800 Exception <a 'java/lang/NoSuchMethodError'{0x0000000715d1a298}: java.lang.invoke.DirectMethodHandle$Holder.invokeInterface(Ljava/lang/Object;Ljava/lang/Object;Ljava/lang/Object;)Ljava/lang/Object;> (0x0000000715d1a298) thrown at [./open/src/hotspot/share/
Event: 1,471 Thread 0x00007fa738024800 Exception <a 'java/lang/NoSuchMethodError'{0x0000000715a95da0}: java.lang.invoke.DirectMethodHandle$Holder.invokeInterface(Ljava/lang/Object;Ljava/lang/Object;)V> (0x0000000715a95da0) thrown at [./open/src/hotspot/share/interpreter/linkResolver.cpp, line 
Event: 72,113 Thread 0x00007fa738a34800 Exception <a 'java/io/IOException'{0x0000000715900a38}> (0x0000000715900a38) thrown at [./open/src/hotspot/share/prims/jni.cpp, line 611]
Event: 72,113 Thread 0x00007fa738a34800 Exception <a 'java/io/IOException'{0x0000000715900d70}> (0x0000000715900d70) thrown at [./open/src/hotspot/share/prims/jni.cpp, line 611]
Event: 72,113 Thread 0x00007fa738a34800 Exception <a 'java/io/IOException'{0x0000000715901078}> (0x0000000715901078) thrown at [./open/src/hotspot/share/prims/jni.cpp, line 611]
Event: 72,113 Thread 0x00007fa738a34800 Exception <a 'java/io/IOException'{0x0000000715901380}> (0x0000000715901380) thrown at [./open/src/hotspot/share/prims/jni.cpp, line 611]

Events (10 events):
Event: 1,477 Executing VM operation: RevokeBias
Event: 1,478 Executing VM operation: RevokeBias done
Event: 1,478 loading class org/eclipse/jetty/util/log/Slf4jLog
Event: 1,478 loading class org/eclipse/jetty/util/log/Slf4jLog done
Event: 1,478 loading class org/eclipse/jetty/util/log/Slf4jLog
Event: 1,478 loading class org/eclipse/jetty/util/log/Slf4jLog done
Event: 1,479 Thread 0x00007fa738a34800 Thread added: 0x00007fa738a34800
Event: 72,113 Executing VM operation: RevokeBias
Event: 72,113 Executing VM operation: RevokeBias done
Event: 72,113 Thread 0x00007fa738a34800 Thread exited: 0x00007fa738a34800


Dynamic libraries:
708200000-717a00000 rw-p 00000000 00:00 0 
717a00000-800000000 ---p 00000000 00:00 0 
800000000-8001e0000 rw-p 00000000 00:00 0 
8001e0000-840000000 ---p 00000000 00:00 0 
5581d5d67000-5581d5d68000 r-xp 00000000 103:05 1056021                   /opt/jdk/jdk-11.0.11/bin/java
5581d5f68000-5581d5f69000 r--p 00001000 103:05 1056021                   /opt/jdk/jdk-11.0.11/bin/java
5581d5f69000-5581d5f6a000 rw-p 00002000 103:05 1056021                   /opt/jdk/jdk-11.0.11/bin/java
5581d64db000-5581d651d000 rw-p 00000000 00:00 0                          [heap]
7fa698000000-7fa698021000 rw-p 00000000 00:00 0 
7fa698021000-7fa69c000000 ---p 00000000 00:00 0 
7fa6a0000000-7fa6a0021000 rw-p 00000000 00:00 0 
7fa6a0021000-7fa6a4000000 ---p 00000000 00:00 0 
7fa6a4000000-7fa6a4021000 rw-p 00000000 00:00 0 
7fa6a4021000-7fa6a8000000 ---p 00000000 00:00 0 
7fa6a8000000-7fa6a8021000 rw-p 00000000 00:00 0 
7fa6a8021000-7fa6ac000000 ---p 00000000 00:00 0 
7fa6ac000000-7fa6ac021000 rw-p 00000000 00:00 0 
7fa6ac021000-7fa6b0000000 ---p 00000000 00:00 0 
7fa6b0000000-7fa6b0021000 rw-p 00000000 00:00 0 
7fa6b0021000-7fa6b4000000 ---p 00000000 00:00 0 
7fa6b4000000-7fa6b4021000 rw-p 00000000 00:00 0 
7fa6b4021000-7fa6b8000000 ---p 00000000 00:00 0 
7fa6b8000000-7fa6b8021000 rw-p 00000000 00:00 0 
7fa6b8021000-7fa6bc000000 ---p 00000000 00:00 0 
7fa6bc000000-7fa6bc021000 rw-p 00000000 00:00 0 
7fa6bc021000-7fa6c0000000 ---p 00000000 00:00 0 
7fa6c0000000-7fa6c0021000 rw-p 00000000 00:00 0 
7fa6c0021000-7fa6c4000000 ---p 00000000 00:00 0 
7fa6c4000000-7fa6c40c3000 rw-p 00000000 00:00 0 
7fa6c40c3000-7fa6c8000000 ---p 00000000 00:00 0 
7fa6c8000000-7fa6c8021000 rw-p 00000000 00:00 0 
7fa6c8021000-7fa6cc000000 ---p 00000000 00:00 0 
7fa6cc000000-7fa6cc021000 rw-p 00000000 00:00 0 
7fa6cc021000-7fa6d0000000 ---p 00000000 00:00 0 
7fa6d0000000-7fa6d0021000 rw-p 00000000 00:00 0 
7fa6d0021000-7fa6d4000000 ---p 00000000 00:00 0 
7fa6d4000000-7fa6d4021000 rw-p 00000000 00:00 0 
7fa6d4021000-7fa6d8000000 ---p 00000000 00:00 0 
7fa6d8000000-7fa6d8021000 rw-p 00000000 00:00 0 
7fa6d8021000-7fa6dc000000 ---p 00000000 00:00 0 
7fa6dc000000-7fa6dc021000 rw-p 00000000 00:00 0 
7fa6dc021000-7fa6e0000000 ---p 00000000 00:00 0 
7fa6e0000000-7fa6e04f8000 rw-p 00000000 00:00 0 
7fa6e04f8000-7fa6e4000000 ---p 00000000 00:00 0 
7fa6e4000000-7fa6e4021000 rw-p 00000000 00:00 0 
7fa6e4021000-7fa6e8000000 ---p 00000000 00:00 0 
7fa6e8000000-7fa6e8021000 rw-p 00000000 00:00 0 
7fa6e8021000-7fa6ec000000 ---p 00000000 00:00 0 
7fa6ec000000-7fa6ec7fe000 rw-p 00000000 00:00 0 
7fa6ec7fe000-7fa6f0000000 ---p 00000000 00:00 0 
7fa6f0000000-7fa6f0021000 rw-p 00000000 00:00 0 
7fa6f0021000-7fa6f4000000 ---p 00000000 00:00 0 
7fa6f4000000-7fa6f4021000 rw-p 00000000 00:00 0 
7fa6f4021000-7fa6f8000000 ---p 00000000 00:00 0 
7fa6f8000000-7fa6f8021000 rw-p 00000000 00:00 0 
7fa6f8021000-7fa6fc000000 ---p 00000000 00:00 0 
7fa6fc000000-7fa6fc021000 rw-p 00000000 00:00 0 
7fa6fc021000-7fa700000000 ---p 00000000 00:00 0 
7fa700000000-7fa700021000 rw-p 00000000 00:00 0 
7fa700021000-7fa704000000 ---p 00000000 00:00 0 
7fa704000000-7fa704021000 rw-p 00000000 00:00 0 
7fa704021000-7fa708000000 ---p 00000000 00:00 0 
7fa708339000-7fa7086e6000 rw-p 00000000 00:00 0 
7fa7086e6000-7fa7086ea000 ---p 00000000 00:00 0 
7fa7086ea000-7fa7087e7000 rw-p 00000000 00:00 0 
7fa7087e7000-7fa7087e9000 r-xp 00000000 103:05 1056420                   /opt/jdk/jdk-11.0.11/lib/libextnet.so
7fa7087e9000-7fa7089e8000 ---p 00002000 103:05 1056420                   /opt/jdk/jdk-11.0.11/lib/libextnet.so
7fa7089e8000-7fa7089e9000 r--p 00001000 103:05 1056420                   /opt/jdk/jdk-11.0.11/lib/libextnet.so
7fa7089e9000-7fa7089ea000 rw-p 00002000 103:05 1056420                   /opt/jdk/jdk-11.0.11/lib/libextnet.so
7fa7089ea000-7fa7089ee000 ---p 00000000 00:00 0 
7fa7089ee000-7fa708cab000 rw-p 00000000 00:00 0 
7fa708cab000-7fa708ceb000 ---p 00000000 00:00 0 
7fa708ceb000-7fa708cef000 ---p 00000000 00:00 0 
7fa708cef000-7fa708dec000 rw-p 00000000 00:00 0 
7fa708dec000-7fa708df0000 ---p 00000000 00:00 0 
7fa708df0000-7fa708eed000 rw-p 00000000 00:00 0 
7fa708eed000-7fa708ef1000 ---p 00000000 00:00 0 
7fa708ef1000-7fa708fee000 rw-p 00000000 00:00 0 
7fa708fee000-7fa708ff2000 ---p 00000000 00:00 0 
7fa708ff2000-7fa7090ef000 rw-p 00000000 00:00 0 
7fa7090ef000-7fa7090f3000 ---p 00000000 00:00 0 
7fa7090f3000-7fa7091f0000 rw-p 00000000 00:00 0 
7fa7091f0000-7fa7091f4000 ---p 00000000 00:00 0 
7fa7091f4000-7fa7092f1000 rw-p 00000000 00:00 0 
7fa7092f1000-7fa7092f5000 ---p 00000000 00:00 0 
7fa7092f5000-7fa7093f2000 rw-p 00000000 00:00 0 
7fa7093f2000-7fa7093f6000 ---p 00000000 00:00 0 
7fa7093f6000-7fa7096f3000 rw-p 00000000 00:00 0 
7fa7096f3000-7fa709733000 r-xp 00000000 103:05 1056447                   /opt/jdk/jdk-11.0.11/lib/libsunec.so
7fa709733000-7fa709932000 ---p 00040000 103:05 1056447                   /opt/jdk/jdk-11.0.11/lib/libsunec.so
7fa709932000-7fa709937000 r--p 0003f000 103:05 1056447                   /opt/jdk/jdk-11.0.11/lib/libsunec.so
7fa709937000-7fa709939000 rw-p 00044000 103:05 1056447                   /opt/jdk/jdk-11.0.11/lib/libsunec.so
7fa709939000-7fa70993a000 ---p 00000000 00:00 0 
7fa70993a000-7fa709a3b000 rw-p 00000000 00:00 0 
7fa709a3b000-7fa709a3c000 ---p 00000000 00:00 0 
7fa709a3c000-7fa709b3d000 rw-p 00000000 00:00 0 
7fa709b3d000-7fa709b3e000 ---p 00000000 00:00 0 
7fa709b3e000-7fa709c3f000 rw-p 00000000 00:00 0 
7fa709c3f000-7fa709c40000 ---p 00000000 00:00 0 
7fa709c40000-7fa709f41000 rw-p 00000000 00:00 0 
7fa709f41000-7fa70a141000 rw-p 00000000 00:00 0 
7fa70a141000-7fa70a146000 r-xp 00000000 103:05 1056438                   /opt/jdk/jdk-11.0.11/lib/libmanagement_ext.so
7fa70a146000-7fa70a346000 ---p 00005000 103:05 1056438                   /opt/jdk/jdk-11.0.11/lib/libmanagement_ext.so
7fa70a346000-7fa70a347000 r--p 00005000 103:05 1056438                   /opt/jdk/jdk-11.0.11/lib/libmanagement_ext.so
7fa70a347000-7fa70a348000 rw-p 00006000 103:05 1056438                   /opt/jdk/jdk-11.0.11/lib/libmanagement_ext.so
7fa70a348000-7fa70a34c000 r-xp 00000000 103:05 1056436                   /opt/jdk/jdk-11.0.11/lib/libmanagement.so
7fa70a34c000-7fa70a54c000 ---p 00004000 103:05 1056436                   /opt/jdk/jdk-11.0.11/lib/libmanagement.so
7fa70a54c000-7fa70a54d000 r--p 00004000 103:05 1056436                   /opt/jdk/jdk-11.0.11/lib/libmanagement.so
7fa70a54d000-7fa70a54e000 rw-p 00005000 103:05 1056436                   /opt/jdk/jdk-11.0.11/lib/libmanagement.so
7fa70a54e000-7fa70a565000 r-xp 00000000 103:05 1056440                   /opt/jdk/jdk-11.0.11/lib/libnet.so
7fa70a565000-7fa70a764000 ---p 00017000 103:05 1056440                   /opt/jdk/jdk-11.0.11/lib/libnet.so
7fa70a764000-7fa70a765000 r--p 00016000 103:05 1056440                   /opt/jdk/jdk-11.0.11/lib/libnet.so
7fa70a765000-7fa70a766000 rw-p 00017000 103:05 1056440                   /opt/jdk/jdk-11.0.11/lib/libnet.so
7fa70a766000-7fa70a776000 r-xp 00000000 103:05 1056441                   /opt/jdk/jdk-11.0.11/lib/libnio.so
7fa70a776000-7fa70a976000 ---p 00010000 103:05 1056441                   /opt/jdk/jdk-11.0.11/lib/libnio.so
7fa70a976000-7fa70a977000 r--p 00010000 103:05 1056441                   /opt/jdk/jdk-11.0.11/lib/libnio.so
7fa70a977000-7fa70a978000 rw-p 00011000 103:05 1056441                   /opt/jdk/jdk-11.0.11/lib/libnio.so
7fa70a978000-7fa70a97c000 ---p 00000000 00:00 0 
7fa70a97c000-7fa70aa79000 rw-p 00000000 00:00 0 
7fa70aa79000-7fa70aa7a000 ---p 00000000 00:00 0 
7fa70aa7a000-7fa70ab7b000 rw-p 00000000 00:00 0 
7fa70ab7b000-7fa70ab7f000 ---p 00000000 00:00 0 
7fa70ab7f000-7fa70ac7c000 rw-p 00000000 00:00 0 
7fa70ac7c000-7fa70ac80000 ---p 00000000 00:00 0 
7fa70ac80000-7fa70ad7d000 rw-p 00000000 00:00 0 
7fa70ad7d000-7fa70ad81000 ---p 00000000 00:00 0 
7fa70ad81000-7fa70ae7e000 rw-p 00000000 00:00 0 
7fa70ae7e000-7fa70ae82000 ---p 00000000 00:00 0 
7fa70ae82000-7fa70af7f000 rw-p 00000000 00:00 0 
7fa70af7f000-7fa70af83000 ---p 00000000 00:00 0 
7fa70af83000-7fa70b080000 rw-p 00000000 00:00 0 
7fa70b080000-7fa70b2f8000 r--p 00000000 103:05 2195620                   /usr/lib/locale/aa_DJ.utf8/LC_COLLATE
7fa70b2f8000-7fa70b2fc000 ---p 00000000 00:00 0 
7fa70b2fc000-7fa70b3f9000 rw-p 00000000 00:00 0 
7fa70b3f9000-7fa70b3fd000 ---p 00000000 00:00 0 
7fa70b3fd000-7fa70b4fa000 rw-p 00000000 00:00 0 
7fa70b4fa000-7fa70b4fb000 ---p 00000000 00:00 0 
7fa70b4fb000-7fa70bdfc000 rw-p 00000000 00:00 0 
7fa70bdfc000-7fa70bdfd000 ---p 00000000 00:00 0 
7fa70bdfd000-7fa70befe000 rw-p 00000000 00:00 0 
7fa70befe000-7fa70beff000 ---p 00000000 00:00 0 
7fa70beff000-7fa70c000000 rw-p 00000000 00:00 0 
7fa70c000000-7fa70c021000 rw-p 00000000 00:00 0 
7fa70c021000-7fa710000000 ---p 00000000 00:00 0 
7fa7100c6000-7fa7128ce000 rw-p 00000000 00:00 0 
7fa7128ce000-7fa7128cf000 ---p 00000000 00:00 0 
7fa7128cf000-7fa7129d0000 rw-p 00000000 00:00 0 
7fa7129d0000-7fa7129d1000 ---p 00000000 00:00 0 
7fa7129d1000-7fa712fb2000 rw-p 00000000 00:00 0 
7fa712fb2000-7fa7169ca000 ---p 00000000 00:00 0 
7fa7169ca000-7fa716daa000 rw-p 00000000 00:00 0 
7fa716daa000-7fa71a7c2000 ---p 00000000 00:00 0 
7fa71a7c2000-7fa71a83e000 rw-p 00000000 00:00 0 
7fa71a83e000-7fa71af81000 ---p 00000000 00:00 0 
7fa71af81000-7fa71affd000 rw-p 00000000 00:00 0 
7fa71affd000-7fa71b740000 ---p 00000000 00:00 0 
7fa71b740000-7fa71b7bc000 rw-p 00000000 00:00 0 
7fa71b7bc000-7fa71beff000 ---p 00000000 00:00 0 
7fa71beff000-7fa71c000000 rw-p 00000000 00:00 0 
7fa71c000000-7fa71c021000 rw-p 00000000 00:00 0 
7fa71c021000-7fa720000000 ---p 00000000 00:00 0 
7fa72002a000-7fa72007e000 r--p 00000000 103:05 2195621                   /usr/lib/locale/aa_DJ.utf8/LC_CTYPE
7fa72007e000-7fa720806000 rw-p 00000000 00:00 0 
7fa720806000-7fa720807000 ---p 00000000 00:00 0 
7fa720807000-7fa72090d000 rw-p 00000000 00:00 0 
7fa72090d000-7fa7209f3000 ---p 00000000 00:00 0 
7fa7209f3000-7fa7209f9000 rw-p 00000000 00:00 0 
7fa7209f9000-7fa720ade000 ---p 00000000 00:00 0 
7fa720ade000-7fa720d4e000 rwxp 00000000 00:00 0 
7fa720d4e000-7fa72106f000 ---p 00000000 00:00 0 
7fa72106f000-7fa72130f000 rwxp 00000000 00:00 0 
7fa72130f000-7fa7285a6000 ---p 00000000 00:00 0 
7fa7285a6000-7fa728816000 rwxp 00000000 00:00 0 
7fa728816000-7fa72fade000 ---p 00000000 00:00 0 
7fa72fade000-7fa738000000 r--s 00000000 103:05 1056451                   /opt/jdk/jdk-11.0.11/lib/modules
7fa738000000-7fa738a86000 rw-p 00000000 00:00 0 
7fa738a86000-7fa73c000000 ---p 00000000 00:00 0 
7fa73c018000-7fa73c019000 r--p 00000000 103:05 2195666                   /usr/lib/locale/agr_PE/LC_NUMERIC
7fa73c019000-7fa73c01a000 r--p 00000000 103:05 2197095                   /usr/lib/locale/it_IT.utf8/LC_TIME
7fa73c01a000-7fa73c01b000 r--p 00000000 103:05 2196281                   /usr/lib/locale/de_IT.utf8/LC_MONETARY
7fa73c01b000-7fa73c076000 rw-p 00000000 00:00 0 
7fa73c076000-7fa73c07d000 r-xp 00000000 103:05 1056450                   /opt/jdk/jdk-11.0.11/lib/libzip.so
7fa73c07d000-7fa73c27c000 ---p 00007000 103:05 1056450                   /opt/jdk/jdk-11.0.11/lib/libzip.so
7fa73c27c000-7fa73c27d000 r--p 00006000 103:05 1056450                   /opt/jdk/jdk-11.0.11/lib/libzip.so
7fa73c27d000-7fa73c27e000 rw-p 00007000 103:05 1056450                   /opt/jdk/jdk-11.0.11/lib/libzip.so
7fa73c27e000-7fa73c281000 r--p 00000000 103:05 299229                    /lib/x86_64-linux-gnu/libnss_files-2.31.so
7fa73c281000-7fa73c288000 r-xp 00003000 103:05 299229                    /lib/x86_64-linux-gnu/libnss_files-2.31.so
7fa73c288000-7fa73c28a000 r--p 0000a000 103:05 299229                    /lib/x86_64-linux-gnu/libnss_files-2.31.so
7fa73c28a000-7fa73c28b000 r--p 0000b000 103:05 299229                    /lib/x86_64-linux-gnu/libnss_files-2.31.so
7fa73c28b000-7fa73c28c000 rw-p 0000c000 103:05 299229                    /lib/x86_64-linux-gnu/libnss_files-2.31.so
7fa73c28c000-7fa73c292000 rw-p 00000000 00:00 0 
7fa73c292000-7fa73c297000 r--p 00000000 103:05 270705                    /lib/x86_64-linux-gnu/libnsl-2.31.so
7fa73c297000-7fa73c2a7000 r-xp 00005000 103:05 270705                    /lib/x86_64-linux-gnu/libnsl-2.31.so
7fa73c2a7000-7fa73c2ab000 r--p 00015000 103:05 270705                    /lib/x86_64-linux-gnu/libnsl-2.31.so
7fa73c2ab000-7fa73c2ac000 r--p 00018000 103:05 270705                    /lib/x86_64-linux-gnu/libnsl-2.31.so
7fa73c2ac000-7fa73c2ad000 rw-p 00019000 103:05 270705                    /lib/x86_64-linux-gnu/libnsl-2.31.so
7fa73c2ad000-7fa73c2af000 rw-p 00000000 00:00 0 
7fa73c2af000-7fa73c2b0000 r--p 00000000 103:05 2196347                   /usr/lib/locale/en_AG/LC_MESSAGES/SYS_LC_MESSAGES
7fa73c2b0000-7fa73c2b1000 r--p 00000000 103:05 2195628                   /usr/lib/locale/aa_DJ.utf8/LC_PAPER
7fa73c2b1000-7fa73c2b2000 r--p 00000000 103:05 2195665                   /usr/lib/locale/agr_PE/LC_NAME
7fa73c2b2000-7fa73c2b3000 r--p 00000000 103:05 2197092                   /usr/lib/locale/it_IT.utf8/LC_ADDRESS
7fa73c2b3000-7fa73c2ba000 r--s 00000000 103:05 2263231                   /usr/lib/x86_64-linux-gnu/gconv/gconv-modules.cache
7fa73c2ba000-7fa73c2bf000 rw-p 00000000 00:00 0 
7fa73c2bf000-7fa73c2c6000 ---p 00000000 00:00 0 
7fa73c2c6000-7fa73c2ce000 rw-s 00000000 103:05 1968229                   /tmp/hsperfdata_arsene/79406
7fa73c2ce000-7fa73c2e9000 r-xp 00000000 103:05 1056432                   /opt/jdk/jdk-11.0.11/lib/libjimage.so
7fa73c2e9000-7fa73c4e8000 ---p 0001b000 103:05 1056432                   /opt/jdk/jdk-11.0.11/lib/libjimage.so
7fa73c4e8000-7fa73c4ea000 r--p 0001a000 103:05 1056432                   /opt/jdk/jdk-11.0.11/lib/libjimage.so
7fa73c4ea000-7fa73c4eb000 rw-p 0001c000 103:05 1056432                   /opt/jdk/jdk-11.0.11/lib/libjimage.so
7fa73c4eb000-7fa73c515000 r-xp 00000000 103:05 1056428                   /opt/jdk/jdk-11.0.11/lib/libjava.so
7fa73c515000-7fa73c714000 ---p 0002a000 103:05 1056428                   /opt/jdk/jdk-11.0.11/lib/libjava.so
7fa73c714000-7fa73c715000 r--p 00029000 103:05 1056428                   /opt/jdk/jdk-11.0.11/lib/libjava.so
7fa73c715000-7fa73c716000 rw-p 0002a000 103:05 1056428                   /opt/jdk/jdk-11.0.11/lib/libjava.so
7fa73c716000-7fa73c717000 rw-p 00000000 00:00 0 
7fa73c717000-7fa73c724000 r-xp 00000000 103:05 1056449                   /opt/jdk/jdk-11.0.11/lib/libverify.so
7fa73c724000-7fa73c923000 ---p 0000d000 103:05 1056449                   /opt/jdk/jdk-11.0.11/lib/libverify.so
7fa73c923000-7fa73c925000 r--p 0000c000 103:05 1056449                   /opt/jdk/jdk-11.0.11/lib/libverify.so
7fa73c925000-7fa73c926000 rw-p 0000e000 103:05 1056449                   /opt/jdk/jdk-11.0.11/lib/libverify.so
7fa73c926000-7fa73c929000 r--p 00000000 103:05 299236                    /lib/x86_64-linux-gnu/librt-2.31.so
7fa73c929000-7fa73c92d000 r-xp 00003000 103:05 299236                    /lib/x86_64-linux-gnu/librt-2.31.so
7fa73c92d000-7fa73c92e000 r--p 00007000 103:05 299236                    /lib/x86_64-linux-gnu/librt-2.31.so
7fa73c92e000-7fa73c92f000 ---p 00008000 103:05 299236                    /lib/x86_64-linux-gnu/librt-2.31.so
7fa73c92f000-7fa73c930000 r--p 00008000 103:05 299236                    /lib/x86_64-linux-gnu/librt-2.31.so
7fa73c930000-7fa73c931000 rw-p 00009000 103:05 299236                    /lib/x86_64-linux-gnu/librt-2.31.so
7fa73c931000-7fa73c935000 ---p 00000000 00:00 0 
7fa73c935000-7fa73ca32000 rw-p 00000000 00:00 0 
7fa73ca32000-7fa73ca41000 r--p 00000000 103:05 270630                    /lib/x86_64-linux-gnu/libm-2.31.so
7fa73ca41000-7fa73cae8000 r-xp 0000f000 103:05 270630                    /lib/x86_64-linux-gnu/libm-2.31.so
7fa73cae8000-7fa73cb7f000 r--p 000b6000 103:05 270630                    /lib/x86_64-linux-gnu/libm-2.31.so
7fa73cb7f000-7fa73cb80000 r--p 0014c000 103:05 270630                    /lib/x86_64-linux-gnu/libm-2.31.so
7fa73cb80000-7fa73cb81000 rw-p 0014d000 103:05 270630                    /lib/x86_64-linux-gnu/libm-2.31.so
7fa73cb81000-7fa73dd37000 r-xp 00000000 103:05 1056462                   /opt/jdk/jdk-11.0.11/lib/server/libjvm.so
7fa73dd37000-7fa73df37000 ---p 011b6000 103:05 1056462                   /opt/jdk/jdk-11.0.11/lib/server/libjvm.so
7fa73df37000-7fa73dff6000 r--p 011b6000 103:05 1056462                   /opt/jdk/jdk-11.0.11/lib/server/libjvm.so
7fa73dff6000-7fa73e030000 rw-p 01275000 103:05 1056462                   /opt/jdk/jdk-11.0.11/lib/server/libjvm.so
7fa73e030000-7fa73e089000 rw-p 00000000 00:00 0 
7fa73e089000-7fa73e0ae000 r--p 00000000 103:05 270628                    /lib/x86_64-linux-gnu/libc-2.31.so
7fa73e0ae000-7fa73e226000 r-xp 00025000 103:05 270628                    /lib/x86_64-linux-gnu/libc-2.31.so
7fa73e226000-7fa73e270000 r--p 0019d000 103:05 270628                    /lib/x86_64-linux-gnu/libc-2.31.so
7fa73e270000-7fa73e271000 ---p 001e7000 103:05 270628                    /lib/x86_64-linux-gnu/libc-2.31.so
7fa73e271000-7fa73e274000 r--p 001e7000 103:05 270628                    /lib/x86_64-linux-gnu/libc-2.31.so
7fa73e274000-7fa73e277000 rw-p 001ea000 103:05 270628                    /lib/x86_64-linux-gnu/libc-2.31.so
7fa73e277000-7fa73e27b000 rw-p 00000000 00:00 0 
7fa73e27b000-7fa73e27c000 r--p 00000000 103:05 270629                    /lib/x86_64-linux-gnu/libdl-2.31.so
7fa73e27c000-7fa73e27e000 r-xp 00001000 103:05 270629                    /lib/x86_64-linux-gnu/libdl-2.31.so
7fa73e27e000-7fa73e27f000 r--p 00003000 103:05 270629                    /lib/x86_64-linux-gnu/libdl-2.31.so
7fa73e27f000-7fa73e280000 r--p 00003000 103:05 270629                    /lib/x86_64-linux-gnu/libdl-2.31.so
7fa73e280000-7fa73e281000 rw-p 00004000 103:05 270629                    /lib/x86_64-linux-gnu/libdl-2.31.so
7fa73e281000-7fa73e291000 r-xp 00000000 103:05 1056411                   /opt/jdk/jdk-11.0.11/lib/jli/libjli.so
7fa73e291000-7fa73e490000 ---p 00010000 103:05 1056411                   /opt/jdk/jdk-11.0.11/lib/jli/libjli.so
7fa73e490000-7fa73e491000 r--p 0000f000 103:05 1056411                   /opt/jdk/jdk-11.0.11/lib/jli/libjli.so
7fa73e491000-7fa73e492000 rw-p 00010000 103:05 1056411                   /opt/jdk/jdk-11.0.11/lib/jli/libjli.so
7fa73e492000-7fa73e499000 r--p 00000000 103:05 299234                    /lib/x86_64-linux-gnu/libpthread-2.31.so
7fa73e499000-7fa73e4aa000 r-xp 00007000 103:05 299234                    /lib/x86_64-linux-gnu/libpthread-2.31.so
7fa73e4aa000-7fa73e4af000 r--p 00018000 103:05 299234                    /lib/x86_64-linux-gnu/libpthread-2.31.so
7fa73e4af000-7fa73e4b0000 r--p 0001c000 103:05 299234                    /lib/x86_64-linux-gnu/libpthread-2.31.so
7fa73e4b0000-7fa73e4b1000 rw-p 0001d000 103:05 299234                    /lib/x86_64-linux-gnu/libpthread-2.31.so
7fa73e4b1000-7fa73e4b5000 rw-p 00000000 00:00 0 
7fa73e4b5000-7fa73e4b7000 r--p 00000000 103:05 261677                    /lib/x86_64-linux-gnu/libz.so.1.2.11
7fa73e4b7000-7fa73e4c8000 r-xp 00002000 103:05 261677                    /lib/x86_64-linux-gnu/libz.so.1.2.11
7fa73e4c8000-7fa73e4ce000 r--p 00013000 103:05 261677                    /lib/x86_64-linux-gnu/libz.so.1.2.11
7fa73e4ce000-7fa73e4cf000 ---p 00019000 103:05 261677                    /lib/x86_64-linux-gnu/libz.so.1.2.11
7fa73e4cf000-7fa73e4d0000 r--p 00019000 103:05 261677                    /lib/x86_64-linux-gnu/libz.so.1.2.11
7fa73e4d0000-7fa73e4d1000 rw-p 0001a000 103:05 261677                    /lib/x86_64-linux-gnu/libz.so.1.2.11
7fa73e4d1000-7fa73e4d3000 rw-p 00000000 00:00 0 
7fa73e4d3000-7fa73e4d4000 r--p 00000000 103:05 2196106                   /usr/lib/locale/ca_IT.utf8/LC_TELEPHONE
7fa73e4d4000-7fa73e4d5000 r--p 00000000 103:05 2195623                   /usr/lib/locale/aa_DJ.utf8/LC_MEASUREMENT
7fa73e4d5000-7fa73e4d8000 r--p 00000000 103:05 299231                    /lib/x86_64-linux-gnu/libnss_nis-2.31.so
7fa73e4d8000-7fa73e4e0000 r-xp 00003000 103:05 299231                    /lib/x86_64-linux-gnu/libnss_nis-2.31.so
7fa73e4e0000-7fa73e4e2000 r--p 0000b000 103:05 299231                    /lib/x86_64-linux-gnu/libnss_nis-2.31.so
7fa73e4e2000-7fa73e4e3000 r--p 0000c000 103:05 299231                    /lib/x86_64-linux-gnu/libnss_nis-2.31.so
7fa73e4e3000-7fa73e4e4000 rw-p 0000d000 103:05 299231                    /lib/x86_64-linux-gnu/libnss_nis-2.31.so
7fa73e4e4000-7fa73e4e6000 r--p 00000000 103:05 299226                    /lib/x86_64-linux-gnu/libnss_compat-2.31.so
7fa73e4e6000-7fa73e4ed000 r-xp 00002000 103:05 299226                    /lib/x86_64-linux-gnu/libnss_compat-2.31.so
7fa73e4ed000-7fa73e4ee000 r--p 00009000 103:05 299226                    /lib/x86_64-linux-gnu/libnss_compat-2.31.so
7fa73e4ee000-7fa73e4ef000 r--p 00009000 103:05 299226                    /lib/x86_64-linux-gnu/libnss_compat-2.31.so
7fa73e4ef000-7fa73e4f0000 rw-p 0000a000 103:05 299226                    /lib/x86_64-linux-gnu/libnss_compat-2.31.so
7fa73e4f0000-7fa73e4f1000 ---p 00000000 00:00 0 
7fa73e4f1000-7fa73e4f2000 r--p 00000000 00:00 0 
7fa73e4f2000-7fa73e4f3000 r--p 00000000 103:05 267124                    /lib/x86_64-linux-gnu/ld-2.31.so
7fa73e4f3000-7fa73e516000 r-xp 00001000 103:05 267124                    /lib/x86_64-linux-gnu/ld-2.31.so
7fa73e516000-7fa73e51e000 r--p 00024000 103:05 267124                    /lib/x86_64-linux-gnu/ld-2.31.so
7fa73e51e000-7fa73e51f000 r--p 00000000 103:05 2197093                   /usr/lib/locale/it_IT.utf8/LC_IDENTIFICATION
7fa73e51f000-7fa73e520000 r--p 0002c000 103:05 267124                    /lib/x86_64-linux-gnu/ld-2.31.so
7fa73e520000-7fa73e521000 rw-p 0002d000 103:05 267124                    /lib/x86_64-linux-gnu/ld-2.31.so
7fa73e521000-7fa73e522000 rw-p 00000000 00:00 0 
7ffd277bd000-7ffd277e0000 rw-p 00000000 00:00 0                          [stack]
7ffd277f4000-7ffd277f7000 r--p 00000000 00:00 0                          [vvar]
7ffd277f7000-7ffd277f8000 r-xp 00000000 00:00 0                          [vdso]
ffffffffff600000-ffffffffff601000 --xp 00000000 00:00 0                  [vsyscall]


VM Arguments:
java_command: /home/arsene/IdeaProjects/model-services/workflow-dsl/dsl_backend/language_server/language_server.jar
java_class_path (initial): /home/arsene/IdeaProjects/model-services/workflow-dsl/dsl_backend/language_server/language_server.jar
Launcher Type: SUN_STANDARD

[Global flags]
     intx CICompilerCount                          = 4                                         {product} {ergonomic}
     uint ConcGCThreads                            = 2                                         {product} {ergonomic}
     uint G1ConcRefinementThreads                  = 8                                         {product} {ergonomic}
   size_t G1HeapRegionSize                         = 1048576                                   {product} {ergonomic}
    uintx GCDrainStackTargetSize                   = 64                                        {product} {ergonomic}
   size_t InitialHeapSize                          = 260046848                                 {product} {ergonomic}
   size_t MarkStackSize                            = 4194304                                   {product} {ergonomic}
   size_t MaxHeapSize                              = 4158652416                                {product} {ergonomic}
   size_t MaxNewSize                               = 2494562304                                {product} {ergonomic}
   size_t MinHeapDeltaBytes                        = 1048576                                   {product} {ergonomic}
    uintx NonNMethodCodeHeapSize                   = 5836300                                {pd product} {ergonomic}
    uintx NonProfiledCodeHeapSize                  = 122910970                              {pd product} {ergonomic}
    uintx ProfiledCodeHeapSize                     = 122910970                              {pd product} {ergonomic}
    uintx ReservedCodeCacheSize                    = 251658240                              {pd product} {ergonomic}
     bool SegmentedCodeCache                       = true                                      {product} {ergonomic}
     bool UseCompressedClassPointers               = true                                 {lp64_product} {ergonomic}
     bool UseCompressedOops                        = true                                 {lp64_product} {ergonomic}
     bool UseG1GC                                  = true                                      {product} {ergonomic}

Logging:
Log output configuration:
 #0: stdout all=warning uptime,level,tags
 #1: stderr all=off uptime,level,tags

Environment Variables:
JAVA_HOME=/opt/jdk/jdk-11.0.11
PATH=/usr/local/lib/node_modules/npm/node_modules/npm-lifecycle/node-gyp-bin:/home/arsene/IdeaProjects/model-services/workflow-dsl/dsl_backend/node_modules/.bin:/usr/bin/node:/opt/kind:/home/arsene/cmd:/usr/bin/node:/opt/kind:/home/arsene/cmd:/home/arsene/anaconda3/condabin:/home/arsene/opt/flutter/bin:/opt/jdk/jdk-11.0.11/bin:/home/arsene/.local/bin:/usr/local/sbin:/usr/local/bin:/usr/sbin:/usr/bin:/sbin:/bin:/usr/games:/usr/local/games:/usr/lib/jvm/jdk-11.0.6/bin:/snap/bin:/home/arsene/.dotnet/tools:/usr/lib/jvm/jdk-11.0.10/bin:/usr/lib/jvm/java-11-oracle/bin:/usr/lib/jvm/java-11-oracle/db/bin
SHELL=/bin/bash
DISPLAY=:0

Signal Handlers:
SIGSEGV: [libjvm.so+0xea2e10], sa_mask[0]=11111111011111111101111111111110, sa_flags=SA_RESTART|SA_SIGINFO
SIGBUS: [libjvm.so+0xea2e10], sa_mask[0]=11111111011111111101111111111110, sa_flags=SA_RESTART|SA_SIGINFO
SIGFPE: [libjvm.so+0xea2e10], sa_mask[0]=11111111011111111101111111111110, sa_flags=SA_RESTART|SA_SIGINFO
SIGPIPE: [libjvm.so+0xc720d0], sa_mask[0]=11111111011111111101111111111110, sa_flags=SA_RESTART|SA_SIGINFO
SIGXFSZ: [libjvm.so+0xc720d0], sa_mask[0]=11111111011111111101111111111110, sa_flags=SA_RESTART|SA_SIGINFO
SIGILL: [libjvm.so+0xea2e10], sa_mask[0]=11111111011111111101111111111110, sa_flags=SA_RESTART|SA_SIGINFO
SIGUSR2: [libjvm.so+0xc71f70], sa_mask[0]=00000000000000000000000000000000, sa_flags=SA_RESTART|SA_SIGINFO
SIGHUP: [libjvm.so+0xc722d0], sa_mask[0]=11111111011111111101111111111110, sa_flags=SA_RESTART|SA_SIGINFO
SIGINT: [libjvm.so+0xc722d0], sa_mask[0]=11111111011111111101111111111110, sa_flags=SA_RESTART|SA_SIGINFO
SIGTERM: [libjvm.so+0xc722d0], sa_mask[0]=11111111011111111101111111111110, sa_flags=SA_RESTART|SA_SIGINFO
SIGQUIT: [libjvm.so+0xc722d0], sa_mask[0]=11111111011111111101111111111110, sa_flags=SA_RESTART|SA_SIGINFO


---------------  S Y S T E M  ---------------

OS:DISTRIB_ID=Ubuntu
DISTRIB_RELEASE=20.04
DISTRIB_CODENAME=focal
DISTRIB_DESCRIPTION="Ubuntu 20.04.2 LTS"
uname:Linux 5.4.0-74-generic #83-Ubuntu SMP Sat May 8 02:35:39 UTC 2021 x86_64
libc:glibc 2.31 NPTL 2.31 
rlimit: STACK 8192k, CORE 0k, NPROC 63203, NOFILE 1048576, AS infinity, DATA infinity, FSIZE infinity
load average:2,81 2,71 2,30

/proc/meminfo:
MemTotal:       16238796 kB
MemFree:          338832 kB
MemAvailable:    1475164 kB
Buffers:          106248 kB
Cached:          1899408 kB
SwapCached:        68960 kB
Active:         12609504 kB
Inactive:        2133768 kB
Active(anon):   12034800 kB
Inactive(anon):  1675664 kB
Active(file):     574704 kB
Inactive(file):   458104 kB
Unevictable:       21396 kB
Mlocked:             256 kB
SwapTotal:       7812092 kB
SwapFree:        4226812 kB
Dirty:               428 kB
Writeback:             0 kB
AnonPages:      12745028 kB
Mapped:           973440 kB
Shmem:           1004776 kB
KReclaimable:     443620 kB
Slab:             812736 kB
SReclaimable:     443620 kB
SUnreclaim:       369116 kB
KernelStack:       53508 kB
PageTables:       146388 kB
NFS_Unstable:          0 kB
Bounce:                0 kB
WritebackTmp:          0 kB
CommitLimit:    15931488 kB
Committed_AS:   39400852 kB
VmallocTotal:   34359738367 kB
VmallocUsed:       81032 kB
VmallocChunk:          0 kB
Percpu:            12064 kB
HardwareCorrupted:     0 kB
AnonHugePages:     14336 kB
ShmemHugePages:        0 kB
ShmemPmdMapped:        0 kB
FileHugePages:         0 kB
FilePmdMapped:         0 kB
CmaTotal:              0 kB
CmaFree:               0 kB
HugePages_Total:       0
HugePages_Free:        0
HugePages_Rsvd:        0
HugePages_Surp:        0
Hugepagesize:       2048 kB
Hugetlb:               0 kB
DirectMap4k:      712296 kB
DirectMap2M:    15904768 kB
DirectMap1G:     1048576 kB


/proc/sys/kernel/threads-max (system-wide limit on the number of threads):
126406


/proc/sys/vm/max_map_count (maximum number of memory map areas a process may have):
65530


/proc/sys/kernel/pid_max (system-wide limit on number of process identifiers):
4194304



container (cgroup) information:
container_type: cgroupv1
cpu_cpuset_cpus: 0-7
cpu_memory_nodes: 0
active_processor_count: 8
cpu_quota: -1
cpu_period: 100000
cpu_shares: -1
memory_limit_in_bytes: -1
memory_and_swap_limit_in_bytes: -2
memory_soft_limit_in_bytes: -1
memory_usage_in_bytes: 14318751744
memory_max_usage_in_bytes: 14516637696


CPU:total 8 (initial active 8) (4 cores per cpu, 2 threads per core) family 6 model 142 stepping 10 microcode 0xea, cmov, cx8, fxsr, mmx, sse, sse2, sse3, ssse3, sse4.1, sse4.2, popcnt, avx, avx2, aes, clmul, erms, 3dnowpref, lzcnt, ht, tsc, tscinvbit, bmi1, bmi2, adx, fma
CPU Model and flags from /proc/cpuinfo:
model name	: Intel(R) Core(TM) i5-8250U CPU @ 1.60GHz
flags		: fpu vme de pse tsc msr pae mce cx8 apic sep mtrr pge mca cmov pat pse36 clflush dts acpi mmx fxsr sse sse2 ss ht tm pbe syscall nx pdpe1gb rdtscp lm constant_tsc art arch_perfmon pebs bts rep_good nopl xtopology nonstop_tsc cpuid aperfmperf pni pclmulqdq dtes64 monitor ds_cpl vmx est tm2 ssse3 sdbg fma cx16 xtpr pdcm pcid sse4_1 sse4_2 x2apic movbe popcnt tsc_deadline_timer aes xsave avx f16c rdrand lahf_lm abm 3dnowprefetch cpuid_fault epb invpcid_single pti ssbd ibrs ibpb stibp tpr_shadow vnmi flexpriority ept vpid ept_ad fsgsbase tsc_adjust bmi1 avx2 smep bmi2 erms invpcid mpx rdseed adx smap clflushopt intel_pt xsaveopt xsavec xgetbv1 xsaves dtherm ida arat pln pts hwp hwp_notify hwp_act_window hwp_epp md_clear flush_l1d

Memory: 4k page, physical 16238796k(337368k free), swap 7812092k(4226812k free)

vm_info: Java HotSpot(TM) 64-Bit Server VM (11.0.11+9-LTS-194) for linux-amd64 JRE (11.0.11+9-LTS-194), built on Mar 18 2021 17:46:40 by "mach5one" with gcc 7.3.0

END.
