#
# A fatal error has been detected by the Java Runtime Environment:
#
#  SIGSEGV (0xb) at pc=0x00007f7b7ecaefa0, pid=39770, tid=39770
#
# JRE version: Java(TM) SE Runtime Environment 18.9 (11.0.11+9) (build 11.0.11+9-LTS-194)
# Java VM: Java HotSpot(TM) 64-Bit Server VM 18.9 (11.0.11+9-LTS-194, mixed mode, tiered, compressed oops, g1 gc, linux-amd64)
# Problematic frame:
# V  [libjvm.so+0xc71fa0]  SR_handler(int, siginfo*, ucontext*)+0x30
#
# Core dump will be written. Default location: Core dumps may be processed with "/usr/share/apport/apport %p %s %c %d %P %E" (or dumping to /home/arsene/IdeaProjects/model-services/workflow-dsl/dsl_backend/language_server/core.39770)
#
# If you would like to submit a bug report, please visit:
#   https://bugreport.java.com/bugreport/crash.jsp
#

---------------  S U M M A R Y ------------

Command Line: /home/arsene/IdeaProjects/model-services/workflow-dsl/dsl_backend/language_server/language_server.jar

Host: Intel(R) Core(TM) i5-8250U CPU @ 1.60GHz, 8 cores, 15G, Ubuntu 20.04.2 LTS
Time: Sat Jun 19 12:32:35 2021 CEST elapsed time: 0.084336 seconds (0d 0h 0m 0s)

---------------  T H R E A D  ---------------

Current thread is native thread

Stack: [0x00007ffcca482000,0x00007ffccac7f000],  sp=0x00007ffccac79740,  free space=8157k
Native frames: (J=compiled Java code, A=aot compiled Java code, j=interpreted, Vv=VM code, C=native code)
V  [libjvm.so+0xc71fa0]  SR_handler(int, siginfo*, ucontext*)+0x30
C  [libpthread.so.0+0x153c0]


siginfo: si_signo: 11 (SIGSEGV), si_code: 1 (SEGV_MAPERR), si_addr: 0x00000000000000d0

Register to memory mapping:

RAX=0x0 is NULL
RBX=
[error occurred during error reporting (printing register info), id 0xb, SIGSEGV (0xb) at pc=0x00007f7b7ee7ec37]

Registers:
RAX=0x0000000000000000, RBX=0x00007f7b7f543fc0, RCX=0x00007f7b7f958cd7, RDX=0x0000000000000000
RSP=0x00007ffccac79740, RBP=0x00007ffccac797f0, RSI=0x00007ffccac79930, RDI=0x0000000000000001
R8 =0x0000000000000000, R9 =0x00007f7b7deed700, R10=0x0000000000000000, R11=0x0000000000000246
R12=0x0000000000000000, R13=0x00007ffccac79930, R14=0x00007ffccac79800, R15=0x00007f7b7deed700
RIP=0x00007f7b7ecaefa0, EFLAGS=0x0000000000010246, CSGSFS=0x002b000000000033, ERR=0x0000000000000004
  TRAPNO=0x000000000000000e

Top of Stack: (sp=0x00007ffccac79740)
0x00007ffccac79740:   0000000180000002 0000000000000000
0x00007ffccac79750:   0000000000000000 0000000000000000
0x00007ffccac79760:   6575715f544d4e00 3d006b636f4c7972
0x00007ffccac79770:   0000000000000000 0000000000000000 

Instructions: (pc=0x00007f7b7ecaefa0)
0x00007f7b7ecaef80:   49 89 f5 48 81 ec 88 00 00 00 e8 31 17 60 ff 48
0x00007f7b7ecaef90:   89 c3 44 8b 20 e8 66 e6 1c 00 31 d2 84 c0 75 38
0x00007f7b7ecaefa0:   48 83 ba d0 00 00 00 00 74 16 4c 8b ba 70 02 00
0x00007f7b7ecaefb0:   00 41 8b 87 a8 00 00 00 83 f8 01 74 2b 44 89 23 

Stack slot to memory mapping:
stack at sp + 0 slots: 
[error occurred during error reporting (inspecting top of stack), id 0xb, SIGSEGV (0xb) at pc=0x00007f7b7ee7ec37]


---------------  P R O C E S S  ---------------

VM state:not at safepoint (normal execution)

VM Mutex/Monitor currently owned by a thread: None

Heap address: 0x0000000708200000, size: 3966 MB, Compressed Oops mode: Zero based, Oop shift amount: 3
Narrow klass base: 0x0000000800000000, Narrow klass shift: 0
Compressed class space size: 1073741824 Address: 0x0000000800000000

Heap:
 garbage-first heap   total 253952K, used 0K [0x0000000708200000, 0x0000000800000000)
  region size 1024K, 1 young (1024K), 0 survivors (0K)
 Metaspace       used 2723K, capacity 4480K, committed 4480K, reserved 1056768K
  class space    used 228K, capacity 384K, committed 384K, reserved 1048576K
Heap Regions: E=young(eden), S=young(survivor), O=old, HS=humongous(starts), HC=humongous(continues), CS=collection set, F=free, A=archive, TAMS=top-at-mark-start (previous, next)
|   0|0x0000000708200000, 0x0000000708200000, 0x0000000708300000|  0%| F|  |TAMS 0x0000000708200000, 0x0000000708200000| Untracked 
|   1|0x0000000708300000, 0x0000000708300000, 0x0000000708400000|  0%| F|  |TAMS 0x0000000708300000, 0x0000000708300000| Untracked 
|   2|0x0000000708400000, 0x0000000708400000, 0x0000000708500000|  0%| F|  |TAMS 0x0000000708400000, 0x0000000708400000| Untracked 
|   3|0x0000000708500000, 0x0000000708500000, 0x0000000708600000|  0%| F|  |TAMS 0x0000000708500000, 0x0000000708500000| Untracked 
|   4|0x0000000708600000, 0x0000000708600000, 0x0000000708700000|  0%| F|  |TAMS 0x0000000708600000, 0x0000000708600000| Untracked 
|   5|0x0000000708700000, 0x0000000708700000, 0x0000000708800000|  0%| F|  |TAMS 0x0000000708700000, 0x0000000708700000| Untracked 
|   6|0x0000000708800000, 0x0000000708800000, 0x0000000708900000|  0%| F|  |TAMS 0x0000000708800000, 0x0000000708800000| Untracked 
|   7|0x0000000708900000, 0x0000000708900000, 0x0000000708a00000|  0%| F|  |TAMS 0x0000000708900000, 0x0000000708900000| Untracked 
|   8|0x0000000708a00000, 0x0000000708a00000, 0x0000000708b00000|  0%| F|  |TAMS 0x0000000708a00000, 0x0000000708a00000| Untracked 
|   9|0x0000000708b00000, 0x0000000708b00000, 0x0000000708c00000|  0%| F|  |TAMS 0x0000000708b00000, 0x0000000708b00000| Untracked 
|  10|0x0000000708c00000, 0x0000000708c00000, 0x0000000708d00000|  0%| F|  |TAMS 0x0000000708c00000, 0x0000000708c00000| Untracked 
|  11|0x0000000708d00000, 0x0000000708d00000, 0x0000000708e00000|  0%| F|  |TAMS 0x0000000708d00000, 0x0000000708d00000| Untracked 
|  12|0x0000000708e00000, 0x0000000708e00000, 0x0000000708f00000|  0%| F|  |TAMS 0x0000000708e00000, 0x0000000708e00000| Untracked 
|  13|0x0000000708f00000, 0x0000000708f00000, 0x0000000709000000|  0%| F|  |TAMS 0x0000000708f00000, 0x0000000708f00000| Untracked 
|  14|0x0000000709000000, 0x0000000709000000, 0x0000000709100000|  0%| F|  |TAMS 0x0000000709000000, 0x0000000709000000| Untracked 
|  15|0x0000000709100000, 0x0000000709100000, 0x0000000709200000|  0%| F|  |TAMS 0x0000000709100000, 0x0000000709100000| Untracked 
|  16|0x0000000709200000, 0x0000000709200000, 0x0000000709300000|  0%| F|  |TAMS 0x0000000709200000, 0x0000000709200000| Untracked 
|  17|0x0000000709300000, 0x0000000709300000, 0x0000000709400000|  0%| F|  |TAMS 0x0000000709300000, 0x0000000709300000| Untracked 
|  18|0x0000000709400000, 0x0000000709400000, 0x0000000709500000|  0%| F|  |TAMS 0x0000000709400000, 0x0000000709400000| Untracked 
|  19|0x0000000709500000, 0x0000000709500000, 0x0000000709600000|  0%| F|  |TAMS 0x0000000709500000, 0x0000000709500000| Untracked 
|  20|0x0000000709600000, 0x0000000709600000, 0x0000000709700000|  0%| F|  |TAMS 0x0000000709600000, 0x0000000709600000| Untracked 
|  21|0x0000000709700000, 0x0000000709700000, 0x0000000709800000|  0%| F|  |TAMS 0x0000000709700000, 0x0000000709700000| Untracked 
|  22|0x0000000709800000, 0x0000000709800000, 0x0000000709900000|  0%| F|  |TAMS 0x0000000709800000, 0x0000000709800000| Untracked 
|  23|0x0000000709900000, 0x0000000709900000, 0x0000000709a00000|  0%| F|  |TAMS 0x0000000709900000, 0x0000000709900000| Untracked 
|  24|0x0000000709a00000, 0x0000000709a00000, 0x0000000709b00000|  0%| F|  |TAMS 0x0000000709a00000, 0x0000000709a00000| Untracked 
|  25|0x0000000709b00000, 0x0000000709b00000, 0x0000000709c00000|  0%| F|  |TAMS 0x0000000709b00000, 0x0000000709b00000| Untracked 
|  26|0x0000000709c00000, 0x0000000709c00000, 0x0000000709d00000|  0%| F|  |TAMS 0x0000000709c00000, 0x0000000709c00000| Untracked 
|  27|0x0000000709d00000, 0x0000000709d00000, 0x0000000709e00000|  0%| F|  |TAMS 0x0000000709d00000, 0x0000000709d00000| Untracked 
|  28|0x0000000709e00000, 0x0000000709e00000, 0x0000000709f00000|  0%| F|  |TAMS 0x0000000709e00000, 0x0000000709e00000| Untracked 
|  29|0x0000000709f00000, 0x0000000709f00000, 0x000000070a000000|  0%| F|  |TAMS 0x0000000709f00000, 0x0000000709f00000| Untracked 
|  30|0x000000070a000000, 0x000000070a000000, 0x000000070a100000|  0%| F|  |TAMS 0x000000070a000000, 0x000000070a000000| Untracked 
|  31|0x000000070a100000, 0x000000070a100000, 0x000000070a200000|  0%| F|  |TAMS 0x000000070a100000, 0x000000070a100000| Untracked 
|  32|0x000000070a200000, 0x000000070a200000, 0x000000070a300000|  0%| F|  |TAMS 0x000000070a200000, 0x000000070a200000| Untracked 
|  33|0x000000070a300000, 0x000000070a300000, 0x000000070a400000|  0%| F|  |TAMS 0x000000070a300000, 0x000000070a300000| Untracked 
|  34|0x000000070a400000, 0x000000070a400000, 0x000000070a500000|  0%| F|  |TAMS 0x000000070a400000, 0x000000070a400000| Untracked 
|  35|0x000000070a500000, 0x000000070a500000, 0x000000070a600000|  0%| F|  |TAMS 0x000000070a500000, 0x000000070a500000| Untracked 
|  36|0x000000070a600000, 0x000000070a600000, 0x000000070a700000|  0%| F|  |TAMS 0x000000070a600000, 0x000000070a600000| Untracked 
|  37|0x000000070a700000, 0x000000070a700000, 0x000000070a800000|  0%| F|  |TAMS 0x000000070a700000, 0x000000070a700000| Untracked 
|  38|0x000000070a800000, 0x000000070a800000, 0x000000070a900000|  0%| F|  |TAMS 0x000000070a800000, 0x000000070a800000| Untracked 
|  39|0x000000070a900000, 0x000000070a900000, 0x000000070aa00000|  0%| F|  |TAMS 0x000000070a900000, 0x000000070a900000| Untracked 
|  40|0x000000070aa00000, 0x000000070aa00000, 0x000000070ab00000|  0%| F|  |TAMS 0x000000070aa00000, 0x000000070aa00000| Untracked 
|  41|0x000000070ab00000, 0x000000070ab00000, 0x000000070ac00000|  0%| F|  |TAMS 0x000000070ab00000, 0x000000070ab00000| Untracked 
|  42|0x000000070ac00000, 0x000000070ac00000, 0x000000070ad00000|  0%| F|  |TAMS 0x000000070ac00000, 0x000000070ac00000| Untracked 
|  43|0x000000070ad00000, 0x000000070ad00000, 0x000000070ae00000|  0%| F|  |TAMS 0x000000070ad00000, 0x000000070ad00000| Untracked 
|  44|0x000000070ae00000, 0x000000070ae00000, 0x000000070af00000|  0%| F|  |TAMS 0x000000070ae00000, 0x000000070ae00000| Untracked 
|  45|0x000000070af00000, 0x000000070af00000, 0x000000070b000000|  0%| F|  |TAMS 0x000000070af00000, 0x000000070af00000| Untracked 
|  46|0x000000070b000000, 0x000000070b000000, 0x000000070b100000|  0%| F|  |TAMS 0x000000070b000000, 0x000000070b000000| Untracked 
|  47|0x000000070b100000, 0x000000070b100000, 0x000000070b200000|  0%| F|  |TAMS 0x000000070b100000, 0x000000070b100000| Untracked 
|  48|0x000000070b200000, 0x000000070b200000, 0x000000070b300000|  0%| F|  |TAMS 0x000000070b200000, 0x000000070b200000| Untracked 
|  49|0x000000070b300000, 0x000000070b300000, 0x000000070b400000|  0%| F|  |TAMS 0x000000070b300000, 0x000000070b300000| Untracked 
|  50|0x000000070b400000, 0x000000070b400000, 0x000000070b500000|  0%| F|  |TAMS 0x000000070b400000, 0x000000070b400000| Untracked 
|  51|0x000000070b500000, 0x000000070b500000, 0x000000070b600000|  0%| F|  |TAMS 0x000000070b500000, 0x000000070b500000| Untracked 
|  52|0x000000070b600000, 0x000000070b600000, 0x000000070b700000|  0%| F|  |TAMS 0x000000070b600000, 0x000000070b600000| Untracked 
|  53|0x000000070b700000, 0x000000070b700000, 0x000000070b800000|  0%| F|  |TAMS 0x000000070b700000, 0x000000070b700000| Untracked 
|  54|0x000000070b800000, 0x000000070b800000, 0x000000070b900000|  0%| F|  |TAMS 0x000000070b800000, 0x000000070b800000| Untracked 
|  55|0x000000070b900000, 0x000000070b900000, 0x000000070ba00000|  0%| F|  |TAMS 0x000000070b900000, 0x000000070b900000| Untracked 
|  56|0x000000070ba00000, 0x000000070ba00000, 0x000000070bb00000|  0%| F|  |TAMS 0x000000070ba00000, 0x000000070ba00000| Untracked 
|  57|0x000000070bb00000, 0x000000070bb00000, 0x000000070bc00000|  0%| F|  |TAMS 0x000000070bb00000, 0x000000070bb00000| Untracked 
|  58|0x000000070bc00000, 0x000000070bc00000, 0x000000070bd00000|  0%| F|  |TAMS 0x000000070bc00000, 0x000000070bc00000| Untracked 
|  59|0x000000070bd00000, 0x000000070bd00000, 0x000000070be00000|  0%| F|  |TAMS 0x000000070bd00000, 0x000000070bd00000| Untracked 
|  60|0x000000070be00000, 0x000000070be00000, 0x000000070bf00000|  0%| F|  |TAMS 0x000000070be00000, 0x000000070be00000| Untracked 
|  61|0x000000070bf00000, 0x000000070bf00000, 0x000000070c000000|  0%| F|  |TAMS 0x000000070bf00000, 0x000000070bf00000| Untracked 
|  62|0x000000070c000000, 0x000000070c000000, 0x000000070c100000|  0%| F|  |TAMS 0x000000070c000000, 0x000000070c000000| Untracked 
|  63|0x000000070c100000, 0x000000070c100000, 0x000000070c200000|  0%| F|  |TAMS 0x000000070c100000, 0x000000070c100000| Untracked 
|  64|0x000000070c200000, 0x000000070c200000, 0x000000070c300000|  0%| F|  |TAMS 0x000000070c200000, 0x000000070c200000| Untracked 
|  65|0x000000070c300000, 0x000000070c300000, 0x000000070c400000|  0%| F|  |TAMS 0x000000070c300000, 0x000000070c300000| Untracked 
|  66|0x000000070c400000, 0x000000070c400000, 0x000000070c500000|  0%| F|  |TAMS 0x000000070c400000, 0x000000070c400000| Untracked 
|  67|0x000000070c500000, 0x000000070c500000, 0x000000070c600000|  0%| F|  |TAMS 0x000000070c500000, 0x000000070c500000| Untracked 
|  68|0x000000070c600000, 0x000000070c600000, 0x000000070c700000|  0%| F|  |TAMS 0x000000070c600000, 0x000000070c600000| Untracked 
|  69|0x000000070c700000, 0x000000070c700000, 0x000000070c800000|  0%| F|  |TAMS 0x000000070c700000, 0x000000070c700000| Untracked 
|  70|0x000000070c800000, 0x000000070c800000, 0x000000070c900000|  0%| F|  |TAMS 0x000000070c800000, 0x000000070c800000| Untracked 
|  71|0x000000070c900000, 0x000000070c900000, 0x000000070ca00000|  0%| F|  |TAMS 0x000000070c900000, 0x000000070c900000| Untracked 
|  72|0x000000070ca00000, 0x000000070ca00000, 0x000000070cb00000|  0%| F|  |TAMS 0x000000070ca00000, 0x000000070ca00000| Untracked 
|  73|0x000000070cb00000, 0x000000070cb00000, 0x000000070cc00000|  0%| F|  |TAMS 0x000000070cb00000, 0x000000070cb00000| Untracked 
|  74|0x000000070cc00000, 0x000000070cc00000, 0x000000070cd00000|  0%| F|  |TAMS 0x000000070cc00000, 0x000000070cc00000| Untracked 
|  75|0x000000070cd00000, 0x000000070cd00000, 0x000000070ce00000|  0%| F|  |TAMS 0x000000070cd00000, 0x000000070cd00000| Untracked 
|  76|0x000000070ce00000, 0x000000070ce00000, 0x000000070cf00000|  0%| F|  |TAMS 0x000000070ce00000, 0x000000070ce00000| Untracked 
|  77|0x000000070cf00000, 0x000000070cf00000, 0x000000070d000000|  0%| F|  |TAMS 0x000000070cf00000, 0x000000070cf00000| Untracked 
|  78|0x000000070d000000, 0x000000070d000000, 0x000000070d100000|  0%| F|  |TAMS 0x000000070d000000, 0x000000070d000000| Untracked 
|  79|0x000000070d100000, 0x000000070d100000, 0x000000070d200000|  0%| F|  |TAMS 0x000000070d100000, 0x000000070d100000| Untracked 
|  80|0x000000070d200000, 0x000000070d200000, 0x000000070d300000|  0%| F|  |TAMS 0x000000070d200000, 0x000000070d200000| Untracked 
|  81|0x000000070d300000, 0x000000070d300000, 0x000000070d400000|  0%| F|  |TAMS 0x000000070d300000, 0x000000070d300000| Untracked 
|  82|0x000000070d400000, 0x000000070d400000, 0x000000070d500000|  0%| F|  |TAMS 0x000000070d400000, 0x000000070d400000| Untracked 
|  83|0x000000070d500000, 0x000000070d500000, 0x000000070d600000|  0%| F|  |TAMS 0x000000070d500000, 0x000000070d500000| Untracked 
|  84|0x000000070d600000, 0x000000070d600000, 0x000000070d700000|  0%| F|  |TAMS 0x000000070d600000, 0x000000070d600000| Untracked 
|  85|0x000000070d700000, 0x000000070d700000, 0x000000070d800000|  0%| F|  |TAMS 0x000000070d700000, 0x000000070d700000| Untracked 
|  86|0x000000070d800000, 0x000000070d800000, 0x000000070d900000|  0%| F|  |TAMS 0x000000070d800000, 0x000000070d800000| Untracked 
|  87|0x000000070d900000, 0x000000070d900000, 0x000000070da00000|  0%| F|  |TAMS 0x000000070d900000, 0x000000070d900000| Untracked 
|  88|0x000000070da00000, 0x000000070da00000, 0x000000070db00000|  0%| F|  |TAMS 0x000000070da00000, 0x000000070da00000| Untracked 
|  89|0x000000070db00000, 0x000000070db00000, 0x000000070dc00000|  0%| F|  |TAMS 0x000000070db00000, 0x000000070db00000| Untracked 
|  90|0x000000070dc00000, 0x000000070dc00000, 0x000000070dd00000|  0%| F|  |TAMS 0x000000070dc00000, 0x000000070dc00000| Untracked 
|  91|0x000000070dd00000, 0x000000070dd00000, 0x000000070de00000|  0%| F|  |TAMS 0x000000070dd00000, 0x000000070dd00000| Untracked 
|  92|0x000000070de00000, 0x000000070de00000, 0x000000070df00000|  0%| F|  |TAMS 0x000000070de00000, 0x000000070de00000| Untracked 
|  93|0x000000070df00000, 0x000000070df00000, 0x000000070e000000|  0%| F|  |TAMS 0x000000070df00000, 0x000000070df00000| Untracked 
|  94|0x000000070e000000, 0x000000070e000000, 0x000000070e100000|  0%| F|  |TAMS 0x000000070e000000, 0x000000070e000000| Untracked 
|  95|0x000000070e100000, 0x000000070e100000, 0x000000070e200000|  0%| F|  |TAMS 0x000000070e100000, 0x000000070e100000| Untracked 
|  96|0x000000070e200000, 0x000000070e200000, 0x000000070e300000|  0%| F|  |TAMS 0x000000070e200000, 0x000000070e200000| Untracked 
|  97|0x000000070e300000, 0x000000070e300000, 0x000000070e400000|  0%| F|  |TAMS 0x000000070e300000, 0x000000070e300000| Untracked 
|  98|0x000000070e400000, 0x000000070e400000, 0x000000070e500000|  0%| F|  |TAMS 0x000000070e400000, 0x000000070e400000| Untracked 
|  99|0x000000070e500000, 0x000000070e500000, 0x000000070e600000|  0%| F|  |TAMS 0x000000070e500000, 0x000000070e500000| Untracked 
| 100|0x000000070e600000, 0x000000070e600000, 0x000000070e700000|  0%| F|  |TAMS 0x000000070e600000, 0x000000070e600000| Untracked 
| 101|0x000000070e700000, 0x000000070e700000, 0x000000070e800000|  0%| F|  |TAMS 0x000000070e700000, 0x000000070e700000| Untracked 
| 102|0x000000070e800000, 0x000000070e800000, 0x000000070e900000|  0%| F|  |TAMS 0x000000070e800000, 0x000000070e800000| Untracked 
| 103|0x000000070e900000, 0x000000070e900000, 0x000000070ea00000|  0%| F|  |TAMS 0x000000070e900000, 0x000000070e900000| Untracked 
| 104|0x000000070ea00000, 0x000000070ea00000, 0x000000070eb00000|  0%| F|  |TAMS 0x000000070ea00000, 0x000000070ea00000| Untracked 
| 105|0x000000070eb00000, 0x000000070eb00000, 0x000000070ec00000|  0%| F|  |TAMS 0x000000070eb00000, 0x000000070eb00000| Untracked 
| 106|0x000000070ec00000, 0x000000070ec00000, 0x000000070ed00000|  0%| F|  |TAMS 0x000000070ec00000, 0x000000070ec00000| Untracked 
| 107|0x000000070ed00000, 0x000000070ed00000, 0x000000070ee00000|  0%| F|  |TAMS 0x000000070ed00000, 0x000000070ed00000| Untracked 
| 108|0x000000070ee00000, 0x000000070ee00000, 0x000000070ef00000|  0%| F|  |TAMS 0x000000070ee00000, 0x000000070ee00000| Untracked 
| 109|0x000000070ef00000, 0x000000070ef00000, 0x000000070f000000|  0%| F|  |TAMS 0x000000070ef00000, 0x000000070ef00000| Untracked 
| 110|0x000000070f000000, 0x000000070f000000, 0x000000070f100000|  0%| F|  |TAMS 0x000000070f000000, 0x000000070f000000| Untracked 
| 111|0x000000070f100000, 0x000000070f100000, 0x000000070f200000|  0%| F|  |TAMS 0x000000070f100000, 0x000000070f100000| Untracked 
| 112|0x000000070f200000, 0x000000070f200000, 0x000000070f300000|  0%| F|  |TAMS 0x000000070f200000, 0x000000070f200000| Untracked 
| 113|0x000000070f300000, 0x000000070f300000, 0x000000070f400000|  0%| F|  |TAMS 0x000000070f300000, 0x000000070f300000| Untracked 
| 114|0x000000070f400000, 0x000000070f400000, 0x000000070f500000|  0%| F|  |TAMS 0x000000070f400000, 0x000000070f400000| Untracked 
| 115|0x000000070f500000, 0x000000070f500000, 0x000000070f600000|  0%| F|  |TAMS 0x000000070f500000, 0x000000070f500000| Untracked 
| 116|0x000000070f600000, 0x000000070f600000, 0x000000070f700000|  0%| F|  |TAMS 0x000000070f600000, 0x000000070f600000| Untracked 
| 117|0x000000070f700000, 0x000000070f700000, 0x000000070f800000|  0%| F|  |TAMS 0x000000070f700000, 0x000000070f700000| Untracked 
| 118|0x000000070f800000, 0x000000070f800000, 0x000000070f900000|  0%| F|  |TAMS 0x000000070f800000, 0x000000070f800000| Untracked 
| 119|0x000000070f900000, 0x000000070f900000, 0x000000070fa00000|  0%| F|  |TAMS 0x000000070f900000, 0x000000070f900000| Untracked 
| 120|0x000000070fa00000, 0x000000070fa00000, 0x000000070fb00000|  0%| F|  |TAMS 0x000000070fa00000, 0x000000070fa00000| Untracked 
| 121|0x000000070fb00000, 0x000000070fb00000, 0x000000070fc00000|  0%| F|  |TAMS 0x000000070fb00000, 0x000000070fb00000| Untracked 
| 122|0x000000070fc00000, 0x000000070fc00000, 0x000000070fd00000|  0%| F|  |TAMS 0x000000070fc00000, 0x000000070fc00000| Untracked 
| 123|0x000000070fd00000, 0x000000070fd00000, 0x000000070fe00000|  0%| F|  |TAMS 0x000000070fd00000, 0x000000070fd00000| Untracked 
| 124|0x000000070fe00000, 0x000000070fe00000, 0x000000070ff00000|  0%| F|  |TAMS 0x000000070fe00000, 0x000000070fe00000| Untracked 
| 125|0x000000070ff00000, 0x000000070ff00000, 0x0000000710000000|  0%| F|  |TAMS 0x000000070ff00000, 0x000000070ff00000| Untracked 
| 126|0x0000000710000000, 0x0000000710000000, 0x0000000710100000|  0%| F|  |TAMS 0x0000000710000000, 0x0000000710000000| Untracked 
| 127|0x0000000710100000, 0x0000000710100000, 0x0000000710200000|  0%| F|  |TAMS 0x0000000710100000, 0x0000000710100000| Untracked 
| 128|0x0000000710200000, 0x0000000710200000, 0x0000000710300000|  0%| F|  |TAMS 0x0000000710200000, 0x0000000710200000| Untracked 
| 129|0x0000000710300000, 0x0000000710300000, 0x0000000710400000|  0%| F|  |TAMS 0x0000000710300000, 0x0000000710300000| Untracked 
| 130|0x0000000710400000, 0x0000000710400000, 0x0000000710500000|  0%| F|  |TAMS 0x0000000710400000, 0x0000000710400000| Untracked 
| 131|0x0000000710500000, 0x0000000710500000, 0x0000000710600000|  0%| F|  |TAMS 0x0000000710500000, 0x0000000710500000| Untracked 
| 132|0x0000000710600000, 0x0000000710600000, 0x0000000710700000|  0%| F|  |TAMS 0x0000000710600000, 0x0000000710600000| Untracked 
| 133|0x0000000710700000, 0x0000000710700000, 0x0000000710800000|  0%| F|  |TAMS 0x0000000710700000, 0x0000000710700000| Untracked 
| 134|0x0000000710800000, 0x0000000710800000, 0x0000000710900000|  0%| F|  |TAMS 0x0000000710800000, 0x0000000710800000| Untracked 
| 135|0x0000000710900000, 0x0000000710900000, 0x0000000710a00000|  0%| F|  |TAMS 0x0000000710900000, 0x0000000710900000| Untracked 
| 136|0x0000000710a00000, 0x0000000710a00000, 0x0000000710b00000|  0%| F|  |TAMS 0x0000000710a00000, 0x0000000710a00000| Untracked 
| 137|0x0000000710b00000, 0x0000000710b00000, 0x0000000710c00000|  0%| F|  |TAMS 0x0000000710b00000, 0x0000000710b00000| Untracked 
| 138|0x0000000710c00000, 0x0000000710c00000, 0x0000000710d00000|  0%| F|  |TAMS 0x0000000710c00000, 0x0000000710c00000| Untracked 
| 139|0x0000000710d00000, 0x0000000710d00000, 0x0000000710e00000|  0%| F|  |TAMS 0x0000000710d00000, 0x0000000710d00000| Untracked 
| 140|0x0000000710e00000, 0x0000000710e00000, 0x0000000710f00000|  0%| F|  |TAMS 0x0000000710e00000, 0x0000000710e00000| Untracked 
| 141|0x0000000710f00000, 0x0000000710f00000, 0x0000000711000000|  0%| F|  |TAMS 0x0000000710f00000, 0x0000000710f00000| Untracked 
| 142|0x0000000711000000, 0x0000000711000000, 0x0000000711100000|  0%| F|  |TAMS 0x0000000711000000, 0x0000000711000000| Untracked 
| 143|0x0000000711100000, 0x0000000711100000, 0x0000000711200000|  0%| F|  |TAMS 0x0000000711100000, 0x0000000711100000| Untracked 
| 144|0x0000000711200000, 0x0000000711200000, 0x0000000711300000|  0%| F|  |TAMS 0x0000000711200000, 0x0000000711200000| Untracked 
| 145|0x0000000711300000, 0x0000000711300000, 0x0000000711400000|  0%| F|  |TAMS 0x0000000711300000, 0x0000000711300000| Untracked 
| 146|0x0000000711400000, 0x0000000711400000, 0x0000000711500000|  0%| F|  |TAMS 0x0000000711400000, 0x0000000711400000| Untracked 
| 147|0x0000000711500000, 0x0000000711500000, 0x0000000711600000|  0%| F|  |TAMS 0x0000000711500000, 0x0000000711500000| Untracked 
| 148|0x0000000711600000, 0x0000000711600000, 0x0000000711700000|  0%| F|  |TAMS 0x0000000711600000, 0x0000000711600000| Untracked 
| 149|0x0000000711700000, 0x0000000711700000, 0x0000000711800000|  0%| F|  |TAMS 0x0000000711700000, 0x0000000711700000| Untracked 
| 150|0x0000000711800000, 0x0000000711800000, 0x0000000711900000|  0%| F|  |TAMS 0x0000000711800000, 0x0000000711800000| Untracked 
| 151|0x0000000711900000, 0x0000000711900000, 0x0000000711a00000|  0%| F|  |TAMS 0x0000000711900000, 0x0000000711900000| Untracked 
| 152|0x0000000711a00000, 0x0000000711a00000, 0x0000000711b00000|  0%| F|  |TAMS 0x0000000711a00000, 0x0000000711a00000| Untracked 
| 153|0x0000000711b00000, 0x0000000711b00000, 0x0000000711c00000|  0%| F|  |TAMS 0x0000000711b00000, 0x0000000711b00000| Untracked 
| 154|0x0000000711c00000, 0x0000000711c00000, 0x0000000711d00000|  0%| F|  |TAMS 0x0000000711c00000, 0x0000000711c00000| Untracked 
| 155|0x0000000711d00000, 0x0000000711d00000, 0x0000000711e00000|  0%| F|  |TAMS 0x0000000711d00000, 0x0000000711d00000| Untracked 
| 156|0x0000000711e00000, 0x0000000711e00000, 0x0000000711f00000|  0%| F|  |TAMS 0x0000000711e00000, 0x0000000711e00000| Untracked 
| 157|0x0000000711f00000, 0x0000000711f00000, 0x0000000712000000|  0%| F|  |TAMS 0x0000000711f00000, 0x0000000711f00000| Untracked 
| 158|0x0000000712000000, 0x0000000712000000, 0x0000000712100000|  0%| F|  |TAMS 0x0000000712000000, 0x0000000712000000| Untracked 
| 159|0x0000000712100000, 0x0000000712100000, 0x0000000712200000|  0%| F|  |TAMS 0x0000000712100000, 0x0000000712100000| Untracked 
| 160|0x0000000712200000, 0x0000000712200000, 0x0000000712300000|  0%| F|  |TAMS 0x0000000712200000, 0x0000000712200000| Untracked 
| 161|0x0000000712300000, 0x0000000712300000, 0x0000000712400000|  0%| F|  |TAMS 0x0000000712300000, 0x0000000712300000| Untracked 
| 162|0x0000000712400000, 0x0000000712400000, 0x0000000712500000|  0%| F|  |TAMS 0x0000000712400000, 0x0000000712400000| Untracked 
| 163|0x0000000712500000, 0x0000000712500000, 0x0000000712600000|  0%| F|  |TAMS 0x0000000712500000, 0x0000000712500000| Untracked 
| 164|0x0000000712600000, 0x0000000712600000, 0x0000000712700000|  0%| F|  |TAMS 0x0000000712600000, 0x0000000712600000| Untracked 
| 165|0x0000000712700000, 0x0000000712700000, 0x0000000712800000|  0%| F|  |TAMS 0x0000000712700000, 0x0000000712700000| Untracked 
| 166|0x0000000712800000, 0x0000000712800000, 0x0000000712900000|  0%| F|  |TAMS 0x0000000712800000, 0x0000000712800000| Untracked 
| 167|0x0000000712900000, 0x0000000712900000, 0x0000000712a00000|  0%| F|  |TAMS 0x0000000712900000, 0x0000000712900000| Untracked 
| 168|0x0000000712a00000, 0x0000000712a00000, 0x0000000712b00000|  0%| F|  |TAMS 0x0000000712a00000, 0x0000000712a00000| Untracked 
| 169|0x0000000712b00000, 0x0000000712b00000, 0x0000000712c00000|  0%| F|  |TAMS 0x0000000712b00000, 0x0000000712b00000| Untracked 
| 170|0x0000000712c00000, 0x0000000712c00000, 0x0000000712d00000|  0%| F|  |TAMS 0x0000000712c00000, 0x0000000712c00000| Untracked 
| 171|0x0000000712d00000, 0x0000000712d00000, 0x0000000712e00000|  0%| F|  |TAMS 0x0000000712d00000, 0x0000000712d00000| Untracked 
| 172|0x0000000712e00000, 0x0000000712e00000, 0x0000000712f00000|  0%| F|  |TAMS 0x0000000712e00000, 0x0000000712e00000| Untracked 
| 173|0x0000000712f00000, 0x0000000712f00000, 0x0000000713000000|  0%| F|  |TAMS 0x0000000712f00000, 0x0000000712f00000| Untracked 
| 174|0x0000000713000000, 0x0000000713000000, 0x0000000713100000|  0%| F|  |TAMS 0x0000000713000000, 0x0000000713000000| Untracked 
| 175|0x0000000713100000, 0x0000000713100000, 0x0000000713200000|  0%| F|  |TAMS 0x0000000713100000, 0x0000000713100000| Untracked 
| 176|0x0000000713200000, 0x0000000713200000, 0x0000000713300000|  0%| F|  |TAMS 0x0000000713200000, 0x0000000713200000| Untracked 
| 177|0x0000000713300000, 0x0000000713300000, 0x0000000713400000|  0%| F|  |TAMS 0x0000000713300000, 0x0000000713300000| Untracked 
| 178|0x0000000713400000, 0x0000000713400000, 0x0000000713500000|  0%| F|  |TAMS 0x0000000713400000, 0x0000000713400000| Untracked 
| 179|0x0000000713500000, 0x0000000713500000, 0x0000000713600000|  0%| F|  |TAMS 0x0000000713500000, 0x0000000713500000| Untracked 
| 180|0x0000000713600000, 0x0000000713600000, 0x0000000713700000|  0%| F|  |TAMS 0x0000000713600000, 0x0000000713600000| Untracked 
| 181|0x0000000713700000, 0x0000000713700000, 0x0000000713800000|  0%| F|  |TAMS 0x0000000713700000, 0x0000000713700000| Untracked 
| 182|0x0000000713800000, 0x0000000713800000, 0x0000000713900000|  0%| F|  |TAMS 0x0000000713800000, 0x0000000713800000| Untracked 
| 183|0x0000000713900000, 0x0000000713900000, 0x0000000713a00000|  0%| F|  |TAMS 0x0000000713900000, 0x0000000713900000| Untracked 
| 184|0x0000000713a00000, 0x0000000713a00000, 0x0000000713b00000|  0%| F|  |TAMS 0x0000000713a00000, 0x0000000713a00000| Untracked 
| 185|0x0000000713b00000, 0x0000000713b00000, 0x0000000713c00000|  0%| F|  |TAMS 0x0000000713b00000, 0x0000000713b00000| Untracked 
| 186|0x0000000713c00000, 0x0000000713c00000, 0x0000000713d00000|  0%| F|  |TAMS 0x0000000713c00000, 0x0000000713c00000| Untracked 
| 187|0x0000000713d00000, 0x0000000713d00000, 0x0000000713e00000|  0%| F|  |TAMS 0x0000000713d00000, 0x0000000713d00000| Untracked 
| 188|0x0000000713e00000, 0x0000000713e00000, 0x0000000713f00000|  0%| F|  |TAMS 0x0000000713e00000, 0x0000000713e00000| Untracked 
| 189|0x0000000713f00000, 0x0000000713f00000, 0x0000000714000000|  0%| F|  |TAMS 0x0000000713f00000, 0x0000000713f00000| Untracked 
| 190|0x0000000714000000, 0x0000000714000000, 0x0000000714100000|  0%| F|  |TAMS 0x0000000714000000, 0x0000000714000000| Untracked 
| 191|0x0000000714100000, 0x0000000714100000, 0x0000000714200000|  0%| F|  |TAMS 0x0000000714100000, 0x0000000714100000| Untracked 
| 192|0x0000000714200000, 0x0000000714200000, 0x0000000714300000|  0%| F|  |TAMS 0x0000000714200000, 0x0000000714200000| Untracked 
| 193|0x0000000714300000, 0x0000000714300000, 0x0000000714400000|  0%| F|  |TAMS 0x0000000714300000, 0x0000000714300000| Untracked 
| 194|0x0000000714400000, 0x0000000714400000, 0x0000000714500000|  0%| F|  |TAMS 0x0000000714400000, 0x0000000714400000| Untracked 
| 195|0x0000000714500000, 0x0000000714500000, 0x0000000714600000|  0%| F|  |TAMS 0x0000000714500000, 0x0000000714500000| Untracked 
| 196|0x0000000714600000, 0x0000000714600000, 0x0000000714700000|  0%| F|  |TAMS 0x0000000714600000, 0x0000000714600000| Untracked 
| 197|0x0000000714700000, 0x0000000714700000, 0x0000000714800000|  0%| F|  |TAMS 0x0000000714700000, 0x0000000714700000| Untracked 
| 198|0x0000000714800000, 0x0000000714800000, 0x0000000714900000|  0%| F|  |TAMS 0x0000000714800000, 0x0000000714800000| Untracked 
| 199|0x0000000714900000, 0x0000000714900000, 0x0000000714a00000|  0%| F|  |TAMS 0x0000000714900000, 0x0000000714900000| Untracked 
| 200|0x0000000714a00000, 0x0000000714a00000, 0x0000000714b00000|  0%| F|  |TAMS 0x0000000714a00000, 0x0000000714a00000| Untracked 
| 201|0x0000000714b00000, 0x0000000714b00000, 0x0000000714c00000|  0%| F|  |TAMS 0x0000000714b00000, 0x0000000714b00000| Untracked 
| 202|0x0000000714c00000, 0x0000000714c00000, 0x0000000714d00000|  0%| F|  |TAMS 0x0000000714c00000, 0x0000000714c00000| Untracked 
| 203|0x0000000714d00000, 0x0000000714d00000, 0x0000000714e00000|  0%| F|  |TAMS 0x0000000714d00000, 0x0000000714d00000| Untracked 
| 204|0x0000000714e00000, 0x0000000714e00000, 0x0000000714f00000|  0%| F|  |TAMS 0x0000000714e00000, 0x0000000714e00000| Untracked 
| 205|0x0000000714f00000, 0x0000000714f00000, 0x0000000715000000|  0%| F|  |TAMS 0x0000000714f00000, 0x0000000714f00000| Untracked 
| 206|0x0000000715000000, 0x0000000715000000, 0x0000000715100000|  0%| F|  |TAMS 0x0000000715000000, 0x0000000715000000| Untracked 
| 207|0x0000000715100000, 0x0000000715100000, 0x0000000715200000|  0%| F|  |TAMS 0x0000000715100000, 0x0000000715100000| Untracked 
| 208|0x0000000715200000, 0x0000000715200000, 0x0000000715300000|  0%| F|  |TAMS 0x0000000715200000, 0x0000000715200000| Untracked 
| 209|0x0000000715300000, 0x0000000715300000, 0x0000000715400000|  0%| F|  |TAMS 0x0000000715300000, 0x0000000715300000| Untracked 
| 210|0x0000000715400000, 0x0000000715400000, 0x0000000715500000|  0%| F|  |TAMS 0x0000000715400000, 0x0000000715400000| Untracked 
| 211|0x0000000715500000, 0x0000000715500000, 0x0000000715600000|  0%| F|  |TAMS 0x0000000715500000, 0x0000000715500000| Untracked 
| 212|0x0000000715600000, 0x0000000715600000, 0x0000000715700000|  0%| F|  |TAMS 0x0000000715600000, 0x0000000715600000| Untracked 
| 213|0x0000000715700000, 0x0000000715700000, 0x0000000715800000|  0%| F|  |TAMS 0x0000000715700000, 0x0000000715700000| Untracked 
| 214|0x0000000715800000, 0x0000000715800000, 0x0000000715900000|  0%| F|  |TAMS 0x0000000715800000, 0x0000000715800000| Untracked 
| 215|0x0000000715900000, 0x0000000715900000, 0x0000000715a00000|  0%| F|  |TAMS 0x0000000715900000, 0x0000000715900000| Untracked 
| 216|0x0000000715a00000, 0x0000000715a00000, 0x0000000715b00000|  0%| F|  |TAMS 0x0000000715a00000, 0x0000000715a00000| Untracked 
| 217|0x0000000715b00000, 0x0000000715b00000, 0x0000000715c00000|  0%| F|  |TAMS 0x0000000715b00000, 0x0000000715b00000| Untracked 
| 218|0x0000000715c00000, 0x0000000715c00000, 0x0000000715d00000|  0%| F|  |TAMS 0x0000000715c00000, 0x0000000715c00000| Untracked 
| 219|0x0000000715d00000, 0x0000000715d00000, 0x0000000715e00000|  0%| F|  |TAMS 0x0000000715d00000, 0x0000000715d00000| Untracked 
| 220|0x0000000715e00000, 0x0000000715e00000, 0x0000000715f00000|  0%| F|  |TAMS 0x0000000715e00000, 0x0000000715e00000| Untracked 
| 221|0x0000000715f00000, 0x0000000715f00000, 0x0000000716000000|  0%| F|  |TAMS 0x0000000715f00000, 0x0000000715f00000| Untracked 
| 222|0x0000000716000000, 0x0000000716000000, 0x0000000716100000|  0%| F|  |TAMS 0x0000000716000000, 0x0000000716000000| Untracked 
| 223|0x0000000716100000, 0x0000000716100000, 0x0000000716200000|  0%| F|  |TAMS 0x0000000716100000, 0x0000000716100000| Untracked 
| 224|0x0000000716200000, 0x0000000716200000, 0x0000000716300000|  0%| F|  |TAMS 0x0000000716200000, 0x0000000716200000| Untracked 
| 225|0x0000000716300000, 0x0000000716300000, 0x0000000716400000|  0%| F|  |TAMS 0x0000000716300000, 0x0000000716300000| Untracked 
| 226|0x0000000716400000, 0x0000000716400000, 0x0000000716500000|  0%| F|  |TAMS 0x0000000716400000, 0x0000000716400000| Untracked 
| 227|0x0000000716500000, 0x0000000716500000, 0x0000000716600000|  0%| F|  |TAMS 0x0000000716500000, 0x0000000716500000| Untracked 
| 228|0x0000000716600000, 0x0000000716600000, 0x0000000716700000|  0%| F|  |TAMS 0x0000000716600000, 0x0000000716600000| Untracked 
| 229|0x0000000716700000, 0x0000000716700000, 0x0000000716800000|  0%| F|  |TAMS 0x0000000716700000, 0x0000000716700000| Untracked 
| 230|0x0000000716800000, 0x0000000716800000, 0x0000000716900000|  0%| F|  |TAMS 0x0000000716800000, 0x0000000716800000| Untracked 
| 231|0x0000000716900000, 0x0000000716900000, 0x0000000716a00000|  0%| F|  |TAMS 0x0000000716900000, 0x0000000716900000| Untracked 
| 232|0x0000000716a00000, 0x0000000716a00000, 0x0000000716b00000|  0%| F|  |TAMS 0x0000000716a00000, 0x0000000716a00000| Untracked 
| 233|0x0000000716b00000, 0x0000000716b00000, 0x0000000716c00000|  0%| F|  |TAMS 0x0000000716b00000, 0x0000000716b00000| Untracked 
| 234|0x0000000716c00000, 0x0000000716c00000, 0x0000000716d00000|  0%| F|  |TAMS 0x0000000716c00000, 0x0000000716c00000| Untracked 
| 235|0x0000000716d00000, 0x0000000716d00000, 0x0000000716e00000|  0%| F|  |TAMS 0x0000000716d00000, 0x0000000716d00000| Untracked 
| 236|0x0000000716e00000, 0x0000000716e00000, 0x0000000716f00000|  0%| F|  |TAMS 0x0000000716e00000, 0x0000000716e00000| Untracked 
| 237|0x0000000716f00000, 0x0000000716f00000, 0x0000000717000000|  0%| F|  |TAMS 0x0000000716f00000, 0x0000000716f00000| Untracked 
| 238|0x0000000717000000, 0x0000000717000000, 0x0000000717100000|  0%| F|  |TAMS 0x0000000717000000, 0x0000000717000000| Untracked 
| 239|0x0000000717100000, 0x0000000717100000, 0x0000000717200000|  0%| F|  |TAMS 0x0000000717100000, 0x0000000717100000| Untracked 
| 240|0x0000000717200000, 0x0000000717200000, 0x0000000717300000|  0%| F|  |TAMS 0x0000000717200000, 0x0000000717200000| Untracked 
| 241|0x0000000717300000, 0x0000000717300000, 0x0000000717400000|  0%| F|  |TAMS 0x0000000717300000, 0x0000000717300000| Untracked 
| 242|0x0000000717400000, 0x0000000717400000, 0x0000000717500000|  0%| F|  |TAMS 0x0000000717400000, 0x0000000717400000| Untracked 
| 243|0x0000000717500000, 0x0000000717500000, 0x0000000717600000|  0%| F|  |TAMS 0x0000000717500000, 0x0000000717500000| Untracked 
| 244|0x0000000717600000, 0x0000000717600000, 0x0000000717700000|  0%| F|  |TAMS 0x0000000717600000, 0x0000000717600000| Untracked 
| 245|0x0000000717700000, 0x0000000717700000, 0x0000000717800000|  0%| F|  |TAMS 0x0000000717700000, 0x0000000717700000| Untracked 
| 246|0x0000000717800000, 0x0000000717800000, 0x0000000717900000|  0%| F|  |TAMS 0x0000000717800000, 0x0000000717800000| Untracked 
| 247|0x0000000717900000, 0x00000007179f5cf0, 0x0000000717a00000| 96%| E|  |TAMS 0x0000000717900000, 0x0000000717900000| Complete 

Card table byte_map: [0x00007f7b6031f000,0x00007f7b60ade000] _byte_map_base: 0x00007f7b5cade000

Marking Bits (Prev, Next): (CMBitMap*) 0x00007f7b78087b98, (CMBitMap*) 0x00007f7b78087bd0
 Prev Bits: [0x00007f7b57a49000, 0x00007f7b5b841000)
 Next Bits: [0x00007f7b53c51000, 0x00007f7b57a49000)

Polling page: 0x00007f7b7f9ac000

Metaspace:

Usage:
  Non-class:      4,00 MB capacity,     2,53 MB ( 63%) used,     1,47 MB ( 37%) free+waste,    64 bytes ( <1%) overhead. 
      Class:    384,00 KB capacity,   239,86 KB ( 62%) used,   144,08 KB ( 38%) free+waste,    64 bytes ( <1%) overhead. 
       Both:      4,38 MB capacity,     2,77 MB ( 63%) used,     1,61 MB ( 37%) free+waste,   128 bytes ( <1%) overhead. 

Virtual space:
  Non-class space:        8,00 MB reserved,       4,00 MB ( 50%) committed 
      Class space:        1,00 GB reserved,     384,00 KB ( <1%) committed 
             Both:        1,01 GB reserved,       4,38 MB ( <1%) committed 

Chunk freelists:
   Non-Class:  0 bytes
       Class:  0 bytes
        Both:  0 bytes

CodeHeap 'non-profiled nmethods': size=120032Kb used=1Kb max_used=1Kb free=120030Kb
 bounds [0x00007f7b685a6000, 0x00007f7b68816000, 0x00007f7b6fade000]
CodeHeap 'profiled nmethods': size=120028Kb used=20Kb max_used=20Kb free=120007Kb
 bounds [0x00007f7b6106f000, 0x00007f7b612df000, 0x00007f7b685a6000]
CodeHeap 'non-nmethods': size=5700Kb used=975Kb max_used=975Kb free=4724Kb
 bounds [0x00007f7b60ade000, 0x00007f7b60d4e000, 0x00007f7b6106f000]
 total_blobs=246 nmethods=18 adapters=141
 compilation: enabled
              stopped_count=0, restarted_count=0
 full_count=0

Compilation events (10 events):
Event: 0,077 Thread 0x00007f7b7828d800    7       3       java.lang.Math::floorDiv (22 bytes)
Event: 0,078 Thread 0x00007f7b7828d800 nmethod 7 0x00007f7b61072490 code [0x00007f7b61072620, 0x00007f7b61072790]
Event: 0,078 Thread 0x00007f7b7828d800    9       3       java.lang.String::equals (65 bytes)
Event: 0,078 Thread 0x00007f7b7828d800 nmethod 9 0x00007f7b61072890 code [0x00007f7b61072a80, 0x00007f7b610730d0]
Event: 0,078 Thread 0x00007f7b7828d800   14       3       java.util.Objects::requireNonNull (14 bytes)
Event: 0,078 Thread 0x00007f7b7828d800 nmethod 14 0x00007f7b61073290 code [0x00007f7b61073440, 0x00007f7b61073620]
Event: 0,078 Thread 0x00007f7b7828d800   15       1       java.lang.module.ModuleDescriptor::name (5 bytes)
Event: 0,078 Thread 0x00007f7b7828d800 nmethod 15 0x00007f7b685a6010 code [0x00007f7b685a61a0, 0x00007f7b685a6250]
Event: 0,078 Thread 0x00007f7b7828d800   16       1       java.lang.module.ModuleReference::descriptor (5 bytes)
Event: 0,078 Thread 0x00007f7b7828d800 nmethod 16 0x00007f7b685a6290 code [0x00007f7b685a6420, 0x00007f7b685a64d0]

GC Heap History (0 events):
No events

Deoptimization events (0 events):
No events

Classes redefined (0 events):
No events

Internal exceptions (0 events):
No events

Events (10 events):
Event: 0,081 loading class java/net/URL$DefaultFactory
Event: 0,081 loading class java/net/URLStreamHandlerFactory
Event: 0,081 loading class java/net/URLStreamHandlerFactory done
Event: 0,081 loading class java/net/URL$DefaultFactory done
Event: 0,081 loading class java/net/URL$3
Event: 0,081 loading class jdk/internal/access/JavaNetURLAccess
Event: 0,081 loading class jdk/internal/access/JavaNetURLAccess done
Event: 0,081 loading class java/net/URL$3 done
Event: 0,081 loading class java/io/File$PathStatus
Event: 0,081 loading class java/io/File$PathStatus done


Dynamic libraries:
708200000-717a00000 rw-p 00000000 00:00 0 
717a00000-800000000 ---p 00000000 00:00 0 
800000000-800060000 rw-p 00000000 00:00 0 
800060000-840000000 ---p 00000000 00:00 0 
561031fe0000-561031fe1000 r-xp 00000000 103:05 1056021                   /opt/jdk/jdk-11.0.11/bin/java
5610321e1000-5610321e2000 r--p 00001000 103:05 1056021                   /opt/jdk/jdk-11.0.11/bin/java
5610321e2000-5610321e3000 rw-p 00002000 103:05 1056021                   /opt/jdk/jdk-11.0.11/bin/java
5610340f1000-561034133000 rw-p 00000000 00:00 0                          [heap]
7f7b23d9c000-7f7b24000000 rw-p 00000000 00:00 0 
7f7b24000000-7f7b24021000 rw-p 00000000 00:00 0 
7f7b24021000-7f7b28000000 ---p 00000000 00:00 0 
7f7b28000000-7f7b28021000 rw-p 00000000 00:00 0 
7f7b28021000-7f7b2c000000 ---p 00000000 00:00 0 
7f7b2c000000-7f7b2c021000 rw-p 00000000 00:00 0 
7f7b2c021000-7f7b30000000 ---p 00000000 00:00 0 
7f7b30000000-7f7b3005e000 rw-p 00000000 00:00 0 
7f7b3005e000-7f7b34000000 ---p 00000000 00:00 0 
7f7b34000000-7f7b34021000 rw-p 00000000 00:00 0 
7f7b34021000-7f7b38000000 ---p 00000000 00:00 0 
7f7b38000000-7f7b38021000 rw-p 00000000 00:00 0 
7f7b38021000-7f7b3c000000 ---p 00000000 00:00 0 
7f7b3c000000-7f7b3c021000 rw-p 00000000 00:00 0 
7f7b3c021000-7f7b40000000 ---p 00000000 00:00 0 
7f7b40000000-7f7b40021000 rw-p 00000000 00:00 0 
7f7b40021000-7f7b44000000 ---p 00000000 00:00 0 
7f7b44000000-7f7b44021000 rw-p 00000000 00:00 0 
7f7b44021000-7f7b48000000 ---p 00000000 00:00 0 
7f7b48000000-7f7b48021000 rw-p 00000000 00:00 0 
7f7b48021000-7f7b4c000000 ---p 00000000 00:00 0 
7f7b4c000000-7f7b4c021000 rw-p 00000000 00:00 0 
7f7b4c021000-7f7b50000000 ---p 00000000 00:00 0 
7f7b500a9000-7f7b501f2000 rw-p 00000000 00:00 0 
7f7b501f2000-7f7b501f6000 ---p 00000000 00:00 0 
7f7b501f6000-7f7b502f3000 rw-p 00000000 00:00 0 
7f7b502f3000-7f7b502f7000 ---p 00000000 00:00 0 
7f7b502f7000-7f7b503f4000 rw-p 00000000 00:00 0 
7f7b503f4000-7f7b503f8000 ---p 00000000 00:00 0 
7f7b503f8000-7f7b504f5000 rw-p 00000000 00:00 0 
7f7b504f5000-7f7b504f9000 ---p 00000000 00:00 0 
7f7b504f9000-7f7b505f6000 rw-p 00000000 00:00 0 
7f7b505f6000-7f7b5064a000 r--p 00000000 103:05 2195621                   /usr/lib/locale/aa_DJ.utf8/LC_CTYPE
7f7b5064a000-7f7b508c2000 r--p 00000000 103:05 2195620                   /usr/lib/locale/aa_DJ.utf8/LC_COLLATE
7f7b508c2000-7f7b508c6000 ---p 00000000 00:00 0 
7f7b508c6000-7f7b509c3000 rw-p 00000000 00:00 0 
7f7b509c3000-7f7b509c7000 ---p 00000000 00:00 0 
7f7b509c7000-7f7b50ac4000 rw-p 00000000 00:00 0 
7f7b50ac4000-7f7b50ac5000 ---p 00000000 00:00 0 
7f7b50ac5000-7f7b51047000 rw-p 00000000 00:00 0 
7f7b51047000-7f7b51447000 ---p 00000000 00:00 0 
7f7b51447000-7f7b51448000 ---p 00000000 00:00 0 
7f7b51448000-7f7b51549000 rw-p 00000000 00:00 0 
7f7b51549000-7f7b5154a000 ---p 00000000 00:00 0 
7f7b5154a000-7f7b54031000 rw-p 00000000 00:00 0 
7f7b54031000-7f7b57a49000 ---p 00000000 00:00 0 
7f7b57a49000-7f7b57e29000 rw-p 00000000 00:00 0 
7f7b57e29000-7f7b5b841000 ---p 00000000 00:00 0 
7f7b5b841000-7f7b5b8bd000 rw-p 00000000 00:00 0 
7f7b5b8bd000-7f7b5c000000 ---p 00000000 00:00 0 
7f7b5c000000-7f7b5c021000 rw-p 00000000 00:00 0 
7f7b5c021000-7f7b60000000 ---p 00000000 00:00 0 
7f7b6001b000-7f7b6021d000 rw-p 00000000 00:00 0 
7f7b6021d000-7f7b6021e000 ---p 00000000 00:00 0 
7f7b6021e000-7f7b6039b000 rw-p 00000000 00:00 0 
7f7b6039b000-7f7b60ade000 ---p 00000000 00:00 0 
7f7b60ade000-7f7b60d4e000 rwxp 00000000 00:00 0 
7f7b60d4e000-7f7b6106f000 ---p 00000000 00:00 0 
7f7b6106f000-7f7b612df000 rwxp 00000000 00:00 0 
7f7b612df000-7f7b685a6000 ---p 00000000 00:00 0 
7f7b685a6000-7f7b68816000 rwxp 00000000 00:00 0 
7f7b68816000-7f7b6fade000 ---p 00000000 00:00 0 
7f7b6fade000-7f7b78000000 r--s 00000000 103:05 1056451                   /opt/jdk/jdk-11.0.11/lib/modules
7f7b78000000-7f7b782ca000 rw-p 00000000 00:00 0 
7f7b782ca000-7f7b7c000000 ---p 00000000 00:00 0 
7f7b7c033000-7f7b7c034000 r--p 00000000 103:05 2195666                   /usr/lib/locale/agr_PE/LC_NUMERIC
7f7b7c034000-7f7b7c035000 r--p 00000000 103:05 2197095                   /usr/lib/locale/it_IT.utf8/LC_TIME
7f7b7c035000-7f7b7c036000 r--p 00000000 103:05 2196281                   /usr/lib/locale/de_IT.utf8/LC_MONETARY
7f7b7c036000-7f7b7c091000 rw-p 00000000 00:00 0 
7f7b7c091000-7f7b7c092000 ---p 00000000 00:00 0 
7f7b7c092000-7f7b7c30f000 rw-p 00000000 00:00 0 
7f7b7c30f000-7f7b7ca52000 ---p 00000000 00:00 0 
7f7b7ca52000-7f7b7d25a000 rw-p 00000000 00:00 0 
7f7b7d25a000-7f7b7d25b000 ---p 00000000 00:00 0 
7f7b7d25b000-7f7b7d361000 rw-p 00000000 00:00 0 
7f7b7d361000-7f7b7d447000 ---p 00000000 00:00 0 
7f7b7d447000-7f7b7d44c000 rw-p 00000000 00:00 0 
7f7b7d44c000-7f7b7d532000 ---p 00000000 00:00 0 
7f7b7d532000-7f7b7d539000 r-xp 00000000 103:05 1056450                   /opt/jdk/jdk-11.0.11/lib/libzip.so
7f7b7d539000-7f7b7d738000 ---p 00007000 103:05 1056450                   /opt/jdk/jdk-11.0.11/lib/libzip.so
7f7b7d738000-7f7b7d739000 r--p 00006000 103:05 1056450                   /opt/jdk/jdk-11.0.11/lib/libzip.so
7f7b7d739000-7f7b7d73a000 rw-p 00007000 103:05 1056450                   /opt/jdk/jdk-11.0.11/lib/libzip.so
7f7b7d73a000-7f7b7d73d000 r--p 00000000 103:05 299229                    /lib/x86_64-linux-gnu/libnss_files-2.31.so
7f7b7d73d000-7f7b7d744000 r-xp 00003000 103:05 299229                    /lib/x86_64-linux-gnu/libnss_files-2.31.so
7f7b7d744000-7f7b7d746000 r--p 0000a000 103:05 299229                    /lib/x86_64-linux-gnu/libnss_files-2.31.so
7f7b7d746000-7f7b7d747000 r--p 0000b000 103:05 299229                    /lib/x86_64-linux-gnu/libnss_files-2.31.so
7f7b7d747000-7f7b7d748000 rw-p 0000c000 103:05 299229                    /lib/x86_64-linux-gnu/libnss_files-2.31.so
7f7b7d748000-7f7b7d74e000 rw-p 00000000 00:00 0 
7f7b7d74e000-7f7b7d753000 r--p 00000000 103:05 270705                    /lib/x86_64-linux-gnu/libnsl-2.31.so
7f7b7d753000-7f7b7d763000 r-xp 00005000 103:05 270705                    /lib/x86_64-linux-gnu/libnsl-2.31.so
7f7b7d763000-7f7b7d767000 r--p 00015000 103:05 270705                    /lib/x86_64-linux-gnu/libnsl-2.31.so
7f7b7d767000-7f7b7d768000 r--p 00018000 103:05 270705                    /lib/x86_64-linux-gnu/libnsl-2.31.so
7f7b7d768000-7f7b7d769000 rw-p 00019000 103:05 270705                    /lib/x86_64-linux-gnu/libnsl-2.31.so
7f7b7d769000-7f7b7d76b000 rw-p 00000000 00:00 0 
7f7b7d76b000-7f7b7d76c000 r--p 00000000 103:05 2196347                   /usr/lib/locale/en_AG/LC_MESSAGES/SYS_LC_MESSAGES
7f7b7d76c000-7f7b7d76d000 r--p 00000000 103:05 2195628                   /usr/lib/locale/aa_DJ.utf8/LC_PAPER
7f7b7d76d000-7f7b7d76e000 r--p 00000000 103:05 2195665                   /usr/lib/locale/agr_PE/LC_NAME
7f7b7d76e000-7f7b7d76f000 r--p 00000000 103:05 2197092                   /usr/lib/locale/it_IT.utf8/LC_ADDRESS
7f7b7d76f000-7f7b7d776000 r--s 00000000 103:05 2263231                   /usr/lib/x86_64-linux-gnu/gconv/gconv-modules.cache
7f7b7d776000-7f7b7d77b000 rw-p 00000000 00:00 0 
7f7b7d77b000-7f7b7d782000 ---p 00000000 00:00 0 
7f7b7d782000-7f7b7d78a000 rw-s 00000000 103:05 1968208                   /tmp/hsperfdata_arsene/39770
7f7b7d78a000-7f7b7d7a5000 r-xp 00000000 103:05 1056432                   /opt/jdk/jdk-11.0.11/lib/libjimage.so
7f7b7d7a5000-7f7b7d9a4000 ---p 0001b000 103:05 1056432                   /opt/jdk/jdk-11.0.11/lib/libjimage.so
7f7b7d9a4000-7f7b7d9a6000 r--p 0001a000 103:05 1056432                   /opt/jdk/jdk-11.0.11/lib/libjimage.so
7f7b7d9a6000-7f7b7d9a7000 rw-p 0001c000 103:05 1056432                   /opt/jdk/jdk-11.0.11/lib/libjimage.so
7f7b7d9a7000-7f7b7d9d1000 r-xp 00000000 103:05 1056428                   /opt/jdk/jdk-11.0.11/lib/libjava.so
7f7b7d9d1000-7f7b7dbd0000 ---p 0002a000 103:05 1056428                   /opt/jdk/jdk-11.0.11/lib/libjava.so
7f7b7dbd0000-7f7b7dbd1000 r--p 00029000 103:05 1056428                   /opt/jdk/jdk-11.0.11/lib/libjava.so
7f7b7dbd1000-7f7b7dbd2000 rw-p 0002a000 103:05 1056428                   /opt/jdk/jdk-11.0.11/lib/libjava.so
7f7b7dbd2000-7f7b7dbd3000 rw-p 00000000 00:00 0 
7f7b7dbd3000-7f7b7dbe0000 r-xp 00000000 103:05 1056449                   /opt/jdk/jdk-11.0.11/lib/libverify.so
7f7b7dbe0000-7f7b7dddf000 ---p 0000d000 103:05 1056449                   /opt/jdk/jdk-11.0.11/lib/libverify.so
7f7b7dddf000-7f7b7dde1000 r--p 0000c000 103:05 1056449                   /opt/jdk/jdk-11.0.11/lib/libverify.so
7f7b7dde1000-7f7b7dde2000 rw-p 0000e000 103:05 1056449                   /opt/jdk/jdk-11.0.11/lib/libverify.so
7f7b7dde2000-7f7b7dde5000 r--p 00000000 103:05 299236                    /lib/x86_64-linux-gnu/librt-2.31.so
7f7b7dde5000-7f7b7dde9000 r-xp 00003000 103:05 299236                    /lib/x86_64-linux-gnu/librt-2.31.so
7f7b7dde9000-7f7b7ddea000 r--p 00007000 103:05 299236                    /lib/x86_64-linux-gnu/librt-2.31.so
7f7b7ddea000-7f7b7ddeb000 ---p 00008000 103:05 299236                    /lib/x86_64-linux-gnu/librt-2.31.so
7f7b7ddeb000-7f7b7ddec000 r--p 00008000 103:05 299236                    /lib/x86_64-linux-gnu/librt-2.31.so
7f7b7ddec000-7f7b7dded000 rw-p 00009000 103:05 299236                    /lib/x86_64-linux-gnu/librt-2.31.so
7f7b7dded000-7f7b7ddf1000 ---p 00000000 00:00 0 
7f7b7ddf1000-7f7b7deee000 rw-p 00000000 00:00 0 
7f7b7deee000-7f7b7defd000 r--p 00000000 103:05 270630                    /lib/x86_64-linux-gnu/libm-2.31.so
7f7b7defd000-7f7b7dfa4000 r-xp 0000f000 103:05 270630                    /lib/x86_64-linux-gnu/libm-2.31.so
7f7b7dfa4000-7f7b7e03b000 r--p 000b6000 103:05 270630                    /lib/x86_64-linux-gnu/libm-2.31.so
7f7b7e03b000-7f7b7e03c000 r--p 0014c000 103:05 270630                    /lib/x86_64-linux-gnu/libm-2.31.so
7f7b7e03c000-7f7b7e03d000 rw-p 0014d000 103:05 270630                    /lib/x86_64-linux-gnu/libm-2.31.so
7f7b7e03d000-7f7b7f1f3000 r-xp 00000000 103:05 1056462                   /opt/jdk/jdk-11.0.11/lib/server/libjvm.so
7f7b7f1f3000-7f7b7f3f3000 ---p 011b6000 103:05 1056462                   /opt/jdk/jdk-11.0.11/lib/server/libjvm.so
7f7b7f3f3000-7f7b7f4b2000 r--p 011b6000 103:05 1056462                   /opt/jdk/jdk-11.0.11/lib/server/libjvm.so
7f7b7f4b2000-7f7b7f4ec000 rw-p 01275000 103:05 1056462                   /opt/jdk/jdk-11.0.11/lib/server/libjvm.so
7f7b7f4ec000-7f7b7f545000 rw-p 00000000 00:00 0 
7f7b7f545000-7f7b7f56a000 r--p 00000000 103:05 270628                    /lib/x86_64-linux-gnu/libc-2.31.so
7f7b7f56a000-7f7b7f6e2000 r-xp 00025000 103:05 270628                    /lib/x86_64-linux-gnu/libc-2.31.so
7f7b7f6e2000-7f7b7f72c000 r--p 0019d000 103:05 270628                    /lib/x86_64-linux-gnu/libc-2.31.so
7f7b7f72c000-7f7b7f72d000 ---p 001e7000 103:05 270628                    /lib/x86_64-linux-gnu/libc-2.31.so
7f7b7f72d000-7f7b7f730000 r--p 001e7000 103:05 270628                    /lib/x86_64-linux-gnu/libc-2.31.so
7f7b7f730000-7f7b7f733000 rw-p 001ea000 103:05 270628                    /lib/x86_64-linux-gnu/libc-2.31.so
7f7b7f733000-7f7b7f737000 rw-p 00000000 00:00 0 
7f7b7f737000-7f7b7f738000 r--p 00000000 103:05 270629                    /lib/x86_64-linux-gnu/libdl-2.31.so
7f7b7f738000-7f7b7f73a000 r-xp 00001000 103:05 270629                    /lib/x86_64-linux-gnu/libdl-2.31.so
7f7b7f73a000-7f7b7f73b000 r--p 00003000 103:05 270629                    /lib/x86_64-linux-gnu/libdl-2.31.so
7f7b7f73b000-7f7b7f73c000 r--p 00003000 103:05 270629                    /lib/x86_64-linux-gnu/libdl-2.31.so
7f7b7f73c000-7f7b7f73d000 rw-p 00004000 103:05 270629                    /lib/x86_64-linux-gnu/libdl-2.31.so
7f7b7f73d000-7f7b7f74d000 r-xp 00000000 103:05 1056411                   /opt/jdk/jdk-11.0.11/lib/jli/libjli.so
7f7b7f74d000-7f7b7f94c000 ---p 00010000 103:05 1056411                   /opt/jdk/jdk-11.0.11/lib/jli/libjli.so
7f7b7f94c000-7f7b7f94d000 r--p 0000f000 103:05 1056411                   /opt/jdk/jdk-11.0.11/lib/jli/libjli.so
7f7b7f94d000-7f7b7f94e000 rw-p 00010000 103:05 1056411                   /opt/jdk/jdk-11.0.11/lib/jli/libjli.so
7f7b7f94e000-7f7b7f955000 r--p 00000000 103:05 299234                    /lib/x86_64-linux-gnu/libpthread-2.31.so
7f7b7f955000-7f7b7f966000 r-xp 00007000 103:05 299234                    /lib/x86_64-linux-gnu/libpthread-2.31.so
7f7b7f966000-7f7b7f96b000 r--p 00018000 103:05 299234                    /lib/x86_64-linux-gnu/libpthread-2.31.so
7f7b7f96b000-7f7b7f96c000 r--p 0001c000 103:05 299234                    /lib/x86_64-linux-gnu/libpthread-2.31.so
7f7b7f96c000-7f7b7f96d000 rw-p 0001d000 103:05 299234                    /lib/x86_64-linux-gnu/libpthread-2.31.so
7f7b7f96d000-7f7b7f971000 rw-p 00000000 00:00 0 
7f7b7f971000-7f7b7f973000 r--p 00000000 103:05 261677                    /lib/x86_64-linux-gnu/libz.so.1.2.11
7f7b7f973000-7f7b7f984000 r-xp 00002000 103:05 261677                    /lib/x86_64-linux-gnu/libz.so.1.2.11
7f7b7f984000-7f7b7f98a000 r--p 00013000 103:05 261677                    /lib/x86_64-linux-gnu/libz.so.1.2.11
7f7b7f98a000-7f7b7f98b000 ---p 00019000 103:05 261677                    /lib/x86_64-linux-gnu/libz.so.1.2.11
7f7b7f98b000-7f7b7f98c000 r--p 00019000 103:05 261677                    /lib/x86_64-linux-gnu/libz.so.1.2.11
7f7b7f98c000-7f7b7f98d000 rw-p 0001a000 103:05 261677                    /lib/x86_64-linux-gnu/libz.so.1.2.11
7f7b7f98d000-7f7b7f98f000 rw-p 00000000 00:00 0 
7f7b7f98f000-7f7b7f990000 r--p 00000000 103:05 2196106                   /usr/lib/locale/ca_IT.utf8/LC_TELEPHONE
7f7b7f990000-7f7b7f991000 r--p 00000000 103:05 2195623                   /usr/lib/locale/aa_DJ.utf8/LC_MEASUREMENT
7f7b7f991000-7f7b7f994000 r--p 00000000 103:05 299231                    /lib/x86_64-linux-gnu/libnss_nis-2.31.so
7f7b7f994000-7f7b7f99c000 r-xp 00003000 103:05 299231                    /lib/x86_64-linux-gnu/libnss_nis-2.31.so
7f7b7f99c000-7f7b7f99e000 r--p 0000b000 103:05 299231                    /lib/x86_64-linux-gnu/libnss_nis-2.31.so
7f7b7f99e000-7f7b7f99f000 r--p 0000c000 103:05 299231                    /lib/x86_64-linux-gnu/libnss_nis-2.31.so
7f7b7f99f000-7f7b7f9a0000 rw-p 0000d000 103:05 299231                    /lib/x86_64-linux-gnu/libnss_nis-2.31.so
7f7b7f9a0000-7f7b7f9a2000 r--p 00000000 103:05 299226                    /lib/x86_64-linux-gnu/libnss_compat-2.31.so
7f7b7f9a2000-7f7b7f9a9000 r-xp 00002000 103:05 299226                    /lib/x86_64-linux-gnu/libnss_compat-2.31.so
7f7b7f9a9000-7f7b7f9aa000 r--p 00009000 103:05 299226                    /lib/x86_64-linux-gnu/libnss_compat-2.31.so
7f7b7f9aa000-7f7b7f9ab000 r--p 00009000 103:05 299226                    /lib/x86_64-linux-gnu/libnss_compat-2.31.so
7f7b7f9ab000-7f7b7f9ac000 rw-p 0000a000 103:05 299226                    /lib/x86_64-linux-gnu/libnss_compat-2.31.so
7f7b7f9ac000-7f7b7f9ad000 ---p 00000000 00:00 0 
7f7b7f9ad000-7f7b7f9ae000 r--p 00000000 00:00 0 
7f7b7f9ae000-7f7b7f9af000 r--p 00000000 103:05 267124                    /lib/x86_64-linux-gnu/ld-2.31.so
7f7b7f9af000-7f7b7f9d2000 r-xp 00001000 103:05 267124                    /lib/x86_64-linux-gnu/ld-2.31.so
7f7b7f9d2000-7f7b7f9da000 r--p 00024000 103:05 267124                    /lib/x86_64-linux-gnu/ld-2.31.so
7f7b7f9da000-7f7b7f9db000 r--p 00000000 103:05 2197093                   /usr/lib/locale/it_IT.utf8/LC_IDENTIFICATION
7f7b7f9db000-7f7b7f9dc000 r--p 0002c000 103:05 267124                    /lib/x86_64-linux-gnu/ld-2.31.so
7f7b7f9dc000-7f7b7f9dd000 rw-p 0002d000 103:05 267124                    /lib/x86_64-linux-gnu/ld-2.31.so
7f7b7f9dd000-7f7b7f9de000 rw-p 00000000 00:00 0 
7ffccac5f000-7ffccac82000 rw-p 00000000 00:00 0                          [stack]
7ffccad18000-7ffccad1b000 r--p 00000000 00:00 0                          [vvar]
7ffccad1b000-7ffccad1c000 r-xp 00000000 00:00 0                          [vdso]
ffffffffff600000-ffffffffff601000 --xp 00000000 00:00 0                  [vsyscall]


VM Arguments:
java_command: /home/arsene/IdeaProjects/model-services/workflow-dsl/dsl_backend/language_server/language_server.jar
java_class_path (initial): /home/arsene/IdeaProjects/model-services/workflow-dsl/dsl_backend/language_server/language_server.jar
Launcher Type: SUN_STANDARD

[Global flags]
     intx CICompilerCount                          = 4                                         {product} {ergonomic}
     uint ConcGCThreads                            = 2                                         {product} {ergonomic}
     uint G1ConcRefinementThreads                  = 8                                         {product} {ergonomic}
   size_t G1HeapRegionSize                         = 1048576                                   {product} {ergonomic}
    uintx GCDrainStackTargetSize                   = 64                                        {product} {ergonomic}
   size_t InitialHeapSize                          = 260046848                                 {product} {ergonomic}
   size_t MarkStackSize                            = 4194304                                   {product} {ergonomic}
   size_t MaxHeapSize                              = 4158652416                                {product} {ergonomic}
   size_t MaxNewSize                               = 2494562304                                {product} {ergonomic}
   size_t MinHeapDeltaBytes                        = 1048576                                   {product} {ergonomic}
    uintx NonNMethodCodeHeapSize                   = 5836300                                {pd product} {ergonomic}
    uintx NonProfiledCodeHeapSize                  = 122910970                              {pd product} {ergonomic}
    uintx ProfiledCodeHeapSize                     = 122910970                              {pd product} {ergonomic}
    uintx ReservedCodeCacheSize                    = 251658240                              {pd product} {ergonomic}
     bool SegmentedCodeCache                       = true                                      {product} {ergonomic}
     bool UseCompressedClassPointers               = true                                 {lp64_product} {ergonomic}
     bool UseCompressedOops                        = true                                 {lp64_product} {ergonomic}
     bool UseG1GC                                  = true                                      {product} {ergonomic}

Logging:
Log output configuration:
 #0: stdout all=warning uptime,level,tags
 #1: stderr all=off uptime,level,tags

Environment Variables:
JAVA_HOME=/opt/jdk/jdk-11.0.11
PATH=/usr/local/lib/node_modules/npm/node_modules/npm-lifecycle/node-gyp-bin:/home/arsene/IdeaProjects/model-services/workflow-dsl/dsl_backend/node_modules/.bin:/usr/bin/node:/opt/kind:/home/arsene/cmd:/usr/bin/node:/opt/kind:/home/arsene/cmd:/home/arsene/anaconda3/condabin:/home/arsene/opt/flutter/bin:/opt/jdk/jdk-11.0.11/bin:/home/arsene/.local/bin:/usr/local/sbin:/usr/local/bin:/usr/sbin:/usr/bin:/sbin:/bin:/usr/games:/usr/local/games:/usr/lib/jvm/jdk-11.0.6/bin:/snap/bin:/home/arsene/.dotnet/tools:/usr/lib/jvm/jdk-11.0.10/bin:/usr/lib/jvm/java-11-oracle/bin:/usr/lib/jvm/java-11-oracle/db/bin
SHELL=/bin/bash
DISPLAY=:0

Signal Handlers:
SIGSEGV: [libjvm.so+0xea2e10], sa_mask[0]=11111111011111111101111111111110, sa_flags=SA_RESTART|SA_SIGINFO
SIGBUS: [libjvm.so+0xea2e10], sa_mask[0]=11111111011111111101111111111110, sa_flags=SA_RESTART|SA_SIGINFO
SIGFPE: [libjvm.so+0xea2e10], sa_mask[0]=11111111011111111101111111111110, sa_flags=SA_RESTART|SA_SIGINFO
SIGPIPE: [libjvm.so+0xc720d0], sa_mask[0]=11111111011111111101111111111110, sa_flags=SA_RESTART|SA_SIGINFO
SIGXFSZ: [libjvm.so+0xc720d0], sa_mask[0]=11111111011111111101111111111110, sa_flags=SA_RESTART|SA_SIGINFO
SIGILL: [libjvm.so+0xea2e10], sa_mask[0]=11111111011111111101111111111110, sa_flags=SA_RESTART|SA_SIGINFO
SIGUSR2: [libjvm.so+0xc71f70], sa_mask[0]=00000000000000000000000000000000, sa_flags=SA_RESTART|SA_SIGINFO
SIGHUP: [libjvm.so+0xc722d0], sa_mask[0]=11111111011111111101111111111110, sa_flags=SA_RESTART|SA_SIGINFO
SIGINT: [libjvm.so+0xc722d0], sa_mask[0]=11111111011111111101111111111110, sa_flags=SA_RESTART|SA_SIGINFO
SIGTERM: [libjvm.so+0xc722d0], sa_mask[0]=11111111011111111101111111111110, sa_flags=SA_RESTART|SA_SIGINFO
SIGQUIT: [libjvm.so+0xc722d0], sa_mask[0]=11111111011111111101111111111110, sa_flags=SA_RESTART|SA_SIGINFO


---------------  S Y S T E M  ---------------

OS:DISTRIB_ID=Ubuntu
DISTRIB_RELEASE=20.04
DISTRIB_CODENAME=focal
DISTRIB_DESCRIPTION="Ubuntu 20.04.2 LTS"
uname:Linux 5.4.0-74-generic #83-Ubuntu SMP Sat May 8 02:35:39 UTC 2021 x86_64
libc:glibc 2.31 NPTL 2.31 
rlimit: STACK 8192k, CORE 0k, NPROC 63203, NOFILE 1048576, AS infinity, DATA infinity, FSIZE infinity
load average:2,69 2,56 2,61

/proc/meminfo:
MemTotal:       16238796 kB
MemFree:          322908 kB
MemAvailable:    2718892 kB
Buffers:          460972 kB
Cached:          2865124 kB
SwapCached:         3308 kB
Active:         11583740 kB
Inactive:        3126728 kB
Active(anon):   10103332 kB
Inactive(anon):  2362860 kB
Active(file):    1480408 kB
Inactive(file):   763868 kB
Unevictable:       89780 kB
Mlocked:             240 kB
SwapTotal:       7812092 kB
SwapFree:        7700220 kB
Dirty:              2076 kB
Writeback:             0 kB
AnonPages:      11471460 kB
Mapped:          1334304 kB
Shmem:           1142780 kB
KReclaimable:     491804 kB
Slab:             841068 kB
SReclaimable:     491804 kB
SUnreclaim:       349264 kB
KernelStack:       44860 kB
PageTables:       108056 kB
NFS_Unstable:          0 kB
Bounce:                0 kB
WritebackTmp:          0 kB
CommitLimit:    15931488 kB
Committed_AS:   30541568 kB
VmallocTotal:   34359738367 kB
VmallocUsed:       72124 kB
VmallocChunk:          0 kB
Percpu:            11872 kB
HardwareCorrupted:     0 kB
AnonHugePages:     26624 kB
ShmemHugePages:        0 kB
ShmemPmdMapped:        0 kB
FileHugePages:         0 kB
FilePmdMapped:         0 kB
CmaTotal:              0 kB
CmaFree:               0 kB
HugePages_Total:       0
HugePages_Free:        0
HugePages_Rsvd:        0
HugePages_Surp:        0
Hugepagesize:       2048 kB
Hugetlb:               0 kB
DirectMap4k:      632424 kB
DirectMap2M:    15984640 kB
DirectMap1G:     1048576 kB


/proc/sys/kernel/threads-max (system-wide limit on the number of threads):
126406


/proc/sys/vm/max_map_count (maximum number of memory map areas a process may have):
65530


/proc/sys/kernel/pid_max (system-wide limit on number of process identifiers):
4194304



container (cgroup) information:
container_type: cgroupv1
cpu_cpuset_cpus: 0-7
cpu_memory_nodes: 0
active_processor_count: 8
cpu_quota: -1
cpu_period: 100000
cpu_shares: -1
memory_limit_in_bytes: -1
memory_and_swap_limit_in_bytes: -2
memory_soft_limit_in_bytes: -1
memory_usage_in_bytes: 11099136000
memory_max_usage_in_bytes: 11266142208


CPU:total 8 (initial active 8) (4 cores per cpu, 2 threads per core) family 6 model 142 stepping 10 microcode 0xea, cmov, cx8, fxsr, mmx, sse, sse2, sse3, ssse3, sse4.1, sse4.2, popcnt, avx, avx2, aes, clmul, erms, 3dnowpref, lzcnt, ht, tsc, tscinvbit, bmi1, bmi2, adx, fma
CPU Model and flags from /proc/cpuinfo:
model name	: Intel(R) Core(TM) i5-8250U CPU @ 1.60GHz
flags		: fpu vme de pse tsc msr pae mce cx8 apic sep mtrr pge mca cmov pat pse36 clflush dts acpi mmx fxsr sse sse2 ss ht tm pbe syscall nx pdpe1gb rdtscp lm constant_tsc art arch_perfmon pebs bts rep_good nopl xtopology nonstop_tsc cpuid aperfmperf pni pclmulqdq dtes64 monitor ds_cpl vmx est tm2 ssse3 sdbg fma cx16 xtpr pdcm pcid sse4_1 sse4_2 x2apic movbe popcnt tsc_deadline_timer aes xsave avx f16c rdrand lahf_lm abm 3dnowprefetch cpuid_fault epb invpcid_single pti ssbd ibrs ibpb stibp tpr_shadow vnmi flexpriority ept vpid ept_ad fsgsbase tsc_adjust bmi1 avx2 smep bmi2 erms invpcid mpx rdseed adx smap clflushopt intel_pt xsaveopt xsavec xgetbv1 xsaves dtherm ida arat pln pts hwp hwp_notify hwp_act_window hwp_epp md_clear flush_l1d

Memory: 4k page, physical 16238796k(321128k free), swap 7812092k(7700220k free)

vm_info: Java HotSpot(TM) 64-Bit Server VM (11.0.11+9-LTS-194) for linux-amd64 JRE (11.0.11+9-LTS-194), built on Mar 18 2021 17:46:40 by "mach5one" with gcc 7.3.0

END.
